2021-12-12 12:10:56 SimCov version SimCov version 0.1.1- built on 20211127_074920
2021-12-12 12:10:56 _________________________
2021-12-12 12:10:56 Compiler definitions:
2021-12-12 12:10:56   _XOPEN_SOURCE=700
2021-12-12 12:10:56   CONFIG_USE_COLORS
2021-12-12 12:10:56   USE_BYTELL
2021-12-12 12:10:56   MAX_VIRIONS=125000
2021-12-12 12:10:56   MIN_VIRIONS=1e-10
2021-12-12 12:10:56   BLOCK_PARTITION
2021-12-12 12:10:56   MIN_BLOCKS_PER_PROC=1
2021-12-12 12:10:56   AVERAGE_SUBSAMPLE
2021-12-12 12:10:56 _________________________
2021-12-12 12:10:56 Options:
2021-12-12 12:10:56   dim =                         2828 2828 1
2021-12-12 12:10:56   whole-lung-dim =              48000 40000 20000
2021-12-12 12:10:56   timesteps =                   20160
2021-12-12 12:10:56   infection-coords =            uniform:1
2021-12-12 12:10:56   initial-infection =           1000
2021-12-12 12:10:56   incubation-period =           480
2021-12-12 12:10:56   apoptosis-period =            180
2021-12-12 12:10:56   expressing-period =           900
2021-12-12 12:10:56   infectivity =                 0.001
2021-12-12 12:10:56   virion-production =           1.1
2021-12-12 12:10:56   virion-clearance =            0.004
2021-12-12 12:10:56   virion-diffusion =            0.15
2021-12-12 12:10:56   chemokine-production =        1.0
2021-12-12 12:10:56   chemokine-decay =             0.01
2021-12-12 12:10:56   chemokine-diffusion =         1.0
2021-12-12 12:10:56   min-chemokine =               1e-6
2021-12-12 12:10:56   antibody-factor =             1.25
2021-12-12 12:10:56   antibody-period =             4320
2021-12-12 12:10:56   tcell-generation-rate =       105000
2021-12-12 12:10:56   tcell-initial-delay =         0
2021-12-12 12:10:56   tcell-vascular-period =       5760
2021-12-12 12:10:56   tcell-tissue-period =         1440
2021-12-12 12:10:56   tcell-binding-period =        10
2021-12-12 12:10:56   max-binding-prob =            1
2021-12-12 12:10:56   tcells-follow-gradient =      false
2021-12-12 12:10:56   seed =                        29
2021-12-12 12:10:56   sample-period =               0
2021-12-12 12:10:56   sample-resolution =           1
2021-12-12 12:10:56   max-block-dim =               10
2021-12-12 12:10:56   output =                      reinfect-1-1
2021-12-12 12:10:56 _________________________
2021-12-12 12:10:56 Starting run with 24 processes on 1 node at 12/12/21 12:10:56
2021-12-12 12:10:56 Pinned processes, with process 0 (pid 20748) pinned to core 0
2021-12-12 12:10:56 Using block partitioning
2021-12-12 12:10:56 Initial free memory across all nodes: 45.55GB
2021-12-12 12:10:56 Starting with 45.55GB free on node 0
2021-12-12 12:10:56 Dividing 7997584 grid points into 163216 squares of size 49 (7^2), with 6801 per process
2021-12-12 12:10:56 Total initial memory required per process is at least 26.70MB with each grid point requiring on average 84 bytes
2021-12-12 12:10:58  --- Elapsed time for tissue.cpp:Tissue:  (exiting barrier) 2021-12-12 12:10:58 ...
2021-12-12 12:10:58           ... (min/my/avg/max, bal) (2.06/2.09/2.08/2.09 s, 0.99) barrier(0.02 s) --- 
2021-12-12 12:10:58 Memory used on node 0 after initialization is  794.67MB
2021-12-12 12:10:58           ... (min/my/avg/max, bal) No-Time barrier(0.00 s) --- 
2021-12-12 12:10:58 Fraction of circulating T cells extravasating is 2.0827e-07
2021-12-12 12:10:58 # datetime                    step    incb       expr       apop       dead       tvas       ttis       chem       virs       chempts    %infct     <%active  lbln>
2021-12-12 12:10:58 Time step 0: SUCCESSFUL initial infection at (1414, 1414, 0) after 0 tries
2021-12-12 12:10:58 [12/12/21 12:10:58    0.01s]: 0       1          0          0          0          0          0          0.00e+00   0.00e+00   1.00e+00   0.00       < 0.000 0.042 >
2021-12-12 12:10:58 [0] <main.cpp:164> WARNING: rem 0 local num 4375

2021-12-12 12:10:59 [12/12/21 12:10:59    0.70s]: 403     117        0          0          0          40865031   0          0.00e+00   1.99e+02   1.17e+02   0.00       < 0.068 0.826 >
2021-12-12 12:11:00 [12/12/21 12:11:00    1.61s]: 806     336        105        0          0          78968327   3          8.01e-05   1.47e+04   1.03e+04   0.01       < 0.129 0.889 >
2021-12-12 12:11:03 [12/12/21 12:11:03    2.72s]: 1209    706        317        50         6          114496640  15         1.27e-04   4.35e+04   1.61e+04   0.01       < 0.201 0.892 >
2021-12-12 12:11:06 [12/12/21 12:11:06    3.40s]: 1612    793        730        84         229        147624018  50         2.41e-04   1.47e+05   1.85e+04   0.02       < 0.232 0.919 >
2021-12-12 12:11:10 [12/12/21 12:11:10    4.07s]: 2015    1071       941        315        594        178512547  94         3.63e-04   2.41e+05   2.20e+04   0.04       < 0.275 0.944 >
2021-12-12 12:11:15 [12/12/21 12:11:15    4.78s]: 2418    1160       862        399        1712       207313657  133        4.70e-04   2.77e+05   2.53e+04   0.05       < 0.317 0.934 >
2021-12-12 12:11:21 [12/12/21 12:11:21    5.65s]: 2821    1236       827        591        2931       234168409  172        5.57e-04   2.91e+05   2.92e+04   0.07       < 0.366 0.940 >
2021-12-12 12:11:27 [12/12/21 12:11:27    6.36s]: 3224    1348       725        561        4550       259208308  219        6.27e-04   2.70e+05   3.30e+04   0.09       < 0.412 0.949 >
2021-12-12 12:11:33 [12/12/21 12:11:33    5.63s]: 3627    1436       543        846        6119       282556002  283        6.88e-04   2.48e+05   3.68e+04   0.11       < 0.461 0.953 >
2021-12-12 12:11:40 [12/12/21 12:11:40    7.15s]: 4030    1439       479        796        8087       304325834  331        6.86e-04   2.18e+05   4.05e+04   0.14       < 0.507 0.938 >
2021-12-12 12:11:47 [12/12/21 12:11:47    7.11s]: 4433    1447       325        952        10068      324624458  408        6.82e-04   1.71e+05   4.44e+04   0.16       < 0.555 0.962 >
2021-12-12 12:11:55 [12/12/21 12:11:55    7.98s]: 4836    1386       382        827        12074      343551259  469        6.12e-04   1.28e+05   4.86e+04   0.18       < 0.608 0.964 >
2021-12-12 12:12:04 [12/12/21 12:12:04    8.91s]: 5239    1349       330        907        14017      361199099  561        6.37e-04   1.31e+05   5.20e+04   0.21       < 0.651 0.969 >
2021-12-12 12:12:14 [12/12/21 12:12:14    9.76s]: 5642    1284       197        982        16125      377654174  655        5.75e-04   1.03e+05   5.59e+04   0.23       < 0.700 0.969 >
2021-12-12 12:12:24 [12/12/21 12:12:24   10.36s]: 6045    1061       179        870        18268      392997222  728        5.37e-04   8.05e+04   5.90e+04   0.25       < 0.738 0.952 >
2021-12-12 12:12:35 [12/12/21 12:12:35   11.31s]: 6448    1054       95         810        20251      407303419  818        4.33e-04   5.74e+04   6.24e+04   0.28       < 0.781 0.956 >
2021-12-12 12:12:47 [12/12/21 12:12:47   12.04s]: 6851    798        81         712        22154      420642731  907        3.58e-04   4.16e+04   6.52e+04   0.30       < 0.817 0.964 >
2021-12-12 12:13:00 [12/12/21 12:13:00   12.62s]: 7254    703        37         724        23736      433080597  958        3.27e-04   3.07e+04   6.85e+04   0.32       < 0.858 0.971 >
2021-12-12 12:13:13 [12/12/21 12:13:13   13.18s]: 7657    499        17         570        25225      444677838  1045       2.34e-04   1.96e+04   7.08e+04   0.33       < 0.889 0.962 >
2021-12-12 12:13:27 [12/12/21 12:13:27   13.54s]: 8060    394        23         400        26408      455491399  1112       1.39e-04   1.02e+04   7.10e+04   0.34       < 0.914 0.965 >
2021-12-12 12:13:41 [12/12/21 12:13:41   13.79s]: 8463    253        6          329        27282      465574231  1128       9.26e-05   7.04e+03   6.89e+04   0.35       < 0.943 0.968 >
2021-12-12 12:13:54 [12/12/21 12:13:54   13.90s]: 8866    173        0          230        27951      474975687  1152       3.70e-05   3.03e+03   6.95e+04   0.35       < 0.966 0.974 >
2021-12-12 12:14:08 [12/12/21 12:14:08   13.98s]: 9269    84         0          123        28392      483741750  1112       3.36e-05   1.61e+03   6.52e+04   0.36       < 0.981 0.984 >
2021-12-12 12:14:22 [12/12/21 12:14:22   13.67s]: 9672    41         0          77         28641      491915490  1020       1.61e-05   6.92e+02   5.47e+04   0.36       < 1.000 0.987 >
2021-12-12 12:14:35 [12/12/21 12:14:35   12.82s]: 10075   15         0          40         28791      499536921  864        1.96e-06   2.16e+02   4.64e+04   0.36       < 1.015 0.983 >
2021-12-12 12:14:47 [12/12/21 12:14:47   12.01s]: 10478   4          0          5          28853      506643411  644        2.96e-08   2.86e+01   3.78e+04   0.36       < 1.014 0.985 >
2021-12-12 12:14:58 [12/12/21 12:14:58   10.84s]: 10881   0          0          0          28863      513269588  392        0.00e+00   3.80e+00   2.89e+04   0.36       < 1.003 0.974 >
2021-12-12 12:15:12 [12/12/21 12:15:12   13.89s]: 11284   0          0          0          28863      519448027  188        0.00e+00   5.04e-01   2.89e+04   0.36       < 0.978 0.966 >
2021-12-12 12:15:25 [12/12/21 12:15:25   12.95s]: 11687   0          0          0          28863      525209037  71         0.00e+00   6.68e-02   2.89e+04   0.36       < 0.924 0.970 >
2021-12-12 12:15:33 [12/12/21 12:15:33    8.62s]: 12090   0          0          0          28863      530580674  4          0.00e+00   8.86e-03   2.89e+04   0.36       < 0.823 0.949 >
2021-12-12 12:15:40 [12/12/21 12:15:40    7.25s]: 12493   0          0          0          28863      535589270  0          0.00e+00   1.17e-03   2.89e+04   0.36       < 0.665 0.946 >
2021-12-12 12:15:46 [12/12/21 12:15:46    5.17s]: 12896   0          0          0          28863      540259406  0          0.00e+00   1.53e-04   2.89e+04   0.36       < 0.392 0.937 >
2021-12-12 12:15:48 [12/12/21 12:15:48    2.76s]: 13299   0          0          0          28863      544613821  0          0.00e+00   1.85e-05   2.89e+04   0.36       < 0.166 0.869 >
2021-12-12 12:15:50 [12/12/21 12:15:50    1.30s]: 13702   0          0          0          28863      548674043  0          0.00e+00   1.57e-06   2.89e+04   0.36       < 0.055 0.757 >
2021-12-12 12:15:50 [12/12/21 12:15:50    0.50s]: 14105   0          0          0          28863      552459910  0          0.00e+00   0.00e+00   2.89e+04   0.36       < 0.000 1.000 >
2021-12-12 12:15:50 [12/12/21 12:15:50    0.28s]: 14508   0          0          0          28863      555989970  0          0.00e+00   0.00e+00   2.89e+04   0.36       < 0.000 1.000 >
2021-12-12 12:15:51 [12/12/21 12:15:51    0.28s]: 14911   0          0          0          28863      559281380  0          0.00e+00   0.00e+00   2.89e+04   0.36       < 0.000 1.000 >
2021-12-12 12:15:51 [12/12/21 12:15:51    0.28s]: 15314   0          0          0          28863      562350463  0          0.00e+00   0.00e+00   2.89e+04   0.36       < 0.000 1.000 >
2021-12-12 12:15:51 [12/12/21 12:15:51    0.28s]: 15717   0          0          0          28863      565212027  0          0.00e+00   0.00e+00   2.89e+04   0.36       < 0.000 1.000 >
2021-12-12 12:15:52 [12/12/21 12:15:52    0.28s]: 16120   0          0          0          28863      567880266  0          0.00e+00   0.00e+00   2.89e+04   0.36       < 0.000 1.000 >
2021-12-12 12:15:52 [12/12/21 12:15:52    0.28s]: 16523   0          0          0          28863      570368213  0          0.00e+00   0.00e+00   2.89e+04   0.36       < 0.000 1.000 >
2021-12-12 12:15:52 [12/12/21 12:15:52    0.31s]: 16926   0          0          0          28863      572688020  0          0.00e+00   0.00e+00   2.89e+04   0.36       < 0.000 1.000 >
2021-12-12 12:15:52 [12/12/21 12:15:52    0.28s]: 17329   0          0          0          28863      574850995  0          0.00e+00   0.00e+00   2.89e+04   0.36       < 0.000 1.000 >
2021-12-12 12:15:53 [12/12/21 12:15:53    0.28s]: 17732   0          0          0          28863      576867849  0          0.00e+00   0.00e+00   2.89e+04   0.36       < 0.000 1.000 >
2021-12-12 12:15:53 [12/12/21 12:15:53    0.28s]: 18135   0          0          0          28863      578748395  0          0.00e+00   0.00e+00   2.89e+04   0.36       < 0.000 1.000 >
2021-12-12 12:15:53 [12/12/21 12:15:53    0.28s]: 18538   0          0          0          28863      580501818  0          0.00e+00   0.00e+00   2.89e+04   0.36       < 0.000 1.000 >
2021-12-12 12:15:54 [12/12/21 12:15:54    0.28s]: 18941   0          0          0          28863      582136792  0          0.00e+00   0.00e+00   2.89e+04   0.36       < 0.000 1.000 >
2021-12-12 12:15:54 [12/12/21 12:15:54    0.28s]: 19344   0          0          0          28863      583661208  0          0.00e+00   0.00e+00   2.89e+04   0.36       < 0.000 1.000 >
2021-12-12 12:15:54 [12/12/21 12:15:54    0.28s]: 19747   0          0          0          28863      585082624  0          0.00e+00   0.00e+00   2.89e+04   0.36       < 0.000 1.000 >
2021-12-12 12:15:54 [12/12/21 12:15:54    0.28s]: 20150   0          0          0          28863      586408056  0          0.00e+00   0.00e+00   2.89e+04   0.36       < 0.000 1.000 >
2021-12-12 12:15:54 [12/12/21 12:15:54    0.01s]: 20159   0          0          0          28863      586436618  0          0.00e+00   0.00e+00   2.89e+04   0.36       < 0.000 1.000 >
2021-12-12 12:15:54  ---  main.cpp:generate tcells took  avg 0.00 s max 0.00 s balance 0.85  --- 
2021-12-12 12:15:54  ---  main.cpp:update circulating tcells took  avg 1.76 s max 1.85 s balance 0.95  --- 
2021-12-12 12:15:54  ---  main.cpp:update tcells took  avg 15.98 s max 16.49 s balance 0.97  --- 
2021-12-12 12:15:54  ---  main.cpp:update epicells took  avg 2.66 s max 2.73 s balance 0.97  --- 
2021-12-12 12:15:54  ---  main.cpp:update concentrations took  avg 13.88 s max 14.29 s balance 0.97  --- 
2021-12-12 12:15:54  ---  main.cpp:compute updates took  avg 145.71 s max 145.83 s balance 1.00  --- 
2021-12-12 12:15:54  ---  main.cpp:dispatch updates took  avg 98.13 s max 102.14 s balance 0.96  --- 
2021-12-12 12:15:54  ---  main.cpp:add new actives took  avg 2.22 s max 2.29 s balance 0.97  --- 
2021-12-12 12:15:54  ---  main.cpp:erase inactive took  avg 7.17 s max 7.43 s balance 0.97  --- 
2021-12-12 12:15:54  ---  main.cpp:sample took  avg 0.00 s max 0.00 s balance -nan  --- 
2021-12-12 12:15:54  ---  main.cpp:sample write took  avg 0.00 s max 0.00 s balance -nan  --- 
2021-12-12 12:15:54  ---  main.cpp:log took  avg 3.35 s max 3.77 s balance 0.89  --- 
2021-12-12 12:15:54 Finished 20160 time steps in 296.5482 s (0.0147 s per step)
2021-12-12 12:15:54  --- Elapsed time for main.cpp:run_sim:  (exiting barrier) 2021-12-12 12:15:54 ...
2021-12-12 12:15:54           ... (min/my/avg/max, bal) (296.55/296.55/296.55/296.55 s, 1.00) barrier(0.00 s) --- 
2021-12-12 12:15:55 Peak memory used across all nodes: 826.66MB
2021-12-12 12:15:55 Finished in 299.23 s at 12/12/21 12:15:55 for SimCov version 0.1.1
