2021-12-12 14:28:16 SimCov version SimCov version 0.1.1- built on 20211127_074920
2021-12-12 14:28:16 _________________________
2021-12-12 14:28:16 Compiler definitions:
2021-12-12 14:28:16   _XOPEN_SOURCE=700
2021-12-12 14:28:16   CONFIG_USE_COLORS
2021-12-12 14:28:16   USE_BYTELL
2021-12-12 14:28:16   MAX_VIRIONS=125000
2021-12-12 14:28:16   MIN_VIRIONS=1e-10
2021-12-12 14:28:16   BLOCK_PARTITION
2021-12-12 14:28:16   MIN_BLOCKS_PER_PROC=1
2021-12-12 14:28:16   AVERAGE_SUBSAMPLE
2021-12-12 14:28:16 _________________________
2021-12-12 14:28:16 Options:
2021-12-12 14:28:16   dim =                         2828 2828 1
2021-12-12 14:28:16   whole-lung-dim =              48000 40000 20000
2021-12-12 14:28:16   timesteps =                   20160
2021-12-12 14:28:16   infection-coords =            uniform:1
2021-12-12 14:28:16   initial-infection =           1000
2021-12-12 14:28:16   incubation-period =           480
2021-12-12 14:28:16   apoptosis-period =            180
2021-12-12 14:28:16   expressing-period =           900
2021-12-12 14:28:16   infectivity =                 0.001
2021-12-12 14:28:16   virion-production =           1.1
2021-12-12 14:28:16   virion-clearance =            0.004
2021-12-12 14:28:16   virion-diffusion =            0.15
2021-12-12 14:28:16   chemokine-production =        1.0
2021-12-12 14:28:16   chemokine-decay =             0.01
2021-12-12 14:28:16   chemokine-diffusion =         1.0
2021-12-12 14:28:16   min-chemokine =               1e-6
2021-12-12 14:28:16   antibody-factor =             1.1
2021-12-12 14:28:16   antibody-period =             4320
2021-12-12 14:28:16   tcell-generation-rate =       105000
2021-12-12 14:28:16   tcell-initial-delay =         0
2021-12-12 14:28:16   tcell-vascular-period =       5760
2021-12-12 14:28:16   tcell-tissue-period =         1440
2021-12-12 14:28:16   tcell-binding-period =        10
2021-12-12 14:28:16   max-binding-prob =            1
2021-12-12 14:28:16   tcells-follow-gradient =      false
2021-12-12 14:28:16   seed =                        29
2021-12-12 14:28:16   sample-period =               0
2021-12-12 14:28:16   sample-resolution =           1
2021-12-12 14:28:16   max-block-dim =               10
2021-12-12 14:28:16   output =                      reinfect-1-1
2021-12-12 14:28:16 _________________________
2021-12-12 14:28:16 Starting run with 24 processes on 1 node at 12/12/21 14:28:16
2021-12-12 14:28:16 Pinned processes, with process 0 (pid 28387) pinned to core 0
2021-12-12 14:28:16 Using block partitioning
2021-12-12 14:28:16 Initial free memory across all nodes: 45.63GB
2021-12-12 14:28:16 Starting with 45.63GB free on node 0
2021-12-12 14:28:16 Dividing 7997584 grid points into 163216 squares of size 49 (7^2), with 6801 per process
2021-12-12 14:28:16 Total initial memory required per process is at least 26.70MB with each grid point requiring on average 84 bytes
2021-12-12 14:28:19  --- Elapsed time for tissue.cpp:Tissue:  (exiting barrier) 2021-12-12 14:28:19 ...
2021-12-12 14:28:19           ... (min/my/avg/max, bal) (2.30/2.34/2.33/2.34 s, 0.99) barrier(0.00 s) --- 
2021-12-12 14:28:19 Memory used on node 0 after initialization is  794.33MB
2021-12-12 14:28:19           ... (min/my/avg/max, bal) No-Time barrier(0.00 s) --- 
2021-12-12 14:28:19 Fraction of circulating T cells extravasating is 2.0827e-07
2021-12-12 14:28:19 # datetime                    step    incb       expr       apop       dead       tvas       ttis       chem       virs       chempts    %infct     <%active  lbln>
2021-12-12 14:28:19 Time step 0: SUCCESSFUL initial infection at (1414, 1414, 0) after 0 tries
2021-12-12 14:28:19 [12/12/21 14:28:19    0.01s]: 0       1          0          0          0          0          0          0.00e+00   0.00e+00   1.00e+00   0.00       < 0.000 0.042 >
2021-12-12 14:28:19 [0] <main.cpp:164> WARNING: rem 0 local num 4375

2021-12-12 14:28:20 [12/12/21 14:28:20    0.71s]: 403     118        0          0          0          40865031   0          0.00e+00   1.99e+02   1.18e+02   0.00       < 0.068 0.826 >
2021-12-12 14:28:21 [12/12/21 14:28:21    1.57s]: 806     307        105        4          0          78968376   5          7.53e-05   1.49e+04   1.01e+04   0.01       < 0.127 0.879 >
2021-12-12 14:28:24 [12/12/21 14:28:24    2.72s]: 1209    665        256        38         40         114496618  19         1.20e-04   4.02e+04   1.56e+04   0.01       < 0.196 0.910 >
2021-12-12 14:28:27 [12/12/21 14:28:27    3.38s]: 1612    758        487        192        293        147624002  46         2.27e-04   1.22e+05   1.82e+04   0.02       < 0.227 0.920 >
2021-12-12 14:28:31 [12/12/21 14:28:31    3.97s]: 2015    1094       702        230        802        178512587  78         3.31e-04   1.80e+05   2.19e+04   0.04       < 0.274 0.944 >
2021-12-12 14:28:36 [12/12/21 14:28:36    4.70s]: 2418    1011       798        545        1642       207313739  128        4.54e-04   2.47e+05   2.53e+04   0.05       < 0.316 0.933 >
2021-12-12 14:28:41 [12/12/21 14:28:41    5.55s]: 2821    1165       536        649        3062       234168477  163        5.15e-04   2.51e+05   2.88e+04   0.07       < 0.360 0.941 >
2021-12-12 14:28:48 [12/12/21 14:28:48    6.44s]: 3224    1415       576        534        4457       259208461  209        6.26e-04   2.22e+05   3.23e+04   0.09       < 0.404 0.943 >
2021-12-12 14:28:55 [12/12/21 14:28:55    7.34s]: 3627    1493       701        832        5795       282556159  285        6.53e-04   2.52e+05   3.65e+04   0.11       < 0.457 0.968 >
2021-12-12 14:29:03 [12/12/21 14:29:03    8.12s]: 4030    1244       597        970        7826       304325974  357        6.89e-04   2.58e+05   4.02e+04   0.13       < 0.503 0.934 >
2021-12-12 14:29:12 [12/12/21 14:29:12    9.17s]: 4433    1235       374        868        9981       324624605  436        6.63e-04   1.99e+05   4.40e+04   0.16       < 0.551 0.946 >
2021-12-12 14:29:23 [12/12/21 14:29:23   10.53s]: 4836    1151       286        835        11905      343551426  508        6.38e-04   1.39e+05   4.72e+04   0.18       < 0.591 0.947 >
2021-12-12 14:29:32 [12/12/21 14:29:32    8.85s]: 5239    1198       216        840        13773      361199174  578        5.79e-04   1.13e+05   5.13e+04   0.20       < 0.642 0.965 >
2021-12-12 14:29:41 [12/12/21 14:29:41    9.63s]: 5642    970        170        956        15693      377654317  668        5.00e-04   9.01e+04   5.44e+04   0.22       < 0.681 0.956 >
2021-12-12 14:29:52 [12/12/21 14:29:52   10.16s]: 6045    883        121        820        17651      392997337  746        3.93e-04   6.67e+04   5.77e+04   0.24       < 0.723 0.955 >
2021-12-12 14:30:02 [12/12/21 14:30:02   10.82s]: 6448    793        125        665        19392      407303469  829        3.25e-04   5.62e+04   5.99e+04   0.26       < 0.752 0.959 >
2021-12-12 14:30:14 [12/12/21 14:30:14   11.40s]: 6851    644        60         663        20901      420642861  905        3.36e-04   4.35e+04   6.16e+04   0.28       < 0.785 0.960 >
2021-12-12 14:30:26 [12/12/21 14:30:26   12.03s]: 7254    606        19         653        22297      433080755  934        2.71e-04   2.72e+04   6.47e+04   0.29       < 0.826 0.981 >
2021-12-12 14:30:38 [12/12/21 14:30:38   12.60s]: 7657    492        14         511        23689      444678069  942        1.48e-04   1.29e+04   6.71e+04   0.31       < 0.860 0.968 >
2021-12-12 14:30:51 [12/12/21 14:30:51   12.89s]: 8060    395        35         401        24694      455491658  991        1.40e-04   1.28e+04   6.83e+04   0.32       < 0.885 0.967 >
2021-12-12 14:31:05 [12/12/21 14:31:05   13.22s]: 8463    425        38         403        25526      465574486  1008       1.59e-04   1.60e+04   6.74e+04   0.33       < 0.926 0.964 >
2021-12-12 14:31:18 [12/12/21 14:31:18   13.66s]: 8866    346        16         397        26463      474975820  1085       1.43e-04   1.60e+04   6.87e+04   0.34       < 0.963 0.971 >
2021-12-12 14:31:32 [12/12/21 14:31:32   14.03s]: 9269    266        3          338        27338      483741914  1067       8.41e-05   8.05e+03   6.87e+04   0.35       < 0.992 0.973 >
2021-12-12 14:31:46 [12/12/21 14:31:46   14.05s]: 9672    114        2          243        28011      491915525  1097       5.31e-05   4.26e+03   6.50e+04   0.35       < 1.006 0.969 >
2021-12-12 14:32:00 [12/12/21 14:32:00   14.08s]: 10075   98         3          124        28424      499536873  1026       1.85e-05   1.39e+03   5.96e+04   0.36       < 1.034 0.975 >
2021-12-12 14:32:14 [12/12/21 14:32:14   13.64s]: 10478   92         0          86         28689      506643248  919        2.20e-05   1.60e+03   4.94e+04   0.36       < 1.057 0.973 >
2021-12-12 14:32:27 [12/12/21 14:32:27   13.07s]: 10881   26         0          61         28898      513269432  763        6.16e-06   4.29e+02   4.47e+04   0.36       < 1.072 0.977 >
2021-12-12 14:32:40 [12/12/21 14:32:40   12.44s]: 11284   5          0          18         29005      519447840  565        2.02e-07   8.60e+01   3.62e+04   0.36       < 1.072 0.970 >
2021-12-12 14:32:51 [12/12/21 14:32:51   11.81s]: 11687   1          0          3          29031      525208786  367        1.67e-09   1.46e+01   3.02e+04   0.36       < 1.063 0.953 >
2021-12-12 14:33:02 [12/12/21 14:33:02   10.91s]: 12090   0          0          1          29035      530580411  195        0.00e+00   2.46e+00   2.90e+04   0.36       < 1.037 0.960 >
2021-12-12 14:33:13 [12/12/21 14:33:13   10.29s]: 12493   0          0          0          29037      535588985  80         0.00e+00   4.16e-01   2.90e+04   0.36       < 0.992 0.960 >
2021-12-12 14:33:22 [12/12/21 14:33:22    9.39s]: 12896   0          0          0          29037      540259140  14         0.00e+00   7.04e-02   2.90e+04   0.36       < 0.910 0.969 >
2021-12-12 14:33:30 [12/12/21 14:33:30    8.29s]: 13299   0          0          0          29037      544613667  0          0.00e+00   1.19e-02   2.90e+04   0.36       < 0.777 0.964 >
2021-12-12 14:33:37 [12/12/21 14:33:37    6.97s]: 13702   0          0          0          29037      548673931  0          0.00e+00   2.01e-03   2.90e+04   0.36       < 0.629 0.938 >
2021-12-12 14:33:42 [12/12/21 14:33:42    5.17s]: 14105   0          0          0          29037      552459823  0          0.00e+00   3.38e-04   2.90e+04   0.36       < 0.434 0.965 >
2021-12-12 14:33:46 [12/12/21 14:33:46    3.33s]: 14508   0          0          0          29037      555989828  0          0.00e+00   5.52e-05   2.90e+04   0.36       < 0.251 0.864 >
2021-12-12 14:33:48 [12/12/21 14:33:48    1.90s]: 14911   0          0          0          29037      559281237  0          0.00e+00   8.11e-06   2.90e+04   0.36       < 0.106 0.841 >
2021-12-12 14:33:49 [12/12/21 14:33:49    0.91s]: 15314   0          0          0          29037      562350242  0          0.00e+00   8.11e-07   2.90e+04   0.36       < 0.033 0.666 >
2021-12-12 14:33:49 [12/12/21 14:33:49    0.43s]: 15717   0          0          0          29037      565211817  0          0.00e+00   0.00e+00   2.90e+04   0.36       < 0.000 1.000 >
2021-12-12 14:33:49 [12/12/21 14:33:49    0.28s]: 16120   0          0          0          29037      567880102  0          0.00e+00   0.00e+00   2.90e+04   0.36       < 0.000 1.000 >
2021-12-12 14:33:50 [12/12/21 14:33:50    0.28s]: 16523   0          0          0          29037      570368047  0          0.00e+00   0.00e+00   2.90e+04   0.36       < 0.000 1.000 >
2021-12-12 14:33:50 [12/12/21 14:33:50    0.28s]: 16926   0          0          0          29037      572687840  0          0.00e+00   0.00e+00   2.90e+04   0.36       < 0.000 1.000 >
2021-12-12 14:33:50 [12/12/21 14:33:50    0.28s]: 17329   0          0          0          29037      574850827  0          0.00e+00   0.00e+00   2.90e+04   0.36       < 0.000 1.000 >
2021-12-12 14:33:50 [12/12/21 14:33:50    0.28s]: 17732   0          0          0          29037      576867755  0          0.00e+00   0.00e+00   2.90e+04   0.36       < 0.000 1.000 >
2021-12-12 14:33:51 [12/12/21 14:33:51    0.28s]: 18135   0          0          0          29037      578748346  0          0.00e+00   0.00e+00   2.90e+04   0.36       < 0.000 1.000 >
2021-12-12 14:33:51 [12/12/21 14:33:51    0.28s]: 18538   0          0          0          29037      580501781  0          0.00e+00   0.00e+00   2.90e+04   0.36       < 0.000 1.000 >
2021-12-12 14:33:51 [12/12/21 14:33:51    0.28s]: 18941   0          0          0          29037      582136780  0          0.00e+00   0.00e+00   2.90e+04   0.36       < 0.000 1.000 >
2021-12-12 14:33:51 [12/12/21 14:33:51    0.28s]: 19344   0          0          0          29037      583661269  0          0.00e+00   0.00e+00   2.90e+04   0.36       < 0.000 1.000 >
2021-12-12 14:33:52 [12/12/21 14:33:52    0.28s]: 19747   0          0          0          29037      585082803  0          0.00e+00   0.00e+00   2.90e+04   0.36       < 0.000 1.000 >
2021-12-12 14:33:52 [12/12/21 14:33:52    0.28s]: 20150   0          0          0          29037      586408123  0          0.00e+00   0.00e+00   2.90e+04   0.36       < 0.000 1.000 >
2021-12-12 14:33:52 [12/12/21 14:33:52    0.01s]: 20159   0          0          0          29037      586436665  0          0.00e+00   0.00e+00   2.90e+04   0.36       < 0.000 1.000 >
2021-12-12 14:33:52  ---  main.cpp:generate tcells took  avg 0.00 s max 0.00 s balance 0.89  --- 
2021-12-12 14:33:52  ---  main.cpp:update circulating tcells took  avg 1.76 s max 1.90 s balance 0.93  --- 
2021-12-12 14:33:52  ---  main.cpp:update tcells took  avg 17.25 s max 17.76 s balance 0.97  --- 
2021-12-12 14:33:52  ---  main.cpp:update epicells took  avg 3.09 s max 3.15 s balance 0.98  --- 
2021-12-12 14:33:52  ---  main.cpp:update concentrations took  avg 15.99 s max 16.38 s balance 0.98  --- 
2021-12-12 14:33:52  ---  main.cpp:compute updates took  avg 162.81 s max 162.92 s balance 1.00  --- 
2021-12-12 14:33:52  ---  main.cpp:dispatch updates took  avg 111.25 s max 116.31 s balance 0.96  --- 
2021-12-12 14:33:52  ---  main.cpp:add new actives took  avg 2.52 s max 2.73 s balance 0.92  --- 
2021-12-12 14:33:52  ---  main.cpp:erase inactive took  avg 8.29 s max 8.76 s balance 0.95  --- 
2021-12-12 14:33:52  ---  main.cpp:sample took  avg 0.00 s max 0.00 s balance -nan  --- 
2021-12-12 14:33:52  ---  main.cpp:sample write took  avg 0.00 s max 0.00 s balance -nan  --- 
2021-12-12 14:33:52  ---  main.cpp:log took  avg 3.32 s max 3.78 s balance 0.88  --- 
2021-12-12 14:33:52 Finished 20160 time steps in 333.2789 s (0.0165 s per step)
2021-12-12 14:33:52  --- Elapsed time for main.cpp:run_sim:  (exiting barrier) 2021-12-12 14:33:52 ...
2021-12-12 14:33:52           ... (min/my/avg/max, bal) (333.28/333.28/333.28/333.28 s, 1.00) barrier(0.00 s) --- 
2021-12-12 14:33:53 Peak memory used across all nodes: 825.07MB
2021-12-12 14:33:53 Finished in 336.25 s at 12/12/21 14:33:53 for SimCov version 0.1.1
