2021-12-11 09:53:13 SimCov version SimCov version 0.1.1- built on 20211127_074920
2021-12-11 09:53:13 _________________________
2021-12-11 09:53:13 Compiler definitions:
2021-12-11 09:53:13   _XOPEN_SOURCE=700
2021-12-11 09:53:13   CONFIG_USE_COLORS
2021-12-11 09:53:13   USE_BYTELL
2021-12-11 09:53:13   MAX_VIRIONS=125000
2021-12-11 09:53:13   MIN_VIRIONS=1e-10
2021-12-11 09:53:13   BLOCK_PARTITION
2021-12-11 09:53:13   MIN_BLOCKS_PER_PROC=1
2021-12-11 09:53:13   AVERAGE_SUBSAMPLE
2021-12-11 09:53:13 _________________________
2021-12-11 09:53:13 Options:
2021-12-11 09:53:13   dim =                         2828 2828 1
2021-12-11 09:53:13   whole-lung-dim =              48000 40000 20000
2021-12-11 09:53:13   timesteps =                   20160
2021-12-11 09:53:13   infection-coords =            uniform:16
2021-12-11 09:53:13   initial-infection =           1000
2021-12-11 09:53:13   incubation-period =           480
2021-12-11 09:53:13   apoptosis-period =            180
2021-12-11 09:53:13   expressing-period =           900
2021-12-11 09:53:13   infectivity =                 0.001
2021-12-11 09:53:13   virion-production =           1.1
2021-12-11 09:53:13   virion-clearance =            0.004
2021-12-11 09:53:13   virion-diffusion =            0.15
2021-12-11 09:53:13   chemokine-production =        1.0
2021-12-11 09:53:13   chemokine-decay =             0.01
2021-12-11 09:53:13   chemokine-diffusion =         1.0
2021-12-11 09:53:13   min-chemokine =               1e-6
2021-12-11 09:53:13   antibody-factor =             1
2021-12-11 09:53:13   antibody-period =             4320
2021-12-11 09:53:13   tcell-generation-rate =       105000
2021-12-11 09:53:13   tcell-initial-delay =         0
2021-12-11 09:53:13   tcell-vascular-period =       5760
2021-12-11 09:53:13   tcell-tissue-period =         1440
2021-12-11 09:53:13   tcell-binding-period =        10
2021-12-11 09:53:13   max-binding-prob =            1
2021-12-11 09:53:13   tcells-follow-gradient =      false
2021-12-11 09:53:13   seed =                        29
2021-12-11 09:53:13   sample-period =               5040
2021-12-11 09:53:13   sample-resolution =           1
2021-12-11 09:53:13   max-block-dim =               10
2021-12-11 09:53:13   output =                      foci-sixteen
2021-12-11 09:53:13 _________________________
2021-12-11 09:53:13 Starting run with 24 processes on 1 node at 12/11/21 09:53:13
2021-12-11 09:53:13 Pinned processes, with process 0 (pid 835) pinned to core 0
2021-12-11 09:53:13 Using block partitioning
2021-12-11 09:53:13 Initial free memory across all nodes: 45.71GB
2021-12-11 09:53:13 Starting with 45.71GB free on node 0
2021-12-11 09:53:13 Dividing 7997584 grid points into 163216 squares of size 49 (7^2), with 6801 per process
2021-12-11 09:53:13 Total initial memory required per process is at least 26.70MB with each grid point requiring on average 84 bytes
2021-12-11 09:53:15  --- Elapsed time for tissue.cpp:Tissue:  (exiting barrier) 2021-12-11 09:53:15 ...
2021-12-11 09:53:15           ... (min/my/avg/max, bal) (1.88/1.91/1.90/1.91 s, 0.99) barrier(0.00 s) --- 
2021-12-11 09:53:15 Memory used on node 0 after initialization is  794.00MB
2021-12-11 09:53:15           ... (min/my/avg/max, bal) No-Time barrier(0.00 s) --- 
2021-12-11 09:53:15 Fraction of circulating T cells extravasating is 2.0827e-07
2021-12-11 09:53:15 # datetime                    step    incb       expr       apop       dead       tvas       ttis       chem       virs       chempts    %infct     <%active  lbln>
2021-12-11 09:53:15 Time step 0: SUCCESSFUL initial infection at (565, 565, 0) after 0 tries
2021-12-11 09:53:15 [12/11/21 09:53:15    0.00s]: 0       16         0          0          0          0          0          0.00e+00   0.00e+00   1.60e+01   0.00       < 0.000 0.333 >
2021-12-11 09:53:21 Number of samples written 7997584
2021-12-11 09:53:22 [0] <main.cpp:164> WARNING: rem 0 local num 4375

2021-12-11 09:53:24 [0] <main.cpp:700> WARNING: Hit boundary at (1708, 2827, 0) 7989786 INCUBATING 500 896 195 virions 0.133179 chemokine 0
2021-12-11 09:53:29 [12/11/21 09:53:29   13.93s]: 403     1895       0          0          0          40864967   0          0.00e+00   3.21e+03   1.90e+03   0.02       < 1.001 0.925 >
2021-12-11 09:53:51 [12/11/21 09:53:51   22.43s]: 806     4460       1635       79         24         78968273   60         1.10e-03   2.30e+05   1.47e+05   0.08       < 1.841 0.965 >
2021-12-11 09:54:35 [12/11/21 09:54:35   43.34s]: 1209    10155      3947       708        472        114496392  252        1.83e-03   6.32e+05   2.30e+05   0.19       < 2.879 0.975 >
2021-12-11 09:55:29 [12/11/21 09:55:29   54.61s]: 1612    11732      9347       1722       3678       147623372  611        3.50e-03   1.92e+06   2.69e+05   0.33       < 3.365 0.974 >
2021-12-11 09:56:24 [12/11/21 09:56:24   54.97s]: 2015    15724      11933      4676       10281      178511477  1151       5.11e-03   3.17e+06   3.23e+05   0.53       < 4.036 0.983 >
2021-12-11 09:57:29 [12/11/21 09:57:29   64.83s]: 2418    16605      12158      5944       25623      207312071  1696       6.73e-03   3.84e+06   3.72e+05   0.75       < 4.648 0.986 >
2021-12-11 09:58:42 [12/11/21 09:58:42   72.99s]: 2821    18736      11472      8341       42988      234166136  2359       8.13e-03   4.09e+06   4.24e+05   1.02       < 5.303 0.975 >
2021-12-11 10:00:07 [12/11/21 10:00:07   85.26s]: 3224    19717      10047      9836       65098      259205136  3103       8.96e-03   3.99e+06   4.78e+05   1.31       < 5.986 0.990 >
2021-12-11 10:01:45 [12/11/21 10:01:45   97.26s]: 3627    20829      8635       11344      89503      282551709  3938       9.70e-03   3.72e+06   5.34e+05   1.63       < 6.679 0.982 >
2021-12-11 10:03:34 [12/11/21 10:03:34  109.74s]: 4030    21123      7693       12525      116514     304320286  4874       9.98e-03   3.41e+06   5.93e+05   1.97       < 7.414 0.994 >
2021-12-11 10:05:36 [12/11/21 10:05:36  122.15s]: 4433    20839      5965       13370      146490     324617418  5946       1.00e-02   3.01e+06   6.48e+05   2.33       < 8.109 0.988 >
2021-12-11 10:07:52 [12/11/21 10:07:52  135.30s]: 4836    20448      4780       13337      177313     343542725  6992       9.72e-03   2.47e+06   7.07e+05   2.70       < 8.845 0.984 >
2021-12-11 10:09:11 Number of samples written 7997584
2021-12-11 10:10:57 [12/11/21 10:10:57  184.95s]: 5239    21184      4131       14210      207859     361188641  8164       9.74e-03   2.17e+06   7.64e+05   3.09       < 9.555 0.991 >
2021-12-11 10:14:33 [12/11/21 10:14:33  216.37s]: 5642    21408      3612       15054      240047     377641684  9404       9.56e-03   1.95e+06   8.25e+05   3.50       < 10.328 0.992 >
2021-12-11 10:18:03 [12/11/21 10:18:03  209.95s]: 6045    21129      3084       15399      274002     392982555  10599      9.35e-03   1.74e+06   8.81e+05   3.92       < 11.035 0.990 >
2021-12-11 10:22:04 [12/11/21 10:22:04  240.86s]: 6448    19267      2615       15184      309007     407286361  11908      8.45e-03   1.51e+06   9.40e+05   4.33       < 11.777 0.992 >
2021-12-11 10:26:27 [12/11/21 10:26:27  262.67s]: 6851    17941      2043       14630      342619     420623132  13193      7.86e-03   1.28e+06   9.89e+05   4.72       < 12.438 0.991 >
2021-12-11 10:30:21 [12/11/21 10:30:21  234.43s]: 7254    16677      1753       14259      375213     433058167  14542      6.99e-03   1.05e+06   1.04e+06   5.10       < 13.153 0.987 >
2021-12-11 10:34:04 [12/11/21 10:34:04  223.33s]: 7657    15680      1422       13155      406297     444652612  15794      6.42e-03   8.96e+05   1.09e+06   5.46       < 13.816 0.995 >
2021-12-11 10:37:58 [12/11/21 10:37:58  233.28s]: 8060    14642      1051       12969      435989     455463207  17024      5.92e-03   7.54e+05   1.14e+06   5.81       < 14.478 0.992 >
2021-12-11 10:42:01 [12/11/21 10:42:01  243.15s]: 8463    12916      946        12470      464753     465542742  18190      5.11e-03   6.15e+05   1.18e+06   6.14       < 15.162 0.989 >
2021-12-11 10:46:15 [12/11/21 10:46:15  254.56s]: 8866    10555      718        11060      491682     474941063  19167      4.16e-03   5.06e+05   1.21e+06   6.43       < 15.771 0.991 >
2021-12-11 10:50:39 [12/11/21 10:50:39  263.39s]: 9269    8573       500        9298       515335     483704106  20006      3.31e-03   3.85e+05   1.22e+06   6.67       < 16.348 0.993 >
2021-12-11 10:55:31 [12/11/21 10:55:31  292.59s]: 9672    6578       277        7408       535096     491874971  20439      2.31e-03   2.60e+05   1.21e+06   6.87       < 16.941 0.994 >
2021-12-11 11:00:05 [12/11/21 11:00:05  273.30s]: 10075   4871       253        5568       550602     499494010  20242      1.71e-03   1.79e+05   1.16e+06   7.02       < 17.467 0.994 >
2021-12-11 11:00:15 Number of samples written 7997584
2021-12-11 11:05:43 [12/11/21 11:05:43  338.26s]: 10478   3519       147        4579       562453     506598646  19520      1.22e-03   1.28e+05   1.10e+06   7.14       < 17.945 0.994 >
2021-12-11 11:10:24 [12/11/21 11:10:24  281.54s]: 10881   2296       98         3130       571649     513223772  18019      8.10e-04   8.06e+04   1.02e+06   7.22       < 18.357 0.994 >
2021-12-11 11:14:41 [12/11/21 11:14:41  257.12s]: 11284   1575       64         2256       577974     519401887  15869      4.97e-04   5.49e+04   9.28e+05   7.28       < 18.695 0.994 >
2021-12-11 11:18:49 [12/11/21 11:18:49  247.35s]: 11687   966        23         1469       582393     525163466  13223      3.07e-04   3.48e+04   8.33e+05   7.31       < 18.950 0.994 >
2021-12-11 11:22:46 [12/11/21 11:22:46  237.58s]: 12090   650        10         915        585238     530536360  10351      1.87e-04   1.76e+04   7.73e+05   7.34       < 19.114 0.993 >
2021-12-11 11:26:37 [12/11/21 11:26:37  230.30s]: 12493   404        14         601        587058     535546644  7674       1.04e-04   8.70e+03   7.24e+05   7.35       < 19.106 0.993 >
2021-12-11 11:30:17 [12/11/21 11:30:17  220.53s]: 12896   398        8          387        588283     540218725  5445       8.59e-05   6.89e+03   6.84e+05   7.37       < 18.789 0.993 >
2021-12-11 11:33:48 [12/11/21 11:33:48  210.52s]: 13299   354        19         338        589165     544575368  3953       7.10e-05   6.12e+03   6.58e+05   7.38       < 18.218 0.995 >
2021-12-11 11:37:06 [12/11/21 11:37:06  198.43s]: 13702   319        19         327        589892     548637769  2762       1.02e-04   1.23e+04   6.49e+05   7.38       < 17.260 0.993 >
2021-12-11 11:41:06 [12/11/21 11:41:06  240.09s]: 14105   272        17         301        590598     552425659  2067       9.04e-05   1.11e+04   6.56e+05   7.39       < 15.769 0.991 >
2021-12-11 11:44:32 [12/11/21 11:44:32  205.90s]: 14508   258        15         241        591245     555957673  1686       9.21e-05   8.87e+03   6.39e+05   7.40       < 13.843 0.994 >
2021-12-11 11:47:13 [12/11/21 11:47:13  160.38s]: 14911   216        5          266        591839     559250947  1468       8.69e-05   6.27e+03   6.40e+05   7.41       < 11.547 0.992 >
2021-12-11 11:48:22 Number of samples written 7997584
2021-12-11 11:49:26 [12/11/21 11:49:26  133.54s]: 15314   176        5          242        592421     562321617  1420       3.91e-05   3.28e+03   6.40e+05   7.41       < 9.039 0.991 >
2021-12-11 11:51:13 [12/11/21 11:51:13  107.16s]: 15717   106        2          158        592896     565184794  1371       5.00e-05   2.94e+03   6.34e+05   7.42       < 6.997 0.979 >
2021-12-11 11:52:26 [12/11/21 11:52:26   72.30s]: 16120   74         3          121        593222     567854550  1346       2.08e-05   1.49e+03   6.28e+05   7.42       < 5.305 0.983 >
2021-12-11 11:53:22 [12/11/21 11:53:22   56.50s]: 16523   60         1          82         593454     570343891  1264       2.60e-05   2.24e+03   6.12e+05   7.42       < 4.128 0.976 >
2021-12-11 11:54:07 [12/11/21 11:54:07   44.99s]: 16926   41         4          67         593604     572665150  1044       1.94e-05   1.13e+03   6.11e+05   7.42       < 3.151 0.974 >
2021-12-11 11:54:43 [12/11/21 11:54:43   36.27s]: 17329   35         1          57         593740     574829517  810        1.32e-05   1.04e+03   6.06e+05   7.43       < 2.524 0.958 >
2021-12-11 11:55:14 [12/11/21 11:55:14   30.89s]: 17732   28         3          24         593851     576847760  599        1.11e-05   6.41e+02   6.06e+05   7.43       < 2.141 0.963 >
2021-12-11 11:55:41 [12/11/21 11:55:41   26.81s]: 18135   33         0          46         593915     578729587  457        5.88e-06   8.29e+02   5.99e+05   7.43       < 1.838 0.966 >
2021-12-11 11:56:04 [12/11/21 11:56:04   23.33s]: 18538   13         1          21         594003     580484301  314        2.05e-06   2.09e+02   5.99e+05   7.43       < 1.555 0.953 >
2021-12-11 11:56:25 [12/11/21 11:56:25   20.47s]: 18941   10         0          17         594043     582120344  219        1.44e-06   1.77e+02   5.97e+05   7.43       < 1.336 0.941 >
2021-12-11 11:56:43 [12/11/21 11:56:43   18.52s]: 19344   1          0          3          594074     583645883  151        2.36e-08   3.46e+01   5.97e+05   7.43       < 1.171 0.971 >
2021-12-11 11:57:00 [12/11/21 11:57:00   16.63s]: 19747   0          0          0          594079     585068398  104        0.00e+00   6.85e+00   5.94e+05   7.43       < 1.029 0.964 >
2021-12-11 11:57:15 [12/11/21 11:57:15   15.11s]: 20150   0          0          0          594079     586394769  62         0.00e+00   1.36e+00   5.94e+05   7.43       < 0.853 0.952 >
2021-12-11 11:57:16 [12/11/21 11:57:16    0.48s]: 20159   0          0          0          594079     586423349  60         0.00e+00   1.31e+00   5.94e+05   7.43       < 0.849 0.951 >
2021-12-11 11:57:22 Number of samples written 7997584
2021-12-11 11:57:23  ---  main.cpp:generate tcells took  avg 0.01 s max 0.02 s balance 0.73  --- 
2021-12-11 11:57:23  ---  main.cpp:update circulating tcells took  avg 3.65 s max 3.77 s balance 0.97  --- 
2021-12-11 11:57:23  ---  main.cpp:update tcells took  avg 414.28 s max 420.51 s balance 0.99  --- 
2021-12-11 11:57:23  ---  main.cpp:update epicells took  avg 104.38 s max 107.47 s balance 0.97  --- 
2021-12-11 11:57:23  ---  main.cpp:update concentrations took  avg 557.85 s max 571.13 s balance 0.98  --- 
2021-12-11 11:57:23  ---  main.cpp:compute updates took  avg 4030.91 s max 4031.28 s balance 1.00  --- 
2021-12-11 11:57:23  ---  main.cpp:dispatch updates took  avg 2274.49 s max 2361.05 s balance 0.96  --- 
2021-12-11 11:57:23  ---  main.cpp:add new actives took  avg 37.24 s max 42.87 s balance 0.87  --- 
2021-12-11 11:57:23  ---  main.cpp:erase inactive took  avg 441.92 s max 526.04 s balance 0.84  --- 
2021-12-11 11:57:23  ---  main.cpp:sample took  avg 34.20 s max 34.24 s balance 1.00  --- 
2021-12-11 11:57:23  ---  main.cpp:sample write took  avg 2.51 s max 2.81 s balance 0.89  --- 
2021-12-11 11:57:23  ---  main.cpp:log took  avg 21.36 s max 22.97 s balance 0.93  --- 
2021-12-11 11:57:23 Finished 20160 time steps in 7448.1859 s (0.3695 s per step)
2021-12-11 11:57:23  --- Elapsed time for main.cpp:run_sim:  (exiting barrier) 2021-12-11 11:57:23 ...
2021-12-11 11:57:23           ... (min/my/avg/max, bal) (7448.18/7448.19/7448.18/7448.19 s, 1.00) barrier(0.01 s) --- 
2021-12-11 11:57:23 Peak memory used across all nodes: 1.46GB
2021-12-11 11:57:23 Finished in 7450.31 s at 12/11/21 11:57:23 for SimCov version 0.1.1
