2021-12-11 09:52:13 SimCov version SimCov version 0.1.1- built on 20211127_074920
2021-12-11 09:52:13 _________________________
2021-12-11 09:52:13 Compiler definitions:
2021-12-11 09:52:13   _XOPEN_SOURCE=700
2021-12-11 09:52:13   CONFIG_USE_COLORS
2021-12-11 09:52:13   USE_BYTELL
2021-12-11 09:52:13   MAX_VIRIONS=125000
2021-12-11 09:52:13   MIN_VIRIONS=1e-10
2021-12-11 09:52:13   BLOCK_PARTITION
2021-12-11 09:52:13   MIN_BLOCKS_PER_PROC=1
2021-12-11 09:52:13   AVERAGE_SUBSAMPLE
2021-12-11 09:52:13 _________________________
2021-12-11 09:52:13 Options:
2021-12-11 09:52:13   dim =                         2828 2828 1
2021-12-11 09:52:13   whole-lung-dim =              48000 40000 20000
2021-12-11 09:52:13   timesteps =                   20160
2021-12-11 09:52:13   infection-coords =            uniform:16
2021-12-11 09:52:13   initial-infection =           1000
2021-12-11 09:52:13   incubation-period =           480
2021-12-11 09:52:13   apoptosis-period =            180
2021-12-11 09:52:13   expressing-period =           900
2021-12-11 09:52:13   infectivity =                 0.001
2021-12-11 09:52:13   virion-production =           1.1
2021-12-11 09:52:13   virion-clearance =            0.004
2021-12-11 09:52:13   virion-diffusion =            0.15
2021-12-11 09:52:13   chemokine-production =        1.0
2021-12-11 09:52:13   chemokine-decay =             0.01
2021-12-11 09:52:13   chemokine-diffusion =         1.0
2021-12-11 09:52:13   min-chemokine =               1e-6
2021-12-11 09:52:13   antibody-factor =             1
2021-12-11 09:52:13   antibody-period =             4320
2021-12-11 09:52:13   tcell-generation-rate =       105000
2021-12-11 09:52:13   tcell-initial-delay =         0
2021-12-11 09:52:13   tcell-vascular-period =       5760
2021-12-11 09:52:13   tcell-tissue-period =         1440
2021-12-11 09:52:13   tcell-binding-period =        10
2021-12-11 09:52:13   max-binding-prob =            1
2021-12-11 09:52:13   tcells-follow-gradient =      false
2021-12-11 09:52:13   seed =                        29
2021-12-11 09:52:13   sample-period =               5040
2021-12-11 09:52:13   sample-resolution =           1
2021-12-11 09:52:13   max-block-dim =               10
2021-12-11 09:52:13   output =                      foci-four
2021-12-11 09:52:13 _________________________
2021-12-11 09:52:13 Starting run with 24 processes on 1 node at 12/11/21 09:52:13
2021-12-11 09:52:13 Pinned processes, with process 0 (pid 21407) pinned to core 0
2021-12-11 09:52:13 Using block partitioning
2021-12-11 09:52:13 Initial free memory across all nodes: 45.32GB
2021-12-11 09:52:13 Starting with 45.32GB free on node 0
2021-12-11 09:52:13 Dividing 7997584 grid points into 163216 squares of size 49 (7^2), with 6801 per process
2021-12-11 09:52:13 Total initial memory required per process is at least 26.70MB with each grid point requiring on average 84 bytes
2021-12-11 09:52:15  --- Elapsed time for tissue.cpp:Tissue:  (exiting barrier) 2021-12-11 09:52:15 ...
2021-12-11 09:52:15           ... (min/my/avg/max, bal) (2.34/2.37/2.36/2.37 s, 0.99) barrier(0.01 s) --- 
2021-12-11 09:52:15 Memory used on node 0 after initialization is  795.81MB
2021-12-11 09:52:15           ... (min/my/avg/max, bal) No-Time barrier(0.00 s) --- 
2021-12-11 09:52:15 Fraction of circulating T cells extravasating is 2.0827e-07
2021-12-11 09:52:15 # datetime                    step    incb       expr       apop       dead       tvas       ttis       chem       virs       chempts    %infct     <%active  lbln>
2021-12-11 09:52:15 Time step 0: SUCCESSFUL initial infection at (565, 565, 0) after 0 tries
2021-12-11 09:52:15 [12/11/21 09:52:15    0.00s]: 0       16         0          0          0          0          0          0.00e+00   0.00e+00   1.60e+01   0.00       < 0.000 0.333 >
2021-12-11 09:52:22 Number of samples written 7997584
2021-12-11 09:52:23 [0] <main.cpp:164> WARNING: rem 0 local num 4375

2021-12-11 09:52:30 [12/11/21 09:52:30   14.80s]: 403     1824       0          0          0          40864978   0          0.00e+00   3.21e+03   1.82e+03   0.02       < 1.001 0.925 >
2021-12-11 09:52:52 [12/11/21 09:52:52   22.07s]: 806     4522       1630       38         3          78968301   41         1.12e-03   2.26e+05   1.47e+05   0.08       < 1.834 0.970 >
2021-12-11 09:52:54 [0] <main.cpp:700> WARNING: Hit boundary at (1708, 2827, 0) 7989786 INCUBATING 500 896 195 virions 4.32608 chemokine 0.460522
2021-12-11 09:53:28 [12/11/21 09:53:28   35.83s]: 1209    10277      4130       541        363        114496505  238        1.82e-03   6.27e+05   2.31e+05   0.19       < 2.884 0.983 >
2021-12-11 09:54:15 [12/11/21 09:54:15   47.60s]: 1612    11643      9649       1738       3407       147623561  555        3.52e-03   1.97e+06   2.68e+05   0.33       < 3.350 0.970 >
2021-12-11 09:55:21 [12/11/21 09:55:21   65.33s]: 2015    15996      12758      4069       9792       178511755  1061       5.09e-03   3.26e+06   3.21e+05   0.53       < 4.013 0.981 >
2021-12-11 09:56:42 [12/11/21 09:56:42   81.82s]: 2418    16164      12743      6407       24619      207312247  1700       6.69e-03   4.02e+06   3.70e+05   0.75       < 4.631 0.985 >
2021-12-11 09:58:12 [12/11/21 09:58:12   89.86s]: 2821    18503      11549      8101       42747      234166333  2316       8.08e-03   4.13e+06   4.22e+05   1.01       < 5.274 0.973 >
2021-12-11 09:59:49 [12/11/21 09:59:49   96.68s]: 3224    19161      10566      9600       64364      259205350  3146       9.03e-03   4.01e+06   4.76e+05   1.30       < 5.952 0.991 >
2021-12-11 10:01:46 [12/11/21 10:01:46  117.36s]: 3627    19572      9055       11167      88822      282552044  3943       9.59e-03   3.75e+06   5.30e+05   1.61       < 6.633 0.980 >
2021-12-11 10:03:46 [12/11/21 10:03:46  119.48s]: 4030    20789      7375       11867      115453     304320627  4857       1.00e-02   3.33e+06   5.86e+05   1.94       < 7.331 0.987 >
2021-12-11 10:05:52 [12/11/21 10:05:52  125.68s]: 4433    21380      6365       13042      143672     324617833  5821       1.01e-02   2.95e+06   6.45e+05   2.31       < 8.071 0.987 >
2021-12-11 10:08:06 [12/11/21 10:08:06  134.06s]: 4836    21396      5175       13512      174130     343543107  6897       9.99e-03   2.64e+06   7.03e+05   2.68       < 8.793 0.984 >
2021-12-11 10:09:24 Number of samples written 7997584
2021-12-11 10:11:04 [12/11/21 10:11:04  178.67s]: 5239    21446      4578       14292      205193     361189029  8041       9.91e-03   2.35e+06   7.60e+05   3.07       < 9.508 0.988 >
2021-12-11 10:14:25 [12/11/21 10:14:25  200.54s]: 5642    21312      3998       14990      237715     377642198  9135       9.57e-03   2.09e+06   8.19e+05   3.48       < 10.249 0.987 >
2021-12-11 10:18:05 [12/11/21 10:18:05  220.51s]: 6045    20963      3110       15164      271820     392983165  10254      9.32e-03   1.82e+06   8.79e+05   3.89       < 10.999 0.988 >
2021-12-11 10:21:25 [12/11/21 10:21:25  199.92s]: 6448    20613      2685       15190      306070     407286949  11492      8.91e-03   1.52e+06   9.39e+05   4.31       < 11.755 0.988 >
2021-12-11 10:24:44 [12/11/21 10:24:44  199.03s]: 6851    21103      2530       15648      339933     420623780  12783      8.79e-03   1.42e+06   9.98e+05   4.74       < 12.507 0.987 >
2021-12-11 10:28:44 [12/11/21 10:28:44  240.07s]: 7254    19782      2320       16252      375227     433058910  14188      8.41e-03   1.33e+06   1.05e+06   5.17       < 13.232 0.986 >
2021-12-11 10:32:30 [12/11/21 10:32:30  225.51s]: 7657    17594      1684       15425      411407     444653273  15617      7.54e-03   1.13e+06   1.11e+06   5.58       < 13.943 0.994 >
2021-12-11 10:36:27 [12/11/21 10:36:27  237.58s]: 8060    15521      1322       13879      445126     455463830  16941      6.43e-03   8.82e+05   1.16e+06   5.95       < 14.632 0.992 >
2021-12-11 10:41:41 [12/11/21 10:41:41  313.97s]: 8463    13823      1188       12860      475392     465543423  18167      5.52e-03   7.27e+05   1.20e+06   6.29       < 15.314 0.993 >
2021-12-11 10:47:05 [12/11/21 10:47:05  323.56s]: 8866    12360      910        11813      503153     474941621  19282      5.04e-03   6.13e+05   1.23e+06   6.60       < 15.959 0.993 >
2021-12-11 10:51:52 [12/11/21 10:51:52  287.00s]: 9269    10352      741        10671      528813     483704540  20175      4.20e-03   5.11e+05   1.26e+06   6.88       < 16.628 0.994 >
2021-12-11 10:56:52 [12/11/21 10:56:52  300.05s]: 9672    8083       541        8752       551655     491875027  20997      3.07e-03   3.88e+05   1.27e+06   7.12       < 17.231 0.995 >
2021-12-11 11:01:35 [12/11/21 11:01:35  282.87s]: 10075   6395       272        7310       570210     499493658  21278      2.52e-03   2.92e+05   1.24e+06   7.30       < 17.797 0.995 >
2021-12-11 11:01:44 Number of samples written 7997584
2021-12-11 11:06:44 [12/11/21 11:06:44  309.44s]: 10478   4900       290        5930       585439     506597931  20765      1.61e-03   1.94e+05   1.19e+06   7.46       < 18.333 0.995 >
2021-12-11 11:11:23 [12/11/21 11:11:23  278.50s]: 10881   3441       156        4210       597708     513222723  19528      1.26e-03   1.57e+05   1.13e+06   7.57       < 18.759 0.995 >
2021-12-11 11:15:56 [12/11/21 11:15:56  273.10s]: 11284   2501       87         3067       606531     519400283  17741      7.98e-04   9.07e+04   1.05e+06   7.65       < 19.166 0.994 >
2021-12-11 11:20:46 [12/11/21 11:20:46  290.47s]: 11687   1731       46         2212       612946     525161072  15645      5.70e-04   5.65e+04   9.70e+05   7.71       < 19.477 0.996 >
2021-12-11 11:25:41 [12/11/21 11:25:41  294.11s]: 12090   1106       27         1626       617532     530533453  13080      3.09e-04   2.95e+04   8.89e+05   7.76       < 19.710 0.996 >
2021-12-11 11:29:49 [12/11/21 11:29:49  248.67s]: 12493   633        31         926        620729     535543397  10466      2.08e-04   2.35e+04   8.21e+05   7.78       < 19.776 0.996 >
2021-12-11 11:33:48 [12/11/21 11:33:48  238.33s]: 12896   425        20         642        622585     540215182  7970       1.15e-04   1.52e+04   7.64e+05   7.80       < 19.558 0.993 >
2021-12-11 11:37:34 [12/11/21 11:37:34  226.33s]: 13299   308        11         332        623814     544571683  5842       8.91e-05   9.52e+03   7.25e+05   7.81       < 19.104 0.992 >
2021-12-11 11:41:08 [12/11/21 11:41:08  214.23s]: 13702   281        12         335        624538     548634071  4284       1.06e-04   8.89e+03   7.01e+05   7.82       < 18.314 0.994 >
2021-12-11 11:44:50 [12/11/21 11:44:50  221.74s]: 14105   297        16         346        625235     552421995  3211       9.85e-05   7.25e+03   7.09e+05   7.83       < 17.087 0.990 >
2021-12-11 11:47:53 [12/11/21 11:47:53  183.53s]: 14508   293        8          302        625997     555953978  2544       1.00e-04   6.16e+03   7.01e+05   7.83       < 15.367 0.986 >
2021-12-11 11:50:36 [12/11/21 11:50:36  162.52s]: 14911   244        6          296        626645     559247373  2239       7.63e-05   4.52e+03   6.90e+05   7.84       < 13.402 0.984 >
2021-12-11 11:52:24 Number of samples written 7997584
2021-12-11 11:53:56 [12/11/21 11:53:56  200.51s]: 15314   244        6          274        627266     562318251  2127       7.62e-05   4.20e+03   6.84e+05   7.85       < 11.385 0.981 >
2021-12-11 11:56:31 [12/11/21 11:56:31  154.95s]: 15717   217        11         261        627828     565181697  1882       8.92e-05   6.67e+03   6.72e+05   7.86       < 9.289 0.990 >
2021-12-11 11:58:12 [12/11/21 11:58:12  100.83s]: 16120   136        2          236        628387     567851667  1715       5.95e-05   4.63e+03   6.76e+05   7.86       < 7.460 0.982 >
2021-12-11 11:59:29 [12/11/21 11:59:29   77.23s]: 16523   72         0          125        628824     570341200  1505       1.35e-05   1.54e+03   6.64e+05   7.87       < 5.775 0.980 >
2021-12-11 12:00:31 [12/11/21 12:00:31   61.36s]: 16926   31         0          52         629045     572662582  1255       1.58e-05   7.09e+02   6.53e+05   7.87       < 4.557 0.980 >
2021-12-11 12:01:20 [12/11/21 12:01:20   49.69s]: 17329   27         1          46         629155     574827106  1020       3.62e-06   2.49e+02   6.48e+05   7.87       < 3.679 0.971 >
2021-12-11 12:02:02 [12/11/21 12:02:02   41.23s]: 17732   54         5          38         629233     576845387  776        2.27e-05   9.08e+02   6.43e+05   7.87       < 3.031 0.963 >
2021-12-11 12:02:37 [12/11/21 12:02:37   35.40s]: 18135   62         1          72         629334     578727298  564        2.01e-05   1.23e+03   6.44e+05   7.87       < 2.551 0.979 >
2021-12-11 12:03:08 [12/11/21 12:03:08   30.87s]: 18538   98         3          61         629495     580482035  493        2.30e-05   1.45e+03   6.45e+05   7.87       < 2.176 0.974 >
2021-12-11 12:03:35 [12/11/21 12:03:35   27.22s]: 18941   103        3          84         629670     582118196  505        3.06e-05   1.45e+03   6.49e+05   7.88       < 1.868 0.982 >
2021-12-11 12:04:00 [12/11/21 12:04:00   24.92s]: 19344   122        0          115        629879     583643754  543        3.49e-05   2.11e+03   6.49e+05   7.88       < 1.660 0.971 >
2021-12-11 12:04:23 [12/11/21 12:04:23   23.03s]: 19747   111        1          103        630140     585066263  544        2.85e-05   1.86e+03   6.49e+05   7.88       < 1.481 0.960 >
2021-12-11 12:04:44 [12/11/21 12:04:44   21.36s]: 20150   59         1          110        630377     586392705  558        1.39e-05   1.18e+03   6.49e+05   7.88       < 1.308 0.933 >
2021-12-11 12:04:45 [12/11/21 12:04:45    0.53s]: 20159   59         1          102        630387     586421278  558        1.39e-05   1.19e+03   6.49e+05   7.88       < 1.304 0.933 >
2021-12-11 12:04:51 Number of samples written 7997584
2021-12-11 12:04:51  ---  main.cpp:generate tcells took  avg 0.01 s max 0.02 s balance 0.70  --- 
2021-12-11 12:04:51  ---  main.cpp:update circulating tcells took  avg 3.64 s max 3.74 s balance 0.97  --- 
2021-12-11 12:04:51  ---  main.cpp:update tcells took  avg 444.96 s max 450.99 s balance 0.99  --- 
2021-12-11 12:04:51  ---  main.cpp:update epicells took  avg 109.69 s max 112.88 s balance 0.97  --- 
2021-12-11 12:04:51  ---  main.cpp:update concentrations took  avg 594.00 s max 604.66 s balance 0.98  --- 
2021-12-11 12:04:51  ---  main.cpp:compute updates took  avg 4321.64 s max 4322.28 s balance 1.00  --- 
2021-12-11 12:04:51  ---  main.cpp:dispatch updates took  avg 2408.19 s max 2515.72 s balance 0.96  --- 
2021-12-11 12:04:51  ---  main.cpp:add new actives took  avg 38.42 s max 44.24 s balance 0.87  --- 
2021-12-11 12:04:51  ---  main.cpp:erase inactive took  avg 471.75 s max 548.27 s balance 0.86  --- 
2021-12-11 12:04:51  ---  main.cpp:sample took  avg 35.32 s max 35.35 s balance 1.00  --- 
2021-12-11 12:04:51  ---  main.cpp:sample write took  avg 2.71 s max 3.25 s balance 0.83  --- 
2021-12-11 12:04:51  ---  main.cpp:log took  avg 27.39 s max 29.04 s balance 0.94  --- 
2021-12-11 12:04:51 Finished 20160 time steps in 7956.2996 s (0.3947 s per step)
2021-12-11 12:04:51  --- Elapsed time for main.cpp:run_sim:  (exiting barrier) 2021-12-11 12:04:51 ...
2021-12-11 12:04:51           ... (min/my/avg/max, bal) (7956.30/7956.30/7956.30/7956.30 s, 1.00) barrier(0.00 s) --- 
2021-12-11 12:04:52 Peak memory used across all nodes: 1.49GB
2021-12-11 12:04:52 Finished in 7959.25 s at 12/11/21 12:04:52 for SimCov version 0.1.1
