2021-12-12 12:12:34 SimCov version SimCov version 0.1.1- built on 20211127_074920
2021-12-12 12:12:34 _________________________
2021-12-12 12:12:34 Compiler definitions:
2021-12-12 12:12:34   _XOPEN_SOURCE=700
2021-12-12 12:12:34   CONFIG_USE_COLORS
2021-12-12 12:12:34   USE_BYTELL
2021-12-12 12:12:34   MAX_VIRIONS=125000
2021-12-12 12:12:34   MIN_VIRIONS=1e-10
2021-12-12 12:12:34   BLOCK_PARTITION
2021-12-12 12:12:34   MIN_BLOCKS_PER_PROC=1
2021-12-12 12:12:34   AVERAGE_SUBSAMPLE
2021-12-12 12:12:34 _________________________
2021-12-12 12:12:34 Options:
2021-12-12 12:12:34   dim =                         2828 2828 1
2021-12-12 12:12:34   whole-lung-dim =              48000 40000 20000
2021-12-12 12:12:34   timesteps =                   20160
2021-12-12 12:12:34   infection-coords =            uniform:1
2021-12-12 12:12:34   initial-infection =           1000
2021-12-12 12:12:34   incubation-period =           480
2021-12-12 12:12:34   apoptosis-period =            180
2021-12-12 12:12:34   expressing-period =           900
2021-12-12 12:12:34   infectivity =                 0.001
2021-12-12 12:12:34   virion-production =           1.1
2021-12-12 12:12:34   virion-clearance =            0.004
2021-12-12 12:12:34   virion-diffusion =            0.15
2021-12-12 12:12:34   chemokine-production =        1.0
2021-12-12 12:12:34   chemokine-decay =             0.01
2021-12-12 12:12:34   chemokine-diffusion =         1.0
2021-12-12 12:12:34   min-chemokine =               1e-6
2021-12-12 12:12:34   antibody-factor =             1.5
2021-12-12 12:12:34   antibody-period =             4320
2021-12-12 12:12:34   tcell-generation-rate =       105000
2021-12-12 12:12:34   tcell-initial-delay =         0
2021-12-12 12:12:34   tcell-vascular-period =       5760
2021-12-12 12:12:34   tcell-tissue-period =         1440
2021-12-12 12:12:34   tcell-binding-period =        10
2021-12-12 12:12:34   max-binding-prob =            1
2021-12-12 12:12:34   tcells-follow-gradient =      false
2021-12-12 12:12:34   seed =                        29
2021-12-12 12:12:34   sample-period =               0
2021-12-12 12:12:34   sample-resolution =           1
2021-12-12 12:12:34   max-block-dim =               10
2021-12-12 12:12:34   output =                      reinfect-1-5
2021-12-12 12:12:34 _________________________
2021-12-12 12:12:34 Starting run with 24 processes on 1 node at 12/12/21 12:12:34
2021-12-12 12:12:34 Pinned processes, with process 0 (pid 20050) pinned to core 0
2021-12-12 12:12:34 Using block partitioning
2021-12-12 12:12:34 Initial free memory across all nodes: 45.51GB
2021-12-12 12:12:34 Starting with 45.51GB free on node 0
2021-12-12 12:12:34 Dividing 7997584 grid points into 163216 squares of size 49 (7^2), with 6801 per process
2021-12-12 12:12:34 Total initial memory required per process is at least 26.70MB with each grid point requiring on average 84 bytes
2021-12-12 12:12:36  --- Elapsed time for tissue.cpp:Tissue:  (exiting barrier) 2021-12-12 12:12:36 ...
2021-12-12 12:12:36           ... (min/my/avg/max, bal) (2.24/2.27/2.26/2.27 s, 0.99) barrier(0.01 s) --- 
2021-12-12 12:12:36 Memory used on node 0 after initialization is  794.93MB
2021-12-12 12:12:36           ... (min/my/avg/max, bal) No-Time barrier(0.00 s) --- 
2021-12-12 12:12:36 Fraction of circulating T cells extravasating is 2.0827e-07
2021-12-12 12:12:36 # datetime                    step    incb       expr       apop       dead       tvas       ttis       chem       virs       chempts    %infct     <%active  lbln>
2021-12-12 12:12:36 Time step 0: SUCCESSFUL initial infection at (1414, 1414, 0) after 0 tries
2021-12-12 12:12:36 [12/12/21 12:12:36    0.01s]: 0       1          0          0          0          0          0          0.00e+00   0.00e+00   1.00e+00   0.00       < 0.000 0.042 >
2021-12-12 12:12:36 [0] <main.cpp:164> WARNING: rem 0 local num 4375

2021-12-12 12:12:37 [12/12/21 12:12:37    0.70s]: 403     125        0          0          0          40865016   0          0.00e+00   1.99e+02   1.25e+02   0.00       < 0.068 0.826 >
2021-12-12 12:12:38 [12/12/21 12:12:38    1.59s]: 806     324        112        0          0          78968342   3          7.66e-05   1.57e+04   1.04e+04   0.01       < 0.130 0.893 >
2021-12-12 12:12:41 [12/12/21 12:12:41    2.76s]: 1209    699        308        28         13         114496648  11         1.26e-04   4.61e+04   1.59e+04   0.01       < 0.199 0.915 >
2021-12-12 12:12:45 [12/12/21 12:12:45    3.40s]: 1612    836        713        96         191        147623974  35         2.50e-04   1.37e+05   1.85e+04   0.02       < 0.231 0.921 >
2021-12-12 12:12:49 [12/12/21 12:12:49    4.08s]: 2015    1128       949        321        558        178512581  65         3.60e-04   2.41e+05   2.24e+04   0.04       < 0.281 0.943 >
2021-12-12 12:12:54 [12/12/21 12:12:54    4.99s]: 2418    1232       1018       429        1577       207313731  107        4.98e-04   2.98e+05   2.57e+04   0.05       < 0.321 0.927 >
2021-12-12 12:12:59 [12/12/21 12:12:59    5.81s]: 2821    1346       937        609        2891       234168516  155        5.78e-04   3.28e+05   2.96e+04   0.07       < 0.370 0.944 >
2021-12-12 12:13:06 [12/12/21 12:13:06    6.69s]: 3224    1421       834        590        4527       259208376  210        6.47e-04   3.01e+05   3.33e+04   0.09       < 0.416 0.930 >
2021-12-12 12:13:14 [12/12/21 12:13:14    7.56s]: 3627    1539       598        813        6268       282556086  286        6.81e-04   2.84e+05   3.72e+04   0.12       < 0.466 0.956 >
2021-12-12 12:13:22 [12/12/21 12:13:22    8.62s]: 4030    1480       625        869        8165       304325904  355        7.12e-04   2.50e+05   4.13e+04   0.14       < 0.517 0.948 >
2021-12-12 12:13:32 [12/12/21 12:13:32    9.57s]: 4433    1487       552        833        10248      324624606  394        6.80e-04   1.87e+05   4.52e+04   0.16       < 0.566 0.943 >
2021-12-12 12:13:40 [12/12/21 12:13:40    7.99s]: 4836    1261       368        935        12324      343551424  450        7.22e-04   1.42e+05   4.90e+04   0.19       < 0.613 0.962 >
2021-12-12 12:13:49 [12/12/21 12:13:49    9.06s]: 5239    1093       271        1038       14323      361199163  581        6.72e-04   9.75e+04   5.33e+04   0.21       < 0.667 0.967 >
2021-12-12 12:13:59 [12/12/21 12:13:59    9.78s]: 5642    1220       154        857        16397      377654360  627        5.71e-04   6.77e+04   5.72e+04   0.23       < 0.716 0.964 >
2021-12-12 12:14:09 [12/12/21 12:14:09   10.76s]: 6045    1066       153        805        18350      392997479  724        5.31e-04   5.05e+04   6.03e+04   0.25       < 0.754 0.947 >
2021-12-12 12:14:21 [12/12/21 12:14:21   11.24s]: 6448    1140       165        784        20081      407303716  780        5.02e-04   5.01e+04   6.37e+04   0.28       < 0.797 0.954 >
2021-12-12 12:14:33 [12/12/21 12:14:33   11.90s]: 6851    887        171        823        21908      420642996  868        4.73e-04   5.80e+04   6.67e+04   0.30       < 0.835 0.966 >
2021-12-12 12:14:45 [12/12/21 12:14:45   12.48s]: 7254    668        43         639        23729      433080822  993        3.11e-04   3.85e+04   6.91e+04   0.31       < 0.865 0.974 >
2021-12-12 12:15:00 [12/12/21 12:15:00   15.36s]: 7657    470        29         500        25058      444678112  1080       2.42e-04   1.74e+04   7.02e+04   0.33       < 0.882 0.975 >
2021-12-12 12:15:19 [12/12/21 12:15:19   18.61s]: 8060    430        26         392        26070      455491641  1148       1.82e-04   1.20e+04   6.88e+04   0.34       < 0.896 0.970 >
2021-12-12 12:15:37 [12/12/21 12:15:37   18.23s]: 8463    206        4          323        26962      465574432  1175       1.27e-04   8.14e+03   6.67e+04   0.34       < 0.922 0.981 >
2021-12-12 12:15:55 [12/12/21 12:15:55   18.16s]: 8866    120        5          145        27563      474975875  1133       6.18e-05   2.97e+03   6.51e+04   0.35       < 0.920 0.981 >
2021-12-12 12:16:13 [12/12/21 12:16:13   17.96s]: 9269    59         0          111        27899      483741988  1054       6.18e-06   6.32e+02   5.93e+04   0.35       < 0.931 0.980 >
2021-12-12 12:16:30 [12/12/21 12:16:30   16.99s]: 9672    30         1          59         28073      491915731  966        2.58e-05   9.05e+02   4.58e+04   0.35       < 0.919 0.974 >
2021-12-12 12:16:45 [12/12/21 12:16:45   15.16s]: 10075   31         0          49         28194      499537219  744        2.40e-06   2.22e+02   4.15e+04   0.35       < 0.906 0.960 >
2021-12-12 12:17:00 [12/12/21 12:17:00   14.12s]: 10478   6          0          11         28281      506643629  536        3.28e-06   1.10e+02   3.58e+04   0.35       < 0.861 0.970 >
2021-12-12 12:17:12 [12/12/21 12:17:12   12.58s]: 10881   4          0          0          28299      513269831  342        5.48e-08   9.75e+00   3.41e+04   0.35       < 0.792 0.944 >
2021-12-12 12:17:23 [12/12/21 12:17:23   10.85s]: 11284   0          0          1          28302      519448202  199        0.00e+00   8.62e-01   2.83e+04   0.35       < 0.695 0.969 >
2021-12-12 12:17:32 [12/12/21 12:17:32    8.54s]: 11687   0          0          0          28303      525209142  112        0.00e+00   7.63e-02   2.83e+04   0.35       < 0.539 0.943 >
2021-12-12 12:17:37 [12/12/21 12:17:37    5.80s]: 12090   0          0          0          28303      530580764  43         0.00e+00   6.74e-03   2.83e+04   0.35       < 0.348 0.895 >
2021-12-12 12:17:40 [12/12/21 12:17:40    2.72s]: 12493   0          0          0          28303      535589376  8          0.00e+00   5.95e-04   2.83e+04   0.35       < 0.195 0.878 >
2021-12-12 12:17:42 [12/12/21 12:17:42    1.89s]: 12896   0          0          0          28303      540259445  0          0.00e+00   5.19e-05   2.83e+04   0.35       < 0.120 0.871 >
2021-12-12 12:17:43 [12/12/21 12:17:43    1.04s]: 13299   0          0          0          28303      544613943  0          0.00e+00   4.13e-06   2.83e+04   0.35       < 0.057 0.778 >
2021-12-12 12:17:44 [12/12/21 12:17:44    0.63s]: 13702   0          0          0          28303      548674256  0          0.00e+00   7.11e-08   2.83e+04   0.35       < 0.005 0.372 >
2021-12-12 12:17:44 [12/12/21 12:17:44    0.29s]: 14105   0          0          0          28303      552460142  0          0.00e+00   0.00e+00   2.83e+04   0.35       < 0.000 1.000 >
2021-12-12 12:17:44 [12/12/21 12:17:44    0.28s]: 14508   0          0          0          28303      555990200  0          0.00e+00   0.00e+00   2.83e+04   0.35       < 0.000 1.000 >
2021-12-12 12:17:45 [12/12/21 12:17:45    0.28s]: 14911   0          0          0          28303      559281649  0          0.00e+00   0.00e+00   2.83e+04   0.35       < 0.000 1.000 >
2021-12-12 12:17:45 [12/12/21 12:17:45    0.28s]: 15314   0          0          0          28303      562350630  0          0.00e+00   0.00e+00   2.83e+04   0.35       < 0.000 1.000 >
2021-12-12 12:17:45 [12/12/21 12:17:45    0.28s]: 15717   0          0          0          28303      565212190  0          0.00e+00   0.00e+00   2.83e+04   0.35       < 0.000 1.000 >
2021-12-12 12:17:45 [12/12/21 12:17:45    0.28s]: 16120   0          0          0          28303      567880396  0          0.00e+00   0.00e+00   2.83e+04   0.35       < 0.000 1.000 >
2021-12-12 12:17:46 [12/12/21 12:17:46    0.28s]: 16523   0          0          0          28303      570368349  0          0.00e+00   0.00e+00   2.83e+04   0.35       < 0.000 1.000 >
2021-12-12 12:17:46 [12/12/21 12:17:46    0.28s]: 16926   0          0          0          28303      572688057  0          0.00e+00   0.00e+00   2.83e+04   0.35       < 0.000 1.000 >
2021-12-12 12:17:46 [12/12/21 12:17:46    0.32s]: 17329   0          0          0          28303      574851073  0          0.00e+00   0.00e+00   2.83e+04   0.35       < 0.000 1.000 >
2021-12-12 12:17:47 [12/12/21 12:17:47    0.28s]: 17732   0          0          0          28303      576867984  0          0.00e+00   0.00e+00   2.83e+04   0.35       < 0.000 1.000 >
2021-12-12 12:17:47 [12/12/21 12:17:47    0.28s]: 18135   0          0          0          28303      578748573  0          0.00e+00   0.00e+00   2.83e+04   0.35       < 0.000 1.000 >
2021-12-12 12:17:47 [12/12/21 12:17:47    0.28s]: 18538   0          0          0          28303      580502057  0          0.00e+00   0.00e+00   2.83e+04   0.35       < 0.000 1.000 >
2021-12-12 12:17:47 [12/12/21 12:17:47    0.28s]: 18941   0          0          0          28303      582137073  0          0.00e+00   0.00e+00   2.83e+04   0.35       < 0.000 1.000 >
2021-12-12 12:17:48 [12/12/21 12:17:48    0.28s]: 19344   0          0          0          28303      583661524  0          0.00e+00   0.00e+00   2.83e+04   0.35       < 0.000 1.000 >
2021-12-12 12:17:48 [12/12/21 12:17:48    0.28s]: 19747   0          0          0          28303      585082938  0          0.00e+00   0.00e+00   2.83e+04   0.35       < 0.000 1.000 >
2021-12-12 12:17:48 [12/12/21 12:17:48    0.28s]: 20150   0          0          0          28303      586408287  0          0.00e+00   0.00e+00   2.83e+04   0.35       < 0.000 1.000 >
2021-12-12 12:17:48 [12/12/21 12:17:48    0.01s]: 20159   0          0          0          28303      586436847  0          0.00e+00   0.00e+00   2.83e+04   0.35       < 0.000 1.000 >
2021-12-12 12:17:48  ---  main.cpp:generate tcells took  avg 0.00 s max 0.00 s balance 0.85  --- 
2021-12-12 12:17:48  ---  main.cpp:update circulating tcells took  avg 1.75 s max 1.85 s balance 0.95  --- 
2021-12-12 12:17:48  ---  main.cpp:update tcells took  avg 15.98 s max 17.36 s balance 0.92  --- 
2021-12-12 12:17:48  ---  main.cpp:update epicells took  avg 2.32 s max 2.39 s balance 0.97  --- 
2021-12-12 12:17:48  ---  main.cpp:update concentrations took  avg 12.30 s max 13.75 s balance 0.89  --- 
2021-12-12 12:17:48  ---  main.cpp:compute updates took  avg 151.78 s max 151.88 s balance 1.00  --- 
2021-12-12 12:17:48  ---  main.cpp:dispatch updates took  avg 91.13 s max 99.75 s balance 0.91  --- 
2021-12-12 12:17:48  ---  main.cpp:add new actives took  avg 1.95 s max 1.98 s balance 0.98  --- 
2021-12-12 12:17:48  ---  main.cpp:erase inactive took  avg 6.23 s max 6.95 s balance 0.90  --- 
2021-12-12 12:17:48  ---  main.cpp:sample took  avg 0.00 s max 0.00 s balance -nan  --- 
2021-12-12 12:17:48  ---  main.cpp:sample write took  avg 0.00 s max 0.00 s balance -nan  --- 
2021-12-12 12:17:48  ---  main.cpp:log took  avg 4.29 s max 4.68 s balance 0.92  --- 
2021-12-12 12:17:48 Finished 20160 time steps in 312.1550 s (0.0155 s per step)
2021-12-12 12:17:48  --- Elapsed time for main.cpp:run_sim:  (exiting barrier) 2021-12-12 12:17:48 ...
2021-12-12 12:17:48           ... (min/my/avg/max, bal) (312.15/312.16/312.15/312.16 s, 1.00) barrier(0.00 s) --- 
2021-12-12 12:17:48 Peak memory used across all nodes: 824.89MB
2021-12-12 12:17:48 Finished in 314.76 s at 12/12/21 12:17:48 for SimCov version 0.1.1
