2021-12-12 14:24:42 SimCov version SimCov version 0.1.1- built on 20211127_074920
2021-12-12 14:24:42 _________________________
2021-12-12 14:24:42 Compiler definitions:
2021-12-12 14:24:42   _XOPEN_SOURCE=700
2021-12-12 14:24:42   CONFIG_USE_COLORS
2021-12-12 14:24:42   USE_BYTELL
2021-12-12 14:24:42   MAX_VIRIONS=125000
2021-12-12 14:24:42   MIN_VIRIONS=1e-10
2021-12-12 14:24:42   BLOCK_PARTITION
2021-12-12 14:24:42   MIN_BLOCKS_PER_PROC=1
2021-12-12 14:24:42   AVERAGE_SUBSAMPLE
2021-12-12 14:24:42 _________________________
2021-12-12 14:24:42 Options:
2021-12-12 14:24:42   dim =                         2828 2828 1
2021-12-12 14:24:42   whole-lung-dim =              48000 40000 20000
2021-12-12 14:24:42   timesteps =                   20160
2021-12-12 14:24:42   infection-coords =            uniform:1
2021-12-12 14:24:42   initial-infection =           1000
2021-12-12 14:24:42   incubation-period =           480
2021-12-12 14:24:42   apoptosis-period =            180
2021-12-12 14:24:42   expressing-period =           900
2021-12-12 14:24:42   infectivity =                 0.001
2021-12-12 14:24:42   virion-production =           1.1
2021-12-12 14:24:42   virion-clearance =            0.004
2021-12-12 14:24:42   virion-diffusion =            0.15
2021-12-12 14:24:42   chemokine-production =        1.0
2021-12-12 14:24:42   chemokine-decay =             0.01
2021-12-12 14:24:42   chemokine-diffusion =         1.0
2021-12-12 14:24:42   min-chemokine =               1e-6
2021-12-12 14:24:42   antibody-factor =             1.25
2021-12-12 14:24:42   antibody-period =             4320
2021-12-12 14:24:42   tcell-generation-rate =       105000
2021-12-12 14:24:42   tcell-initial-delay =         0
2021-12-12 14:24:42   tcell-vascular-period =       5760
2021-12-12 14:24:42   tcell-tissue-period =         1440
2021-12-12 14:24:42   tcell-binding-period =        10
2021-12-12 14:24:42   max-binding-prob =            1
2021-12-12 14:24:42   tcells-follow-gradient =      false
2021-12-12 14:24:42   seed =                        29
2021-12-12 14:24:42   sample-period =               0
2021-12-12 14:24:42   sample-resolution =           1
2021-12-12 14:24:42   max-block-dim =               10
2021-12-12 14:24:42   output =                      reinfect-1-25
2021-12-12 14:24:42 _________________________
2021-12-12 14:24:42 Starting run with 24 processes on 1 node at 12/12/21 14:24:42
2021-12-12 14:24:42 Pinned processes, with process 0 (pid 3687) pinned to core 0
2021-12-12 14:24:42 Using block partitioning
2021-12-12 14:24:42 Initial free memory across all nodes: 45.71GB
2021-12-12 14:24:42 Starting with 45.71GB free on node 0
2021-12-12 14:24:42 Dividing 7997584 grid points into 163216 squares of size 49 (7^2), with 6801 per process
2021-12-12 14:24:42 Total initial memory required per process is at least 26.70MB with each grid point requiring on average 84 bytes
2021-12-12 14:24:44  --- Elapsed time for tissue.cpp:Tissue:  (exiting barrier) 2021-12-12 14:24:44 ...
2021-12-12 14:24:44           ... (min/my/avg/max, bal) (1.91/1.94/1.93/1.94 s, 0.99) barrier(0.00 s) --- 
2021-12-12 14:24:44 Memory used on node 0 after initialization is  794.06MB
2021-12-12 14:24:44           ... (min/my/avg/max, bal) No-Time barrier(0.00 s) --- 
2021-12-12 14:24:44 Fraction of circulating T cells extravasating is 2.0827e-07
2021-12-12 14:24:44 # datetime                    step    incb       expr       apop       dead       tvas       ttis       chem       virs       chempts    %infct     <%active  lbln>
2021-12-12 14:24:44 Time step 0: SUCCESSFUL initial infection at (1414, 1414, 0) after 0 tries
2021-12-12 14:24:44 [12/12/21 14:24:44    0.01s]: 0       1          0          0          0          0          0          0.00e+00   0.00e+00   1.00e+00   0.00       < 0.000 0.042 >
2021-12-12 14:24:44 [0] <main.cpp:164> WARNING: rem 0 local num 4375

2021-12-12 14:24:44 [12/12/21 14:24:44    0.57s]: 403     120        0          0          0          40865074   0          0.00e+00   1.99e+02   1.20e+02   0.00       < 0.068 0.826 >
2021-12-12 14:24:46 [12/12/21 14:24:46    1.26s]: 806     294        106        0          0          78968380   1          7.10e-05   1.45e+04   1.02e+04   0.01       < 0.127 0.875 >
2021-12-12 14:24:48 [12/12/21 14:24:48    2.10s]: 1209    700        302        17         4          114496654  16         1.27e-04   4.38e+04   1.57e+04   0.01       < 0.196 0.923 >
2021-12-12 14:24:50 [12/12/21 14:24:50    2.60s]: 1612    867        695        85         185        147623978  43         2.43e-04   1.36e+05   1.87e+04   0.02       < 0.234 0.924 >
2021-12-12 14:24:53 [12/12/21 14:24:53    3.14s]: 2015    1168       978        240        575        178512560  65         3.65e-04   2.37e+05   2.22e+04   0.04       < 0.278 0.954 >
2021-12-12 14:24:57 [12/12/21 14:24:57    3.78s]: 2418    1293       934        444        1517       207313662  109        4.79e-04   3.09e+05   2.56e+04   0.05       < 0.320 0.921 >
2021-12-12 14:25:01 [12/12/21 14:25:01    4.28s]: 2821    1332       1064       704        2636       234168466  147        6.01e-04   3.47e+05   2.93e+04   0.07       < 0.366 0.937 >
2021-12-12 14:25:06 [12/12/21 14:25:06    5.06s]: 3224    1498       841        706        4388       259208311  206        6.67e-04   3.40e+05   3.35e+04   0.09       < 0.419 0.942 >
2021-12-12 14:25:12 [12/12/21 14:25:12    5.76s]: 3627    1587       895        639        6151       282555985  286        7.26e-04   3.22e+05   3.72e+04   0.12       < 0.465 0.952 >
2021-12-12 14:25:19 [12/12/21 14:25:19    6.44s]: 4030    1530       844        873        7970       304325848  349        7.40e-04   3.16e+05   4.14e+04   0.14       < 0.519 0.939 >
2021-12-12 14:25:26 [12/12/21 14:25:26    7.44s]: 4433    1664       542        1002       10170      324624530  437        8.11e-04   2.69e+05   4.55e+04   0.17       < 0.569 0.941 >
2021-12-12 14:25:34 [12/12/21 14:25:34    8.18s]: 4836    1424       368        1121       12482      343551331  538        7.84e-04   1.83e+05   5.00e+04   0.19       < 0.625 0.969 >
2021-12-12 14:25:43 [12/12/21 14:25:43    8.95s]: 5239    1441       226        944        14833      361199073  609        6.97e-04   1.30e+05   5.38e+04   0.22       < 0.673 0.947 >
2021-12-12 14:25:53 [12/12/21 14:25:53    9.80s]: 5642    1332       280        817        16965      377654225  676        6.17e-04   9.13e+04   5.73e+04   0.24       < 0.717 0.958 >
2021-12-12 14:26:04 [12/12/21 14:26:04   10.57s]: 6045    1196       247        948        18993      392997231  772        5.46e-04   9.26e+04   6.10e+04   0.27       < 0.763 0.968 >
2021-12-12 14:26:15 [12/12/21 14:26:15   11.33s]: 6448    1030       229        911        21043      407303410  825        5.03e-04   8.79e+04   6.42e+04   0.29       < 0.803 0.961 >
2021-12-12 14:26:27 [12/12/21 14:26:27   12.12s]: 6851    858        146        829        23011      420642716  922        4.62e-04   7.20e+04   6.72e+04   0.31       < 0.842 0.974 >
2021-12-12 14:26:40 [12/12/21 14:26:40   12.65s]: 7254    751        77         711        24805      433080585  957        3.41e-04   4.68e+04   7.00e+04   0.33       < 0.880 0.973 >
2021-12-12 14:26:53 [12/12/21 14:26:53   13.25s]: 7657    516        56         524        26315      444677851  1004       2.44e-04   2.62e+04   7.14e+04   0.34       < 0.901 0.973 >
2021-12-12 14:27:07 [12/12/21 14:27:07   13.63s]: 8060    491        33         545        27470      455491375  1049       2.29e-04   2.03e+04   7.17e+04   0.36       < 0.932 0.962 >
2021-12-12 14:27:21 [12/12/21 14:27:21   14.04s]: 8463    481        24         439        28553      465574117  1120       1.93e-04   1.25e+04   6.93e+04   0.37       < 0.967 0.965 >
2021-12-12 14:27:35 [12/12/21 14:27:35   14.30s]: 8866    566        28         419        29547      474975528  1152       2.07e-04   1.29e+04   7.06e+04   0.38       < 0.999 0.965 >
2021-12-12 14:27:50 [12/12/21 14:27:50   14.62s]: 9269    411        42         412        30566      483741570  1143       1.60e-04   1.49e+04   7.09e+04   0.39       < 1.023 0.963 >
2021-12-12 14:28:04 [12/12/21 14:28:04   14.88s]: 9672    264        4          318        31498      491915169  1175       1.16e-04   1.32e+04   7.04e+04   0.40       < 1.042 0.963 >
2021-12-12 14:28:20 [12/12/21 14:28:20   15.06s]: 10075   125        2          194        32172      499536476  1169       3.69e-05   3.39e+03   6.94e+04   0.41       < 1.056 0.970 >
2021-12-12 14:28:35 [12/12/21 14:28:35   15.01s]: 10478   58         2          108        32534      506642737  1166       1.53e-05   1.01e+03   6.55e+04   0.41       < 1.064 0.977 >
2021-12-12 14:28:49 [12/12/21 14:28:49   14.26s]: 10881   38         0          40         32728      513268808  1043       1.12e-05   5.77e+02   5.33e+04   0.41       < 1.051 0.979 >
2021-12-12 14:29:02 [12/12/21 14:29:02   13.16s]: 11284   5          0          18         32816      519447167  848        1.88e-07   7.66e+01   5.12e+04   0.41       < 1.022 0.968 >
2021-12-12 14:29:14 [12/12/21 14:29:14   11.92s]: 11687   2          0          2          32842      525208055  608        7.22e-11   1.02e+01   3.29e+04   0.41       < 0.970 0.959 >
2021-12-12 14:29:24 [12/12/21 14:29:24   10.33s]: 12090   0          0          0          32846      530579788  330        0.00e+00   1.35e+00   3.28e+04   0.41       < 0.947 0.962 >
2021-12-12 14:29:34 [12/12/21 14:29:34    9.62s]: 12493   0          0          0          32846      535588439  160        0.00e+00   1.79e-01   3.28e+04   0.41       < 0.914 0.977 >
2021-12-12 14:29:43 [12/12/21 14:29:43    8.82s]: 12896   0          0          0          32846      540258667  21         0.00e+00   2.37e-02   3.28e+04   0.41       < 0.849 0.967 >
2021-12-12 14:29:50 [12/12/21 14:29:50    7.84s]: 13299   0          0          0          32846      544613225  0          0.00e+00   3.14e-03   3.28e+04   0.41       < 0.736 0.949 >
2021-12-12 14:29:57 [12/12/21 14:29:57    6.54s]: 13702   0          0          0          32846      548673524  0          0.00e+00   4.14e-04   3.28e+04   0.41       < 0.568 0.935 >
2021-12-12 14:30:02 [12/12/21 14:30:02    4.53s]: 14105   0          0          0          32846      552459443  0          0.00e+00   5.26e-05   3.28e+04   0.41       < 0.332 0.898 >
2021-12-12 14:30:04 [12/12/21 14:30:04    2.38s]: 14508   0          0          0          32846      555989500  0          0.00e+00   5.41e-06   3.28e+04   0.41       < 0.132 0.878 >
2021-12-12 14:30:05 [12/12/21 14:30:05    0.90s]: 14911   0          0          0          32846      559280967  0          0.00e+00   5.57e-08   3.28e+04   0.41       < 0.005 0.307 >
2021-12-12 14:30:05 [12/12/21 14:30:05    0.29s]: 15314   0          0          0          32846      562349970  0          0.00e+00   0.00e+00   3.28e+04   0.41       < 0.000 1.000 >
2021-12-12 14:30:05 [12/12/21 14:30:05    0.28s]: 15717   0          0          0          32846      565211639  0          0.00e+00   0.00e+00   3.28e+04   0.41       < 0.000 1.000 >
2021-12-12 14:30:06 [12/12/21 14:30:06    0.28s]: 16120   0          0          0          32846      567879938  0          0.00e+00   0.00e+00   3.28e+04   0.41       < 0.000 1.000 >
2021-12-12 14:30:06 [12/12/21 14:30:06    0.28s]: 16523   0          0          0          32846      570367855  0          0.00e+00   0.00e+00   3.28e+04   0.41       < 0.000 1.000 >
2021-12-12 14:30:06 [12/12/21 14:30:06    0.28s]: 16926   0          0          0          32846      572687710  0          0.00e+00   0.00e+00   3.28e+04   0.41       < 0.000 1.000 >
2021-12-12 14:30:07 [12/12/21 14:30:07    0.28s]: 17329   0          0          0          32846      574850780  0          0.00e+00   0.00e+00   3.28e+04   0.41       < 0.000 1.000 >
2021-12-12 14:30:07 [12/12/21 14:30:07    0.28s]: 17732   0          0          0          32846      576867617  0          0.00e+00   0.00e+00   3.28e+04   0.41       < 0.000 1.000 >
2021-12-12 14:30:07 [12/12/21 14:30:07    0.28s]: 18135   0          0          0          32846      578748108  0          0.00e+00   0.00e+00   3.28e+04   0.41       < 0.000 1.000 >
2021-12-12 14:30:07 [12/12/21 14:30:07    0.28s]: 18538   0          0          0          32846      580501587  0          0.00e+00   0.00e+00   3.28e+04   0.41       < 0.000 1.000 >
2021-12-12 14:30:08 [12/12/21 14:30:08    0.29s]: 18941   0          0          0          32846      582136566  0          0.00e+00   0.00e+00   3.28e+04   0.41       < 0.000 1.000 >
2021-12-12 14:30:08 [12/12/21 14:30:08    0.28s]: 19344   0          0          0          32846      583661058  0          0.00e+00   0.00e+00   3.28e+04   0.41       < 0.000 1.000 >
2021-12-12 14:30:08 [12/12/21 14:30:08    0.28s]: 19747   0          0          0          32846      585082454  0          0.00e+00   0.00e+00   3.28e+04   0.41       < 0.000 1.000 >
2021-12-12 14:30:09 [12/12/21 14:30:09    0.31s]: 20150   0          0          0          32846      586407895  0          0.00e+00   0.00e+00   3.28e+04   0.41       < 0.000 1.000 >
2021-12-12 14:30:09 [12/12/21 14:30:09    0.01s]: 20159   0          0          0          32846      586436449  0          0.00e+00   0.00e+00   3.28e+04   0.41       < 0.000 1.000 >
2021-12-12 14:30:09  ---  main.cpp:generate tcells took  avg 0.00 s max 0.00 s balance 0.88  --- 
2021-12-12 14:30:09  ---  main.cpp:update circulating tcells took  avg 1.88 s max 1.99 s balance 0.95  --- 
2021-12-12 14:30:09  ---  main.cpp:update tcells took  avg 19.54 s max 19.99 s balance 0.98  --- 
2021-12-12 14:30:09  ---  main.cpp:update epicells took  avg 3.01 s max 3.04 s balance 0.99  --- 
2021-12-12 14:30:09  ---  main.cpp:update concentrations took  avg 16.29 s max 16.45 s balance 0.99  --- 
2021-12-12 14:30:09  ---  main.cpp:compute updates took  avg 159.83 s max 159.94 s balance 1.00  --- 
2021-12-12 14:30:09  ---  main.cpp:dispatch updates took  avg 114.30 s max 118.80 s balance 0.96  --- 
2021-12-12 14:30:09  ---  main.cpp:add new actives took  avg 2.53 s max 2.57 s balance 0.98  --- 
2021-12-12 14:30:09  ---  main.cpp:erase inactive took  avg 8.22 s max 8.41 s balance 0.98  --- 
2021-12-12 14:30:09  ---  main.cpp:sample took  avg 0.00 s max 0.00 s balance -nan  --- 
2021-12-12 14:30:09  ---  main.cpp:sample write took  avg 0.00 s max 0.00 s balance -nan  --- 
2021-12-12 14:30:09  ---  main.cpp:log took  avg 3.01 s max 3.45 s balance 0.87  --- 
2021-12-12 14:30:09 Finished 20160 time steps in 324.8324 s (0.0161 s per step)
2021-12-12 14:30:09  --- Elapsed time for main.cpp:run_sim:  (exiting barrier) 2021-12-12 14:30:09 ...
2021-12-12 14:30:09           ... (min/my/avg/max, bal) (324.83/324.83/324.83/324.83 s, 1.00) barrier(0.00 s) --- 
2021-12-12 14:30:09 Peak memory used across all nodes: 825.73MB
2021-12-12 14:30:09 Finished in 327.26 s at 12/12/21 14:30:09 for SimCov version 0.1.1
