2021-12-12 12:12:01 SimCov version SimCov version 0.1.1- built on 20211127_074920
2021-12-12 12:12:01 _________________________
2021-12-12 12:12:01 Compiler definitions:
2021-12-12 12:12:01   _XOPEN_SOURCE=700
2021-12-12 12:12:01   CONFIG_USE_COLORS
2021-12-12 12:12:01   USE_BYTELL
2021-12-12 12:12:01   MAX_VIRIONS=125000
2021-12-12 12:12:01   MIN_VIRIONS=1e-10
2021-12-12 12:12:01   BLOCK_PARTITION
2021-12-12 12:12:01   MIN_BLOCKS_PER_PROC=1
2021-12-12 12:12:01   AVERAGE_SUBSAMPLE
2021-12-12 12:12:01 _________________________
2021-12-12 12:12:01 Options:
2021-12-12 12:12:01   dim =                         2828 2828 1
2021-12-12 12:12:01   whole-lung-dim =              48000 40000 20000
2021-12-12 12:12:01   timesteps =                   20160
2021-12-12 12:12:01   infection-coords =            uniform:1
2021-12-12 12:12:01   initial-infection =           1000
2021-12-12 12:12:01   incubation-period =           480
2021-12-12 12:12:01   apoptosis-period =            180
2021-12-12 12:12:01   expressing-period =           900
2021-12-12 12:12:01   infectivity =                 0.001
2021-12-12 12:12:01   virion-production =           1.1
2021-12-12 12:12:01   virion-clearance =            0.004
2021-12-12 12:12:01   virion-diffusion =            0.15
2021-12-12 12:12:01   chemokine-production =        1.0
2021-12-12 12:12:01   chemokine-decay =             0.01
2021-12-12 12:12:01   chemokine-diffusion =         1.0
2021-12-12 12:12:01   min-chemokine =               1e-6
2021-12-12 12:12:01   antibody-factor =             1.5
2021-12-12 12:12:01   antibody-period =             4320
2021-12-12 12:12:01   tcell-generation-rate =       105000
2021-12-12 12:12:01   tcell-initial-delay =         0
2021-12-12 12:12:01   tcell-vascular-period =       5760
2021-12-12 12:12:01   tcell-tissue-period =         1440
2021-12-12 12:12:01   tcell-binding-period =        10
2021-12-12 12:12:01   max-binding-prob =            1
2021-12-12 12:12:01   tcells-follow-gradient =      false
2021-12-12 12:12:01   seed =                        29
2021-12-12 12:12:01   sample-period =               0
2021-12-12 12:12:01   sample-resolution =           1
2021-12-12 12:12:01   max-block-dim =               10
2021-12-12 12:12:01   output =                      reinfect-1-25
2021-12-12 12:12:01 _________________________
2021-12-12 12:12:01 Starting run with 24 processes on 1 node at 12/12/21 12:12:01
2021-12-12 12:12:01 Pinned processes, with process 0 (pid 23414) pinned to core 0
2021-12-12 12:12:01 Using block partitioning
2021-12-12 12:12:01 Initial free memory across all nodes: 45.45GB
2021-12-12 12:12:01 Starting with 45.45GB free on node 0
2021-12-12 12:12:01 Dividing 7997584 grid points into 163216 squares of size 49 (7^2), with 6801 per process
2021-12-12 12:12:01 Total initial memory required per process is at least 26.70MB with each grid point requiring on average 84 bytes
2021-12-12 12:12:03  --- Elapsed time for tissue.cpp:Tissue:  (exiting barrier) 2021-12-12 12:12:03 ...
2021-12-12 12:12:03           ... (min/my/avg/max, bal) (2.34/2.37/2.35/2.37 s, 0.99) barrier(0.00 s) --- 
2021-12-12 12:12:03 Memory used on node 0 after initialization is  794.20MB
2021-12-12 12:12:03           ... (min/my/avg/max, bal) No-Time barrier(0.00 s) --- 
2021-12-12 12:12:03 Fraction of circulating T cells extravasating is 2.0827e-07
2021-12-12 12:12:03 # datetime                    step    incb       expr       apop       dead       tvas       ttis       chem       virs       chempts    %infct     <%active  lbln>
2021-12-12 12:12:03 Time step 0: SUCCESSFUL initial infection at (1414, 1414, 0) after 0 tries
2021-12-12 12:12:03 [12/12/21 12:12:03    0.01s]: 0       1          0          0          0          0          0          0.00e+00   0.00e+00   1.00e+00   0.00       < 0.000 0.042 >
2021-12-12 12:12:03 [0] <main.cpp:164> WARNING: rem 0 local num 4375

2021-12-12 12:12:04 [12/12/21 12:12:04    0.63s]: 403     122        0          0          0          40865005   0          0.00e+00   1.99e+02   1.22e+02   0.00       < 0.068 0.826 >
2021-12-12 12:12:05 [12/12/21 12:12:05    1.26s]: 806     329        110        0          0          78968333   4          7.83e-05   1.54e+04   1.05e+04   0.01       < 0.131 0.887 >
2021-12-12 12:12:07 [12/12/21 12:12:07    2.09s]: 1209    633        312        39         6          114496598  13         1.19e-04   4.58e+04   1.57e+04   0.01       < 0.197 0.902 >
2021-12-12 12:12:10 [12/12/21 12:12:10    2.56s]: 1612    799        636        118        215        147623910  29         2.32e-04   1.37e+05   1.89e+04   0.02       < 0.236 0.925 >
2021-12-12 12:12:13 [12/12/21 12:12:13    3.09s]: 2015    1129       816        248        654        178512535  71         3.55e-04   2.13e+05   2.21e+04   0.04       < 0.276 0.959 >
2021-12-12 12:12:17 [12/12/21 12:12:17    3.71s]: 2418    1301       945        364        1585       207313707  108        4.57e-04   2.77e+05   2.61e+04   0.05       < 0.327 0.900 >
2021-12-12 12:12:21 [12/12/21 12:12:21    4.52s]: 2821    1431       1046       571        2743       234168457  160        6.19e-04   3.18e+05   2.98e+04   0.07       < 0.372 0.938 >
2021-12-12 12:12:27 [12/12/21 12:12:27    5.45s]: 3224    1447       893        718        4460       259208356  228        6.93e-04   3.29e+05   3.40e+04   0.09       < 0.425 0.943 >
2021-12-12 12:12:32 [12/12/21 12:12:32    5.79s]: 3627    1591       775        756        6256       282556087  284        7.39e-04   3.08e+05   3.78e+04   0.12       < 0.473 0.937 >
2021-12-12 12:12:39 [12/12/21 12:12:39    6.55s]: 4030    1619       667        1034       8068       304325944  357        7.56e-04   3.00e+05   4.17e+04   0.14       < 0.522 0.934 >
2021-12-12 12:12:49 [12/12/21 12:12:49    9.62s]: 4433    1487       484        1006       10455      324624618  432        7.23e-04   2.16e+05   4.60e+04   0.17       < 0.576 0.953 >
2021-12-12 12:12:59 [12/12/21 12:12:59   10.78s]: 4836    1329       296        999        12610      343551455  519        7.39e-04   1.37e+05   4.97e+04   0.19       < 0.621 0.959 >
2021-12-12 12:13:11 [12/12/21 12:13:11   11.85s]: 5239    1275       153        1014       14773      361199264  582        6.19e-04   8.62e+04   5.42e+04   0.22       < 0.679 0.963 >
2021-12-12 12:13:21 [12/12/21 12:13:21    9.95s]: 5642    1123       184        809        16807      377654359  661        5.42e-04   6.00e+04   5.74e+04   0.24       < 0.719 0.961 >
2021-12-12 12:13:32 [12/12/21 12:13:32   10.53s]: 6045    1146       253        843        18532      392997429  709        5.30e-04   6.26e+04   6.09e+04   0.26       < 0.762 0.961 >
2021-12-12 12:13:43 [12/12/21 12:13:43   11.09s]: 6448    790        160        835        20564      407303644  766        4.67e-04   6.35e+04   6.35e+04   0.28       < 0.796 0.966 >
2021-12-12 12:13:54 [12/12/21 12:13:54   11.61s]: 6851    607        50         601        22270      420643004  839        3.43e-04   3.36e+04   6.54e+04   0.29       < 0.822 0.968 >
2021-12-12 12:14:07 [12/12/21 12:14:07   12.15s]: 7254    538        42         502        23530      433080911  933        2.45e-04   1.64e+04   6.66e+04   0.31       < 0.845 0.966 >
2021-12-12 12:14:19 [12/12/21 12:14:19   12.61s]: 7657    448        31         385        24623      444678222  999        1.90e-04   1.19e+04   6.71e+04   0.32       < 0.867 0.970 >
2021-12-12 12:14:32 [12/12/21 12:14:32   13.13s]: 8060    383        37         336        25475      455491747  1067       1.74e-04   1.15e+04   6.81e+04   0.33       < 0.892 0.967 >
2021-12-12 12:14:45 [12/12/21 12:14:45   13.07s]: 8463    253        17         309        26194      465574577  1079       1.40e-04   1.40e+04   6.29e+04   0.33       < 0.900 0.967 >
2021-12-12 12:14:58 [12/12/21 12:14:58   12.85s]: 8866    146        10         201        26788      474976076  1030       8.60e-05   6.90e+03   5.62e+04   0.34       < 0.911 0.969 >
2021-12-12 12:15:10 [12/12/21 12:15:10   12.23s]: 9269    75         2          133        27193      483742177  942        4.24e-05   2.83e+03   4.92e+04   0.34       < 0.913 0.982 >
2021-12-12 12:15:22 [12/12/21 12:15:22   11.67s]: 9672    18         0          57         27443      491915931  828        5.90e-06   5.45e+02   4.72e+04   0.34       < 0.889 0.965 >
2021-12-12 12:15:33 [12/12/21 12:15:33   10.92s]: 10075   0          0          12         27532      499537408  643        9.83e-08   4.82e+01   3.89e+04   0.34       < 0.856 0.972 >
2021-12-12 12:15:42 [12/12/21 12:15:42    9.49s]: 10478   0          0          0          27546      506643840  473        7.90e-11   4.26e+00   2.76e+04   0.34       < 0.796 0.952 >
2021-12-12 12:15:50 [12/12/21 12:15:50    7.86s]: 10881   0          0          0          27546      513270095  280        0.00e+00   3.77e-01   2.75e+04   0.34       < 0.687 0.945 >
2021-12-12 12:15:57 [12/12/21 12:15:57    6.31s]: 11284   0          0          0          27546      519448491  117        0.00e+00   3.34e-02   2.75e+04   0.34       < 0.520 0.928 >
2021-12-12 12:16:01 [12/12/21 12:16:01    4.53s]: 11687   0          0          0          27546      525209413  13         0.00e+00   2.95e-03   2.75e+04   0.34       < 0.393 0.952 >
2021-12-12 12:16:05 [12/12/21 12:16:05    3.54s]: 12090   0          0          0          27546      530581044  0          0.00e+00   2.60e-04   2.75e+04   0.34       < 0.311 0.918 >
2021-12-12 12:16:07 [12/12/21 12:16:07    2.70s]: 12493   0          0          0          27546      535589625  0          0.00e+00   2.20e-05   2.75e+04   0.34       < 0.198 0.868 >
2021-12-12 12:16:09 [12/12/21 12:16:09    1.45s]: 12896   0          0          0          27546      540259727  0          0.00e+00   1.09e-06   2.75e+04   0.34       < 0.050 0.808 >
2021-12-12 12:16:09 [12/12/21 12:16:09    0.42s]: 13299   0          0          0          27546      544614234  0          0.00e+00   0.00e+00   2.75e+04   0.34       < 0.000 1.000 >
2021-12-12 12:16:10 [12/12/21 12:16:10    0.28s]: 13702   0          0          0          27546      548674463  0          0.00e+00   0.00e+00   2.75e+04   0.34       < 0.000 1.000 >
2021-12-12 12:16:10 [12/12/21 12:16:10    0.28s]: 14105   0          0          0          27546      552460320  0          0.00e+00   0.00e+00   2.75e+04   0.34       < 0.000 1.000 >
2021-12-12 12:16:10 [12/12/21 12:16:10    0.28s]: 14508   0          0          0          27546      555990280  0          0.00e+00   0.00e+00   2.75e+04   0.34       < 0.000 1.000 >
2021-12-12 12:16:10 [12/12/21 12:16:10    0.28s]: 14911   0          0          0          27546      559281700  0          0.00e+00   0.00e+00   2.75e+04   0.34       < 0.000 1.000 >
2021-12-12 12:16:11 [12/12/21 12:16:11    0.28s]: 15314   0          0          0          27546      562350768  0          0.00e+00   0.00e+00   2.75e+04   0.34       < 0.000 1.000 >
2021-12-12 12:16:11 [12/12/21 12:16:11    0.28s]: 15717   0          0          0          27546      565212380  0          0.00e+00   0.00e+00   2.75e+04   0.34       < 0.000 1.000 >
2021-12-12 12:16:11 [12/12/21 12:16:11    0.28s]: 16120   0          0          0          27546      567880546  0          0.00e+00   0.00e+00   2.75e+04   0.34       < 0.000 1.000 >
2021-12-12 12:16:12 [12/12/21 12:16:12    0.28s]: 16523   0          0          0          27546      570368488  0          0.00e+00   0.00e+00   2.75e+04   0.34       < 0.000 1.000 >
2021-12-12 12:16:12 [12/12/21 12:16:12    0.28s]: 16926   0          0          0          27546      572688285  0          0.00e+00   0.00e+00   2.75e+04   0.34       < 0.000 1.000 >
2021-12-12 12:16:12 [12/12/21 12:16:12    0.28s]: 17329   0          0          0          27546      574851197  0          0.00e+00   0.00e+00   2.75e+04   0.34       < 0.000 1.000 >
2021-12-12 12:16:12 [12/12/21 12:16:12    0.28s]: 17732   0          0          0          27546      576868035  0          0.00e+00   0.00e+00   2.75e+04   0.34       < 0.000 1.000 >
2021-12-12 12:16:13 [12/12/21 12:16:13    0.28s]: 18135   0          0          0          27546      578748579  0          0.00e+00   0.00e+00   2.75e+04   0.34       < 0.000 1.000 >
2021-12-12 12:16:13 [12/12/21 12:16:13    0.28s]: 18538   0          0          0          27546      580501992  0          0.00e+00   0.00e+00   2.75e+04   0.34       < 0.000 1.000 >
2021-12-12 12:16:13 [12/12/21 12:16:13    0.28s]: 18941   0          0          0          27546      582136939  0          0.00e+00   0.00e+00   2.75e+04   0.34       < 0.000 1.000 >
2021-12-12 12:16:13 [12/12/21 12:16:13    0.28s]: 19344   0          0          0          27546      583661431  0          0.00e+00   0.00e+00   2.75e+04   0.34       < 0.000 1.000 >
2021-12-12 12:16:14 [12/12/21 12:16:14    0.28s]: 19747   0          0          0          27546      585082871  0          0.00e+00   0.00e+00   2.75e+04   0.34       < 0.000 1.000 >
2021-12-12 12:16:14 [12/12/21 12:16:14    0.28s]: 20150   0          0          0          27546      586408234  0          0.00e+00   0.00e+00   2.75e+04   0.34       < 0.000 1.000 >
2021-12-12 12:16:14 [12/12/21 12:16:14    0.01s]: 20159   0          0          0          27546      586436795  0          0.00e+00   0.00e+00   2.75e+04   0.34       < 0.000 1.000 >
2021-12-12 12:16:14  ---  main.cpp:generate tcells took  avg 0.00 s max 0.00 s balance 0.87  --- 
2021-12-12 12:16:14  ---  main.cpp:update circulating tcells took  avg 1.73 s max 1.85 s balance 0.93  --- 
2021-12-12 12:16:14  ---  main.cpp:update tcells took  avg 14.55 s max 14.94 s balance 0.97  --- 
2021-12-12 12:16:14  ---  main.cpp:update epicells took  avg 2.26 s max 2.29 s balance 0.99  --- 
2021-12-12 12:16:14  ---  main.cpp:update concentrations took  avg 11.59 s max 11.83 s balance 0.98  --- 
2021-12-12 12:16:14  ---  main.cpp:compute updates took  avg 121.44 s max 121.57 s balance 1.00  --- 
2021-12-12 12:16:14  ---  main.cpp:dispatch updates took  avg 85.55 s max 89.67 s balance 0.95  --- 
2021-12-12 12:16:14  ---  main.cpp:add new actives took  avg 1.89 s max 1.95 s balance 0.97  --- 
2021-12-12 12:16:14  ---  main.cpp:erase inactive took  avg 5.93 s max 6.11 s balance 0.97  --- 
2021-12-12 12:16:14  ---  main.cpp:sample took  avg 0.00 s max 0.00 s balance -nan  --- 
2021-12-12 12:16:14  ---  main.cpp:sample write took  avg 0.00 s max 0.00 s balance -nan  --- 
2021-12-12 12:16:14  ---  main.cpp:log took  avg 2.88 s max 3.28 s balance 0.88  --- 
2021-12-12 12:16:14 Finished 20160 time steps in 250.7418 s (0.0124 s per step)
2021-12-12 12:16:14  --- Elapsed time for main.cpp:run_sim:  (exiting barrier) 2021-12-12 12:16:14 ...
2021-12-12 12:16:14           ... (min/my/avg/max, bal) (250.74/250.74/250.74/250.74 s, 1.00) barrier(0.00 s) --- 
2021-12-12 12:16:15 Peak memory used across all nodes: 822.49MB
2021-12-12 12:16:15 Finished in 253.69 s at 12/12/21 12:16:15 for SimCov version 0.1.1
