2021-12-12 12:05:38 SimCov version SimCov version 0.1.1- built on 20211127_074920
2021-12-12 12:05:38 _________________________
2021-12-12 12:05:38 Compiler definitions:
2021-12-12 12:05:38   _XOPEN_SOURCE=700
2021-12-12 12:05:38   CONFIG_USE_COLORS
2021-12-12 12:05:38   USE_BYTELL
2021-12-12 12:05:38   MAX_VIRIONS=125000
2021-12-12 12:05:38   MIN_VIRIONS=1e-10
2021-12-12 12:05:38   BLOCK_PARTITION
2021-12-12 12:05:38   MIN_BLOCKS_PER_PROC=1
2021-12-12 12:05:38   AVERAGE_SUBSAMPLE
2021-12-12 12:05:38 _________________________
2021-12-12 12:05:38 Options:
2021-12-12 12:05:38   dim =                         2828 2828 1
2021-12-12 12:05:38   whole-lung-dim =              48000 40000 20000
2021-12-12 12:05:38   timesteps =                   20160
2021-12-12 12:05:38   infection-coords =            uniform:1
2021-12-12 12:05:38   initial-infection =           1000
2021-12-12 12:05:38   incubation-period =           480
2021-12-12 12:05:38   apoptosis-period =            180
2021-12-12 12:05:38   expressing-period =           900
2021-12-12 12:05:38   infectivity =                 0.001
2021-12-12 12:05:38   virion-production =           1.1
2021-12-12 12:05:38   virion-clearance =            0.004
2021-12-12 12:05:38   virion-diffusion =            0.15
2021-12-12 12:05:38   chemokine-production =        1.0
2021-12-12 12:05:38   chemokine-decay =             0.01
2021-12-12 12:05:38   chemokine-diffusion =         1.0
2021-12-12 12:05:38   min-chemokine =               1e-6
2021-12-12 12:05:38   antibody-factor =             1.1
2021-12-12 12:05:38   antibody-period =             4320
2021-12-12 12:05:38   tcell-generation-rate =       105000
2021-12-12 12:05:38   tcell-initial-delay =         0
2021-12-12 12:05:38   tcell-vascular-period =       5760
2021-12-12 12:05:38   tcell-tissue-period =         1440
2021-12-12 12:05:38   tcell-binding-period =        10
2021-12-12 12:05:38   max-binding-prob =            1
2021-12-12 12:05:38   tcells-follow-gradient =      false
2021-12-12 12:05:38   seed =                        29
2021-12-12 12:05:38   sample-period =               5040
2021-12-12 12:05:38   sample-resolution =           1
2021-12-12 12:05:38   max-block-dim =               10
2021-12-12 12:05:38   output =                      reinfect-1-25
2021-12-12 12:05:38 _________________________
2021-12-12 12:05:38 Starting run with 24 processes on 1 node at 12/12/21 12:05:38
2021-12-12 12:05:38 Pinned processes, with process 0 (pid 22564) pinned to core 0
2021-12-12 12:05:38 Using block partitioning
2021-12-12 12:05:38 Initial free memory across all nodes: 45.45GB
2021-12-12 12:05:38 Starting with 45.45GB free on node 0
2021-12-12 12:05:38 Dividing 7997584 grid points into 163216 squares of size 49 (7^2), with 6801 per process
2021-12-12 12:05:38 Total initial memory required per process is at least 26.70MB with each grid point requiring on average 84 bytes
2021-12-12 12:05:40  --- Elapsed time for tissue.cpp:Tissue:  (exiting barrier) 2021-12-12 12:05:40 ...
2021-12-12 12:05:40           ... (min/my/avg/max, bal) (2.15/2.18/2.17/2.18 s, 0.99) barrier(0.00 s) --- 
2021-12-12 12:05:40 Memory used on node 0 after initialization is  795.14MB
2021-12-12 12:05:40           ... (min/my/avg/max, bal) No-Time barrier(0.00 s) --- 
2021-12-12 12:05:40 Fraction of circulating T cells extravasating is 2.0827e-07
2021-12-12 12:05:40 # datetime                    step    incb       expr       apop       dead       tvas       ttis       chem       virs       chempts    %infct     <%active  lbln>
2021-12-12 12:05:40 Time step 0: SUCCESSFUL initial infection at (1414, 1414, 0) after 0 tries
2021-12-12 12:05:40 [12/12/21 12:05:40    0.01s]: 0       1          0          0          0          0          0          0.00e+00   0.00e+00   1.00e+00   0.00       < 0.000 0.042 >
2021-12-12 12:05:47 Number of samples written 7997584
2021-12-12 12:05:48 [0] <main.cpp:164> WARNING: rem 0 local num 4375

2021-12-12 12:05:49 [12/12/21 12:05:49    8.37s]: 403     112        0          0          0          40864955   0          0.00e+00   1.99e+02   1.12e+02   0.00       < 0.068 0.826 >
2021-12-12 12:05:50 [12/12/21 12:05:50    1.23s]: 806     323        101        0          0          78968292   2          7.29e-05   1.44e+04   1.02e+04   0.01       < 0.127 0.871 >
2021-12-12 12:05:52 [12/12/21 12:05:52    2.05s]: 1209    656        309        16         6          114496581  14         1.21e-04   4.29e+04   1.56e+04   0.01       < 0.195 0.919 >
2021-12-12 12:05:55 [12/12/21 12:05:55    2.55s]: 1612    765        596        158        201        147623909  37         2.16e-04   1.35e+05   1.81e+04   0.02       < 0.226 0.915 >
2021-12-12 12:05:58 [12/12/21 12:05:58    3.02s]: 2015    967        712        350        721        178512410  71         3.26e-04   2.06e+05   2.15e+04   0.03       < 0.269 0.923 >
2021-12-12 12:06:02 [12/12/21 12:06:02    4.23s]: 2418    1069       772        403        1679       207313539  109        4.25e-04   2.38e+05   2.48e+04   0.05       < 0.311 0.941 >
2021-12-12 12:06:07 [12/12/21 12:06:07    5.55s]: 2821    1192       765        646        2735       234168330  150        5.37e-04   2.70e+05   2.85e+04   0.07       < 0.357 0.912 >
2021-12-12 12:06:12 [12/12/21 12:06:12    4.87s]: 3224    1263       517        641        4401       259208243  211        5.71e-04   2.47e+05   3.25e+04   0.09       < 0.407 0.953 >
2021-12-12 12:06:18 [12/12/21 12:06:18    5.56s]: 3627    1451       422        706        6022       282556003  273        6.05e-04   2.02e+05   3.62e+04   0.11       < 0.452 0.955 >
2021-12-12 12:06:26 [12/12/21 12:06:26    8.25s]: 4030    1521       402        807        7789       304325917  330        6.41e-04   1.83e+05   4.01e+04   0.13       < 0.502 0.929 >
2021-12-12 12:06:35 [12/12/21 12:06:35    9.35s]: 4433    1488       359        898        9763       324624561  409        6.23e-04   1.71e+05   4.45e+04   0.16       < 0.556 0.967 >
2021-12-12 12:06:43 [12/12/21 12:06:43    7.77s]: 4836    1375       396        955        11712      343551412  476        7.04e-04   1.62e+05   4.79e+04   0.18       < 0.599 0.962 >
2021-12-12 12:06:53 Number of samples written 7997584
2021-12-12 12:06:59 [12/12/21 12:06:59   15.88s]: 5239    1482       256        986        13949      361199138  562        6.40e-04   1.37e+05   5.26e+04   0.21       < 0.658 0.957 >
2021-12-12 12:07:09 [12/12/21 12:07:09    9.89s]: 5642    1392       240        881        16189      377654260  640        6.18e-04   1.12e+05   5.60e+04   0.23       < 0.700 0.964 >
2021-12-12 12:07:20 [12/12/21 12:07:20   10.67s]: 6045    1301       243        1074       18323      392997310  764        5.92e-04   1.03e+05   6.04e+04   0.26       < 0.756 0.960 >
2021-12-12 12:07:31 [12/12/21 12:07:31   11.65s]: 6448    1071       151        974        20662      407303417  837        4.87e-04   8.86e+04   6.37e+04   0.29       < 0.797 0.973 >
2021-12-12 12:07:47 [12/12/21 12:07:47   15.81s]: 6851    902        71         840        22664      420642747  924        4.29e-04   6.09e+04   6.63e+04   0.31       < 0.830 0.969 >
2021-12-12 12:08:01 [12/12/21 12:08:01   13.49s]: 7254    823        56         777        24487      433080557  997        3.18e-04   3.91e+04   6.96e+04   0.33       < 0.873 0.964 >
2021-12-12 12:08:14 [12/12/21 12:08:14   13.87s]: 7657    659        29         702        26191      444677788  1048       2.66e-04   2.66e+04   7.23e+04   0.34       < 0.915 0.963 >
2021-12-12 12:08:29 [12/12/21 12:08:29   14.70s]: 8060    514        26         533        27667      455491265  1148       1.83e-04   1.64e+04   7.42e+04   0.36       < 0.949 0.967 >
2021-12-12 12:08:44 [12/12/21 12:08:44   15.13s]: 8463    387        17         458        28834      465574019  1230       1.61e-04   1.21e+04   7.58e+04   0.37       < 0.985 0.970 >
2021-12-12 12:09:00 [12/12/21 12:09:00   15.47s]: 8866    289        5          366        29818      474975438  1283       9.58e-05   6.96e+03   7.54e+04   0.38       < 1.013 0.975 >
2021-12-12 12:09:15 [12/12/21 12:09:15   15.65s]: 9269    158        2          249        30579      483741402  1302       5.34e-05   3.80e+03   7.30e+04   0.39       < 1.047 0.982 >
