2021-12-12 16:17:22 SimCov version SimCov version 0.1.1- built on 20211127_074920
2021-12-12 16:17:22 _________________________
2021-12-12 16:17:22 Compiler definitions:
2021-12-12 16:17:22   _XOPEN_SOURCE=700
2021-12-12 16:17:22   CONFIG_USE_COLORS
2021-12-12 16:17:22   USE_BYTELL
2021-12-12 16:17:22   MAX_VIRIONS=125000
2021-12-12 16:17:22   MIN_VIRIONS=1e-10
2021-12-12 16:17:22   BLOCK_PARTITION
2021-12-12 16:17:22   MIN_BLOCKS_PER_PROC=1
2021-12-12 16:17:22   AVERAGE_SUBSAMPLE
2021-12-12 16:17:22 _________________________
2021-12-12 16:17:22 Options:
2021-12-12 16:17:22   dim =                         2828 2828 1
2021-12-12 16:17:22   whole-lung-dim =              48000 40000 20000
2021-12-12 16:17:22   timesteps =                   20160
2021-12-12 16:17:22   infection-coords =            uniform:1
2021-12-12 16:17:22   initial-infection =           1000
2021-12-12 16:17:22   incubation-period =           480
2021-12-12 16:17:22   apoptosis-period =            180
2021-12-12 16:17:22   expressing-period =           900
2021-12-12 16:17:22   infectivity =                 0.001
2021-12-12 16:17:22   virion-production =           1.1
2021-12-12 16:17:22   virion-clearance =            0.004
2021-12-12 16:17:22   virion-diffusion =            0.15
2021-12-12 16:17:22   chemokine-production =        1.0
2021-12-12 16:17:22   chemokine-decay =             0.01
2021-12-12 16:17:22   chemokine-diffusion =         1.0
2021-12-12 16:17:22   min-chemokine =               1e-6
2021-12-12 16:17:22   antibody-factor =             1.6
2021-12-12 16:17:22   antibody-period =             4320
2021-12-12 16:17:22   tcell-generation-rate =       105000
2021-12-12 16:17:22   tcell-initial-delay =         0
2021-12-12 16:17:22   tcell-vascular-period =       5760
2021-12-12 16:17:22   tcell-tissue-period =         1440
2021-12-12 16:17:22   tcell-binding-period =        10
2021-12-12 16:17:22   max-binding-prob =            1
2021-12-12 16:17:22   tcells-follow-gradient =      false
2021-12-12 16:17:22   seed =                        29
2021-12-12 16:17:22   sample-period =               0
2021-12-12 16:17:22   sample-resolution =           1
2021-12-12 16:17:22   max-block-dim =               10
2021-12-12 16:17:22   output =                      reinfect-1-6
2021-12-12 16:17:22 _________________________
2021-12-12 16:17:22 Starting run with 24 processes on 1 node at 12/12/21 16:17:22
2021-12-12 16:17:22 Pinned processes, with process 0 (pid 25547) pinned to core 0
2021-12-12 16:17:22 Using block partitioning
2021-12-12 16:17:22 Initial free memory across all nodes: 45.34GB
2021-12-12 16:17:22 Starting with 45.34GB free on node 0
2021-12-12 16:17:22 Dividing 7997584 grid points into 163216 squares of size 49 (7^2), with 6801 per process
2021-12-12 16:17:22 Total initial memory required per process is at least 26.70MB with each grid point requiring on average 84 bytes
2021-12-12 16:17:24  --- Elapsed time for tissue.cpp:Tissue:  (exiting barrier) 2021-12-12 16:17:24 ...
2021-12-12 16:17:24           ... (min/my/avg/max, bal) (2.23/2.27/2.25/2.27 s, 0.99) barrier(0.01 s) --- 
2021-12-12 16:17:24 Memory used on node 0 after initialization is  794.34MB
2021-12-12 16:17:24           ... (min/my/avg/max, bal) No-Time barrier(0.00 s) --- 
2021-12-12 16:17:24 Fraction of circulating T cells extravasating is 2.0827e-07
2021-12-12 16:17:24 # datetime                    step    incb       expr       apop       dead       tvas       ttis       chem       virs       chempts    %infct     <%active  lbln>
2021-12-12 16:17:24 Time step 0: SUCCESSFUL initial infection at (1414, 1414, 0) after 0 tries
2021-12-12 16:17:24 [12/12/21 16:17:24    0.01s]: 0       1          0          0          0          0          0          0.00e+00   0.00e+00   1.00e+00   0.00       < 0.000 0.042 >
2021-12-12 16:17:24 [0] <main.cpp:164> WARNING: rem 0 local num 4375

2021-12-12 16:17:25 [12/12/21 16:17:25    0.69s]: 403     115        0          0          0          40864959   0          0.00e+00   1.99e+02   1.15e+02   0.00       < 0.068 0.826 >
2021-12-12 16:17:26 [12/12/21 16:17:26    1.68s]: 806     313        105        3          0          78968311   4          7.73e-05   1.42e+04   1.02e+04   0.01       < 0.128 0.877 >
2021-12-12 16:17:29 [12/12/21 16:17:29    2.68s]: 1209    591        303        36         37         114496671  13         1.13e-04   4.21e+04   1.58e+04   0.01       < 0.197 0.910 >
2021-12-12 16:17:31 [12/12/21 16:17:31    2.63s]: 1612    732        613        94         247        147623999  44         2.19e-04   1.28e+05   1.78e+04   0.02       < 0.223 0.922 >
2021-12-12 16:17:35 [12/12/21 16:17:35    3.99s]: 2015    897        707        342        696        178512563  89         3.10e-04   2.01e+05   2.15e+04   0.03       < 0.269 0.916 >
2021-12-12 16:17:40 [12/12/21 16:17:40    4.73s]: 2418    934        692        422        1726       207313649  127        3.97e-04   2.29e+05   2.44e+04   0.05       < 0.305 0.958 >
2021-12-12 16:17:46 [12/12/21 16:17:46    5.42s]: 2821    1019       518        588        2898       234168430  175        4.95e-04   2.19e+05   2.77e+04   0.06       < 0.346 0.913 >
2021-12-12 16:17:52 [12/12/21 16:17:52    6.26s]: 3224    1090       406        591        4328       259208348  194        5.34e-04   1.88e+05   3.12e+04   0.08       < 0.390 0.941 >
2021-12-12 16:17:59 [12/12/21 16:17:59    7.14s]: 3627    1291       401        559        5706       282556080  231        5.62e-04   1.63e+05   3.50e+04   0.10       < 0.438 0.938 >
2021-12-12 16:18:07 [12/12/21 16:18:07    7.93s]: 4030    1465       420        768        7171       304325990  294        5.98e-04   1.74e+05   3.85e+04   0.12       < 0.482 0.927 >
2021-12-12 16:18:16 [12/12/21 16:18:16    8.96s]: 4433    1504       410        830        9013       324624683  364        6.76e-04   1.39e+05   4.26e+04   0.15       < 0.534 0.958 >
2021-12-12 16:18:26 [12/12/21 16:18:26    9.93s]: 4836    1166       376        784        11090      343551526  449        6.86e-04   1.15e+05   4.67e+04   0.17       < 0.585 0.941 >
2021-12-12 16:18:34 [12/12/21 16:18:34    8.27s]: 5239    1018       221        814        12987      361199267  529        6.03e-04   8.42e+04   5.07e+04   0.19       < 0.634 0.958 >
2021-12-12 16:18:43 [12/12/21 16:18:43    8.97s]: 5642    837        98         732        14862      377654370  592        4.88e-04   5.11e+04   5.32e+04   0.21       < 0.666 0.979 >
2021-12-12 16:18:53 [12/12/21 16:18:53    9.63s]: 6045    622        61         662        16419      392997432  681        3.95e-04   2.99e+04   5.55e+04   0.22       < 0.694 0.966 >
2021-12-12 16:19:03 [12/12/21 16:19:03   10.17s]: 6448    573        41         497        17812      407303702  751        2.61e-04   1.55e+04   5.79e+04   0.24       < 0.725 0.959 >
2021-12-12 16:19:14 [12/12/21 16:19:14   10.95s]: 6851    508        47         486        18905      420642991  842        2.44e-04   1.52e+04   5.99e+04   0.25       < 0.750 0.953 >
2021-12-12 16:19:25 [12/12/21 16:19:25   11.32s]: 7254    376        23         423        19970      433080824  916        1.95e-04   1.22e+04   6.14e+04   0.26       < 0.770 0.957 >
2021-12-12 16:19:37 [12/12/21 16:19:37   11.76s]: 7657    281        12         331        20825      444678152  944        1.38e-04   7.44e+03   6.17e+04   0.27       < 0.789 0.947 >
2021-12-12 16:19:49 [12/12/21 16:19:49   12.02s]: 8060    170        17         209        21506      455491671  981        9.62e-05   5.48e+03   5.82e+04   0.27       < 0.787 0.944 >
2021-12-12 16:20:01 [12/12/21 16:20:01   11.97s]: 8463    130        19         156        21929      465574538  975        7.07e-05   4.64e+03   5.45e+04   0.28       < 0.800 0.947 >
2021-12-12 16:20:13 [12/12/21 16:20:13   11.65s]: 8866    84         3          126        22236      474975973  946        5.69e-05   4.63e+03   4.67e+04   0.28       < 0.804 0.953 >
2021-12-12 16:20:23 [12/12/21 16:20:23   10.86s]: 9269    32         0          73         22483      483742218  812        2.30e-05   1.31e+03   3.98e+04   0.28       < 0.803 0.950 >
2021-12-12 16:20:34 [12/12/21 16:20:34   10.08s]: 9672    9          0          23         22602      491916053  634        5.21e-07   1.07e+02   3.54e+04   0.28       < 0.775 0.975 >
2021-12-12 16:20:42 [12/12/21 16:20:42    8.96s]: 10075   0          0          1          22634      499537527  423        6.57e-09   8.04e+00   2.63e+04   0.28       < 0.725 0.952 >
2021-12-12 16:20:50 [12/12/21 16:20:50    7.49s]: 10478   0          0          1          22636      506643986  243        0.00e+00   6.04e-01   2.26e+04   0.28       < 0.649 0.962 >
2021-12-12 16:20:56 [12/12/21 16:20:56    6.08s]: 10881   0          0          0          22637      513270248  100        0.00e+00   4.54e-02   2.26e+04   0.28       < 0.507 0.950 >
2021-12-12 16:21:00 [12/12/21 16:21:00    4.33s]: 11284   0          0          0          22637      519448742  28         0.00e+00   3.42e-03   2.26e+04   0.28       < 0.350 0.922 >
2021-12-12 16:21:03 [12/12/21 16:21:03    2.93s]: 11687   0          0          0          22637      525209698  0          0.00e+00   2.56e-04   2.26e+04   0.28       < 0.226 0.920 >
2021-12-12 16:21:05 [12/12/21 16:21:05    1.85s]: 12090   0          0          0          22637      530581283  0          0.00e+00   1.84e-05   2.26e+04   0.28       < 0.112 0.856 >
2021-12-12 16:21:06 [12/12/21 16:21:06    0.95s]: 12493   0          0          0          22637      535589889  0          0.00e+00   9.51e-07   2.26e+04   0.28       < 0.035 0.700 >
2021-12-12 16:21:07 [12/12/21 16:21:07    0.55s]: 12896   0          0          0          22637      540260055  0          0.00e+00   0.00e+00   2.26e+04   0.28       < 0.000 1.000 >
2021-12-12 16:21:07 [12/12/21 16:21:07    0.28s]: 13299   0          0          0          22637      544614508  0          0.00e+00   0.00e+00   2.26e+04   0.28       < 0.000 1.000 >
2021-12-12 16:21:07 [12/12/21 16:21:07    0.28s]: 13702   0          0          0          22637      548674715  0          0.00e+00   0.00e+00   2.26e+04   0.28       < 0.000 1.000 >
2021-12-12 16:21:07 [12/12/21 16:21:07    0.28s]: 14105   0          0          0          22637      552460562  0          0.00e+00   0.00e+00   2.26e+04   0.28       < 0.000 1.000 >
2021-12-12 16:21:08 [12/12/21 16:21:08    0.28s]: 14508   0          0          0          22637      555990574  0          0.00e+00   0.00e+00   2.26e+04   0.28       < 0.000 1.000 >
2021-12-12 16:21:08 [12/12/21 16:21:08    0.28s]: 14911   0          0          0          22637      559281976  0          0.00e+00   0.00e+00   2.26e+04   0.28       < 0.000 1.000 >
2021-12-12 16:21:08 [12/12/21 16:21:08    0.28s]: 15314   0          0          0          22637      562350972  0          0.00e+00   0.00e+00   2.26e+04   0.28       < 0.000 1.000 >
2021-12-12 16:21:09 [12/12/21 16:21:09    0.28s]: 15717   0          0          0          22637      565212597  0          0.00e+00   0.00e+00   2.26e+04   0.28       < 0.000 1.000 >
2021-12-12 16:21:09 [12/12/21 16:21:09    0.28s]: 16120   0          0          0          22637      567880871  0          0.00e+00   0.00e+00   2.26e+04   0.28       < 0.000 1.000 >
2021-12-12 16:21:09 [12/12/21 16:21:09    0.28s]: 16523   0          0          0          22637      570368705  0          0.00e+00   0.00e+00   2.26e+04   0.28       < 0.000 1.000 >
2021-12-12 16:21:09 [12/12/21 16:21:09    0.28s]: 16926   0          0          0          22637      572688481  0          0.00e+00   0.00e+00   2.26e+04   0.28       < 0.000 1.000 >
2021-12-12 16:21:10 [12/12/21 16:21:10    0.28s]: 17329   0          0          0          22637      574851478  0          0.00e+00   0.00e+00   2.26e+04   0.28       < 0.000 1.000 >
2021-12-12 16:21:10 [12/12/21 16:21:10    0.28s]: 17732   0          0          0          22637      576868225  0          0.00e+00   0.00e+00   2.26e+04   0.28       < 0.000 1.000 >
2021-12-12 16:21:10 [12/12/21 16:21:10    0.28s]: 18135   0          0          0          22637      578748710  0          0.00e+00   0.00e+00   2.26e+04   0.28       < 0.000 1.000 >
2021-12-12 16:21:11 [12/12/21 16:21:11    0.28s]: 18538   0          0          0          22637      580502196  0          0.00e+00   0.00e+00   2.26e+04   0.28       < 0.000 1.000 >
2021-12-12 16:21:11 [12/12/21 16:21:11    0.28s]: 18941   0          0          0          22637      582137158  0          0.00e+00   0.00e+00   2.26e+04   0.28       < 0.000 1.000 >
2021-12-12 16:21:11 [12/12/21 16:21:11    0.28s]: 19344   0          0          0          22637      583661576  0          0.00e+00   0.00e+00   2.26e+04   0.28       < 0.000 1.000 >
2021-12-12 16:21:11 [12/12/21 16:21:11    0.28s]: 19747   0          0          0          22637      585082951  0          0.00e+00   0.00e+00   2.26e+04   0.28       < 0.000 1.000 >
2021-12-12 16:21:12 [12/12/21 16:21:12    0.28s]: 20150   0          0          0          22637      586408356  0          0.00e+00   0.00e+00   2.26e+04   0.28       < 0.000 1.000 >
2021-12-12 16:21:12 [12/12/21 16:21:12    0.01s]: 20159   0          0          0          22637      586436902  0          0.00e+00   0.00e+00   2.26e+04   0.28       < 0.000 1.000 >
2021-12-12 16:21:12  ---  main.cpp:generate tcells took  avg 0.00 s max 0.00 s balance 0.84  --- 
2021-12-12 16:21:12  ---  main.cpp:update circulating tcells took  avg 1.91 s max 2.05 s balance 0.93  --- 
2021-12-12 16:21:12  ---  main.cpp:update tcells took  avg 12.69 s max 13.29 s balance 0.95  --- 
2021-12-12 16:21:12  ---  main.cpp:update epicells took  avg 2.01 s max 2.06 s balance 0.98  --- 
2021-12-12 16:21:12  ---  main.cpp:update concentrations took  avg 10.08 s max 10.46 s balance 0.96  --- 
2021-12-12 16:21:12  ---  main.cpp:compute updates took  avg 109.04 s max 109.15 s balance 1.00  --- 
2021-12-12 16:21:12  ---  main.cpp:dispatch updates took  avg 74.92 s max 78.70 s balance 0.95  --- 
2021-12-12 16:21:12  ---  main.cpp:add new actives took  avg 1.67 s max 1.71 s balance 0.98  --- 
2021-12-12 16:21:12  ---  main.cpp:erase inactive took  avg 5.20 s max 5.40 s balance 0.96  --- 
2021-12-12 16:21:12  ---  main.cpp:sample took  avg 0.00 s max 0.00 s balance -nan  --- 
2021-12-12 16:21:12  ---  main.cpp:sample write took  avg 0.00 s max 0.00 s balance -nan  --- 
2021-12-12 16:21:12  ---  main.cpp:log took  avg 2.93 s max 3.33 s balance 0.88  --- 
2021-12-12 16:21:12 Finished 20160 time steps in 227.8649 s (0.0113 s per step)
2021-12-12 16:21:12  --- Elapsed time for main.cpp:run_sim:  (exiting barrier) 2021-12-12 16:21:12 ...
2021-12-12 16:21:12           ... (min/my/avg/max, bal) (227.86/227.86/227.86/227.86 s, 1.00) barrier(0.00 s) --- 
2021-12-12 16:21:12 Peak memory used across all nodes: 822.68MB
2021-12-12 16:21:12 Finished in 230.70 s at 12/12/21 16:21:12 for SimCov version 0.1.1
