2021-12-11 10:28:18 SimCov version SimCov version 0.1.1- built on 20211127_074920
2021-12-11 10:28:18 _________________________
2021-12-11 10:28:18 Compiler definitions:
2021-12-11 10:28:18   _XOPEN_SOURCE=700
2021-12-11 10:28:18   CONFIG_USE_COLORS
2021-12-11 10:28:18   USE_BYTELL
2021-12-11 10:28:18   MAX_VIRIONS=125000
2021-12-11 10:28:18   MIN_VIRIONS=1e-10
2021-12-11 10:28:18   BLOCK_PARTITION
2021-12-11 10:28:18   MIN_BLOCKS_PER_PROC=1
2021-12-11 10:28:18   AVERAGE_SUBSAMPLE
2021-12-11 10:28:18 _________________________
2021-12-11 10:28:18 Options:
2021-12-11 10:28:18   dim =                         2828 2828 1
2021-12-11 10:28:18   whole-lung-dim =              48000 40000 20000
2021-12-11 10:28:18   timesteps =                   20160
2021-12-11 10:28:18   infection-coords =            uniform:1
2021-12-11 10:28:18   initial-infection =           1000
2021-12-11 10:28:18   incubation-period =           480
2021-12-11 10:28:18   apoptosis-period =            180
2021-12-11 10:28:18   expressing-period =           900
2021-12-11 10:28:18   infectivity =                 0.001
2021-12-11 10:28:18   virion-production =           1.1
2021-12-11 10:28:18   virion-clearance =            0.004
2021-12-11 10:28:18   virion-diffusion =            0.15
2021-12-11 10:28:18   chemokine-production =        1.0
2021-12-11 10:28:18   chemokine-decay =             0.01
2021-12-11 10:28:18   chemokine-diffusion =         1.0
2021-12-11 10:28:18   min-chemokine =               1e-6
2021-12-11 10:28:18   antibody-factor =             1.75
2021-12-11 10:28:18   antibody-period =             4320
2021-12-11 10:28:18   tcell-generation-rate =       105000
2021-12-11 10:28:18   tcell-initial-delay =         0
2021-12-11 10:28:18   tcell-vascular-period =       5760
2021-12-11 10:28:18   tcell-tissue-period =         1440
2021-12-11 10:28:18   tcell-binding-period =        10
2021-12-11 10:28:18   max-binding-prob =            1
2021-12-11 10:28:18   tcells-follow-gradient =      false
2021-12-11 10:28:18   seed =                        29
2021-12-11 10:28:18   sample-period =               0
2021-12-11 10:28:18   sample-resolution =           1
2021-12-11 10:28:18   max-block-dim =               10
2021-12-11 10:28:18   output =                      foci-one-reinfect
2021-12-11 10:28:18 _________________________
2021-12-11 10:28:18 Starting run with 24 processes on 1 node at 12/11/21 10:28:18
2021-12-11 10:28:18 Pinned processes, with process 0 (pid 24349) pinned to core 0
2021-12-11 10:28:18 Using block partitioning
2021-12-11 10:28:18 Initial free memory across all nodes: 45.60GB
2021-12-11 10:28:18 Starting with 45.60GB free on node 0
2021-12-11 10:28:18 Dividing 7997584 grid points into 163216 squares of size 49 (7^2), with 6801 per process
2021-12-11 10:28:18 Total initial memory required per process is at least 26.70MB with each grid point requiring on average 84 bytes
2021-12-11 10:28:20  --- Elapsed time for tissue.cpp:Tissue:  (exiting barrier) 2021-12-11 10:28:20 ...
2021-12-11 10:28:20           ... (min/my/avg/max, bal) (1.94/1.97/1.95/1.97 s, 0.99) barrier(0.00 s) --- 
2021-12-11 10:28:20 Memory used on node 0 after initialization is  794.67MB
2021-12-11 10:28:20           ... (min/my/avg/max, bal) No-Time barrier(0.00 s) --- 
2021-12-11 10:28:20 Fraction of circulating T cells extravasating is 2.0827e-07
2021-12-11 10:28:20 # datetime                    step    incb       expr       apop       dead       tvas       ttis       chem       virs       chempts    %infct     <%active  lbln>
2021-12-11 10:28:20 Time step 0: SUCCESSFUL initial infection at (1414, 1414, 0) after 0 tries
2021-12-11 10:28:20 [12/11/21 10:28:20    0.01s]: 0       1          0          0          0          0          0          0.00e+00   0.00e+00   1.00e+00   0.00       < 0.000 0.042 >
2021-12-11 10:28:20 [0] <main.cpp:164> WARNING: rem 0 local num 4375

2021-12-11 10:28:20 [12/11/21 10:28:20    0.56s]: 403     105        0          0          0          40865012   0          0.00e+00   1.99e+02   1.05e+02   0.00       < 0.068 0.826 >
2021-12-11 10:28:22 [12/11/21 10:28:22    1.25s]: 806     298        97         0          0          78968353   2          7.11e-05   1.38e+04   1.03e+04   0.00       < 0.128 0.882 >
2021-12-11 10:28:24 [12/11/21 10:28:24    2.06s]: 1209    660        298        15         4          114496631  21         1.22e-04   4.16e+04   1.55e+04   0.01       < 0.194 0.919 >
2021-12-11 10:28:26 [12/11/21 10:28:26    2.54s]: 1612    736        623        189        183        147623902  47         2.23e-04   1.31e+05   1.83e+04   0.02       < 0.229 0.917 >
2021-12-11 10:28:29 [12/11/21 10:28:29    3.04s]: 2015    1001       709        337        716        178512510  74         3.39e-04   2.02e+05   2.16e+04   0.03       < 0.271 0.921 >
2021-12-11 10:28:33 [12/11/21 10:28:33    3.73s]: 2418    1271       806        264        1649       207313656  109        4.58e-04   2.37e+05   2.54e+04   0.05       < 0.317 0.933 >
2021-12-11 10:28:37 [12/11/21 10:28:37    4.24s]: 2821    1443       1026       509        2552       234168361  152        5.66e-04   3.02e+05   2.90e+04   0.07       < 0.363 0.946 >
2021-12-11 10:28:42 [12/11/21 10:28:42    4.88s]: 3224    1430       1024       641        3989       259208291  192        6.51e-04   3.56e+05   3.26e+04   0.09       < 0.407 0.932 >
2021-12-11 10:28:48 [12/11/21 10:28:48    5.47s]: 3627    1494       914        762        5711       282556029  247        7.02e-04   3.51e+05   3.62e+04   0.11       < 0.452 0.964 >
2021-12-11 10:28:54 [12/11/21 10:28:54    6.19s]: 4030    1528       767        820        7630       304325944  297        7.46e-04   3.17e+05   4.02e+04   0.13       < 0.503 0.938 >
2021-12-11 10:29:01 [12/11/21 10:29:01    6.96s]: 4433    1451       562        910        9735       324624590  381        7.50e-04   2.07e+05   4.42e+04   0.16       < 0.553 0.944 >
2021-12-11 10:29:09 [12/11/21 10:29:09    7.89s]: 4836    1114       402        959        11824      343551442  462        7.50e-04   1.24e+05   4.85e+04   0.18       < 0.606 0.959 >
2021-12-11 10:29:17 [12/11/21 10:29:17    8.66s]: 5239    913        110        876        13948      361199207  562        5.77e-04   7.17e+04   5.27e+04   0.20       < 0.659 0.977 >
2021-12-11 10:29:27 [12/11/21 10:29:27    9.28s]: 5642    626        66         666        15748      377654335  615        4.03e-04   3.09e+04   5.47e+04   0.21       < 0.684 0.970 >
2021-12-11 10:29:36 [12/11/21 10:29:36    9.86s]: 6045    530        65         446        17059      392997380  698        2.80e-04   1.93e+04   5.67e+04   0.23       < 0.710 0.965 >
2021-12-11 10:29:47 [12/11/21 10:29:47   10.33s]: 6448    414        78         409        17971      407303543  761        2.62e-04   2.05e+04   5.81e+04   0.24       < 0.730 0.954 >
2021-12-11 10:29:57 [12/11/21 10:29:57   10.66s]: 6851    341        24         423        18879      420642989  818        1.84e-04   1.33e+04   5.99e+04   0.25       < 0.752 0.950 >
2021-12-11 10:30:09 [12/11/21 10:30:09   11.19s]: 7254    176        9          233        19726      433080908  870        9.92e-05   6.22e+03   6.04e+04   0.25       < 0.760 0.955 >
2021-12-11 10:30:20 [12/11/21 10:30:20   11.25s]: 7657    56         3          117        20176      444678192  925        5.13e-05   2.35e+03   5.63e+04   0.25       < 0.744 0.958 >
2021-12-11 10:30:31 [12/11/21 10:30:31   10.89s]: 8060    44         1          58         20389      455491887  931        1.45e-05   5.26e+02   4.81e+04   0.26       < 0.737 0.952 >
2021-12-11 10:30:41 [12/11/21 10:30:41   10.13s]: 8463    21         0          25         20500      465574786  850        1.55e-05   9.75e+02   3.54e+04   0.26       < 0.731 0.948 >
2021-12-11 10:30:50 [12/11/21 10:30:50    9.01s]: 8866    2          0          16         20559      474976360  641        6.57e-07   1.08e+02   2.80e+04   0.26       < 0.717 0.962 >
2021-12-11 10:31:01 [12/11/21 10:31:01   11.12s]: 9269    1          0          0          20581      483742641  406        9.12e-09   6.39e+00   2.40e+04   0.26       < 0.674 0.971 >
2021-12-11 10:31:10 [12/11/21 10:31:10    9.20s]: 9672    0          0          0          20582      491916550  212        0.00e+00   3.77e-01   2.06e+04   0.26       < 0.582 0.947 >
2021-12-11 10:31:17 [12/11/21 10:31:17    6.80s]: 10075   0          0          0          20582      499538106  91         0.00e+00   2.22e-02   2.06e+04   0.26       < 0.403 0.908 >
2021-12-11 10:31:21 [12/11/21 10:31:21    4.31s]: 10478   0          0          0          20582      506644487  29         0.00e+00   1.31e-03   2.06e+04   0.26       < 0.206 0.880 >
2021-12-11 10:31:23 [12/11/21 10:31:23    2.08s]: 10881   0          0          0          20582      513270712  0          0.00e+00   7.66e-05   2.06e+04   0.26       < 0.110 0.776 >
2021-12-11 10:31:25 [12/11/21 10:31:25    1.33s]: 11284   0          0          0          20582      519449169  0          0.00e+00   4.11e-06   2.06e+04   0.26       < 0.056 0.767 >
2021-12-11 10:31:25 [12/11/21 10:31:25    0.72s]: 11687   0          0          0          20582      525210010  0          0.00e+00   6.31e-09   2.06e+04   0.26       < 0.001 0.114 >
2021-12-11 10:31:26 [12/11/21 10:31:26    0.29s]: 12090   0          0          0          20582      530581617  0          0.00e+00   0.00e+00   2.06e+04   0.26       < 0.000 1.000 >
2021-12-11 10:31:26 [12/11/21 10:31:26    0.32s]: 12493   0          0          0          20582      535590138  0          0.00e+00   0.00e+00   2.06e+04   0.26       < 0.000 1.000 >
2021-12-11 10:31:26 [12/11/21 10:31:26    0.32s]: 12896   0          0          0          20582      540260254  0          0.00e+00   0.00e+00   2.06e+04   0.26       < 0.000 1.000 >
2021-12-11 10:31:27 [12/11/21 10:31:27    0.32s]: 13299   0          0          0          20582      544614680  0          0.00e+00   0.00e+00   2.06e+04   0.26       < 0.000 1.000 >
2021-12-11 10:31:27 [12/11/21 10:31:27    0.33s]: 13702   0          0          0          20582      548674851  0          0.00e+00   0.00e+00   2.06e+04   0.26       < 0.000 1.000 >
2021-12-11 10:31:27 [12/11/21 10:31:27    0.33s]: 14105   0          0          0          20582      552460699  0          0.00e+00   0.00e+00   2.06e+04   0.26       < 0.000 1.000 >
2021-12-11 10:31:28 [12/11/21 10:31:28    0.32s]: 14508   0          0          0          20582      555990681  0          0.00e+00   0.00e+00   2.06e+04   0.26       < 0.000 1.000 >
2021-12-11 10:31:28 [12/11/21 10:31:28    0.31s]: 14911   0          0          0          20582      559282056  0          0.00e+00   0.00e+00   2.06e+04   0.26       < 0.000 1.000 >
2021-12-11 10:31:28 [12/11/21 10:31:28    0.31s]: 15314   0          0          0          20582      562351002  0          0.00e+00   0.00e+00   2.06e+04   0.26       < 0.000 1.000 >
2021-12-11 10:31:29 [12/11/21 10:31:29    0.32s]: 15717   0          0          0          20582      565212564  0          0.00e+00   0.00e+00   2.06e+04   0.26       < 0.000 1.000 >
2021-12-11 10:31:29 [12/11/21 10:31:29    0.32s]: 16120   0          0          0          20582      567880719  0          0.00e+00   0.00e+00   2.06e+04   0.26       < 0.000 1.000 >
2021-12-11 10:31:29 [12/11/21 10:31:29    0.32s]: 16523   0          0          0          20582      570368615  0          0.00e+00   0.00e+00   2.06e+04   0.26       < 0.000 1.000 >
2021-12-11 10:31:30 [12/11/21 10:31:30    0.32s]: 16926   0          0          0          20582      572688407  0          0.00e+00   0.00e+00   2.06e+04   0.26       < 0.000 1.000 >
2021-12-11 10:31:30 [12/11/21 10:31:30    0.31s]: 17329   0          0          0          20582      574851456  0          0.00e+00   0.00e+00   2.06e+04   0.26       < 0.000 1.000 >
2021-12-11 10:31:30 [12/11/21 10:31:30    0.31s]: 17732   0          0          0          20582      576868273  0          0.00e+00   0.00e+00   2.06e+04   0.26       < 0.000 1.000 >
2021-12-11 10:31:30 [12/11/21 10:31:30    0.32s]: 18135   0          0          0          20582      578748736  0          0.00e+00   0.00e+00   2.06e+04   0.26       < 0.000 1.000 >
2021-12-11 10:31:31 [12/11/21 10:31:31    0.30s]: 18538   0          0          0          20582      580502201  0          0.00e+00   0.00e+00   2.06e+04   0.26       < 0.000 1.000 >
2021-12-11 10:31:31 [12/11/21 10:31:31    0.31s]: 18941   0          0          0          20582      582137153  0          0.00e+00   0.00e+00   2.06e+04   0.26       < 0.000 1.000 >
2021-12-11 10:31:31 [12/11/21 10:31:31    0.32s]: 19344   0          0          0          20582      583661633  0          0.00e+00   0.00e+00   2.06e+04   0.26       < 0.000 1.000 >
2021-12-11 10:31:32 [12/11/21 10:31:32    0.32s]: 19747   0          0          0          20582      585082996  0          0.00e+00   0.00e+00   2.06e+04   0.26       < 0.000 1.000 >
2021-12-11 10:31:32 [12/11/21 10:31:32    0.32s]: 20150   0          0          0          20582      586408299  0          0.00e+00   0.00e+00   2.06e+04   0.26       < 0.000 1.000 >
2021-12-11 10:31:32 [12/11/21 10:31:32    0.01s]: 20159   0          0          0          20582      586436861  0          0.00e+00   0.00e+00   2.06e+04   0.26       < 0.000 1.000 >
2021-12-11 10:31:32  ---  main.cpp:generate tcells took  avg 0.00 s max 0.00 s balance 0.82  --- 
2021-12-11 10:31:32  ---  main.cpp:update circulating tcells took  avg 1.84 s max 2.11 s balance 0.87  --- 
2021-12-11 10:31:32  ---  main.cpp:update tcells took  avg 10.60 s max 10.84 s balance 0.98  --- 
2021-12-11 10:31:32  ---  main.cpp:update epicells took  avg 1.66 s max 1.73 s balance 0.96  --- 
2021-12-11 10:31:32  ---  main.cpp:update concentrations took  avg 8.42 s max 8.89 s balance 0.95  --- 
2021-12-11 10:31:32  ---  main.cpp:compute updates took  avg 91.80 s max 91.86 s balance 1.00  --- 
2021-12-11 10:31:32  ---  main.cpp:dispatch updates took  avg 64.22 s max 66.45 s balance 0.97  --- 
2021-12-11 10:31:32  ---  main.cpp:add new actives took  avg 1.45 s max 1.49 s balance 0.98  --- 
2021-12-11 10:31:32  ---  main.cpp:erase inactive took  avg 4.25 s max 4.58 s balance 0.93  --- 
2021-12-11 10:31:32  ---  main.cpp:sample took  avg 0.00 s max 0.00 s balance -nan  --- 
2021-12-11 10:31:32  ---  main.cpp:sample write took  avg 0.00 s max 0.00 s balance -nan  --- 
2021-12-11 10:31:32  ---  main.cpp:log took  avg 2.90 s max 3.27 s balance 0.89  --- 
2021-12-11 10:31:32 Finished 20160 time steps in 192.2926 s (0.0095 s per step)
2021-12-11 10:31:32  --- Elapsed time for main.cpp:run_sim:  (exiting barrier) 2021-12-11 10:31:32 ...
2021-12-11 10:31:32           ... (min/my/avg/max, bal) (192.29/192.29/192.29/192.29 s, 1.00) barrier(0.00 s) --- 
2021-12-11 10:31:32 Peak memory used across all nodes: 821.73MB
2021-12-11 10:31:32 Finished in 194.70 s at 12/11/21 10:31:32 for SimCov version 0.1.1
