2021-12-12 22:05:44 SimCov version SimCov version 0.1.1- built on 20211127_074920
2021-12-12 22:05:44 _________________________
2021-12-12 22:05:44 Compiler definitions:
2021-12-12 22:05:44   _XOPEN_SOURCE=700
2021-12-12 22:05:44   CONFIG_USE_COLORS
2021-12-12 22:05:44   USE_BYTELL
2021-12-12 22:05:44   MAX_VIRIONS=125000
2021-12-12 22:05:44   MIN_VIRIONS=1e-10
2021-12-12 22:05:44   BLOCK_PARTITION
2021-12-12 22:05:44   MIN_BLOCKS_PER_PROC=1
2021-12-12 22:05:44   AVERAGE_SUBSAMPLE
2021-12-12 22:05:44 _________________________
2021-12-12 22:05:44 Options:
2021-12-12 22:05:44   dim =                         2828 2828 1
2021-12-12 22:05:44   whole-lung-dim =              48000 40000 20000
2021-12-12 22:05:44   timesteps =                   20160
2021-12-12 22:05:44   infection-coords =            uniform:1
2021-12-12 22:05:44   initial-infection =           1000
2021-12-12 22:05:44   incubation-period =           480
2021-12-12 22:05:44   apoptosis-period =            180
2021-12-12 22:05:44   expressing-period =           900
2021-12-12 22:05:44   infectivity =                 0.001
2021-12-12 22:05:44   virion-production =           1.1
2021-12-12 22:05:44   virion-clearance =            0.004
2021-12-12 22:05:44   virion-diffusion =            0.15
2021-12-12 22:05:44   chemokine-production =        1.0
2021-12-12 22:05:44   chemokine-decay =             0.01
2021-12-12 22:05:44   chemokine-diffusion =         1.0
2021-12-12 22:05:44   min-chemokine =               1e-6
2021-12-12 22:05:44   antibody-factor =             1.6
2021-12-12 22:05:44   antibody-period =             5040
2021-12-12 22:05:44   tcell-generation-rate =       105000
2021-12-12 22:05:44   tcell-initial-delay =         0
2021-12-12 22:05:44   tcell-vascular-period =       5760
2021-12-12 22:05:44   tcell-tissue-period =         1440
2021-12-12 22:05:44   tcell-binding-period =        10
2021-12-12 22:05:44   max-binding-prob =            1
2021-12-12 22:05:44   tcells-follow-gradient =      false
2021-12-12 22:05:44   seed =                        29
2021-12-12 22:05:44   sample-period =               5040
2021-12-12 22:05:44   sample-resolution =           1
2021-12-12 22:05:44   max-block-dim =               10
2021-12-12 22:05:44   output =                      reinfect
2021-12-12 22:05:44 _________________________
2021-12-12 22:05:44 Starting run with 24 processes on 1 node at 12/12/21 22:05:44
2021-12-12 22:05:44 Pinned processes, with process 0 (pid 24561) pinned to core 0
2021-12-12 22:05:44 Using block partitioning
2021-12-12 22:05:44 Initial free memory across all nodes: 45.50GB
2021-12-12 22:05:44 Starting with 45.50GB free on node 0
2021-12-12 22:05:44 Dividing 7997584 grid points into 163216 squares of size 49 (7^2), with 6801 per process
2021-12-12 22:05:44 Total initial memory required per process is at least 26.70MB with each grid point requiring on average 84 bytes
2021-12-12 22:05:46  --- Elapsed time for tissue.cpp:Tissue:  (exiting barrier) 2021-12-12 22:05:46 ...
2021-12-12 22:05:46           ... (min/my/avg/max, bal) (1.85/1.89/1.87/1.89 s, 0.99) barrier(0.00 s) --- 
2021-12-12 22:05:46 Memory used on node 0 after initialization is  794.36MB
2021-12-12 22:05:46           ... (min/my/avg/max, bal) No-Time barrier(0.00 s) --- 
2021-12-12 22:05:46 Fraction of circulating T cells extravasating is 2.0827e-07
2021-12-12 22:05:46 # datetime                    step    incb       expr       apop       dead       tvas       ttis       chem       virs       chempts    %infct     <%active  lbln>
2021-12-12 22:05:46 Time step 0: SUCCESSFUL initial infection at (1414, 1414, 0) after 0 tries
2021-12-12 22:05:46 [12/12/21 22:05:46    0.00s]: 0       1          0          0          0          0          0          0.00e+00   0.00e+00   1.00e+00   0.00       < 0.000 0.042 >
2021-12-12 22:05:52 Number of samples written 7997584
2021-12-12 22:05:53 [0] <main.cpp:164> WARNING: rem 0 local num 4375

2021-12-12 22:05:54 [12/12/21 22:05:54    7.54s]: 403     112        0          0          0          40864976   0          0.00e+00   1.99e+02   1.12e+02   0.00       < 0.068 0.826 >
2021-12-12 22:05:56 [12/12/21 22:05:56    1.60s]: 806     299        106        1          0          78968260   2          8.15e-05   1.48e+04   1.01e+04   0.01       < 0.126 0.874 >
2021-12-12 22:05:58 [12/12/21 22:05:58    2.65s]: 1209    685        247        93         8          114496544  22         1.24e-04   4.08e+04   1.60e+04   0.01       < 0.200 0.892 >
2021-12-12 22:06:02 [12/12/21 22:06:02    3.45s]: 1612    691        556        165        333        147623884  52         2.25e-04   1.26e+05   1.85e+04   0.02       < 0.231 0.925 >
2021-12-12 22:06:06 [12/12/21 22:06:06    4.14s]: 2015    1028       617        285        891        178512477  94         3.24e-04   1.78e+05   2.21e+04   0.04       < 0.276 0.943 >
2021-12-12 22:06:11 [12/12/21 22:06:11    4.87s]: 2418    1096       542        493        1874       207313653  133        4.23e-04   2.14e+05   2.52e+04   0.05       < 0.316 0.939 >
2021-12-12 22:06:16 [12/12/21 22:06:16    5.70s]: 2821    1230       584        558        3051       234168382  179        5.22e-04   2.19e+05   2.86e+04   0.07       < 0.358 0.933 >
2021-12-12 22:06:23 [12/12/21 22:06:23    6.46s]: 3224    1305       652        661        4391       259208304  210        6.08e-04   2.29e+05   3.25e+04   0.09       < 0.406 0.946 >
2021-12-12 22:06:30 [12/12/21 22:06:30    7.35s]: 3627    1273       696        740        5895       282556025  261        6.51e-04   2.44e+05   3.63e+04   0.11       < 0.454 0.966 >
2021-12-12 22:06:38 [12/12/21 22:06:38    8.26s]: 4030    1401       438        819        7827       304325898  319        6.91e-04   2.22e+05   3.98e+04   0.13       < 0.498 0.928 >
2021-12-12 22:06:46 [12/12/21 22:06:46    7.86s]: 4433    1590       458        850        9628       324624476  369        6.96e-04   1.89e+05   4.38e+04   0.16       < 0.548 0.967 >
2021-12-12 22:06:54 [12/12/21 22:06:54    7.85s]: 4836    1612       497        939        11609      343551344  442        6.90e-04   1.98e+05   4.86e+04   0.18       < 0.608 0.958 >
2021-12-12 22:07:04 Number of samples written 7997584
2021-12-12 22:07:10 [12/12/21 22:07:10   15.95s]: 5239    1522       407        1091       13799      361199084  529        7.46e-04   1.47e+05   5.23e+04   0.21       < 0.654 0.965 >
2021-12-12 22:07:19 [12/12/21 22:07:19    9.37s]: 5642    1310       260        935        16234      377654142  602        7.34e-04   1.01e+05   5.67e+04   0.23       < 0.709 0.954 >
2021-12-12 22:07:30 [12/12/21 22:07:30   10.26s]: 6045    1025       192        876        18377      392997304  682        6.25e-04   7.37e+04   6.07e+04   0.26       < 0.760 0.957 >
2021-12-12 22:07:41 [12/12/21 22:07:41   10.92s]: 6448    999        123        731        20279      407303477  780        4.79e-04   4.47e+04   6.36e+04   0.28       < 0.796 0.963 >
2021-12-12 22:07:52 [12/12/21 22:07:52   11.61s]: 6851    825        112        719        21945      420642840  910        4.31e-04   3.95e+04   6.58e+04   0.30       < 0.824 0.972 >
2021-12-12 22:08:04 [12/12/21 22:08:04   12.21s]: 7254    576        50         677        23575      433080719  1002       2.98e-04   2.57e+04   6.81e+04   0.31       < 0.853 0.979 >
2021-12-12 22:08:17 [12/12/21 22:08:17   12.62s]: 7657    280        28         410        24904      444677991  1102       1.59e-04   1.29e+04   6.84e+04   0.32       < 0.861 0.971 >
2021-12-12 22:08:30 [12/12/21 22:08:30   12.94s]: 8060    152        4          250        25687      455491541  1126       8.70e-05   5.94e+03   6.44e+04   0.33       < 0.871 0.963 >
2021-12-12 22:08:43 [12/12/21 22:08:43   12.65s]: 8463    69         0          117        26155      465574413  1089       2.72e-05   1.77e+03   5.57e+04   0.33       < 0.868 0.963 >
2021-12-12 22:08:55 [12/12/21 22:08:55   12.05s]: 8866    18         1          57         26373      474975934  976        1.28e-05   4.31e+02   4.85e+04   0.33       < 0.872 0.959 >
2021-12-12 22:09:06 [12/12/21 22:09:06   11.32s]: 9269    8          0          16         26457      483742192  792        1.31e-06   8.19e+01   4.11e+04   0.33       < 0.868 0.958 >
2021-12-12 22:09:16 [12/12/21 22:09:16   10.36s]: 9672    0          0          1          26485      491915985  570        1.86e-08   6.16e+00   3.16e+04   0.33       < 0.839 0.960 >
2021-12-12 22:09:28 [12/12/21 22:09:28   11.98s]: 10075   0          0          0          26486      499537485  370        0.00e+00   4.63e-01   2.65e+04   0.33       < 0.773 0.969 >
2021-12-12 22:09:34 Number of samples written 7997584
2021-12-12 22:09:45 [12/12/21 22:09:45   16.39s]: 10478   0          0          0          26486      506643960  182        0.00e+00   3.48e-02   2.65e+04   0.33       < 0.644 0.959 >
2021-12-12 22:09:53 [12/12/21 22:09:53    7.82s]: 10881   0          0          0          26486      513270281  42         0.00e+00   2.62e-03   2.65e+04   0.33       < 0.495 0.954 >
2021-12-12 22:09:58 [12/12/21 22:09:58    5.51s]: 11284   0          0          0          26486      519448698  1          0.00e+00   1.95e-04   2.65e+04   0.33       < 0.315 0.933 >
2021-12-12 22:10:01 [12/12/21 22:10:01    3.24s]: 11687   0          0          0          26486      525209575  0          0.00e+00   1.35e-05   2.65e+04   0.33       < 0.157 0.878 >
2021-12-12 22:10:03 [12/12/21 22:10:03    1.36s]: 12090   0          0          0          26486      530581183  0          0.00e+00   3.68e-07   2.65e+04   0.33       < 0.019 0.634 >
2021-12-12 22:10:03 [12/12/21 22:10:03    0.40s]: 12493   0          0          0          26486      535589787  0          0.00e+00   0.00e+00   2.65e+04   0.33       < 0.000 1.000 >
2021-12-12 22:10:03 [12/12/21 22:10:03    0.30s]: 12896   0          0          0          26486      540259835  0          0.00e+00   0.00e+00   2.65e+04   0.33       < 0.000 1.000 >
2021-12-12 22:10:04 [12/12/21 22:10:04    0.33s]: 13299   0          0          0          26486      544614326  0          0.00e+00   0.00e+00   2.65e+04   0.33       < 0.000 1.000 >
2021-12-12 22:10:04 [12/12/21 22:10:04    0.33s]: 13702   0          0          0          26486      548674537  0          0.00e+00   0.00e+00   2.65e+04   0.33       < 0.000 1.000 >
2021-12-12 22:10:04 [12/12/21 22:10:04    0.35s]: 14105   0          0          0          26486      552460320  0          0.00e+00   0.00e+00   2.65e+04   0.33       < 0.000 1.000 >
2021-12-12 22:10:05 [12/12/21 22:10:05    0.33s]: 14508   0          0          0          26486      555990274  0          0.00e+00   0.00e+00   2.65e+04   0.33       < 0.000 1.000 >
2021-12-12 22:10:05 [12/12/21 22:10:05    0.30s]: 14911   0          0          0          26486      559281705  0          0.00e+00   0.00e+00   2.65e+04   0.33       < 0.000 1.000 >
2021-12-12 22:10:12 Number of samples written 7997584
2021-12-12 22:10:13 [12/12/21 22:10:13    7.73s]: 15314   0          0          0          26486      562350698  0          0.00e+00   0.00e+00   2.65e+04   0.33       < 0.000 1.000 >
2021-12-12 22:10:13 [12/12/21 22:10:13    0.38s]: 15717   0          0          0          26486      565212306  0          0.00e+00   0.00e+00   2.65e+04   0.33       < 0.000 1.000 >
2021-12-12 22:10:13 [12/12/21 22:10:13    0.32s]: 16120   0          0          0          26486      567880560  0          0.00e+00   0.00e+00   2.65e+04   0.33       < 0.000 1.000 >
2021-12-12 22:10:14 [12/12/21 22:10:14    0.33s]: 16523   0          0          0          26486      570368470  0          0.00e+00   0.00e+00   2.65e+04   0.33       < 0.000 1.000 >
2021-12-12 22:10:14 [12/12/21 22:10:14    0.31s]: 16926   0          0          0          26486      572688277  0          0.00e+00   0.00e+00   2.65e+04   0.33       < 0.000 1.000 >
2021-12-12 22:10:14 [12/12/21 22:10:14    0.29s]: 17329   0          0          0          26486      574851217  0          0.00e+00   0.00e+00   2.65e+04   0.33       < 0.000 1.000 >
2021-12-12 22:10:15 [12/12/21 22:10:15    0.33s]: 17732   0          0          0          26486      576868055  0          0.00e+00   0.00e+00   2.65e+04   0.33       < 0.000 1.000 >
2021-12-12 22:10:15 [12/12/21 22:10:15    0.32s]: 18135   0          0          0          26486      578748639  0          0.00e+00   0.00e+00   2.65e+04   0.33       < 0.000 1.000 >
2021-12-12 22:10:15 [12/12/21 22:10:15    0.32s]: 18538   0          0          0          26486      580502090  0          0.00e+00   0.00e+00   2.65e+04   0.33       < 0.000 1.000 >
2021-12-12 22:10:16 [12/12/21 22:10:16    0.32s]: 18941   0          0          0          26486      582137032  0          0.00e+00   0.00e+00   2.65e+04   0.33       < 0.000 1.000 >
2021-12-12 22:10:16 [12/12/21 22:10:16    0.31s]: 19344   0          0          0          26486      583661514  0          0.00e+00   0.00e+00   2.65e+04   0.33       < 0.000 1.000 >
2021-12-12 22:10:16 [12/12/21 22:10:16    0.30s]: 19747   0          0          0          26486      585082935  0          0.00e+00   0.00e+00   2.65e+04   0.33       < 0.000 1.000 >
2021-12-12 22:10:17 [12/12/21 22:10:17    0.33s]: 20150   0          0          0          26486      586408335  0          0.00e+00   0.00e+00   2.65e+04   0.33       < 0.000 1.000 >
2021-12-12 22:10:17 [12/12/21 22:10:17    0.01s]: 20159   0          0          0          26486      586436879  0          0.00e+00   0.00e+00   2.65e+04   0.33       < 0.000 1.000 >
2021-12-12 22:10:23 Number of samples written 7997584
2021-12-12 22:10:24  ---  main.cpp:generate tcells took  avg 0.00 s max 0.01 s balance 0.73  --- 
2021-12-12 22:10:24  ---  main.cpp:update circulating tcells took  avg 1.75 s max 1.90 s balance 0.92  --- 
2021-12-12 22:10:24  ---  main.cpp:update tcells took  avg 13.05 s max 13.51 s balance 0.97  --- 
2021-12-12 22:10:24  ---  main.cpp:update epicells took  avg 2.00 s max 2.04 s balance 0.98  --- 
2021-12-12 22:10:24  ---  main.cpp:update concentrations took  avg 10.38 s max 10.65 s balance 0.97  --- 
2021-12-12 22:10:24  ---  main.cpp:compute updates took  avg 116.94 s max 116.99 s balance 1.00  --- 
2021-12-12 22:10:24  ---  main.cpp:dispatch updates took  avg 78.46 s max 81.48 s balance 0.96  --- 
2021-12-12 22:10:24  ---  main.cpp:add new actives took  avg 1.71 s max 1.78 s balance 0.96  --- 
2021-12-12 22:10:24  ---  main.cpp:erase inactive took  avg 5.33 s max 5.55 s balance 0.96  --- 
2021-12-12 22:10:24  ---  main.cpp:sample took  avg 33.81 s max 33.87 s balance 1.00  --- 
2021-12-12 22:10:24  ---  main.cpp:sample write took  avg 1.45 s max 1.68 s balance 0.87  --- 
2021-12-12 22:10:24  ---  main.cpp:log took  avg 3.09 s max 3.48 s balance 0.89  --- 
2021-12-12 22:10:24 Finished 20160 time steps in 277.2286 s (0.0138 s per step)
2021-12-12 22:10:24  --- Elapsed time for main.cpp:run_sim:  (exiting barrier) 2021-12-12 22:10:24 ...
2021-12-12 22:10:24           ... (min/my/avg/max, bal) (277.23/277.23/277.23/277.23 s, 1.00) barrier(0.00 s) --- 
2021-12-12 22:10:24 Peak memory used across all nodes: 1010.29MB
2021-12-12 22:10:24 Finished in 279.72 s at 12/12/21 22:10:24 for SimCov version 0.1.1
