2021-12-11 09:51:03 SimCov version SimCov version 0.1.1- built on 20211127_074920
2021-12-11 09:51:03 _________________________
2021-12-11 09:51:03 Compiler definitions:
2021-12-11 09:51:03   _XOPEN_SOURCE=700
2021-12-11 09:51:03   CONFIG_USE_COLORS
2021-12-11 09:51:03   USE_BYTELL
2021-12-11 09:51:03   MAX_VIRIONS=125000
2021-12-11 09:51:03   MIN_VIRIONS=1e-10
2021-12-11 09:51:03   BLOCK_PARTITION
2021-12-11 09:51:03   MIN_BLOCKS_PER_PROC=1
2021-12-11 09:51:03   AVERAGE_SUBSAMPLE
2021-12-11 09:51:03 _________________________
2021-12-11 09:51:03 Options:
2021-12-11 09:51:03   dim =                         2828 2828 1
2021-12-11 09:51:03   whole-lung-dim =              48000 40000 20000
2021-12-11 09:51:03   timesteps =                   20160
2021-12-11 09:51:03   infection-coords =            uniform:4
2021-12-11 09:51:03   initial-infection =           1000
2021-12-11 09:51:03   incubation-period =           480
2021-12-11 09:51:03   apoptosis-period =            180
2021-12-11 09:51:03   expressing-period =           900
2021-12-11 09:51:03   infectivity =                 0.001
2021-12-11 09:51:03   virion-production =           1.1
2021-12-11 09:51:03   virion-clearance =            0.004
2021-12-11 09:51:03   virion-diffusion =            0.15
2021-12-11 09:51:03   chemokine-production =        1.0
2021-12-11 09:51:03   chemokine-decay =             0.01
2021-12-11 09:51:03   chemokine-diffusion =         1.0
2021-12-11 09:51:03   min-chemokine =               1e-6
2021-12-11 09:51:03   antibody-factor =             1
2021-12-11 09:51:03   antibody-period =             4320
2021-12-11 09:51:03   tcell-generation-rate =       105000
2021-12-11 09:51:03   tcell-initial-delay =         0
2021-12-11 09:51:03   tcell-vascular-period =       5760
2021-12-11 09:51:03   tcell-tissue-period =         1440
2021-12-11 09:51:03   tcell-binding-period =        10
2021-12-11 09:51:03   max-binding-prob =            1
2021-12-11 09:51:03   tcells-follow-gradient =      false
2021-12-11 09:51:03   seed =                        29
2021-12-11 09:51:03   sample-period =               5040
2021-12-11 09:51:03   sample-resolution =           1
2021-12-11 09:51:03   max-block-dim =               10
2021-12-11 09:51:03   output =                      foci-one
2021-12-11 09:51:03 _________________________
2021-12-11 09:51:03 Starting run with 24 processes on 1 node at 12/11/21 09:51:03
2021-12-11 09:51:03 Pinned processes, with process 0 (pid 21635) pinned to core 0
2021-12-11 09:51:03 Using block partitioning
2021-12-11 09:51:03 Initial free memory across all nodes: 45.60GB
2021-12-11 09:51:03 Starting with 45.60GB free on node 0
2021-12-11 09:51:03 Dividing 7997584 grid points into 163216 squares of size 49 (7^2), with 6801 per process
2021-12-11 09:51:03 Total initial memory required per process is at least 26.70MB with each grid point requiring on average 84 bytes
2021-12-11 09:51:05  --- Elapsed time for tissue.cpp:Tissue:  (exiting barrier) 2021-12-11 09:51:05 ...
2021-12-11 09:51:05           ... (min/my/avg/max, bal) (1.91/1.93/1.92/1.93 s, 0.99) barrier(0.00 s) --- 
2021-12-11 09:51:05 Memory used on node 0 after initialization is  795.22MB
2021-12-11 09:51:05           ... (min/my/avg/max, bal) No-Time barrier(0.00 s) --- 
2021-12-11 09:51:05 Fraction of circulating T cells extravasating is 2.0827e-07
2021-12-11 09:51:05 # datetime                    step    incb       expr       apop       dead       tvas       ttis       chem       virs       chempts    %infct     <%active  lbln>
2021-12-11 09:51:05 Time step 0: SUCCESSFUL initial infection at (942, 942, 0) after 0 tries
2021-12-11 09:51:05 [12/11/21 09:51:05    0.01s]: 0       4          0          0          0          0          0          0.00e+00   0.00e+00   4.00e+00   0.00       < 0.000 0.167 >
2021-12-11 09:51:11 Number of samples written 7997584
2021-12-11 09:51:12 [0] <main.cpp:164> WARNING: rem 0 local num 4375

2021-12-11 09:51:14 [12/11/21 09:51:14    8.68s]: 403     451        0          0          0          40864926   0          0.00e+00   8.04e+02   4.51e+02   0.01       < 0.241 0.914 >
2021-12-11 09:51:18 [12/11/21 09:51:18    3.64s]: 806     1058       409        0          0          78968201   8          2.54e-04   5.63e+04   3.54e+04   0.02       < 0.442 0.942 >
2021-12-11 09:51:25 [12/11/21 09:51:25    7.19s]: 1209    2516       1062       86         19         114496434  61         4.54e-04   1.57e+05   5.52e+04   0.05       < 0.690 0.937 >
2021-12-11 09:51:34 [12/11/21 09:51:34    9.62s]: 1612    2786       2465       374        716        147623696  142        8.32e-04   4.96e+05   6.49e+04   0.08       < 0.811 0.947 >
2021-12-11 09:51:46 [12/11/21 09:51:46   11.68s]: 2015    3627       3337       937        2223       178512177  289        1.19e-03   8.16e+05   7.71e+04   0.13       < 0.965 0.961 >
2021-12-11 09:52:00 [12/11/21 09:52:00   13.85s]: 2418    3724       3124       1420       5903       207313299  425        1.59e-03   9.90e+05   8.83e+04   0.18       < 1.104 0.969 >
2021-12-11 09:52:16 [12/11/21 09:52:16   15.91s]: 2821    4406       2735       1780       10230      234167883  597        1.93e-03   9.71e+05   1.01e+05   0.24       < 1.260 0.964 >
2021-12-11 09:52:34 [12/11/21 09:52:34   18.42s]: 3224    4578       2517       2050       15309      259207648  762        2.14e-03   9.29e+05   1.14e+05   0.31       < 1.424 0.972 >
2021-12-11 09:52:55 [12/11/21 09:52:55   20.85s]: 3627    4805       2327       2573       20812      282555147  970        2.24e-03   9.10e+05   1.27e+05   0.38       < 1.586 0.968 >
2021-12-11 09:53:16 [0] <main.cpp:700> WARNING: Hit boundary at (872, 2827, 0) 7983910 INCUBATING 472 937 181 virions 0.29233 chemokine 0.151599
2021-12-11 09:53:19 [12/11/21 09:53:19   23.88s]: 4030    4990       1842       3021       27121      304324711  1181       2.33e-03   8.46e+05   1.41e+05   0.46       < 1.758 0.982 >
2021-12-11 09:53:46 [12/11/21 09:53:46   26.61s]: 4433    4918       1508       3142       34155      324623042  1396       2.40e-03   7.32e+05   1.54e+05   0.55       < 1.923 0.973 >
2021-12-11 09:54:15 [12/11/21 09:54:15   29.51s]: 4836    4889       1093       3403       41509      343549609  1682       2.31e-03   6.21e+05   1.68e+05   0.64       < 2.099 0.966 >
2021-12-11 09:54:37 Number of samples written 7997584
2021-12-11 09:55:01 [12/11/21 09:55:01   46.12s]: 5239    4742       897        3253       49126      361197045  1985       2.22e-03   4.92e+05   1.81e+05   0.73       < 2.268 0.979 >
2021-12-11 09:55:44 [12/11/21 09:55:44   42.77s]: 5642    4831       703        3233       56703      377651816  2207       2.09e-03   4.07e+05   1.95e+05   0.82       < 2.436 0.982 >
2021-12-11 09:56:26 [12/11/21 09:56:26   42.03s]: 6045    4835       730        3411       64055      392994472  2523       2.06e-03   3.60e+05   2.08e+05   0.91       < 2.602 0.982 >
2021-12-11 09:57:11 [12/11/21 09:57:11   45.31s]: 6448    4844       727        3577       71865      407300292  2794       1.93e-03   3.42e+05   2.22e+05   1.01       < 2.784 0.981 >
2021-12-11 09:58:00 [12/11/21 09:58:00   48.62s]: 6851    4251       573        3513       80068      420639182  3053       1.88e-03   3.22e+05   2.35e+05   1.11       < 2.945 0.983 >
2021-12-11 09:58:52 [12/11/21 09:58:52   51.76s]: 7254    4042       389        3265       87972      433076507  3469       1.73e-03   2.62e+05   2.47e+05   1.20       < 3.104 0.985 >
2021-12-11 09:59:47 [12/11/21 09:59:47   54.91s]: 7657    3632       284        3106       95391      444673358  3719       1.38e-03   2.04e+05   2.60e+05   1.28       < 3.287 0.990 >
2021-12-11 10:01:00 [12/11/21 10:01:00   73.47s]: 8060    3182       247        2932       102245     455486260  4071       1.31e-03   1.71e+05   2.68e+05   1.36       < 3.441 0.986 >
2021-12-11 10:02:15 [12/11/21 10:02:15   75.16s]: 8463    2896       266        2589       108567     465568451  4308       1.17e-03   1.49e+05   2.76e+05   1.43       < 3.589 0.981 >
2021-12-11 10:03:32 [12/11/21 10:03:32   76.90s]: 8866    2421       123        2533       114416     474969351  4527       9.71e-04   1.22e+05   2.78e+05   1.49       < 3.735 0.979 >
2021-12-11 10:04:51 [12/11/21 10:04:51   78.84s]: 9269    1985       112        2120       119723     483734967  4599       7.61e-04   8.11e+04   2.76e+05   1.55       < 3.864 0.985 >
2021-12-11 10:06:10 [12/11/21 10:06:10   79.48s]: 9672    1681       80         1786       124209     491908163  4618       6.14e-04   6.81e+04   2.68e+05   1.60       < 3.994 0.989 >
2021-12-11 10:07:31 [12/11/21 10:07:31   80.14s]: 10075   1245       84         1512       128024     499529059  4546       5.22e-04   5.01e+04   2.66e+05   1.64       < 4.115 0.988 >
2021-12-11 10:07:38 Number of samples written 7997584
2021-12-11 10:08:48 [12/11/21 10:08:48   77.75s]: 10478   1009       52         1206       131202     506635028  4407       3.58e-04   3.85e+04   2.59e+05   1.67       < 4.231 0.984 >
2021-12-11 10:09:59 [12/11/21 10:09:59   70.84s]: 10881   620        37         893        133634     513260864  4180       2.59e-04   3.58e+04   2.50e+05   1.69       < 4.319 0.981 >
2021-12-11 10:11:09 [12/11/21 10:11:09   69.56s]: 11284   456        25         557        135390     519439025  3810       1.53e-04   1.88e+04   2.26e+05   1.71       < 4.393 0.981 >
2021-12-11 10:12:16 [12/11/21 10:12:16   67.04s]: 11687   268        18         377        136537     525199953  3256       8.84e-05   1.14e+04   2.00e+05   1.72       < 4.446 0.978 >
2021-12-11 10:13:18 [12/11/21 10:13:18   62.05s]: 12090   165        7          255        137281     530571760  2598       6.94e-05   6.44e+03   1.70e+05   1.72       < 4.459 0.989 >
2021-12-11 10:14:12 [12/11/21 10:14:12   53.73s]: 12493   182        4          185        137773     535580688  1846       4.37e-05   3.72e+03   1.63e+05   1.73       < 4.421 0.992 >
2021-12-11 10:15:04 [12/11/21 10:15:04   52.24s]: 12896   211        17         164        138179     540251049  1338       7.07e-05   5.06e+03   1.74e+05   1.73       < 4.298 0.990 >
2021-12-11 10:15:55 [12/11/21 10:15:55   50.73s]: 13299   222        10         224        138602     544605826  1075       8.36e-05   6.45e+03   1.85e+05   1.74       < 4.117 0.977 >
2021-12-11 10:16:44 [12/11/21 10:16:44   49.10s]: 13702   247        5          232        139105     548666251  1170       6.56e-05   5.67e+03   1.99e+05   1.75       < 3.848 0.986 >
2021-12-11 10:17:30 [12/11/21 10:17:30   46.54s]: 14105   296        11         287        139665     552452167  1420       7.66e-05   5.40e+03   2.00e+05   1.75       < 3.600 0.984 >
2021-12-11 10:18:32 [12/11/21 10:18:32   61.44s]: 14508   252        10         295        140352     555982198  1622       6.17e-05   5.28e+03   2.00e+05   1.76       < 3.376 0.974 >
2021-12-11 10:19:17 [12/11/21 10:19:17   45.83s]: 14911   193        3          225        140977     559273829  1623       4.94e-05   4.91e+03   1.74e+05   1.77       < 3.070 0.985 >
2021-12-11 10:19:45 Number of samples written 7997584
2021-12-11 10:20:04 [12/11/21 10:20:04   46.55s]: 15314   65         0          127        141463     562343170  1397       1.13e-05   1.68e+03   1.63e+05   1.77       < 2.754 0.970 >
2021-12-11 10:20:38 [12/11/21 10:20:38   34.42s]: 15717   49         0          71         141688     565205116  1070       1.35e-05   1.03e+03   1.59e+05   1.77       < 2.354 0.984 >
2021-12-11 10:21:08 [12/11/21 10:21:08   29.76s]: 16120   14         0          31         141836     567873714  712        5.26e-07   2.40e+02   1.52e+05   1.77       < 2.090 0.962 >
2021-12-11 10:21:35 [12/11/21 10:21:35   26.40s]: 16523   34         0          16         141885     570362029  488        6.29e-06   2.60e+02   1.51e+05   1.77       < 1.917 0.968 >
2021-12-11 10:22:06 [12/11/21 10:22:06   31.05s]: 16926   66         5          40         141917     572682151  368        3.03e-05   1.46e+03   1.49e+05   1.78       < 1.868 0.961 >
2021-12-11 10:22:36 [12/11/21 10:22:36   30.00s]: 17329   107        5          104        142038     574845561  278        2.17e-05   2.00e+03   1.51e+05   1.78       < 1.789 0.970 >
2021-12-11 10:22:58 [12/11/21 10:22:58   22.07s]: 17732   76         26         80         142239     576862754  250        3.38e-05   6.88e+03   1.51e+05   1.78       < 1.630 0.974 >
2021-12-11 10:23:18 [12/11/21 10:23:18   20.28s]: 18135   98         1          97         142454     578743606  251        1.99e-05   4.66e+03   1.52e+05   1.78       < 1.440 0.975 >
2021-12-11 10:23:36 [12/11/21 10:23:36   17.86s]: 18538   48         1          66         142685     580497311  276        1.51e-05   1.55e+03   1.52e+05   1.79       < 1.213 0.970 >
2021-12-11 10:23:55 [12/11/21 10:23:55   19.28s]: 18941   27         0          39         142826     582132528  284        2.02e-06   5.23e+02   1.51e+05   1.79       < 0.947 0.966 >
2021-12-11 10:24:10 [12/11/21 10:24:10   15.17s]: 19344   12         0          29         142906     583657146  294        4.95e-06   2.83e+02   1.50e+05   1.79       < 0.738 0.912 >
2021-12-11 10:24:23 [12/11/21 10:24:23   12.90s]: 19747   2          0          4          142959     585078864  266        8.37e-08   5.63e+01   1.48e+05   1.79       < 0.591 0.941 >
2021-12-11 10:24:32 [12/11/21 10:24:32    8.31s]: 20150   1          0          1          142968     586404479  223        9.90e-11   1.12e+01   1.43e+05   1.79       < 0.465 0.903 >
2021-12-11 10:24:32 [12/11/21 10:24:32    0.20s]: 20159   1          0          1          142968     586433044  217        4.44e-11   1.08e+01   1.43e+05   1.79       < 0.462 0.899 >
2021-12-11 10:24:38 Number of samples written 7997584
2021-12-11 10:24:39  ---  main.cpp:generate tcells took  avg 0.01 s max 0.01 s balance 0.86  --- 
2021-12-11 10:24:39  ---  main.cpp:update circulating tcells took  avg 2.74 s max 3.14 s balance 0.87  --- 
2021-12-11 10:24:39  ---  main.cpp:update tcells took  avg 103.82 s max 107.48 s balance 0.97  --- 
2021-12-11 10:24:39  ---  main.cpp:update epicells took  avg 29.18 s max 31.87 s balance 0.92  --- 
2021-12-11 10:24:39  ---  main.cpp:update concentrations took  avg 118.15 s max 125.79 s balance 0.94  --- 
2021-12-11 10:24:39  ---  main.cpp:compute updates took  avg 1065.55 s max 1065.86 s balance 1.00  --- 
2021-12-11 10:24:39  ---  main.cpp:dispatch updates took  avg 561.22 s max 597.58 s balance 0.94  --- 
2021-12-11 10:24:39  ---  main.cpp:add new actives took  avg 9.83 s max 11.09 s balance 0.89  --- 
2021-12-11 10:24:39  ---  main.cpp:erase inactive took  avg 64.56 s max 76.66 s balance 0.84  --- 
2021-12-11 10:24:39  ---  main.cpp:sample took  avg 34.28 s max 34.32 s balance 1.00  --- 
2021-12-11 10:24:39  ---  main.cpp:sample write took  avg 1.58 s max 1.81 s balance 0.88  --- 
2021-12-11 10:24:39  ---  main.cpp:log took  avg 19.43 s max 21.34 s balance 0.91  --- 
2021-12-11 10:24:39 Finished 20160 time steps in 2013.5289 s (0.0999 s per step)
2021-12-11 10:24:39  --- Elapsed time for main.cpp:run_sim:  (exiting barrier) 2021-12-11 10:24:39 ...
2021-12-11 10:24:39           ... (min/my/avg/max, bal) (2013.52/2013.53/2013.52/2013.53 s, 1.00) barrier(0.01 s) --- 
2021-12-11 10:24:39 Peak memory used across all nodes: 1.07GB
2021-12-11 10:24:39 Finished in 2015.86 s at 12/11/21 10:24:39 for SimCov version 0.1.1
