2021-12-12 18:59:06 SimCov version SimCov version 0.1.1- built on 20211127_074920
2021-12-12 18:59:06 _________________________
2021-12-12 18:59:06 Compiler definitions:
2021-12-12 18:59:06   _XOPEN_SOURCE=700
2021-12-12 18:59:06   CONFIG_USE_COLORS
2021-12-12 18:59:06   USE_BYTELL
2021-12-12 18:59:06   MAX_VIRIONS=125000
2021-12-12 18:59:06   MIN_VIRIONS=1e-10
2021-12-12 18:59:06   BLOCK_PARTITION
2021-12-12 18:59:06   MIN_BLOCKS_PER_PROC=1
2021-12-12 18:59:06   AVERAGE_SUBSAMPLE
2021-12-12 18:59:06 _________________________
2021-12-12 18:59:06 Options:
2021-12-12 18:59:06   dim =                         2828 2828 1
2021-12-12 18:59:06   whole-lung-dim =              48000 40000 20000
2021-12-12 18:59:06   timesteps =                   20160
2021-12-12 18:59:06   infection-coords =            uniform:4
2021-12-12 18:59:06   initial-infection =           1000
2021-12-12 18:59:06   incubation-period =           480
2021-12-12 18:59:06   apoptosis-period =            180
2021-12-12 18:59:06   expressing-period =           900
2021-12-12 18:59:06   infectivity =                 0.001
2021-12-12 18:59:06   virion-production =           1.1
2021-12-12 18:59:06   virion-clearance =            0.004
2021-12-12 18:59:06   virion-diffusion =            0.15
2021-12-12 18:59:06   chemokine-production =        1.0
2021-12-12 18:59:06   chemokine-decay =             0.01
2021-12-12 18:59:06   chemokine-diffusion =         1.0
2021-12-12 18:59:06   min-chemokine =               1e-6
2021-12-12 18:59:06   antibody-factor =             1
2021-12-12 18:59:06   antibody-period =             4320
2021-12-12 18:59:06   tcell-generation-rate =       105000
2021-12-12 18:59:06   tcell-initial-delay =         0
2021-12-12 18:59:06   tcell-vascular-period =       5760
2021-12-12 18:59:06   tcell-tissue-period =         1440
2021-12-12 18:59:06   tcell-binding-period =        10
2021-12-12 18:59:06   max-binding-prob =            1
2021-12-12 18:59:06   tcells-follow-gradient =      false
2021-12-12 18:59:06   seed =                        29
2021-12-12 18:59:06   sample-period =               5040
2021-12-12 18:59:06   sample-resolution =           1
2021-12-12 18:59:06   max-block-dim =               10
2021-12-12 18:59:06   output =                      foci-4
2021-12-12 18:59:06 _________________________
2021-12-12 18:59:06 Starting run with 24 processes on 1 node at 12/12/21 18:59:06
2021-12-12 18:59:06 Pinned processes, with process 0 (pid 26279) pinned to core 0
2021-12-12 18:59:06 Using block partitioning
2021-12-12 18:59:06 Initial free memory across all nodes: 45.53GB
2021-12-12 18:59:06 Starting with 45.53GB free on node 0
2021-12-12 18:59:06 Dividing 7997584 grid points into 163216 squares of size 49 (7^2), with 6801 per process
2021-12-12 18:59:06 Total initial memory required per process is at least 26.70MB with each grid point requiring on average 84 bytes
2021-12-12 18:59:08  --- Elapsed time for tissue.cpp:Tissue:  (exiting barrier) 2021-12-12 18:59:08 ...
2021-12-12 18:59:08           ... (min/my/avg/max, bal) (1.96/1.99/1.98/1.99 s, 0.99) barrier(0.00 s) --- 
2021-12-12 18:59:08 Memory used on node 0 after initialization is  794.53MB
2021-12-12 18:59:08           ... (min/my/avg/max, bal) No-Time barrier(0.00 s) --- 
2021-12-12 18:59:08 Fraction of circulating T cells extravasating is 2.0827e-07
2021-12-12 18:59:08 # datetime                    step    incb       expr       apop       dead       tvas       ttis       chem       virs       chempts    %infct     <%active  lbln>
2021-12-12 18:59:08 Time step 0: SUCCESSFUL initial infection at (942, 942, 0) after 0 tries
2021-12-12 18:59:08 [12/12/21 18:59:08    0.00s]: 0       4          0          0          0          0          0          0.00e+00   0.00e+00   4.00e+00   0.00       < 0.000 0.167 >
2021-12-12 18:59:14 Number of samples written 7997584
2021-12-12 18:59:15 [0] <main.cpp:164> WARNING: rem 0 local num 4375

2021-12-12 18:59:17 [12/12/21 18:59:17    8.51s]: 403     449        0          0          0          40864996   0          0.00e+00   8.04e+02   4.49e+02   0.01       < 0.241 0.914 >
2021-12-12 18:59:22 [12/12/21 18:59:22    4.90s]: 806     1049       387        0          0          78968340   5          2.53e-04   5.33e+04   3.53e+04   0.02       < 0.441 0.947 >
2021-12-12 18:59:31 [12/12/21 18:59:31    9.51s]: 1209    2482       1018       105        23         114496681  57         4.38e-04   1.55e+05   5.48e+04   0.05       < 0.685 0.955 >
2021-12-12 18:59:44 [12/12/21 18:59:44   12.46s]: 1612    2743       2389       404        757        147623941  135        8.31e-04   4.77e+05   6.41e+04   0.08       < 0.802 0.955 >
2021-12-12 18:59:56 [12/12/21 18:59:56   12.24s]: 2015    3669       3108       979        2232       178512480  245        1.21e-03   7.91e+05   7.69e+04   0.12       < 0.961 0.973 >
2021-12-12 19:00:10 [12/12/21 19:00:10   14.45s]: 2418    3970       2982       1524       5773       207313528  391        1.59e-03   9.67e+05   8.87e+04   0.18       < 1.110 0.975 >
2021-12-12 19:00:27 [12/12/21 19:00:27   16.92s]: 2821    4608       3079       1653       9947       234168161  532        1.97e-03   1.01e+06   1.01e+05   0.24       < 1.264 0.959 >
2021-12-12 19:00:47 [12/12/21 19:00:47   19.39s]: 3224    4908       2922       2502       14696      259207895  729        2.22e-03   1.07e+06   1.15e+05   0.31       < 1.440 0.978 >
2021-12-12 19:01:08 [12/12/21 19:01:08   21.62s]: 3627    4854       2317       2854       21124      282555423  951        2.39e-03   1.01e+06   1.28e+05   0.39       < 1.602 0.966 >
2021-12-12 19:01:33 [12/12/21 19:01:33   24.59s]: 4030    5148       1783       3092       27756      304325090  1164       2.49e-03   8.58e+05   1.42e+05   0.47       < 1.780 0.981 >
2021-12-12 19:01:59 [0] <main.cpp:700> WARNING: Hit boundary at (869, 2827, 0) 7983907 INCUBATING 517 927 188 virions 0.0307636 chemokine 0.0487847
2021-12-12 19:02:00 [12/12/21 19:02:00   27.15s]: 4433    5243       1401       3308       34909      324623491  1443       2.51e-03   7.31e+05   1.57e+05   0.56       < 1.960 0.981 >
2021-12-12 19:02:30 [12/12/21 19:02:30   30.14s]: 4836    5157       1391       3417       42449      343550070  1689       2.40e-03   6.35e+05   1.71e+05   0.66       < 2.136 0.976 >
2021-12-12 19:02:53 Number of samples written 7997584
2021-12-12 19:03:16 [12/12/21 19:03:16   46.17s]: 5239    4929       912        3584       50412      361197442  1979       2.38e-03   5.61e+05   1.84e+05   0.75       < 2.308 0.979 >
2021-12-12 19:04:07 [12/12/21 19:04:07   50.52s]: 5642    4901       612        3583       58534      377652168  2307       2.18e-03   4.24e+05   1.99e+05   0.85       < 2.485 0.984 >
2021-12-12 19:05:01 [12/12/21 19:05:01   54.12s]: 6045    4759       543        3586       66632      392994768  2637       1.95e-03   3.22e+05   2.13e+05   0.94       < 2.667 0.986 >
2021-12-12 19:05:48 [12/12/21 19:05:48   47.14s]: 6448    4543       504        3441       74607      407300472  2927       1.92e-03   2.78e+05   2.26e+05   1.04       < 2.828 0.984 >
2021-12-12 19:06:39 [12/12/21 19:06:39   50.50s]: 6851    4130       392        3596       82578      420639382  3184       1.71e-03   2.37e+05   2.42e+05   1.13       < 3.027 0.990 >
2021-12-12 19:07:34 [12/12/21 19:07:34   55.07s]: 7254    4026       339        3347       90297      433076716  3511       1.68e-03   2.14e+05   2.52e+05   1.23       < 3.160 0.988 >
2021-12-12 19:08:31 [12/12/21 19:08:31   57.17s]: 7657    3983       386        3233       97666      444673409  3815       1.56e-03   1.93e+05   2.65e+05   1.32       < 3.339 0.987 >
2021-12-12 19:09:31 [12/12/21 19:09:31   60.27s]: 8060    3631       291        3258       105036     455486404  4118       1.47e-03   1.94e+05   2.77e+05   1.40       < 3.502 0.986 >
2021-12-12 19:10:34 [12/12/21 19:10:34   63.09s]: 8463    3036       245        2984       112243     465568465  4445       1.29e-03   1.59e+05   2.87e+05   1.48       < 3.658 0.990 >
2021-12-12 19:11:36 [12/12/21 19:11:36   61.97s]: 8866    2525       133        2606       118842     474969326  4706       9.44e-04   1.13e+05   2.96e+05   1.55       < 3.820 0.990 >
2021-12-12 19:12:41 [12/12/21 19:12:41   64.42s]: 9269    2031       101        2176       124425     483734682  4913       7.95e-04   8.64e+04   3.00e+05   1.61       < 3.965 0.973 >
2021-12-12 19:13:47 [12/12/21 19:13:47   66.36s]: 9672    1568       89         1792       129076     491907761  4974       4.98e-04   5.99e+04   3.00e+05   1.66       < 4.117 0.982 >
2021-12-12 19:14:54 [12/12/21 19:14:54   67.47s]: 10075   948        70         1344       132812     499528438  5057       3.56e-04   4.78e+04   2.90e+05   1.69       < 4.250 0.982 >
2021-12-12 19:15:01 Number of samples written 7997584
2021-12-12 19:16:18 [12/12/21 19:16:18   83.59s]: 10478   640        10         918        135502     506634302  4966       1.98e-04   2.78e+04   2.75e+05   1.71       < 4.366 0.992 >
