2021-12-12 19:16:48 SimCov version SimCov version 0.1.1- built on 20211127_074920
2021-12-12 19:16:48 _________________________
2021-12-12 19:16:48 Compiler definitions:
2021-12-12 19:16:48   _XOPEN_SOURCE=700
2021-12-12 19:16:48   CONFIG_USE_COLORS
2021-12-12 19:16:48   USE_BYTELL
2021-12-12 19:16:48   MAX_VIRIONS=125000
2021-12-12 19:16:48   MIN_VIRIONS=1e-10
2021-12-12 19:16:48   BLOCK_PARTITION
2021-12-12 19:16:48   MIN_BLOCKS_PER_PROC=1
2021-12-12 19:16:48   AVERAGE_SUBSAMPLE
2021-12-12 19:16:48 _________________________
2021-12-12 19:16:48 Options:
2021-12-12 19:16:48   dim =                         2828 2828 1
2021-12-12 19:16:48   whole-lung-dim =              48000 40000 20000
2021-12-12 19:16:48   timesteps =                   20160
2021-12-12 19:16:48   infection-coords =            uniform:4
2021-12-12 19:16:48   initial-infection =           1000
2021-12-12 19:16:48   incubation-period =           480
2021-12-12 19:16:48   apoptosis-period =            180
2021-12-12 19:16:48   expressing-period =           900
2021-12-12 19:16:48   infectivity =                 0.001
2021-12-12 19:16:48   virion-production =           1.1
2021-12-12 19:16:48   virion-clearance =            0.004
2021-12-12 19:16:48   virion-diffusion =            0.15
2021-12-12 19:16:48   chemokine-production =        1.0
2021-12-12 19:16:48   chemokine-decay =             0.01
2021-12-12 19:16:48   chemokine-diffusion =         1.0
2021-12-12 19:16:48   min-chemokine =               1e-6
2021-12-12 19:16:48   antibody-factor =             1
2021-12-12 19:16:48   antibody-period =             4320
2021-12-12 19:16:48   tcell-generation-rate =       105000
2021-12-12 19:16:48   tcell-initial-delay =         0
2021-12-12 19:16:48   tcell-vascular-period =       5760
2021-12-12 19:16:48   tcell-tissue-period =         1440
2021-12-12 19:16:48   tcell-binding-period =        10
2021-12-12 19:16:48   max-binding-prob =            1
2021-12-12 19:16:48   tcells-follow-gradient =      false
2021-12-12 19:16:48   seed =                        29
2021-12-12 19:16:48   sample-period =               5040
2021-12-12 19:16:48   sample-resolution =           1
2021-12-12 19:16:48   max-block-dim =               10
2021-12-12 19:16:48   output =                      foci-4
2021-12-12 19:16:48 _________________________
2021-12-12 19:16:48 Starting run with 24 processes on 1 node at 12/12/21 19:16:48
2021-12-12 19:16:48 Pinned processes, with process 0 (pid 20936) pinned to core 0
2021-12-12 19:16:48 Using block partitioning
2021-12-12 19:16:48 Initial free memory across all nodes: 45.61GB
2021-12-12 19:16:48 Starting with 45.61GB free on node 0
2021-12-12 19:16:48 Dividing 7997584 grid points into 163216 squares of size 49 (7^2), with 6801 per process
2021-12-12 19:16:48 Total initial memory required per process is at least 26.70MB with each grid point requiring on average 84 bytes
2021-12-12 19:16:50  --- Elapsed time for tissue.cpp:Tissue:  (exiting barrier) 2021-12-12 19:16:50 ...
2021-12-12 19:16:50           ... (min/my/avg/max, bal) (1.92/1.95/1.93/1.95 s, 0.99) barrier(0.00 s) --- 
2021-12-12 19:16:50 Memory used on node 0 after initialization is  795.11MB
2021-12-12 19:16:50           ... (min/my/avg/max, bal) No-Time barrier(0.00 s) --- 
2021-12-12 19:16:50 Fraction of circulating T cells extravasating is 2.0827e-07
2021-12-12 19:16:50 # datetime                    step    incb       expr       apop       dead       tvas       ttis       chem       virs       chempts    %infct     <%active  lbln>
2021-12-12 19:16:50 Time step 0: SUCCESSFUL initial infection at (942, 942, 0) after 0 tries
2021-12-12 19:16:50 [12/12/21 19:16:50    0.01s]: 0       4          0          0          0          0          0          0.00e+00   0.00e+00   4.00e+00   0.00       < 0.000 0.167 >
2021-12-12 19:16:56 Number of samples written 7997584
2021-12-12 19:16:57 [0] <main.cpp:164> WARNING: rem 0 local num 4375

2021-12-12 19:16:59 [12/12/21 19:16:59    8.64s]: 403     453        0          0          0          40864921   0          0.00e+00   8.04e+02   4.53e+02   0.01       < 0.241 0.914 >
2021-12-12 19:17:04 [12/12/21 19:17:04    4.95s]: 806     1078       406        7          0          78968196   5          2.58e-04   5.67e+04   3.53e+04   0.02       < 0.441 0.930 >
2021-12-12 19:17:11 [12/12/21 19:17:11    7.43s]: 1209    2432       994        173        110        114496538  63         4.41e-04   1.53e+05   5.57e+04   0.05       < 0.696 0.940 >
2021-12-12 19:17:21 [12/12/21 19:17:21    9.66s]: 1612    2716       1972       601        1078       147623790  145        8.37e-04   4.45e+05   6.52e+04   0.08       < 0.815 0.934 >
2021-12-12 19:17:33 [12/12/21 19:17:33   11.68s]: 2015    3675       2560       1142       2786       178512252  270        1.20e-03   6.87e+05   7.75e+04   0.13       < 0.969 0.969 >
2021-12-12 19:17:46 [12/12/21 19:17:46   13.80s]: 2418    4009       2750       1396       6246       207313227  413        1.61e-03   8.61e+05   8.92e+04   0.18       < 1.116 0.964 >
2021-12-12 19:18:03 [12/12/21 19:18:03   16.45s]: 2821    4512       2765       2007       10348      234167873  587        1.93e-03   9.36e+05   1.02e+05   0.25       < 1.281 0.970 >
2021-12-12 19:18:22 [12/12/21 19:18:22   18.71s]: 3224    4641       2499       2258       15708      259207659  752        2.14e-03   9.47e+05   1.15e+05   0.31       < 1.441 0.977 >
2021-12-12 19:18:43 [12/12/21 19:18:43   20.93s]: 3627    4820       1986       2753       21531      282555197  939        2.36e-03   8.93e+05   1.28e+05   0.39       < 1.598 0.982 >
2021-12-12 19:18:56 [0] <main.cpp:700> WARNING: Hit boundary at (874, 2827, 0) 7983912 INCUBATING 475 910 203 virions 5.8212 chemokine 0.567941
2021-12-12 19:19:06 [12/12/21 19:19:06   23.89s]: 4030    5275       1701       3064       27758      304324846  1176       2.42e-03   7.91e+05   1.42e+05   0.47       < 1.781 0.978 >
2021-12-12 19:19:33 [12/12/21 19:19:33   26.59s]: 4433    5328       1535       3173       34808      324623314  1438       2.44e-03   7.26e+05   1.56e+05   0.56       < 1.955 0.981 >
2021-12-12 19:20:02 [12/12/21 19:20:02   29.35s]: 4836    5060       1247       3468       42558      343549838  1732       2.32e-03   6.39e+05   1.70e+05   0.65       < 2.129 0.974 >
2021-12-12 19:20:24 Number of samples written 7997584
2021-12-12 19:20:49 [12/12/21 19:20:49   46.51s]: 5239    4775       986        3432       50392      361197247  1991       2.27e-03   5.38e+05   1.83e+05   0.75       < 2.293 0.987 >
2021-12-12 19:21:37 [12/12/21 19:21:37   48.54s]: 5642    4586       697        3369       58148      377651994  2231       2.19e-03   4.23e+05   1.97e+05   0.84       < 2.469 0.981 >
2021-12-12 19:22:20 [12/12/21 19:22:20   42.81s]: 6045    4550       699        3399       65613      392994498  2563       2.00e-03   3.62e+05   2.11e+05   0.93       < 2.649 0.979 >
2021-12-12 19:23:06 [12/12/21 19:23:06   45.83s]: 6448    4666       640        3265       73269      407300334  2818       1.98e-03   3.37e+05   2.23e+05   1.02       < 2.810 0.986 >
2021-12-12 19:23:55 [12/12/21 19:23:55   48.74s]: 6851    4435       578        3472       80936      420639190  3094       1.89e-03   3.10e+05   2.36e+05   1.12       < 2.987 0.980 >
2021-12-12 19:25:03 [12/12/21 19:25:03   68.07s]: 7254    4089       509        3440       88619      433076614  3362       1.82e-03   2.82e+05   2.49e+05   1.21       < 3.153 0.981 >
2021-12-12 19:26:01 [12/12/21 19:26:01   57.95s]: 7657    3895       469        3254       96076      444673526  3579       1.73e-03   2.51e+05   2.60e+05   1.30       < 3.318 0.991 >
2021-12-12 19:27:19 [12/12/21 19:27:19   77.77s]: 8060    3934       296        3418       103286     455486525  3907       1.66e-03   2.26e+05   2.73e+05   1.39       < 3.487 0.984 >
2021-12-12 19:28:40 [12/12/21 19:28:40   81.38s]: 8463    3352       241        3115       110866     465568624  4285       1.42e-03   1.79e+05   2.86e+05   1.47       < 3.655 0.981 >
2021-12-12 19:29:46 [12/12/21 19:29:46   66.06s]: 8866    3271       168        2951       117727     474969366  4682       1.17e-03   1.34e+05   2.96e+05   1.55       < 3.806 0.977 >
2021-12-12 19:30:55 [12/12/21 19:30:55   68.48s]: 9269    2608       167        2706       124304     483734798  4963       9.67e-04   1.05e+05   3.03e+05   1.62       < 3.959 0.988 >
2021-12-12 19:32:14 [12/12/21 19:32:14   79.75s]: 9672    2292       143        2188       130049     491907849  5142       7.76e-04   8.98e+04   3.05e+05   1.68       < 4.113 0.986 >
2021-12-12 19:33:39 [12/12/21 19:33:39   84.43s]: 10075   1679       97         1943       134978     499528562  5134       6.79e-04   8.21e+04   3.03e+05   1.73       < 4.253 0.979 >
2021-12-12 19:33:46 Number of samples written 7997584
2021-12-12 19:35:17 [12/12/21 19:35:17   98.53s]: 10478   1470       52         1665       139037     506634339  5062       4.93e-04   5.11e+04   2.91e+05   1.78       < 4.392 0.982 >
2021-12-12 19:36:49 [12/12/21 19:36:49   91.33s]: 10881   1082       33         1286       142600     513259954  4983       3.32e-04   3.27e+04   2.83e+05   1.81       < 4.533 0.988 >
2021-12-12 19:38:01 [12/12/21 19:38:01   72.94s]: 11284   829        49         969        145278     519438075  4628       2.49e-04   2.56e+04   2.74e+05   1.84       < 4.642 0.988 >
2021-12-12 19:39:13 [12/12/21 19:39:13   71.38s]: 11687   526        45         813        147285     525198733  4250       2.10e-04   2.79e+04   2.63e+05   1.86       < 4.734 0.991 >
2021-12-12 19:40:19 [12/12/21 19:40:19   66.21s]: 12090   335        3          494        148903     530570217  3742       8.73e-05   1.45e+04   2.31e+05   1.87       < 4.805 0.987 >
2021-12-12 19:41:20 [12/12/21 19:41:20   60.97s]: 12493   166        4          293        149856     535578851  3152       8.01e-05   7.64e+03   2.08e+05   1.88       < 4.841 0.990 >
2021-12-12 19:42:16 [12/12/21 19:42:16   56.21s]: 12896   115        1          196        150426     540249290  2440       2.20e-05   3.01e+03   1.90e+05   1.88       < 4.799 0.990 >
2021-12-12 19:43:10 [12/12/21 19:43:10   53.45s]: 13299   45         2          92         150793     544604237  1782       9.99e-06   8.79e+02   1.80e+05   1.89       < 4.693 0.988 >
2021-12-12 19:44:00 [12/12/21 19:44:00   49.96s]: 13702   27         0          63         150966     548664958  1216       3.72e-06   5.72e+02   1.66e+05   1.89       < 4.496 0.987 >
2021-12-12 19:44:46 [12/12/21 19:44:46   46.42s]: 14105   17         1          24         151072     552451276  826        5.96e-06   2.79e+02   1.65e+05   1.89       < 4.274 0.990 >
2021-12-12 19:45:29 [12/12/21 19:45:29   43.39s]: 14508   29         3          14         151120     555981762  580        1.96e-05   6.61e+02   1.59e+05   1.89       < 4.002 0.985 >
2021-12-12 19:46:10 [12/12/21 19:46:10   40.12s]: 14911   57         4          43         151177     559273696  435        2.17e-05   1.31e+03   1.64e+05   1.89       < 3.615 0.976 >
2021-12-12 19:46:34 Number of samples written 7997584
2021-12-12 19:47:00 [12/12/21 19:47:00   50.14s]: 15314   52         0          70         151291     562343180  401        2.24e-05   1.52e+03   1.62e+05   1.89       < 3.186 0.976 >
2021-12-12 19:47:46 [12/12/21 19:47:46   46.45s]: 15717   24         0          43         151425     565205222  399        8.04e-07   3.56e+02   1.60e+05   1.89       < 2.681 0.968 >
2021-12-12 19:48:24 [12/12/21 19:48:24   37.75s]: 16120   8          0          18         151500     567873797  399        6.33e-06   2.90e+02   1.58e+05   1.89       < 2.082 0.974 >
2021-12-12 19:48:52 [12/12/21 19:48:52   28.06s]: 16523   4          0          9          151540     570362099  323        2.08e-07   7.35e+01   1.58e+05   1.89       < 1.552 0.958 >
2021-12-12 19:49:14 [12/12/21 19:49:14   21.67s]: 16926   0          0          6          151555     572682270  240        1.77e-09   1.46e+01   1.53e+05   1.90       < 1.145 0.950 >
2021-12-12 19:49:29 [12/12/21 19:49:29   15.70s]: 17329   0          0          0          151561     574845705  123        0.00e+00   2.91e+00   1.52e+05   1.90       < 0.882 0.935 >
2021-12-12 19:49:42 [12/12/21 19:49:42   12.76s]: 17732   1          0          0          151562     576862931  69         0.00e+00   5.78e-01   1.52e+05   1.90       < 0.650 0.912 >
2021-12-12 19:49:52 [12/12/21 19:49:52    9.89s]: 18135   0          0          0          151563     578743782  17         0.00e+00   1.15e-01   1.52e+05   1.90       < 0.494 0.935 >
2021-12-12 19:50:00 [12/12/21 19:50:00    8.12s]: 18538   0          0          0          151563     580497525  0          0.00e+00   2.28e-02   1.52e+05   1.90       < 0.399 0.933 >
2021-12-12 19:50:07 [12/12/21 19:50:07    7.03s]: 18941   0          0          0          151563     582132733  0          0.00e+00   4.54e-03   1.52e+05   1.90       < 0.336 0.888 >
2021-12-12 19:50:13 [12/12/21 19:50:13    5.95s]: 19344   0          0          0          151563     583657462  0          0.00e+00   9.01e-04   1.52e+05   1.90       < 0.261 0.924 >
2021-12-12 19:50:18 [12/12/21 19:50:18    5.21s]: 19747   0          0          0          151563     585079087  0          0.00e+00   1.78e-04   1.52e+05   1.90       < 0.205 0.928 >
2021-12-12 19:50:23 [12/12/21 19:50:23    4.74s]: 20150   0          0          0          151563     586404754  0          0.00e+00   3.46e-05   1.52e+05   1.90       < 0.151 0.856 >
2021-12-12 19:50:23 [12/12/21 19:50:23    0.10s]: 20159   0          0          0          151563     586433321  0          0.00e+00   3.33e-05   1.52e+05   1.90       < 0.150 0.849 >
2021-12-12 19:50:30 Number of samples written 7997584
2021-12-12 19:50:30  ---  main.cpp:generate tcells took  avg 0.01 s max 0.01 s balance 0.87  --- 
2021-12-12 19:50:30  ---  main.cpp:update circulating tcells took  avg 2.53 s max 2.73 s balance 0.93  --- 
2021-12-12 19:50:30  ---  main.cpp:update tcells took  avg 103.86 s max 107.46 s balance 0.97  --- 
2021-12-12 19:50:30  ---  main.cpp:update epicells took  avg 27.02 s max 29.10 s balance 0.93  --- 
2021-12-12 19:50:30  ---  main.cpp:update concentrations took  avg 115.30 s max 125.16 s balance 0.92  --- 
2021-12-12 19:50:30  ---  main.cpp:compute updates took  avg 1059.48 s max 1059.74 s balance 1.00  --- 
2021-12-12 19:50:30  ---  main.cpp:dispatch updates took  avg 561.73 s max 604.48 s balance 0.93  --- 
2021-12-12 19:50:30  ---  main.cpp:add new actives took  avg 10.35 s max 10.74 s balance 0.96  --- 
2021-12-12 19:50:30  ---  main.cpp:erase inactive took  avg 64.80 s max 78.66 s balance 0.82  --- 
2021-12-12 19:50:30  ---  main.cpp:sample took  avg 33.65 s max 33.69 s balance 1.00  --- 
2021-12-12 19:50:30  ---  main.cpp:sample write took  avg 1.79 s max 2.03 s balance 0.88  --- 
2021-12-12 19:50:30  ---  main.cpp:log took  avg 17.23 s max 18.67 s balance 0.92  --- 
2021-12-12 19:50:30 Finished 20160 time steps in 2019.9081 s (0.1002 s per step)
2021-12-12 19:50:30  --- Elapsed time for main.cpp:run_sim:  (exiting barrier) 2021-12-12 19:50:30 ...
2021-12-12 19:50:30           ... (min/my/avg/max, bal) (2019.91/2019.91/2019.91/2019.91 s, 1.00) barrier(0.00 s) --- 
2021-12-12 19:50:31 Peak memory used across all nodes: 1.09GB
2021-12-12 19:50:31 Finished in 2022.34 s at 12/12/21 19:50:31 for SimCov version 0.1.1
