2021-12-12 13:59:58 SimCov version SimCov version 0.1.1- built on 20211127_074920
2021-12-12 13:59:58 _________________________
2021-12-12 13:59:58 Compiler definitions:
2021-12-12 13:59:58   _XOPEN_SOURCE=700
2021-12-12 13:59:58   CONFIG_USE_COLORS
2021-12-12 13:59:58   USE_BYTELL
2021-12-12 13:59:58   MAX_VIRIONS=125000
2021-12-12 13:59:58   MIN_VIRIONS=1e-10
2021-12-12 13:59:58   BLOCK_PARTITION
2021-12-12 13:59:58   MIN_BLOCKS_PER_PROC=1
2021-12-12 13:59:58   AVERAGE_SUBSAMPLE
2021-12-12 13:59:58 _________________________
2021-12-12 13:59:58 Options:
2021-12-12 13:59:58   dim =                         2828 2828 1
2021-12-12 13:59:58   whole-lung-dim =              48000 40000 20000
2021-12-12 13:59:58   timesteps =                   20160
2021-12-12 13:59:58   infection-coords =            uniform:1
2021-12-12 13:59:58   initial-infection =           1000
2021-12-12 13:59:58   incubation-period =           480
2021-12-12 13:59:58   apoptosis-period =            180
2021-12-12 13:59:58   expressing-period =           900
2021-12-12 13:59:58   infectivity =                 0.001
2021-12-12 13:59:58   virion-production =           1.1
2021-12-12 13:59:58   virion-clearance =            0.004
2021-12-12 13:59:58   virion-diffusion =            0.15
2021-12-12 13:59:58   chemokine-production =        1.0
2021-12-12 13:59:58   chemokine-decay =             0.01
2021-12-12 13:59:58   chemokine-diffusion =         1.0
2021-12-12 13:59:58   min-chemokine =               1e-6
2021-12-12 13:59:58   antibody-factor =             1
2021-12-12 13:59:58   antibody-period =             4320
2021-12-12 13:59:58   tcell-generation-rate =       105000
2021-12-12 13:59:58   tcell-initial-delay =         0
2021-12-12 13:59:58   tcell-vascular-period =       5760
2021-12-12 13:59:58   tcell-tissue-period =         1440
2021-12-12 13:59:58   tcell-binding-period =        10
2021-12-12 13:59:58   max-binding-prob =            1
2021-12-12 13:59:58   tcells-follow-gradient =      false
2021-12-12 13:59:58   seed =                        29
2021-12-12 13:59:58   sample-period =               0
2021-12-12 13:59:58   sample-resolution =           1
2021-12-12 13:59:58   max-block-dim =               10
2021-12-12 13:59:58   output =                      naive
2021-12-12 13:59:58 _________________________
2021-12-12 13:59:58 Starting run with 24 processes on 1 node at 12/12/21 13:59:58
2021-12-12 13:59:58 Pinned processes, with process 0 (pid 11109) pinned to core 0
2021-12-12 13:59:58 Using block partitioning
2021-12-12 13:59:58 Initial free memory across all nodes: 45.53GB
2021-12-12 13:59:58 Starting with 45.53GB free on node 0
2021-12-12 13:59:58 Dividing 7997584 grid points into 163216 squares of size 49 (7^2), with 6801 per process
2021-12-12 13:59:58 Total initial memory required per process is at least 26.70MB with each grid point requiring on average 84 bytes
2021-12-12 14:00:00  --- Elapsed time for tissue.cpp:Tissue:  (exiting barrier) 2021-12-12 14:00:00 ...
2021-12-12 14:00:00           ... (min/my/avg/max, bal) (1.85/1.88/1.86/1.88 s, 0.99) barrier(0.00 s) --- 
2021-12-12 14:00:00 Memory used on node 0 after initialization is  793.82MB
2021-12-12 14:00:00           ... (min/my/avg/max, bal) No-Time barrier(0.00 s) --- 
2021-12-12 14:00:00 Fraction of circulating T cells extravasating is 2.0827e-07
2021-12-12 14:00:00 # datetime                    step    incb       expr       apop       dead       tvas       ttis       chem       virs       chempts    %infct     <%active  lbln>
2021-12-12 14:00:00 Time step 0: SUCCESSFUL initial infection at (1414, 1414, 0) after 0 tries
2021-12-12 14:00:00 [12/12/21 14:00:00    0.01s]: 0       1          0          0          0          0          0          0.00e+00   0.00e+00   1.00e+00   0.00       < 0.000 0.042 >
2021-12-12 14:00:00 [0] <main.cpp:164> WARNING: rem 0 local num 4375

2021-12-12 14:00:01 [12/12/21 14:00:01    0.59s]: 403     121        0          0          0          40864962   0          0.00e+00   1.99e+02   1.21e+02   0.00       < 0.068 0.826 >
2021-12-12 14:00:02 [12/12/21 14:00:02    1.25s]: 806     310        102        10         1          78968281   4          7.70e-05   1.49e+04   1.02e+04   0.01       < 0.128 0.881 >
2021-12-12 14:00:04 [12/12/21 14:00:04    2.09s]: 1209    651        292        26         39         114496584  16         1.18e-04   4.33e+04   1.58e+04   0.01       < 0.198 0.897 >
2021-12-12 14:00:07 [12/12/21 14:00:07    2.57s]: 1612    829        591        133        249        147623904  38         2.36e-04   1.31e+05   1.84e+04   0.02       < 0.230 0.933 >
2021-12-12 14:00:10 [12/12/21 14:00:10    3.10s]: 2015    1122       828        267        683        178512460  80         3.67e-04   2.08e+05   2.22e+04   0.04       < 0.278 0.952 >
2021-12-12 14:00:14 [12/12/21 14:00:14    3.70s]: 2418    1238       1033       426        1540       207313644  122        4.60e-04   2.85e+05   2.60e+04   0.05       < 0.325 0.904 >
2021-12-12 14:00:19 [12/12/21 14:00:19    5.27s]: 2821    1276       996        615        2822       234168475  155        5.90e-04   3.33e+05   2.92e+04   0.07       < 0.365 0.948 >
2021-12-12 14:00:25 [12/12/21 14:00:25    5.57s]: 3224    1377       826        710        4415       259208312  211        6.75e-04   3.13e+05   3.32e+04   0.09       < 0.415 0.941 >
2021-12-12 14:00:32 [12/12/21 14:00:32    7.52s]: 3627    1399       674        820        6203       282556021  272        7.08e-04   2.88e+05   3.71e+04   0.11       < 0.464 0.942 >
2021-12-12 14:00:40 [12/12/21 14:00:40    8.34s]: 4030    1338       390        911        8232       304325830  355        7.25e-04   2.31e+05   4.05e+04   0.14       < 0.507 0.931 >
2021-12-12 14:00:48 [12/12/21 14:00:48    7.24s]: 4433    1430       323        857        10201      324624497  432        6.44e-04   1.74e+05   4.48e+04   0.16       < 0.561 0.962 >
2021-12-12 14:00:56 [12/12/21 14:00:56    7.90s]: 4836    1364       275        916        12217      343551327  500        6.15e-04   1.55e+05   4.83e+04   0.18       < 0.604 0.952 >
2021-12-12 14:01:04 [12/12/21 14:01:04    8.70s]: 5239    1306       197        852        14425      361199066  560        5.65e-04   1.22e+05   5.20e+04   0.21       < 0.651 0.972 >
2021-12-12 14:01:14 [12/12/21 14:01:14    9.58s]: 5642    1439       210        1012       16334      377654204  593        5.72e-04   1.06e+05   5.59e+04   0.24       < 0.700 0.968 >
2021-12-12 14:01:24 [12/12/21 14:01:24   10.63s]: 6045    1234       131        1048       18641      392997268  666        5.60e-04   1.03e+05   6.01e+04   0.26       < 0.753 0.959 >
2021-12-12 14:01:36 [12/12/21 14:01:36   11.24s]: 6448    1180       98         1067       20845      407303426  780        5.04e-04   8.22e+04   6.42e+04   0.29       < 0.804 0.969 >
2021-12-12 14:01:48 [12/12/21 14:01:48   11.96s]: 6851    1096       130        792        23025      420642776  879        4.83e-04   6.45e+04   6.69e+04   0.31       < 0.842 0.977 >
2021-12-12 14:02:00 [12/12/21 14:02:00   12.56s]: 7254    996        66         963        25023      433080651  981        3.94e-04   5.43e+04   7.08e+04   0.34       < 0.894 0.958 >
2021-12-12 14:02:14 [12/12/21 14:02:14   13.38s]: 7657    880        48         767        26981      444677909  1050       3.59e-04   4.06e+04   7.33e+04   0.36       < 0.930 0.963 >
2021-12-12 14:02:28 [12/12/21 14:02:28   14.12s]: 8060    811        41         765        28739      455491502  1116       3.13e-04   3.09e+04   7.68e+04   0.38       < 0.979 0.965 >
2021-12-12 14:02:43 [12/12/21 14:02:43   14.93s]: 8463    764        44         730        30427      465574259  1225       3.03e-04   2.81e+04   8.02e+04   0.40       < 1.022 0.967 >
2021-12-12 14:02:58 [12/12/21 14:02:58   15.50s]: 8866    646        26         730        32045      474975515  1307       2.42e-04   2.42e+04   8.14e+04   0.42       < 1.067 0.968 >
2021-12-12 14:03:14 [12/12/21 14:03:14   15.94s]: 9269    480        30         543        33513      483741519  1334       2.00e-04   1.62e+04   7.90e+04   0.43       < 1.109 0.978 >
2021-12-12 14:03:30 [12/12/21 14:03:30   16.22s]: 9672    457        16         448        34680      491915110  1327       1.54e-04   1.19e+04   7.89e+04   0.45       < 1.147 0.974 >
2021-12-12 14:03:47 [12/12/21 14:03:47   16.45s]: 10075   436        22         464        35699      499536323  1302       1.54e-04   1.23e+04   7.93e+04   0.46       < 1.182 0.968 >
2021-12-12 14:04:03 [12/12/21 14:04:03   16.78s]: 10478   276        7          384        36702      506642545  1280       8.41e-05   8.20e+03   8.04e+04   0.47       < 1.213 0.958 >
2021-12-12 14:04:20 [12/12/21 14:04:20   16.83s]: 10881   231        4          293        37465      513268530  1308       6.42e-05   5.35e+03   7.50e+04   0.48       < 1.242 0.966 >
2021-12-12 14:04:37 [12/12/21 14:04:37   16.47s]: 11284   125        7          199        38070      519446808  1219       3.63e-05   3.18e+03   6.55e+04   0.48       < 1.264 0.974 >
2021-12-12 14:04:53 [12/12/21 14:04:53   15.93s]: 11687   64         1          115        38446      525207616  1046       3.40e-05   2.67e+03   5.76e+04   0.48       < 1.282 0.978 >
2021-12-12 14:05:08 [12/12/21 14:05:08   15.46s]: 12090   40         0          74         38666      530579235  846        2.09e-06   6.93e+02   5.55e+04   0.48       < 1.289 0.977 >
2021-12-12 14:05:23 [12/12/21 14:05:23   14.84s]: 12493   19         2          16         38796      535587843  622        1.05e-05   3.93e+02   5.04e+04   0.49       < 1.286 0.973 >
2021-12-12 14:05:37 [12/12/21 14:05:37   14.31s]: 12896   29         1          36         38836      540257937  499        7.52e-06   3.67e+02   4.92e+04   0.49       < 1.262 0.972 >
2021-12-12 14:05:51 [12/12/21 14:05:51   13.84s]: 13299   14         1          35         38911      544612405  425        2.92e-06   1.98e+02   4.80e+04   0.49       < 1.230 0.961 >
2021-12-12 14:06:04 [12/12/21 14:06:04   13.27s]: 13702   17         0          49         38980      548672602  403        3.56e-06   2.86e+02   5.07e+04   0.49       < 1.185 0.974 >
2021-12-12 14:06:17 [12/12/21 14:06:17   12.83s]: 14105   2          0          13         39062      552458389  390        5.73e-08   5.68e+01   4.81e+04   0.49       < 1.116 0.961 >
2021-12-12 14:06:29 [12/12/21 14:06:29   11.36s]: 14508   2          0          7          39081      555988498  301        0.00e+00   1.13e+01   3.91e+04   0.49       < 1.047 0.975 >
2021-12-12 14:06:39 [12/12/21 14:06:39   10.28s]: 14911   0          0          0          39090      559280076  195        0.00e+00   2.25e+00   3.91e+04   0.49       < 0.969 0.953 >
2021-12-12 14:06:48 [12/12/21 14:06:48    9.28s]: 15314   0          0          1          39090      562349142  80         0.00e+00   4.47e-01   3.91e+04   0.49       < 0.871 0.958 >
2021-12-12 14:06:56 [12/12/21 14:06:56    8.04s]: 15717   0          0          0          39091      565210789  10         0.00e+00   8.88e-02   3.91e+04   0.49       < 0.762 0.968 >
2021-12-12 14:07:03 [12/12/21 14:07:03    7.05s]: 16120   0          0          0          39091      567879107  0          0.00e+00   1.77e-02   3.91e+04   0.49       < 0.668 0.941 >
2021-12-12 14:07:09 [12/12/21 14:07:09    6.06s]: 16523   0          0          0          39091      570367056  0          0.00e+00   3.51e-03   3.91e+04   0.49       < 0.547 0.940 >
2021-12-12 14:07:14 [12/12/21 14:07:14    4.76s]: 16926   0          0          0          39091      572686908  0          0.00e+00   6.95e-04   3.91e+04   0.49       < 0.403 0.931 >
2021-12-12 14:07:18 [12/12/21 14:07:18    3.53s]: 17329   0          0          0          39091      574849964  0          0.00e+00   1.37e-04   3.91e+04   0.49       < 0.282 0.927 >
2021-12-12 14:07:20 [12/12/21 14:07:20    2.56s]: 17732   0          0          0          39091      576866914  0          0.00e+00   2.58e-05   3.91e+04   0.49       < 0.195 0.880 >
2021-12-12 14:07:22 [12/12/21 14:07:22    1.76s]: 18135   0          0          0          39091      578747504  0          0.00e+00   4.00e-06   3.91e+04   0.49       < 0.095 0.840 >
2021-12-12 14:07:23 [12/12/21 14:07:23    0.89s]: 18538   0          0          0          39091      580500950  0          0.00e+00   2.11e-07   3.91e+04   0.49       < 0.013 0.572 >
2021-12-12 14:07:23 [12/12/21 14:07:23    0.38s]: 18941   0          0          0          39091      582135943  0          0.00e+00   0.00e+00   3.91e+04   0.49       < 0.000 1.000 >
2021-12-12 14:07:24 [12/12/21 14:07:24    0.34s]: 19344   0          0          0          39091      583660524  0          0.00e+00   0.00e+00   3.91e+04   0.49       < 0.000 1.000 >
2021-12-12 14:07:24 [12/12/21 14:07:24    0.34s]: 19747   0          0          0          39091      585082001  0          0.00e+00   0.00e+00   3.91e+04   0.49       < 0.000 1.000 >
2021-12-12 14:07:24 [12/12/21 14:07:24    0.34s]: 20150   0          0          0          39091      586407355  0          0.00e+00   0.00e+00   3.91e+04   0.49       < 0.000 1.000 >
2021-12-12 14:07:24 [12/12/21 14:07:24    0.01s]: 20159   0          0          0          39091      586435911  0          0.00e+00   0.00e+00   3.91e+04   0.49       < 0.000 1.000 >
2021-12-12 14:07:24  ---  main.cpp:generate tcells took  avg 0.00 s max 0.01 s balance 0.87  --- 
2021-12-12 14:07:24  ---  main.cpp:update circulating tcells took  avg 1.84 s max 1.94 s balance 0.95  --- 
2021-12-12 14:07:24  ---  main.cpp:update tcells took  avg 24.39 s max 25.09 s balance 0.97  --- 
2021-12-12 14:07:24  ---  main.cpp:update epicells took  avg 4.27 s max 4.31 s balance 0.99  --- 
2021-12-12 14:07:24  ---  main.cpp:update concentrations took  avg 23.21 s max 23.70 s balance 0.98  --- 
2021-12-12 14:07:24  ---  main.cpp:compute updates took  avg 222.68 s max 222.73 s balance 1.00  --- 
2021-12-12 14:07:24  ---  main.cpp:dispatch updates took  avg 150.92 s max 155.90 s balance 0.97  --- 
2021-12-12 14:07:24  ---  main.cpp:add new actives took  avg 3.40 s max 3.53 s balance 0.96  --- 
2021-12-12 14:07:24  ---  main.cpp:erase inactive took  avg 12.19 s max 12.87 s balance 0.95  --- 
2021-12-12 14:07:24  ---  main.cpp:sample took  avg 0.00 s max 0.00 s balance -nan  --- 
2021-12-12 14:07:24  ---  main.cpp:sample write took  avg 0.00 s max 0.00 s balance -nan  --- 
2021-12-12 14:07:24  ---  main.cpp:log took  avg 3.15 s max 3.62 s balance 0.87  --- 
2021-12-12 14:07:24 Finished 20160 time steps in 443.8830 s (0.0220 s per step)
2021-12-12 14:07:24  --- Elapsed time for main.cpp:run_sim:  (exiting barrier) 2021-12-12 14:07:24 ...
2021-12-12 14:07:24           ... (min/my/avg/max, bal) (443.88/443.88/443.88/443.88 s, 1.00) barrier(0.00 s) --- 
2021-12-12 14:07:25 Peak memory used across all nodes: 835.59MB
2021-12-12 14:07:25 Finished in 446.28 s at 12/12/21 14:07:25 for SimCov version 0.1.1
