2021-12-11 10:30:52 SimCov version SimCov version 0.1.1- built on 20211127_074920
2021-12-11 10:30:52 _________________________
2021-12-11 10:30:52 Compiler definitions:
2021-12-11 10:30:52   _XOPEN_SOURCE=700
2021-12-11 10:30:52   CONFIG_USE_COLORS
2021-12-11 10:30:52   USE_BYTELL
2021-12-11 10:30:52   MAX_VIRIONS=125000
2021-12-11 10:30:52   MIN_VIRIONS=1e-10
2021-12-11 10:30:52   BLOCK_PARTITION
2021-12-11 10:30:52   MIN_BLOCKS_PER_PROC=1
2021-12-11 10:30:52   AVERAGE_SUBSAMPLE
2021-12-11 10:30:52 _________________________
2021-12-11 10:30:52 Options:
2021-12-11 10:30:52   dim =                         2828 2828 1
2021-12-11 10:30:52   whole-lung-dim =              48000 40000 20000
2021-12-11 10:30:52   timesteps =                   20160
2021-12-11 10:30:52   infection-coords =            uniform:16
2021-12-11 10:30:52   initial-infection =           1000
2021-12-11 10:30:52   incubation-period =           480
2021-12-11 10:30:52   apoptosis-period =            180
2021-12-11 10:30:52   expressing-period =           900
2021-12-11 10:30:52   infectivity =                 0.001
2021-12-11 10:30:52   virion-production =           1.1
2021-12-11 10:30:52   virion-clearance =            0.004
2021-12-11 10:30:52   virion-diffusion =            0.15
2021-12-11 10:30:52   chemokine-production =        1.0
2021-12-11 10:30:52   chemokine-decay =             0.01
2021-12-11 10:30:52   chemokine-diffusion =         1.0
2021-12-11 10:30:52   min-chemokine =               1e-6
2021-12-11 10:30:52   antibody-factor =             1.75
2021-12-11 10:30:52   antibody-period =             4320
2021-12-11 10:30:52   tcell-generation-rate =       105000
2021-12-11 10:30:52   tcell-initial-delay =         0
2021-12-11 10:30:52   tcell-vascular-period =       5760
2021-12-11 10:30:52   tcell-tissue-period =         1440
2021-12-11 10:30:52   tcell-binding-period =        10
2021-12-11 10:30:52   max-binding-prob =            1
2021-12-11 10:30:52   tcells-follow-gradient =      false
2021-12-11 10:30:52   seed =                        29
2021-12-11 10:30:52   sample-period =               5040
2021-12-11 10:30:52   sample-resolution =           1
2021-12-11 10:30:52   max-block-dim =               10
2021-12-11 10:30:52   output =                      foci-sixteen-reinfect
2021-12-11 10:30:52 _________________________
2021-12-11 10:30:52 Starting run with 24 processes on 1 node at 12/11/21 10:30:52
2021-12-11 10:30:52 Pinned processes, with process 0 (pid 12573) pinned to core 0
2021-12-11 10:30:52 Using block partitioning
2021-12-11 10:30:52 Initial free memory across all nodes: 45.45GB
2021-12-11 10:30:52 Starting with 45.45GB free on node 0
2021-12-11 10:30:52 Dividing 7997584 grid points into 163216 squares of size 49 (7^2), with 6801 per process
2021-12-11 10:30:52 Total initial memory required per process is at least 26.70MB with each grid point requiring on average 84 bytes
2021-12-11 10:30:54  --- Elapsed time for tissue.cpp:Tissue:  (exiting barrier) 2021-12-11 10:30:54 ...
2021-12-11 10:30:54           ... (min/my/avg/max, bal) (2.15/2.18/2.16/2.18 s, 0.99) barrier(0.00 s) --- 
2021-12-11 10:30:54 Memory used on node 0 after initialization is  793.77MB
2021-12-11 10:30:54           ... (min/my/avg/max, bal) No-Time barrier(0.00 s) --- 
2021-12-11 10:30:54 Fraction of circulating T cells extravasating is 2.0827e-07
2021-12-11 10:30:54 # datetime                    step    incb       expr       apop       dead       tvas       ttis       chem       virs       chempts    %infct     <%active  lbln>
2021-12-11 10:30:54 Time step 0: SUCCESSFUL initial infection at (565, 565, 0) after 0 tries
2021-12-11 10:30:54 [12/11/21 10:30:54    0.01s]: 0       16         0          0          0          0          0          0.00e+00   0.00e+00   1.60e+01   0.00       < 0.000 0.333 >
2021-12-11 10:31:01 Number of samples written 7997584
2021-12-11 10:31:02 [0] <main.cpp:164> WARNING: rem 0 local num 4375

2021-12-11 10:31:09 [12/11/21 10:31:09   14.93s]: 403     1883       0          0          0          40864984   0          0.00e+00   3.21e+03   1.88e+03   0.02       < 1.001 0.925 >
2021-12-11 10:31:25 [0] <main.cpp:700> WARNING: Hit boundary at (1708, 2827, 0) 7989786 INCUBATING 500 896 195 virions 0.995295 chemokine 0.438584
2021-12-11 10:31:32 [12/11/21 10:31:32   23.04s]: 806     4351       1549       111        83         78968305   56         1.11e-03   2.22e+05   1.47e+05   0.08       < 1.834 0.972 >
2021-12-11 10:32:15 [12/11/21 10:32:15   43.33s]: 1209    9986       3843       719        638        114496449  257        1.80e-03   5.93e+05   2.31e+05   0.19       < 2.886 0.978 >
2021-12-11 10:33:03 [12/11/21 10:33:03   47.88s]: 1612    11653      9252       1685       3742       147623413  580        3.53e-03   1.86e+06   2.67e+05   0.33       < 3.343 0.981 >
2021-12-11 10:33:59 [12/11/21 10:33:59   55.56s]: 2015    15744      12439      4173       9968       178511516  1102       5.08e-03   3.16e+06   3.22e+05   0.53       < 4.031 0.978 >
2021-12-11 10:35:04 [12/11/21 10:35:04   65.18s]: 2418    16621      13067      5939       24426      207311976  1724       6.73e-03   3.96e+06   3.71e+05   0.75       < 4.642 0.984 >
2021-12-11 10:36:27 [12/11/21 10:36:27   83.10s]: 2821    19241      12310      8083       41923      234166031  2385       8.26e-03   4.27e+06   4.24e+05   1.02       < 5.302 0.981 >
2021-12-11 10:38:01 [12/11/21 10:38:01   94.03s]: 3224    19704      11222      9930       63928      259205066  3157       9.19e-03   4.23e+06   4.80e+05   1.31       < 6.002 0.992 >
2021-12-11 10:39:40 [12/11/21 10:39:40   98.90s]: 3627    20043      9570       11381      89033      282551671  4020       9.71e-03   4.01e+06   5.33e+05   1.63       < 6.673 0.980 >
2021-12-11 10:41:30 [12/11/21 10:41:30  109.83s]: 4030    20855      7385       11919      116897     304320310  4939       9.96e-03   3.49e+06   5.90e+05   1.96       < 7.379 0.990 >
2021-12-11 10:43:32 [12/11/21 10:43:32  122.04s]: 4433    20467      6433       13211      144955     324617477  5920       1.01e-02   2.30e+06   6.49e+05   2.31       < 8.120 0.985 >
2021-12-11 10:45:46 [12/11/21 10:45:46  133.81s]: 4836    15569      5062       11961      174816     343542720  6919       9.88e-03   1.49e+06   7.06e+05   2.59       < 8.835 0.982 >
2021-12-11 10:47:03 Number of samples written 7997584
2021-12-11 10:48:40 [12/11/21 10:48:40  173.80s]: 5239    15385      3467       11160      200869     361188662  8022       8.48e-03   1.06e+06   7.60e+05   2.89       < 9.512 0.990 >
2021-12-11 10:51:14 [12/11/21 10:51:14  154.43s]: 5642    12590      2423       10351      226037     377641796  9209       7.31e-03   8.14e+05   8.01e+05   3.14       < 10.021 0.992 >
2021-12-11 10:53:57 [12/11/21 10:53:57  163.37s]: 6045    10956      1713       9304       248748     392982760  10292      5.87e-03   5.68e+05   8.37e+05   3.39       < 10.482 0.989 >
2021-12-11 10:56:49 [12/11/21 10:56:49  171.76s]: 6448    8196       1111       8004       269037     407286832  11365      4.66e-03   4.15e+05   8.66e+05   3.58       < 10.865 0.990 >
2021-12-11 10:59:47 [12/11/21 10:59:47  177.86s]: 6851    6348       575        6638       286069     420624043  12117      3.43e-03   2.57e+05   8.80e+05   3.75       < 11.140 0.994 >
2021-12-11 11:03:41 [12/11/21 11:03:41  233.73s]: 7254    4402       319        4932       299856     433059788  12854      2.40e-03   1.51e+05   8.76e+05   3.87       < 11.303 0.991 >
2021-12-11 11:06:59 [12/11/21 11:06:59  197.84s]: 7657    2872       148        3457       310152     444655112  13286      1.50e-03   8.05e+04   8.43e+05   3.96       < 11.381 0.985 >
2021-12-11 11:10:50 [12/11/21 11:10:50  231.33s]: 8060    1534       59         2316       317176     455466974  13487      8.15e-04   4.03e+04   7.82e+05   4.01       < 11.374 0.985 >
2021-12-11 11:14:22 [12/11/21 11:14:22  212.05s]: 8463    839        36         1108       321466     465548774  12846      3.41e-04   1.95e+04   6.73e+05   4.04       < 11.172 0.990 >
2021-12-11 11:17:44 [12/11/21 11:17:44  202.43s]: 8866    439        30         601        323615     474950166  11129      2.36e-04   1.39e+04   5.20e+05   4.06       < 10.812 0.985 >
2021-12-11 11:20:42 [12/11/21 11:20:42  177.46s]: 9269    206        22         343        324776     483717012  8566       1.25e-04   7.69e+03   4.34e+05   4.07       < 10.234 0.984 >
2021-12-11 11:22:58 [12/11/21 11:22:58  136.00s]: 9672    92         3          165        325391     491891959  5734       6.19e-05   4.16e+03   3.90e+05   4.07       < 9.143 0.992 >
2021-12-11 11:24:37 [12/11/21 11:24:37   98.96s]: 10075   54         2          84         325675     499514717  3374       2.74e-05   1.53e+03   3.63e+05   4.07       < 7.515 0.989 >
2021-12-11 11:24:44 Number of samples written 7997584
2021-12-11 11:26:25 [12/11/21 11:26:25  108.50s]: 10478   28         0          37         325833     506622626  1860       7.41e-06   3.05e+02   3.43e+05   4.07       < 5.276 0.973 >
2021-12-11 11:27:31 [12/11/21 11:27:31   66.07s]: 10881   46         0          32         325899     513250241  1005       1.45e-05   3.40e+02   3.40e+05   4.08       < 3.075 0.974 >
2021-12-11 11:28:10 [12/11/21 11:28:10   38.47s]: 11284   34         0          48         325982     519429891  579        8.79e-06   2.56e+02   3.43e+05   4.08       < 1.648 0.955 >
2021-12-11 11:28:34 [12/11/21 11:28:34   24.35s]: 11687   3          0          23         326072     525191906  402        2.32e-07   1.95e+01   3.39e+05   4.08       < 0.947 0.931 >
2021-12-11 11:28:50 [12/11/21 11:28:50   16.28s]: 12090   0          0          0          326101     530564658  317        1.98e-09   1.15e+00   3.28e+05   4.08       < 0.547 0.955 >
2021-12-11 11:29:02 [12/11/21 11:29:02   11.35s]: 12493   0          0          0          326101     535574334  225        0.00e+00   6.79e-02   3.26e+05   4.08       < 0.336 0.922 >
2021-12-11 11:29:11 [12/11/21 11:29:11    8.94s]: 12896   0          0          0          326101     540245473  118        0.00e+00   4.00e-03   3.26e+05   4.08       < 0.250 0.880 >
2021-12-11 11:29:19 [12/11/21 11:29:19    7.94s]: 13299   0          0          0          326101     544600940  28         0.00e+00   2.35e-04   3.26e+05   4.08       < 0.193 0.873 >
2021-12-11 11:29:25 [12/11/21 11:29:25    6.78s]: 13702   0          0          0          326101     548662061  0          0.00e+00   1.31e-05   3.26e+05   4.08       < 0.100 0.853 >
2021-12-11 11:29:31 [12/11/21 11:29:31    5.45s]: 14105   0          0          0          326101     552448764  0          0.00e+00   4.09e-07   3.26e+05   4.08       < 0.020 0.665 >
2021-12-11 11:29:36 [12/11/21 11:29:36    4.74s]: 14508   0          0          0          326101     555979570  0          0.00e+00   0.00e+00   3.26e+05   4.08       < 0.000 1.000 >
2021-12-11 11:29:40 [12/11/21 11:29:40    4.76s]: 14911   0          0          0          326101     559271741  0          0.00e+00   0.00e+00   3.26e+05   4.08       < 0.000 1.000 >
2021-12-11 11:29:49 Number of samples written 7997584
2021-12-11 11:29:51 [12/11/21 11:29:51   10.82s]: 15314   0          0          0          326101     562341452  0          0.00e+00   0.00e+00   3.26e+05   4.08       < 0.000 1.000 >
2021-12-11 11:29:56 [12/11/21 11:29:56    4.34s]: 15717   0          0          0          326101     565203697  0          0.00e+00   0.00e+00   3.26e+05   4.08       < 0.000 1.000 >
2021-12-11 11:30:00 [12/11/21 11:30:00    4.35s]: 16120   0          0          0          326101     567872488  0          0.00e+00   0.00e+00   3.26e+05   4.08       < 0.000 1.000 >
2021-12-11 11:30:05 [12/11/21 11:30:05    4.81s]: 16523   0          0          0          326101     570360855  0          0.00e+00   0.00e+00   3.26e+05   4.08       < 0.000 1.000 >
2021-12-11 11:30:10 [12/11/21 11:30:10    4.82s]: 16926   0          0          0          326101     572681123  0          0.00e+00   0.00e+00   3.26e+05   4.08       < 0.000 1.000 >
2021-12-11 11:30:14 [12/11/21 11:30:14    4.83s]: 17329   0          0          0          326101     574844625  0          0.00e+00   0.00e+00   3.26e+05   4.08       < 0.000 1.000 >
2021-12-11 11:30:19 [12/11/21 11:30:19    4.84s]: 17732   0          0          0          326101     576861887  0          0.00e+00   0.00e+00   3.26e+05   4.08       < 0.000 1.000 >
2021-12-11 11:30:24 [12/11/21 11:30:24    4.75s]: 18135   0          0          0          326101     578742892  0          0.00e+00   0.00e+00   3.26e+05   4.08       < 0.000 1.000 >
2021-12-11 11:30:29 [12/11/21 11:30:29    4.73s]: 18538   0          0          0          326101     580496693  0          0.00e+00   0.00e+00   3.26e+05   4.08       < 0.000 1.000 >
2021-12-11 11:30:33 [12/11/21 11:30:33    4.71s]: 18941   0          0          0          326101     582131942  0          0.00e+00   0.00e+00   3.26e+05   4.08       < 0.000 1.000 >
2021-12-11 11:30:38 [12/11/21 11:30:38    4.74s]: 19344   0          0          0          326101     583656669  0          0.00e+00   0.00e+00   3.26e+05   4.08       < 0.000 1.000 >
2021-12-11 11:30:43 [12/11/21 11:30:43    4.80s]: 19747   0          0          0          326101     585078413  0          0.00e+00   0.00e+00   3.26e+05   4.08       < 0.000 1.000 >
2021-12-11 11:30:48 [12/11/21 11:30:48    4.57s]: 20150   0          0          0          326101     586404058  0          0.00e+00   0.00e+00   3.26e+05   4.08       < 0.000 1.000 >
2021-12-11 11:30:48 [12/11/21 11:30:48    0.10s]: 20159   0          0          0          326101     586432626  0          0.00e+00   0.00e+00   3.26e+05   4.08       < 0.000 1.000 >
2021-12-11 11:30:53 Number of samples written 7997584
2021-12-11 11:30:55  ---  main.cpp:generate tcells took  avg 0.01 s max 0.02 s balance 0.56  --- 
2021-12-11 11:30:55  ---  main.cpp:update circulating tcells took  avg 5.82 s max 6.09 s balance 0.95  --- 
2021-12-11 11:30:55  ---  main.cpp:update tcells took  avg 207.96 s max 212.28 s balance 0.98  --- 
2021-12-11 11:30:55  ---  main.cpp:update epicells took  avg 46.27 s max 48.69 s balance 0.95  --- 
2021-12-11 11:30:55  ---  main.cpp:update concentrations took  avg 247.51 s max 255.17 s balance 0.97  --- 
2021-12-11 11:30:55  ---  main.cpp:compute updates took  avg 1916.74 s max 1917.85 s balance 1.00  --- 
2021-12-11 11:30:55  ---  main.cpp:dispatch updates took  avg 1037.35 s max 1058.87 s balance 0.98  --- 
2021-12-11 11:30:55  ---  main.cpp:add new actives took  avg 19.02 s max 20.78 s balance 0.92  --- 
2021-12-11 11:30:55  ---  main.cpp:erase inactive took  avg 167.71 s max 217.41 s balance 0.77  --- 
2021-12-11 11:30:55  ---  main.cpp:sample took  avg 34.13 s max 34.17 s balance 1.00  --- 
2021-12-11 11:30:55  ---  main.cpp:sample write took  avg 2.24 s max 2.68 s balance 0.83  --- 
2021-12-11 11:30:55  ---  main.cpp:log took  avg 20.96 s max 22.29 s balance 0.94  --- 
2021-12-11 11:30:55 Finished 20160 time steps in 3600.6197 s (0.1786 s per step)
2021-12-11 11:30:55  --- Elapsed time for main.cpp:run_sim:  (exiting barrier) 2021-12-11 11:30:55 ...
2021-12-11 11:30:55           ... (min/my/avg/max, bal) (3600.61/3600.62/3600.61/3600.62 s, 1.00) barrier(0.01 s) --- 
2021-12-11 11:30:55 Peak memory used across all nodes: 1.30GB
2021-12-11 11:30:55 Finished in 3603.37 s at 12/11/21 11:30:55 for SimCov version 0.1.1
