2021-12-12 18:53:10 SimCov version SimCov version 0.1.1- built on 20211127_074920
2021-12-12 18:53:10 _________________________
2021-12-12 18:53:10 Compiler definitions:
2021-12-12 18:53:10   _XOPEN_SOURCE=700
2021-12-12 18:53:10   CONFIG_USE_COLORS
2021-12-12 18:53:10   USE_BYTELL
2021-12-12 18:53:10   MAX_VIRIONS=125000
2021-12-12 18:53:10   MIN_VIRIONS=1e-10
2021-12-12 18:53:10   BLOCK_PARTITION
2021-12-12 18:53:10   MIN_BLOCKS_PER_PROC=1
2021-12-12 18:53:10   AVERAGE_SUBSAMPLE
2021-12-12 18:53:10 _________________________
2021-12-12 18:53:10 Options:
2021-12-12 18:53:10   dim =                         2828 2828 1
2021-12-12 18:53:10   whole-lung-dim =              48000 40000 20000
2021-12-12 18:53:10   timesteps =                   20160
2021-12-12 18:53:10   infection-coords =            uniform:4
2021-12-12 18:53:10   initial-infection =           1000
2021-12-12 18:53:10   incubation-period =           480
2021-12-12 18:53:10   apoptosis-period =            180
2021-12-12 18:53:10   expressing-period =           900
2021-12-12 18:53:10   infectivity =                 0.001
2021-12-12 18:53:10   virion-production =           1.1
2021-12-12 18:53:10   virion-clearance =            0.004
2021-12-12 18:53:10   virion-diffusion =            0.15
2021-12-12 18:53:10   chemokine-production =        1.0
2021-12-12 18:53:10   chemokine-decay =             0.01
2021-12-12 18:53:10   chemokine-diffusion =         1.0
2021-12-12 18:53:10   min-chemokine =               1e-6
2021-12-12 18:53:10   antibody-factor =             1.6
2021-12-12 18:53:10   antibody-period =             5040
2021-12-12 18:53:10   tcell-generation-rate =       105000
2021-12-12 18:53:10   tcell-initial-delay =         0
2021-12-12 18:53:10   tcell-vascular-period =       5760
2021-12-12 18:53:10   tcell-tissue-period =         1440
2021-12-12 18:53:10   tcell-binding-period =        10
2021-12-12 18:53:10   max-binding-prob =            1
2021-12-12 18:53:10   tcells-follow-gradient =      false
2021-12-12 18:53:10   seed =                        29
2021-12-12 18:53:10   sample-period =               5040
2021-12-12 18:53:10   sample-resolution =           1
2021-12-12 18:53:10   max-block-dim =               10
2021-12-12 18:53:10   output =                      foci-4-reinfect
2021-12-12 18:53:10 _________________________
2021-12-12 18:53:10 Starting run with 24 processes on 1 node at 12/12/21 18:53:10
2021-12-12 18:53:10 Pinned processes, with process 0 (pid 3876) pinned to core 0
2021-12-12 18:53:10 Using block partitioning
2021-12-12 18:53:10 Initial free memory across all nodes: 45.34GB
2021-12-12 18:53:10 Starting with 45.34GB free on node 0
2021-12-12 18:53:10 Dividing 7997584 grid points into 163216 squares of size 49 (7^2), with 6801 per process
2021-12-12 18:53:10 Total initial memory required per process is at least 26.70MB with each grid point requiring on average 84 bytes
2021-12-12 18:53:12  --- Elapsed time for tissue.cpp:Tissue:  (exiting barrier) 2021-12-12 18:53:12 ...
2021-12-12 18:53:12           ... (min/my/avg/max, bal) (1.91/1.94/1.92/1.94 s, 0.99) barrier(0.00 s) --- 
2021-12-12 18:53:12 Memory used on node 0 after initialization is  794.89MB
2021-12-12 18:53:12           ... (min/my/avg/max, bal) No-Time barrier(0.00 s) --- 
2021-12-12 18:53:12 Fraction of circulating T cells extravasating is 2.0827e-07
2021-12-12 18:53:12 # datetime                    step    incb       expr       apop       dead       tvas       ttis       chem       virs       chempts    %infct     <%active  lbln>
2021-12-12 18:53:12 Time step 0: SUCCESSFUL initial infection at (942, 942, 0) after 0 tries
2021-12-12 18:53:12 [12/12/21 18:53:12    0.01s]: 0       4          0          0          0          0          0          0.00e+00   0.00e+00   4.00e+00   0.00       < 0.000 0.167 >
2021-12-12 18:53:18 Number of samples written 7997584
2021-12-12 18:53:19 [0] <main.cpp:164> WARNING: rem 0 local num 4375

2021-12-12 18:53:21 [12/12/21 18:53:21    8.30s]: 403     444        0          0          0          40865014   0          0.00e+00   8.04e+02   4.44e+02   0.01       < 0.241 0.914 >
2021-12-12 18:53:26 [12/12/21 18:53:26    4.88s]: 806     1038       370        34         6          78968362   15         2.54e-04   5.32e+04   3.52e+04   0.02       < 0.440 0.935 >
2021-12-12 18:53:34 [12/12/21 18:53:34    7.91s]: 1209    2275       877        216        183        114496615  60         4.12e-04   1.41e+05   5.48e+04   0.04       < 0.685 0.957 >
2021-12-12 18:53:46 [12/12/21 18:53:46   12.95s]: 1612    2659       1934       444        1088       147623874  144        8.14e-04   4.12e+05   6.40e+04   0.08       < 0.801 0.965 >
2021-12-12 18:53:58 [12/12/21 18:53:58   11.92s]: 2015    3721       2689       923        2585       178512390  242        1.19e-03   6.77e+05   7.69e+04   0.12       < 0.962 0.973 >
2021-12-12 18:54:12 [12/12/21 18:54:12   14.06s]: 2418    3965       3281       1293       5627       207313382  382        1.61e-03   8.95e+05   8.88e+04   0.18       < 1.110 0.975 >
2021-12-12 18:54:29 [12/12/21 18:54:29   16.66s]: 2821    4467       3207       1747       9759       234167937  545        1.95e-03   1.04e+06   1.01e+05   0.24       < 1.269 0.964 >
2021-12-12 18:54:48 [12/12/21 18:54:48   19.13s]: 3224    4952       2869       2150       14903      259207723  733        2.27e-03   1.06e+06   1.15e+05   0.31       < 1.437 0.983 >
2021-12-12 18:55:10 [12/12/21 18:55:10   21.87s]: 3627    5229       2623       2653       20705      282555291  946        2.44e-03   1.01e+06   1.28e+05   0.39       < 1.607 0.966 >
2021-12-12 18:55:35 [12/12/21 18:55:35   24.97s]: 4030    5162       2124       3141       27589      304324945  1178       2.48e-03   9.50e+05   1.43e+05   0.48       < 1.787 0.982 >
2021-12-12 18:56:10 [0] <main.cpp:700> WARNING: Hit boundary at (874, 2827, 0) 7983912 INCUBATING 475 910 203 virions 11.7952 chemokine 0.671178
2021-12-12 18:56:13 [12/12/21 18:56:13   38.18s]: 4433    4820       1455       3406       35158      324623274  1453       2.50e-03   7.88e+05   1.56e+05   0.56       < 1.954 0.972 >
2021-12-12 18:56:49 [12/12/21 18:56:49   35.35s]: 4836    4934       943        3294       42964      343549781  1741       2.34e-03   5.87e+05   1.70e+05   0.65       < 2.130 0.975 >
2021-12-12 18:57:13 Number of samples written 7997584
2021-12-12 18:57:33 [12/12/21 18:57:33   43.93s]: 5239    4417       843        3297       50407      361197193  2022       2.25e-03   3.37e+05   1.84e+05   0.74       < 2.303 0.980 >
2021-12-12 18:58:13 [12/12/21 18:58:13   40.32s]: 5642    3748       511        2913       57739      377652012  2253       2.06e-03   2.33e+05   1.98e+05   0.81       < 2.478 0.980 >
2021-12-12 18:58:56 [12/12/21 18:58:56   43.25s]: 6045    3024       393        2489       64226      392994628  2515       1.66e-03   1.49e+05   2.09e+05   0.88       < 2.621 0.982 >
2021-12-12 18:59:42 [12/12/21 18:59:42   45.48s]: 6448    2621       233        2423       69805      407300364  2807       1.33e-03   1.13e+05   2.19e+05   0.94       < 2.736 0.983 >
2021-12-12 19:00:30 [12/12/21 19:00:30   48.48s]: 6851    2038       195        1958       74878      420639272  3007       1.08e-03   7.54e+04   2.26e+05   0.99       < 2.835 0.985 >
2021-12-12 19:01:21 [12/12/21 19:01:21   50.63s]: 7254    1793       150        1632       79082      433076675  3246       8.52e-04   5.95e+04   2.32e+05   1.03       < 2.914 0.981 >
2021-12-12 19:02:13 [12/12/21 19:02:13   51.97s]: 7657    1570       171        1438       82599      444673495  3508       7.86e-04   5.29e+04   2.33e+05   1.07       < 2.975 0.985 >
2021-12-12 19:03:05 [12/12/21 19:03:05   52.62s]: 8060    1086       123        1263       85787      455486668  3696       5.25e-04   4.20e+04   2.35e+05   1.10       < 3.039 0.977 >
2021-12-12 19:03:56 [12/12/21 19:03:56   50.99s]: 8463    733        38         887        88324      465569012  3847       4.21e-04   3.28e+04   2.18e+05   1.13       < 3.054 0.983 >
2021-12-12 19:04:46 [12/12/21 19:04:46   49.67s]: 8866    422        30         569        90167      474970204  3662       1.99e-04   1.39e+04   1.99e+05   1.14       < 3.089 0.977 >
2021-12-12 19:05:34 [12/12/21 19:05:34   47.93s]: 9269    189        10         302        91307      483736158  3397       7.41e-05   6.22e+03   1.78e+05   1.15       < 3.053 0.981 >
2021-12-12 19:06:18 [12/12/21 19:06:18   44.13s]: 9672    67         1          119        91876      491909942  2874       3.33e-05   2.01e+03   1.50e+05   1.15       < 2.978 0.982 >
2021-12-12 19:06:58 [12/12/21 19:06:58   39.91s]: 10075   25         0          56         92099      499531584  2203       1.80e-05   8.38e+02   1.22e+05   1.15       < 2.841 0.983 >
2021-12-12 19:07:04 Number of samples written 7997584
2021-12-12 19:07:52 [12/12/21 19:07:52   54.57s]: 10478   18         0          25         92200      506638240  1553       6.19e-06   2.18e+02   1.05e+05   1.15       < 2.598 0.981 >
2021-12-12 19:08:33 [12/12/21 19:08:33   40.28s]: 10881   2          0          15         92253      513264839  890        2.89e-07   2.75e+01   9.96e+04   1.15       < 2.161 0.970 >
2021-12-12 19:09:05 [12/12/21 19:09:05   32.11s]: 11284   26         0          8          92271      519443591  451        6.32e-06   1.60e+02   1.02e+05   1.15       < 1.734 0.974 >
2021-12-12 19:09:30 [12/12/21 19:09:30   25.48s]: 11687   44         6          20         92295      525204729  247        2.46e-05   6.78e+02   1.00e+05   1.15       < 1.303 0.960 >
2021-12-12 19:09:49 [12/12/21 19:09:49   18.74s]: 12090   86         1          68         92378      530576569  191        2.11e-05   1.05e+03   1.02e+05   1.16       < 0.865 0.934 >
2021-12-12 19:10:02 [12/12/21 19:10:02   12.43s]: 12493   21         1          46         92542      535585411  179        1.43e-05   5.14e+02   1.03e+05   1.16       < 0.486 0.922 >
2021-12-12 19:10:10 [12/12/21 19:10:10    8.07s]: 12896   10         0          21         92619      540255749  207        1.29e-06   1.04e+02   1.02e+05   1.16       < 0.292 0.882 >
2021-12-12 19:10:16 [12/12/21 19:10:16    6.31s]: 13299   0          0          5          92650      544610508  212        2.00e-08   7.85e+00   9.95e+04   1.16       < 0.209 0.918 >
2021-12-12 19:10:21 [12/12/21 19:10:21    4.96s]: 13702   0          0          0          92655      548671013  185        0.00e+00   5.91e-01   9.27e+04   1.16       < 0.157 0.892 >
2021-12-12 19:10:25 [12/12/21 19:10:25    4.17s]: 14105   0          0          0          92655      552457013  115        0.00e+00   4.44e-02   9.27e+04   1.16       < 0.153 0.868 >
2021-12-12 19:10:29 [12/12/21 19:10:29    4.03s]: 14508   0          0          0          92655      555987265  57         0.00e+00   3.34e-03   9.27e+04   1.16       < 0.148 0.891 >
2021-12-12 19:10:33 [12/12/21 19:10:33    3.72s]: 14911   0          0          0          92655      559278864  5          0.00e+00   2.51e-04   9.27e+04   1.16       < 0.127 0.866 >
2021-12-12 19:10:42 Number of samples written 7997584
2021-12-12 19:10:44 [12/12/21 19:10:44   10.94s]: 15314   0          0          0          92655      562348091  0          0.00e+00   1.84e-05   9.27e+04   1.16       < 0.086 0.883 >
2021-12-12 19:10:46 [12/12/21 19:10:46    2.25s]: 15717   0          0          0          92655      565209891  0          0.00e+00   1.00e-06   9.27e+04   1.16       < 0.033 0.732 >
2021-12-12 19:10:48 [12/12/21 19:10:48    1.61s]: 16120   0          0          0          92655      567878278  0          0.00e+00   0.00e+00   9.27e+04   1.16       < 0.000 1.000 >
2021-12-12 19:10:49 [12/12/21 19:10:49    1.47s]: 16523   0          0          0          92655      570366428  0          0.00e+00   0.00e+00   9.27e+04   1.16       < 0.000 1.000 >
2021-12-12 19:10:51 [12/12/21 19:10:51    1.47s]: 16926   0          0          0          92655      572686310  0          0.00e+00   0.00e+00   9.27e+04   1.16       < 0.000 1.000 >
2021-12-12 19:10:52 [12/12/21 19:10:52    1.46s]: 17329   0          0          0          92655      574849415  0          0.00e+00   0.00e+00   9.27e+04   1.16       < 0.000 1.000 >
2021-12-12 19:10:53 [12/12/21 19:10:53    1.47s]: 17732   0          0          0          92655      576866317  0          0.00e+00   0.00e+00   9.27e+04   1.16       < 0.000 1.000 >
2021-12-12 19:10:55 [12/12/21 19:10:55    1.49s]: 18135   0          0          0          92655      578746888  0          0.00e+00   0.00e+00   9.27e+04   1.16       < 0.000 1.000 >
2021-12-12 19:10:56 [12/12/21 19:10:56    1.46s]: 18538   0          0          0          92655      580500428  0          0.00e+00   0.00e+00   9.27e+04   1.16       < 0.000 1.000 >
2021-12-12 19:10:58 [12/12/21 19:10:58    1.46s]: 18941   0          0          0          92655      582135502  0          0.00e+00   0.00e+00   9.27e+04   1.16       < 0.000 1.000 >
2021-12-12 19:10:59 [12/12/21 19:10:59    1.46s]: 19344   0          0          0          92655      583660058  0          0.00e+00   0.00e+00   9.27e+04   1.16       < 0.000 1.000 >
2021-12-12 19:11:01 [12/12/21 19:11:01    1.46s]: 19747   0          0          0          92655      585081552  0          0.00e+00   0.00e+00   9.27e+04   1.16       < 0.000 1.000 >
2021-12-12 19:11:02 [12/12/21 19:11:02    1.46s]: 20150   0          0          0          92655      586407016  0          0.00e+00   0.00e+00   9.27e+04   1.16       < 0.000 1.000 >
2021-12-12 19:11:02 [12/12/21 19:11:02    0.03s]: 20159   0          0          0          92655      586435558  0          0.00e+00   0.00e+00   9.27e+04   1.16       < 0.000 1.000 >
2021-12-12 19:11:08 Number of samples written 7997584
2021-12-12 19:11:09  ---  main.cpp:generate tcells took  avg 0.01 s max 0.01 s balance 0.68  --- 
2021-12-12 19:11:09  ---  main.cpp:update circulating tcells took  avg 3.03 s max 3.37 s balance 0.90  --- 
2021-12-12 19:11:09  ---  main.cpp:update tcells took  avg 61.80 s max 62.93 s balance 0.98  --- 
2021-12-12 19:11:09  ---  main.cpp:update epicells took  avg 14.93 s max 16.32 s balance 0.91  --- 
2021-12-12 19:11:09  ---  main.cpp:update concentrations took  avg 61.92 s max 65.89 s balance 0.94  --- 
2021-12-12 19:11:09  ---  main.cpp:compute updates took  avg 550.38 s max 551.09 s balance 1.00  --- 
2021-12-12 19:11:09  ---  main.cpp:dispatch updates took  avg 307.90 s max 319.47 s balance 0.96  --- 
2021-12-12 19:11:09  ---  main.cpp:add new actives took  avg 6.12 s max 6.40 s balance 0.96  --- 
2021-12-12 19:11:09  ---  main.cpp:erase inactive took  avg 30.91 s max 36.71 s balance 0.84  --- 
2021-12-12 19:11:09  ---  main.cpp:sample took  avg 33.77 s max 33.80 s balance 1.00  --- 
2021-12-12 19:11:09  ---  main.cpp:sample write took  avg 1.33 s max 1.49 s balance 0.89  --- 
2021-12-12 19:11:09  ---  main.cpp:log took  avg 9.31 s max 10.24 s balance 0.91  --- 
2021-12-12 19:11:09 Finished 20160 time steps in 1076.2656 s (0.0534 s per step)
2021-12-12 19:11:09  --- Elapsed time for main.cpp:run_sim:  (exiting barrier) 2021-12-12 19:11:09 ...
2021-12-12 19:11:09           ... (min/my/avg/max, bal) (1076.25/1076.27/1076.25/1076.27 s, 1.00) barrier(0.01 s) --- 
2021-12-12 19:11:09 Peak memory used across all nodes: 1.06GB
2021-12-12 19:11:09 Finished in 1078.58 s at 12/12/21 19:11:09 for SimCov version 0.1.1
