2021-09-26 12:46:00 SimCov version SimCov version 0.1.1- built on 20210926_123040
2021-09-26 12:46:00 _________________________
2021-09-26 12:46:00 Compiler definitions:
2021-09-26 12:46:00   _XOPEN_SOURCE=700
2021-09-26 12:46:00   CONFIG_USE_COLORS
2021-09-26 12:46:00   USE_BYTELL
2021-09-26 12:46:00   MAX_VIRIONS=125000
2021-09-26 12:46:00   MIN_VIRIONS=1e-10
2021-09-26 12:46:00   BLOCK_PARTITION
2021-09-26 12:46:00   MIN_BLOCKS_PER_PROC=1
2021-09-26 12:46:00   AVERAGE_SUBSAMPLE
2021-09-26 12:46:00 _________________________
2021-09-26 12:46:00 Options:
2021-09-26 12:46:00   dim =                         15000 15000 1
2021-09-26 12:46:00   whole-lung-dim =              48000 40000 20000
2021-09-26 12:46:00   timesteps =                   33120
2021-09-26 12:46:00   infection-coords =            uniform:1
2021-09-26 12:46:00   initial-infection =           1000
2021-09-26 12:46:00   incubation-period =           480
2021-09-26 12:46:00   apoptosis-period =            180
2021-09-26 12:46:00   expressing-period =           900
2021-09-26 12:46:00   infectivity =                 0.001
2021-09-26 12:46:00   virion-production =           1.1
2021-09-26 12:46:00   virion-clearance =            0.004
2021-09-26 12:46:00   virion-diffusion =            0.15
2021-09-26 12:46:00   chemokine-production =        1.0
2021-09-26 12:46:00   chemokine-decay =             0.01
2021-09-26 12:46:00   chemokine-diffusion =         1.0
2021-09-26 12:46:00   min-chemokine =               1e-6
2021-09-26 12:46:00   antibody-factor =             1
2021-09-26 12:46:00   antibody-period =             5760
2021-09-26 12:46:00   tcell-generation-rate =       105000
2021-09-26 12:46:00   tcell-initial-delay =         10080
2021-09-26 12:46:00   tcell-vascular-period =       5760
2021-09-26 12:46:00   tcell-tissue-period =         1440
2021-09-26 12:46:00   tcell-binding-period =        10
2021-09-26 12:46:00   max-binding-prob =            1
2021-09-26 12:46:00   tcells-follow-gradient =      false
2021-09-26 12:46:00   seed =                        29
2021-09-26 12:46:00   sample-period =               0
2021-09-26 12:46:00   sample-resolution =           1
2021-09-26 12:46:00   max-block-dim =               10
2021-09-26 12:46:00   output =                      results
2021-09-26 12:46:00 _________________________
2021-09-26 12:46:00 Starting run with 48 processes on 3 nodes at 09/26/21 12:46:00
2021-09-26 12:46:00 Pinned processes, with process 0 (pid 8557) pinned to core 0
2021-09-26 12:46:00 Using block partitioning
2021-09-26 12:46:00 Initial free memory across all nodes: 179.44GB
2021-09-26 12:46:00 Starting with 59.55GB free on node 0
2021-09-26 12:46:00 Dividing 225000000 grid points into 3515625 squares of size 64 (8^2), with 73243 per process
2021-09-26 12:46:00 Total initial memory required per process is at least 375.51MB with each grid point requiring on average 84 bytes
2021-09-26 12:46:08  --- Elapsed time for tissue.cpp:Tissue:  (exiting barrier) 2021-09-26 12:46:08 ...
2021-09-26 12:46:08           ... (min/my/avg/max, bal) (7.06/7.06/7.06/7.06 s, 1.00) barrier(0.00 s) --- 
2021-09-26 12:46:08 Memory used on node 0 after initialization is  7.28GB
2021-09-26 12:46:08           ... (min/my/avg/max, bal) No-Time barrier(0.00 s) --- 
2021-09-26 12:46:08 Fraction of circulating T cells extravasating is 5.85938e-06
2021-09-26 12:46:08 # datetime                    step    incb       expr       apop       dead       tvas       ttis       chem       virs       chempts    %infct     <%active  lbln>
2021-09-26 12:46:08 Time step 0: SUCCESSFUL initial infection at (7500, 7500, 0) after 0 tries
2021-09-26 12:46:08 [09/26/21 12:46:08    0.00s]: 0       1          0          0          0          0          0          0.00e+00   0.00e+00   1.00e+00   0.00       < 0.000 0.021 >
2021-09-26 12:46:08 [09/26/21 12:46:08    0.31s]: 662     145        74         0          0          0          0          1.69e-06   6.16e+03   6.60e+03   0.00       < 0.004 0.649 >
2021-09-26 12:46:10 [09/26/21 12:46:10    2.42s]: 1324    720        469        0          1          0          0          5.78e-06   6.63e+04   1.63e+04   0.00       < 0.007 0.841 >
2021-09-26 12:46:11 [09/26/21 12:46:11    0.62s]: 1986    1350       1408       0          167        0          0          1.33e-05   2.79e+05   2.18e+04   0.00       < 0.010 0.758 >
2021-09-26 12:46:12 [09/26/21 12:46:12    0.85s]: 2648    1861       2459       0          1101       0          0          2.36e-05   5.50e+05   2.85e+04   0.00       < 0.013 0.759 >
2021-09-26 12:46:13 [09/26/21 12:46:13    1.02s]: 3310    2386       3535       0          2705       0          0          3.36e-05   8.52e+05   3.60e+04   0.00       < 0.016 0.806 >
2021-09-26 12:46:14 [09/26/21 12:46:14    1.20s]: 3972    2966       4557       0          5173       0          0          4.31e-05   1.13e+06   4.40e+04   0.01       < 0.020 0.845 >
2021-09-26 12:46:15 [09/26/21 12:46:15    1.36s]: 4634    3667       5574       0          8351       0          0          5.46e-05   1.42e+06   5.29e+04   0.01       < 0.024 0.914 >
2021-09-26 12:46:17 [09/26/21 12:46:17    1.57s]: 5296    4319       6818       0          12332      0          0          6.59e-05   1.72e+06   6.32e+04   0.01       < 0.028 0.873 >
2021-09-26 12:46:19 [09/26/21 12:46:19    1.88s]: 5958    4760       8193       0          17099      0          0          7.71e-05   2.10e+06   7.41e+04   0.01       < 0.033 0.877 >
2021-09-26 12:46:21 [09/26/21 12:46:21    2.20s]: 6620    5490       9216       0          22928      0          0          8.84e-05   2.40e+06   8.60e+04   0.02       < 0.038 0.889 >
2021-09-26 12:46:26 [09/26/21 12:46:26    4.63s]: 7282    6034       10430      0          29468      0          0          9.74e-05   2.71e+06   9.81e+04   0.02       < 0.044 0.905 >
2021-09-26 12:46:28 [09/26/21 12:46:28    2.80s]: 7944    6698       11332      0          36959      0          0          1.08e-04   2.99e+06   1.11e+05   0.02       < 0.049 0.947 >
2021-09-26 12:46:34 [09/26/21 12:46:34    5.16s]: 8606    7298       12384      0          45219      0          0          1.18e-04   3.27e+06   1.25e+05   0.03       < 0.056 0.946 >
2021-09-26 12:46:38 [09/26/21 12:46:38    4.85s]: 9268    7907       13402      0          54248      0          0          1.29e-04   3.57e+06   1.40e+05   0.03       < 0.062 0.923 >
2021-09-26 12:46:42 [09/26/21 12:46:42    3.71s]: 9930    8308       14586      0          63999      0          0          1.38e-04   3.89e+06   1.55e+05   0.04       < 0.069 0.933 >
2021-09-26 12:46:46 [09/26/21 12:46:46    4.19s]: 10592   9001       15311      285        74709      51435308   52         1.50e-04   4.17e+06   1.72e+05   0.04       < 0.076 0.932 >
2021-09-26 12:46:53 [09/26/21 12:46:53    6.27s]: 11254   8857       14565      1241       87401      111508467  266        1.56e-04   4.26e+06   1.89e+05   0.05       < 0.084 0.957 >
2021-09-26 12:46:59 [09/26/21 12:46:59    6.83s]: 11916   8311       11389      2676       102975     165058578  685        1.59e-04   3.83e+06   2.06e+05   0.06       < 0.091 0.970 >
2021-09-26 12:47:05 [09/26/21 12:47:05    5.91s]: 12578   7874       7658       3663       119648     212794143  1123       1.54e-04   2.99e+06   2.23e+05   0.06       < 0.099 0.938 >
2021-09-26 12:47:15 [09/26/21 12:47:15   10.12s]: 13240   6622       4948       3999       136402     255346280  1519       1.40e-04   2.17e+06   2.40e+05   0.07       < 0.106 0.953 >
2021-09-26 12:47:24 [09/26/21 12:47:24    8.66s]: 13902   6265       2512       3447       152448     293277814  1872       1.21e-04   1.34e+06   2.56e+05   0.07       < 0.112 0.963 >
2021-09-26 12:47:38 [09/26/21 12:47:38   14.14s]: 14564   6665       1934       3738       165929     327090659  2234       1.09e-04   9.31e+05   2.74e+05   0.08       < 0.119 0.973 >
2021-09-26 12:47:46 [09/26/21 12:47:46    7.95s]: 15226   5550       1429       3993       180680     357232124  2489       9.73e-05   7.88e+05   2.91e+05   0.09       < 0.124 0.978 >
2021-09-26 12:47:56 [09/26/21 12:47:56    9.85s]: 15888   4899       822        3716       194898     384100499  2782       8.16e-05   5.18e+05   3.07e+05   0.09       < 0.129 0.980 >
2021-09-26 12:48:05 [09/26/21 12:48:05    8.76s]: 16550   4707       587        3367       207820     408051505  3080       7.21e-05   3.75e+05   3.22e+05   0.10       < 0.134 0.977 >
2021-09-26 12:48:14 [09/26/21 12:48:14    9.18s]: 17212   4155       526        3283       220484     429401655  3387       6.51e-05   2.99e+05   3.38e+05   0.10       < 0.137 0.973 >
2021-09-26 12:48:24 [09/26/21 12:48:24    9.55s]: 17874   3071       277        2821       232461     448433506  3610       4.74e-05   2.05e+05   3.49e+05   0.11       < 0.139 0.960 >
2021-09-26 12:48:33 [09/26/21 12:48:33    9.76s]: 18536   2490       213        2377       242019     465398739  3829       3.43e-05   1.28e+05   3.59e+05   0.11       < 0.140 0.957 >
2021-09-26 12:48:43 [09/26/21 12:48:43    9.89s]: 19198   1875       149        1805       250082     480521927  3911       2.55e-05   9.01e+04   3.68e+05   0.11       < 0.141 0.946 >
2021-09-26 12:48:58 [09/26/21 12:48:58   14.74s]: 19860   1099       86         1325       256257     494003063  3836       1.67e-05   6.01e+04   3.66e+05   0.12       < 0.140 0.930 >
2021-09-26 12:49:08 [09/26/21 12:49:08    9.88s]: 20522   632        11         818        260515     506020698  3682       6.67e-06   2.54e+04   3.59e+05   0.12       < 0.140 0.918 >
2021-09-26 12:49:19 [09/26/21 12:49:19   11.15s]: 21184   244        2          373        262857     516733649  3156       2.88e-06   7.37e+03   3.27e+05   0.12       < 0.138 0.921 >
2021-09-26 12:49:29 [09/26/21 12:49:29    9.98s]: 21846   146        5          214        263937     526283865  2236       1.22e-06   3.05e+03   3.05e+05   0.12       < 0.136 0.934 >
2021-09-26 12:49:40 [09/26/21 12:49:40   11.37s]: 22508   92         1          104        264543     534797556  1309       1.30e-06   3.06e+03   2.81e+05   0.12       < 0.131 0.950 >
2021-09-26 12:49:49 [09/26/21 12:49:49    8.82s]: 23170   86         3          82         264888     542386922  701        1.25e-06   1.86e+03   2.83e+05   0.12       < 0.125 0.949 >
2021-09-26 12:50:00 [09/26/21 12:50:00   10.90s]: 23832   132        22         72         265191     549152275  467        1.26e-06   2.23e+03   2.83e+05   0.12       < 0.117 0.923 >
2021-09-26 12:50:07 [09/26/21 12:50:07    6.75s]: 24494   170        10         175        265636     555182906  488        1.94e-06   9.56e+03   2.84e+05   0.12       < 0.102 0.919 >
2021-09-26 12:50:14 [09/26/21 12:50:14    7.27s]: 25156   115        2          166        266271     560558779  533        9.33e-07   2.87e+03   2.84e+05   0.12       < 0.075 0.932 >
2021-09-26 12:50:20 [09/26/21 12:50:20    5.89s]: 25818   62         1          83         266734     565350953  511        4.18e-07   1.23e+03   2.78e+05   0.12       < 0.047 0.895 >
2021-09-26 12:50:27 [09/26/21 12:50:27    6.92s]: 26480   42         0          39         266959     569622713  348        5.00e-07   9.52e+02   2.74e+05   0.12       < 0.029 0.816 >
2021-09-26 12:50:30 [09/26/21 12:50:30    2.94s]: 27142   9          0          23         267136     573430859  270        7.42e-08   1.98e+02   2.73e+05   0.12       < 0.022 0.846 >
2021-09-26 12:50:35 [09/26/21 12:50:35    4.74s]: 27804   0          0          4          267183     576825476  204        3.36e-11   1.40e+01   2.68e+05   0.12       < 0.019 0.827 >
2021-09-26 12:50:40 [09/26/21 12:50:40    5.29s]: 28466   0          0          0          267188     579851537  81         0.00e+00   9.84e-01   2.67e+05   0.12       < 0.017 0.787 >
2021-09-26 12:50:44 [09/26/21 12:50:44    4.63s]: 29128   0          0          0          267188     582549028  5          0.00e+00   6.93e-02   2.67e+05   0.12       < 0.014 0.710 >
2021-09-26 12:50:47 [09/26/21 12:50:47    2.28s]: 29790   0          0          0          267188     584953631  0          0.00e+00   4.87e-03   2.67e+05   0.12       < 0.009 0.755 >
2021-09-26 12:50:49 [09/26/21 12:50:49    2.08s]: 30452   0          0          0          267188     587097148  0          0.00e+00   3.42e-04   2.67e+05   0.12       < 0.007 0.806 >
2021-09-26 12:50:53 [09/26/21 12:50:53    4.12s]: 31114   0          0          0          267188     589008040  0          0.00e+00   2.32e-05   2.67e+05   0.12       < 0.004 0.653 >
2021-09-26 12:50:55 [09/26/21 12:50:55    1.91s]: 31776   0          0          0          267188     590711419  0          0.00e+00   9.79e-07   2.67e+05   0.12       < 0.001 0.333 >
2021-09-26 12:50:57 [09/26/21 12:50:57    1.78s]: 32438   0          0          0          267188     592229850  0          0.00e+00   0.00e+00   2.67e+05   0.12       < 0.000 1.000 >
2021-09-26 12:50:58 [09/26/21 12:50:58    1.73s]: 33100   0          0          0          267188     593583244  0          0.00e+00   0.00e+00   2.67e+05   0.12       < 0.000 1.000 >
2021-09-26 12:50:58 [09/26/21 12:50:58    0.05s]: 33119   0          0          0          267188     593619855  0          0.00e+00   0.00e+00   2.67e+05   0.12       < 0.000 1.000 >
2021-09-26 12:50:58  ---  main.cpp:generate tcells took  avg 0.00 s max 0.00 s balance 0.77  --- 
2021-09-26 12:50:58  ---  main.cpp:update circulating tcells took  avg 40.90 s max 43.77 s balance 0.93  --- 
2021-09-26 12:50:58  ---  main.cpp:update tcells took  avg 8.01 s max 13.68 s balance 0.59  --- 
2021-09-26 12:50:58  ---  main.cpp:update epicells took  avg 7.25 s max 8.04 s balance 0.90  --- 
2021-09-26 12:50:58  ---  main.cpp:update concentrations took  avg 32.87 s max 35.11 s balance 0.94  --- 
2021-09-26 12:50:58  ---  main.cpp:compute updates took  avg 181.81 s max 181.83 s balance 1.00  --- 
2021-09-26 12:50:58  ---  main.cpp:dispatch updates took  avg 59.78 s max 65.63 s balance 0.91  --- 
2021-09-26 12:50:58  ---  main.cpp:add new actives took  avg 3.34 s max 3.39 s balance 0.99  --- 
2021-09-26 12:50:58  ---  main.cpp:erase inactive took  avg 17.48 s max 17.90 s balance 0.98  --- 
2021-09-26 12:50:58  ---  main.cpp:sample took  avg 0.00 s max 0.00 s balance -nan  --- 
2021-09-26 12:50:58  ---  main.cpp:sample write took  avg 0.00 s max 0.00 s balance -nan  --- 
2021-09-26 12:50:58  ---  main.cpp:log took  avg 5.61 s max 5.92 s balance 0.95  --- 
2021-09-26 12:50:58 Finished 33120 time steps in 290.9077 s (0.0088 s per step)
2021-09-26 12:50:58  --- Elapsed time for main.cpp:run_sim:  (exiting barrier) 2021-09-26 12:50:58 ...
2021-09-26 12:50:58           ... (min/my/avg/max, bal) (290.88/290.91/290.89/290.91 s, 1.00) barrier(0.03 s) --- 
2021-09-26 12:50:59 Peak memory used across all nodes: 21.97GB
2021-09-26 12:50:59 Finished in 298.15 s at 09/26/21 12:50:59 for SimCov version 0.1.1
