2021-12-11 18:36:53 SimCov version SimCov version 0.1.1- built on 20211211_182536
2021-12-11 18:36:53 _________________________
2021-12-11 18:36:53 Compiler definitions:
2021-12-11 18:36:53   _XOPEN_SOURCE=700
2021-12-11 18:36:53   CONFIG_USE_COLORS
2021-12-11 18:36:53   USE_BYTELL
2021-12-11 18:36:53   MAX_VIRIONS=125000
2021-12-11 18:36:53   MIN_VIRIONS=1e-10
2021-12-11 18:36:53   BLOCK_PARTITION
2021-12-11 18:36:53   MIN_BLOCKS_PER_PROC=1
2021-12-11 18:36:53   AVERAGE_SUBSAMPLE
2021-12-11 18:36:53 _________________________
2021-12-11 18:36:53 Options:
2021-12-11 18:36:53   dim =                         15000 15000 1
2021-12-11 18:36:53   whole-lung-dim =              48000 40000 20000
2021-12-11 18:36:53   timesteps =                   33120
2021-12-11 18:36:53   infection-coords =            uniform:1
2021-12-11 18:36:53   initial-infection =           1000
2021-12-11 18:36:53   incubation-period =           480
2021-12-11 18:36:53   apoptosis-period =            180
2021-12-11 18:36:53   expressing-period =           900
2021-12-11 18:36:53   infectivity =                 0.001
2021-12-11 18:36:53   virion-production =           1.1
2021-12-11 18:36:53   virion-clearance =            0.004
2021-12-11 18:36:53   virion-diffusion =            0.15
2021-12-11 18:36:53   chemokine-production =        1.0
2021-12-11 18:36:53   chemokine-decay =             0.01
2021-12-11 18:36:53   chemokine-diffusion =         1.0
2021-12-11 18:36:53   min-chemokine =               1e-6
2021-12-11 18:36:53   antibody-factor =             1
2021-12-11 18:36:53   antibody-period =             5760
2021-12-11 18:36:53   tcell-generation-rate =       105000
2021-12-11 18:36:53   tcell-initial-delay =         10080
2021-12-11 18:36:53   tcell-vascular-period =       5760
2021-12-11 18:36:53   tcell-tissue-period =         1440
2021-12-11 18:36:53   tcell-binding-period =        10
2021-12-11 18:36:53   max-binding-prob =            1
2021-12-11 18:36:53   tcells-follow-gradient =      false
2021-12-11 18:36:53   seed =                        29
2021-12-11 18:36:53   sample-period =               0
2021-12-11 18:36:53   sample-resolution =           1
2021-12-11 18:36:53   max-block-dim =               10
2021-12-11 18:36:53   output =                      results
2021-12-11 18:36:53 _________________________
2021-12-11 18:36:53 Starting run with 48 processes on 3 nodes at 12/11/21 18:36:53
2021-12-11 18:36:53 Pinned processes, with process 0 (pid 28971) pinned to core 0
2021-12-11 18:36:53 Using block partitioning
2021-12-11 18:36:53 Initial free memory across all nodes: 180.15GB
2021-12-11 18:36:53 Starting with 60.02GB free on node 0
2021-12-11 18:36:53 Dividing 225000000 grid points into 3515625 squares of size 64 (8^2), with 73243 per process
2021-12-11 18:36:53 Total initial memory required per process is at least 375.51MB with each grid point requiring on average 84 bytes
2021-12-11 18:37:00  --- Elapsed time for tissue.cpp:Tissue:  (exiting barrier) 2021-12-11 18:37:00 ...
2021-12-11 18:37:00           ... (min/my/avg/max, bal) (7.09/7.09/7.09/7.09 s, 1.00) barrier(0.00 s) --- 
2021-12-11 18:37:00 Memory used on node 0 after initialization is  7.28GB
2021-12-11 18:37:00           ... (min/my/avg/max, bal) No-Time barrier(0.00 s) --- 
2021-12-11 18:37:00 Fraction of circulating T cells extravasating is 5.85938e-06
2021-12-11 18:37:00 # datetime                    step    incb       expr       apop       dead       tvas       ttis       chem       virs       chempts    %infct     <%active  lbln>
2021-12-11 18:37:00 Time step 0: SUCCESSFUL initial infection at (7500, 7500, 0) after 0 tries
2021-12-11 18:37:00 [12/11/21 18:37:00    0.00s]: 0       1          0          0          0          0          0          0.00e+00   0.00e+00   1.00e+00   0.00       < 0.000 0.021 >
2021-12-11 18:37:00 [12/11/21 18:37:00    0.25s]: 662     131        67         0          0          0          0          1.58e-06   5.69e+03   6.49e+03   0.00       < 0.004 0.649 >
2021-12-11 18:37:01 [12/11/21 18:37:01    0.46s]: 1324    811        447        0          1          0          0          5.83e-06   6.11e+04   1.69e+04   0.00       < 0.008 0.816 >
2021-12-11 18:37:01 [12/11/21 18:37:01    0.63s]: 1986    1359       1482       0          151        0          0          1.36e-05   2.94e+05   2.23e+04   0.00       < 0.010 0.758 >
2021-12-11 18:37:04 [12/11/21 18:37:04    2.96s]: 2648    1890       2432       0          1156       0          0          2.38e-05   5.60e+05   2.86e+04   0.00       < 0.013 0.760 >
2021-12-11 18:37:05 [12/11/21 18:37:05    1.03s]: 3310    2481       3508       0          2810       0          0          3.38e-05   8.48e+05   3.65e+04   0.00       < 0.016 0.806 >
2021-12-11 18:37:07 [12/11/21 18:37:07    1.19s]: 3972    3177       4695       0          5189       0          0          4.45e-05   1.16e+06   4.47e+04   0.01       < 0.020 0.859 >
2021-12-11 18:37:08 [12/11/21 18:37:08    1.37s]: 4634    3693       5850       0          8467       0          0          5.55e-05   1.48e+06   5.35e+04   0.01       < 0.024 0.919 >
2021-12-11 18:37:09 [12/11/21 18:37:09    1.58s]: 5296    4316       6829       0          12688      0          0          6.57e-05   1.76e+06   6.36e+04   0.01       < 0.028 0.885 >
2021-12-11 18:37:11 [12/11/21 18:37:11    1.86s]: 5958    4681       8018       0          17556      0          0          7.57e-05   2.08e+06   7.43e+04   0.01       < 0.033 0.864 >
2021-12-11 18:37:13 [12/11/21 18:37:13    2.14s]: 6620    5388       8927       0          23326      0          0          8.56e-05   2.35e+06   8.55e+04   0.02       < 0.038 0.898 >
2021-12-11 18:37:16 [12/11/21 18:37:16    2.41s]: 7282    6039       10029      0          29710      0          0          9.53e-05   2.63e+06   9.75e+04   0.02       < 0.043 0.920 >
2021-12-11 18:37:19 [12/11/21 18:37:19    2.68s]: 7944    6839       11039      0          36994      0          0          1.08e-04   2.93e+06   1.11e+05   0.02       < 0.049 0.950 >
2021-12-11 18:37:21 [12/11/21 18:37:21    2.93s]: 8606    7436       12548      0          45060      0          0          1.20e-04   3.29e+06   1.26e+05   0.03       < 0.056 0.939 >
2021-12-11 18:37:27 [12/11/21 18:37:27    5.08s]: 9268    7965       13899      0          54028      0          0          1.32e-04   3.68e+06   1.40e+05   0.03       < 0.062 0.928 >
2021-12-11 18:37:30 [12/11/21 18:37:30    3.69s]: 9930    8465       14876      0          64130      0          0          1.42e-04   3.96e+06   1.56e+05   0.04       < 0.069 0.924 >
2021-12-11 18:37:34 [12/11/21 18:37:34    4.16s]: 10592   8900       15803      139        74947      51435194   49         1.51e-04   4.25e+06   1.72e+05   0.04       < 0.077 0.932 >
2021-12-11 18:37:39 [12/11/21 18:37:39    4.64s]: 11254   9131       14567      1331       87872      111508322  282        1.60e-04   4.32e+06   1.90e+05   0.05       < 0.084 0.956 >
2021-12-11 18:37:46 [12/11/21 18:37:46    7.16s]: 11916   8286       11732      2777       103338     165058567  656        1.59e-04   3.90e+06   2.07e+05   0.06       < 0.092 0.969 >
2021-12-11 18:37:52 [12/11/21 18:37:52    5.82s]: 12578   7883       8036       3497       120400     212794059  1075       1.55e-04   3.05e+06   2.25e+05   0.06       < 0.100 0.951 >
2021-12-11 18:37:59 [12/11/21 18:37:59    6.59s]: 13240   6996       5199       3741       137168     255346404  1471       1.42e-04   2.23e+06   2.42e+05   0.07       < 0.107 0.955 >
2021-12-11 18:38:06 [12/11/21 18:38:06    7.03s]: 13902   6612       3181       3895       152609     293277989  1816       1.26e-04   1.54e+06   2.58e+05   0.07       < 0.113 0.965 >
2021-12-11 18:38:16 [12/11/21 18:38:16   10.85s]: 14564   5948       2053       3985       167413     327090812  2224       1.12e-04   1.14e+06   2.75e+05   0.08       < 0.119 0.965 >
2021-12-11 18:38:26 [12/11/21 18:38:26    9.28s]: 15226   5400       1254       3603       181858     357232150  2548       9.29e-05   6.92e+05   2.91e+05   0.09       < 0.125 0.970 >
2021-12-11 18:38:34 [12/11/21 18:38:34    8.27s]: 15888   5340       858        3619       195136     384100669  2799       8.41e-05   4.99e+05   3.07e+05   0.09       < 0.130 0.972 >
2021-12-11 18:38:44 [12/11/21 18:38:44   10.03s]: 16550   4467       545        3621       208672     408051447  3065       7.62e-05   3.84e+05   3.23e+05   0.10       < 0.134 0.982 >
2021-12-11 18:38:53 [12/11/21 18:38:53    9.05s]: 17212   3890       401        3397       221038     429401495  3368       6.00e-05   2.57e+05   3.37e+05   0.10       < 0.137 0.977 >
2021-12-11 18:39:11 [12/11/21 18:39:11   17.68s]: 17874   3315       287        2863       232843     448433279  3656       5.04e-05   1.97e+05   3.51e+05   0.11       < 0.139 0.968 >
2021-12-11 18:39:23 [12/11/21 18:39:23   11.78s]: 18536   2815       227        2501       242834     465398511  3842       3.90e-05   1.59e+05   3.64e+05   0.11       < 0.141 0.954 >
2021-12-11 18:39:35 [12/11/21 18:39:35   11.92s]: 19198   2015       152        1993       251547     480521632  3908       2.89e-05   1.04e+05   3.69e+05   0.11       < 0.141 0.938 >
2021-12-11 18:39:47 [12/11/21 18:39:47   12.09s]: 19860   1334       105        1427       258331     494002769  3955       1.79e-05   6.38e+04   3.68e+05   0.12       < 0.141 0.924 >
2021-12-11 18:40:01 [12/11/21 18:40:01   14.79s]: 20522   986        40         995        263052     506020383  3733       1.09e-05   3.75e+04   3.70e+05   0.12       < 0.140 0.915 >
2021-12-11 18:40:11 [12/11/21 18:40:11    9.85s]: 21184   608        27         727        266461     516733108  3429       7.62e-06   2.12e+04   3.61e+05   0.12       < 0.139 0.903 >
2021-12-11 18:40:24 [12/11/21 18:40:24   12.71s]: 21846   305        38         381        268612     526283073  2893       4.03e-06   1.72e+04   3.27e+05   0.12       < 0.137 0.932 >
2021-12-11 18:40:34 [12/11/21 18:40:34   10.44s]: 22508   232        10         290        269765     534796496  1946       2.64e-06   9.99e+03   2.93e+05   0.12       < 0.134 0.944 >
2021-12-11 18:40:45 [12/11/21 18:40:45   10.48s]: 23170   97         3          153        270643     542385872  1077       1.52e-06   3.18e+03   2.95e+05   0.12       < 0.129 0.951 >
2021-12-11 18:40:54 [12/11/21 18:40:54    9.36s]: 23832   143        23         83         271071     549151091  831        1.88e-06   2.74e+03   3.06e+05   0.12       < 0.122 0.949 >
2021-12-11 18:41:03 [12/11/21 18:41:03    8.84s]: 24494   282        27         300        271694     555181660  955        3.23e-06   8.59e+03   3.06e+05   0.12       < 0.111 0.944 >
2021-12-11 18:41:10 [12/11/21 18:41:10    6.52s]: 25156   289        9          406        272825     560557434  1048       3.73e-06   1.13e+04   3.11e+05   0.12       < 0.094 0.930 >
2021-12-11 18:41:18 [12/11/21 18:41:18    8.43s]: 25818   156        2          231        274091     565349402  1108       2.14e-06   4.29e+03   3.12e+05   0.12       < 0.075 0.882 >
2021-12-11 18:41:25 [12/11/21 18:41:25    6.78s]: 26480   40         0          84         274769     569621163  1135       1.76e-07   8.25e+02   3.04e+05   0.12       < 0.062 0.926 >
2021-12-11 18:41:29 [12/11/21 18:41:29    4.52s]: 27142   3          0          8          274944     573429379  799        9.42e-11   5.81e+01   2.77e+05   0.12       < 0.055 0.904 >
2021-12-11 18:41:33 [12/11/21 18:41:33    3.96s]: 27804   2          0          0          274957     576824212  288        0.00e+00   4.09e+00   2.75e+05   0.12       < 0.047 0.862 >
2021-12-11 18:41:37 [12/11/21 18:41:37    3.57s]: 28466   0          0          0          274959     579850481  10         0.00e+00   2.88e-01   2.75e+05   0.12       < 0.039 0.876 >
2021-12-11 18:41:40 [12/11/21 18:41:40    3.20s]: 29128   0          0          0          274959     582548127  0          0.00e+00   2.03e-02   2.75e+05   0.12       < 0.036 0.898 >
2021-12-11 18:41:44 [12/11/21 18:41:44    4.38s]: 29790   0          0          0          274959     584952812  0          0.00e+00   1.42e-03   2.75e+05   0.12       < 0.030 0.875 >
2021-12-11 18:41:48 [12/11/21 18:41:48    3.94s]: 30452   0          0          0          274959     587096398  0          0.00e+00   9.67e-05   2.75e+05   0.12       < 0.019 0.809 >
2021-12-11 18:41:54 [12/11/21 18:41:54    6.07s]: 31114   0          0          0          274959     589007232  0          0.00e+00   4.11e-06   2.75e+05   0.12       < 0.005 0.683 >
2021-12-11 18:41:56 [12/11/21 18:41:56    1.80s]: 31776   0          0          0          274959     590710641  0          0.00e+00   0.00e+00   2.75e+05   0.12       < 0.000 1.000 >
2021-12-11 18:42:00 [12/11/21 18:42:00    3.45s]: 32438   0          0          0          274959     592229210  0          0.00e+00   0.00e+00   2.75e+05   0.12       < 0.000 1.000 >
2021-12-11 18:42:03 [12/11/21 18:42:03    3.47s]: 33100   0          0          0          274959     593582743  0          0.00e+00   0.00e+00   2.75e+05   0.12       < 0.000 1.000 >
2021-12-11 18:42:03 [12/11/21 18:42:03    0.05s]: 33119   0          0          0          274959     593619339  0          0.00e+00   0.00e+00   2.75e+05   0.12       < 0.000 1.000 >
2021-12-11 18:42:03  ---  main.cpp:generate tcells took  avg 0.00 s max 0.00 s balance 0.59  --- 
2021-12-11 18:42:03  ---  main.cpp:update circulating tcells took  avg 42.19 s max 46.97 s balance 0.90  --- 
2021-12-11 18:42:03  ---  main.cpp:update tcells took  avg 8.70 s max 15.06 s balance 0.58  --- 
2021-12-11 18:42:03  ---  main.cpp:update epicells took  avg 7.90 s max 8.35 s balance 0.95  --- 
2021-12-11 18:42:03  ---  main.cpp:update concentrations took  avg 35.08 s max 36.26 s balance 0.97  --- 
2021-12-11 18:42:03  ---  main.cpp:compute updates took  avg 184.64 s max 184.66 s balance 1.00  --- 
2021-12-11 18:42:03  ---  main.cpp:dispatch updates took  avg 62.76 s max 67.00 s balance 0.94  --- 
2021-12-11 18:42:03  ---  main.cpp:add new actives took  avg 3.54 s max 3.63 s balance 0.97  --- 
2021-12-11 18:42:03  ---  main.cpp:erase inactive took  avg 18.79 s max 19.53 s balance 0.96  --- 
2021-12-11 18:42:03  ---  main.cpp:sample took  avg 0.00 s max 0.00 s balance -nan  --- 
2021-12-11 18:42:03  ---  main.cpp:sample write took  avg 0.00 s max 0.00 s balance -nan  --- 
2021-12-11 18:42:03  ---  main.cpp:log took  avg 8.38 s max 8.95 s balance 0.94  --- 
2021-12-11 18:42:03 Finished 33120 time steps in 303.2053 s (0.0092 s per step)
2021-12-11 18:42:03  --- Elapsed time for main.cpp:run_sim:  (exiting barrier) 2021-12-11 18:42:03 ...
2021-12-11 18:42:03           ... (min/my/avg/max, bal) (303.20/303.21/303.21/303.21 s, 1.00) barrier(0.00 s) --- 
2021-12-11 18:42:04 Peak memory used across all nodes: 21.97GB
2021-12-11 18:42:04 Finished in 310.63 s at 12/11/21 18:42:04 for SimCov version 0.1.1
