2021-12-12 13:05:11 SimCov version SimCov version 0.1.1- built on 20211127_074920
2021-12-12 13:05:11 _________________________
2021-12-12 13:05:11 Compiler definitions:
2021-12-12 13:05:11   _XOPEN_SOURCE=700
2021-12-12 13:05:11   CONFIG_USE_COLORS
2021-12-12 13:05:11   USE_BYTELL
2021-12-12 13:05:11   MAX_VIRIONS=125000
2021-12-12 13:05:11   MIN_VIRIONS=1e-10
2021-12-12 13:05:11   BLOCK_PARTITION
2021-12-12 13:05:11   MIN_BLOCKS_PER_PROC=1
2021-12-12 13:05:11   AVERAGE_SUBSAMPLE
2021-12-12 13:05:11 _________________________
2021-12-12 13:05:11 Options:
2021-12-12 13:05:11   dim =                         2828 2828 1
2021-12-12 13:05:11   whole-lung-dim =              48000 40000 20000
2021-12-12 13:05:11   timesteps =                   20160
2021-12-12 13:05:11   infection-coords =            uniform:1
2021-12-12 13:05:11   initial-infection =           1000
2021-12-12 13:05:11   incubation-period =           480
2021-12-12 13:05:11   apoptosis-period =            180
2021-12-12 13:05:11   expressing-period =           900
2021-12-12 13:05:11   infectivity =                 0.001
2021-12-12 13:05:11   virion-production =           1.1
2021-12-12 13:05:11   virion-clearance =            0.004
2021-12-12 13:05:11   virion-diffusion =            0.15
2021-12-12 13:05:11   chemokine-production =        1.0
2021-12-12 13:05:11   chemokine-decay =             0.01
2021-12-12 13:05:11   chemokine-diffusion =         1.0
2021-12-12 13:05:11   min-chemokine =               1e-6
2021-12-12 13:05:11   antibody-factor =             1.01
2021-12-12 13:05:11   antibody-period =             4320
2021-12-12 13:05:11   tcell-generation-rate =       105000
2021-12-12 13:05:11   tcell-initial-delay =         0
2021-12-12 13:05:11   tcell-vascular-period =       5760
2021-12-12 13:05:11   tcell-tissue-period =         1440
2021-12-12 13:05:11   tcell-binding-period =        10
2021-12-12 13:05:11   max-binding-prob =            1
2021-12-12 13:05:11   tcells-follow-gradient =      false
2021-12-12 13:05:11   seed =                        29
2021-12-12 13:05:11   sample-period =               0
2021-12-12 13:05:11   sample-resolution =           1
2021-12-12 13:05:11   max-block-dim =               10
2021-12-12 13:05:11   output =                      reinfect-1-01
2021-12-12 13:05:11 _________________________
2021-12-12 13:05:11 Starting run with 24 processes on 1 node at 12/12/21 13:05:11
2021-12-12 13:05:11 Pinned processes, with process 0 (pid 31340) pinned to core 0
2021-12-12 13:05:11 Using block partitioning
2021-12-12 13:05:11 Initial free memory across all nodes: 45.28GB
2021-12-12 13:05:11 Starting with 45.28GB free on node 0
2021-12-12 13:05:11 Dividing 7997584 grid points into 163216 squares of size 49 (7^2), with 6801 per process
2021-12-12 13:05:11 Total initial memory required per process is at least 26.70MB with each grid point requiring on average 84 bytes
2021-12-12 13:05:12  --- Elapsed time for tissue.cpp:Tissue:  (exiting barrier) 2021-12-12 13:05:12 ...
2021-12-12 13:05:12           ... (min/my/avg/max, bal) (1.88/1.91/1.90/1.91 s, 0.99) barrier(0.00 s) --- 
2021-12-12 13:05:12 Memory used on node 0 after initialization is  794.96MB
2021-12-12 13:05:12           ... (min/my/avg/max, bal) No-Time barrier(0.00 s) --- 
2021-12-12 13:05:12 Fraction of circulating T cells extravasating is 2.0827e-07
2021-12-12 13:05:12 # datetime                    step    incb       expr       apop       dead       tvas       ttis       chem       virs       chempts    %infct     <%active  lbln>
2021-12-12 13:05:12 Time step 0: SUCCESSFUL initial infection at (1414, 1414, 0) after 0 tries
2021-12-12 13:05:12 [12/12/21 13:05:12    0.01s]: 0       1          0          0          0          0          0          0.00e+00   0.00e+00   1.00e+00   0.00       < 0.000 0.042 >
2021-12-12 13:05:12 [0] <main.cpp:164> WARNING: rem 0 local num 4375

2021-12-12 13:05:13 [12/12/21 13:05:13    0.57s]: 403     114        0          0          0          40864977   0          0.00e+00   1.99e+02   1.14e+02   0.00       < 0.068 0.826 >
2021-12-12 13:05:14 [12/12/21 13:05:14    1.24s]: 806     307        100        0          0          78968289   3          7.18e-05   1.41e+04   1.01e+04   0.01       < 0.126 0.880 >
2021-12-12 13:05:16 [12/12/21 13:05:16    2.08s]: 1209    659        258        51         18         114496559  22         1.21e-04   4.21e+04   1.55e+04   0.01       < 0.194 0.906 >
2021-12-12 13:05:19 [12/12/21 13:05:19    2.57s]: 1612    795        619        92         223        147623886  51         2.34e-04   1.26e+05   1.82e+04   0.02       < 0.228 0.925 >
2021-12-12 13:05:22 [12/12/21 13:05:22    3.06s]: 2015    991        943        285        584        178512441  81         3.28e-04   2.22e+05   2.18e+04   0.04       < 0.273 0.941 >
2021-12-12 13:05:26 [12/12/21 13:05:26    3.60s]: 2418    970        796        510        1676       207313578  125        4.29e-04   2.81e+05   2.53e+04   0.05       < 0.317 0.913 >
2021-12-12 13:05:30 [12/12/21 13:05:30    4.19s]: 2821    1210       595        525        3015       234168404  156        5.46e-04   2.49e+05   2.84e+04   0.07       < 0.356 0.928 >
2021-12-12 13:05:35 [12/12/21 13:05:35    4.88s]: 3224    1352       665        600        4324       259208282  210        6.06e-04   2.23e+05   3.24e+04   0.09       < 0.406 0.942 >
2021-12-12 13:05:40 [12/12/21 13:05:40    5.57s]: 3627    1325       720        765        5787       282556018  262        6.56e-04   2.53e+05   3.63e+04   0.11       < 0.454 0.965 >
2021-12-12 13:05:46 [12/12/21 13:05:46    6.15s]: 4030    1592       557        786        7615       304325828  325        6.90e-04   2.56e+05   4.00e+04   0.13       < 0.501 0.935 >
2021-12-12 13:05:53 [12/12/21 13:05:53    7.06s]: 4433    1527       522        833        9572       324624455  387        7.44e-04   2.29e+05   4.36e+04   0.16       < 0.546 0.953 >
2021-12-12 13:06:04 [12/12/21 13:06:04   10.57s]: 4836    1415       441        1072       11652      343551301  471        7.22e-04   2.15e+05   4.80e+04   0.18       < 0.600 0.963 >
2021-12-12 13:06:16 [12/12/21 13:06:16   11.64s]: 5239    1388       264        969        14006      361199079  515        6.92e-04   1.70e+05   5.15e+04   0.21       < 0.645 0.967 >
2021-12-12 13:06:28 [12/12/21 13:06:28   12.61s]: 5642    1524       270        922        16119      377654256  586        6.73e-04   1.28e+05   5.59e+04   0.24       < 0.700 0.957 >
2021-12-12 13:06:42 [12/12/21 13:06:42   13.66s]: 6045    1639       235        1055       18322      392997298  663        6.91e-04   1.28e+05   6.04e+04   0.27       < 0.756 0.970 >
2021-12-12 13:06:57 [12/12/21 13:06:57   15.12s]: 6448    1769       263        1059       20794      407303521  766        7.29e-04   1.23e+05   6.48e+04   0.30       < 0.811 0.972 >
2021-12-12 13:07:13 [12/12/21 13:07:13   16.42s]: 6851    1727       188        1237       23490      420642829  903        6.91e-04   1.17e+05   7.01e+04   0.33       < 0.877 0.964 >
2021-12-12 13:07:31 [12/12/21 13:07:31   17.90s]: 7254    1499       171        1248       26277      433080628  1032       6.78e-04   1.07e+05   7.37e+04   0.37       < 0.923 0.950 >
2021-12-12 13:07:50 [12/12/21 13:07:50   18.60s]: 7657    1206       96         1273       29103      444677868  1151       5.36e-04   8.59e+04   7.81e+04   0.40       < 0.978 0.972 >
2021-12-12 13:08:09 [12/12/21 13:08:09   19.42s]: 8060    938        39         994        31760      455491440  1240       3.85e-04   5.36e+04   8.19e+04   0.42       < 1.026 0.964 >
2021-12-12 13:08:26 [12/12/21 13:08:26   16.63s]: 8463    828        43         810        33838      465574214  1310       3.08e-04   3.13e+04   8.42e+04   0.44       < 1.059 0.964 >
2021-12-12 13:08:43 [12/12/21 13:08:43   17.14s]: 8866    750        37         714        35595      474975508  1375       2.78e-04   2.39e+04   8.70e+04   0.46       < 1.105 0.978 >
2021-12-12 13:09:01 [12/12/21 13:09:01   17.72s]: 9269    632        35         687        37170      483741456  1405       2.32e-04   2.21e+04   8.84e+04   0.48       < 1.154 0.969 >
2021-12-12 13:09:19 [12/12/21 13:09:19   17.71s]: 9672    532        31         619        38615      491915044  1426       1.91e-04   2.13e+04   8.76e+04   0.50       < 1.199 0.966 >
2021-12-12 13:09:37 [12/12/21 13:09:37   18.08s]: 10075   325        22         420        39915      499536226  1455       1.39e-04   1.59e+04   8.83e+04   0.51       < 1.235 0.971 >
2021-12-12 13:09:55 [12/12/21 13:09:55   18.37s]: 10478   247        15         306        40768      506642471  1467       7.13e-05   8.75e+03   8.39e+04   0.52       < 1.269 0.978 >
2021-12-12 13:10:13 [12/12/21 13:10:13   18.12s]: 10881   222        19         209        41367      513268517  1356       7.95e-05   9.80e+03   7.43e+04   0.52       < 1.303 0.971 >
2021-12-12 13:10:30 [12/12/21 13:10:30   17.33s]: 11284   110        3          196        41843      519446850  1163       7.83e-05   8.71e+03   6.15e+04   0.53       < 1.331 0.980 >
2021-12-12 13:10:47 [12/12/21 13:10:47   16.94s]: 11687   104        0          133        42201      525207752  927        1.96e-05   3.31e+03   6.17e+04   0.53       < 1.350 0.982 >
2021-12-12 13:11:04 [12/12/21 13:11:04   16.98s]: 12090   88         2          95         42475      530579329  701        3.19e-05   2.38e+03   6.00e+04   0.53       < 1.359 0.976 >
2021-12-12 13:11:21 [12/12/21 13:11:21   16.65s]: 12493   68         2          66         42672      535587946  609        2.63e-05   1.73e+03   5.71e+04   0.54       < 1.352 0.963 >
2021-12-12 13:11:37 [12/12/21 13:11:37   16.04s]: 12896   55         2          60         42820      540258086  492        2.18e-05   1.59e+03   5.31e+04   0.54       < 1.338 0.973 >
2021-12-12 13:11:53 [12/12/21 13:11:53   15.69s]: 13299   36         0          45         42941      544612671  406        2.02e-05   2.07e+03   5.27e+04   0.54       < 1.311 0.971 >
2021-12-12 13:12:08 [12/12/21 13:12:08   14.97s]: 13702   14         0          43         43036      548672951  328        6.37e-07   5.04e+02   5.25e+04   0.54       < 1.250 0.960 >
2021-12-12 13:12:21 [12/12/21 13:12:21   13.63s]: 14105   5          0          12         43100      552458837  263        8.76e-09   9.86e+01   4.72e+04   0.54       < 1.140 0.967 >
2021-12-12 13:12:33 [12/12/21 13:12:33   11.71s]: 14508   3          0          1          43119      555988931  190        0.00e+00   1.93e+01   4.31e+04   0.54       < 0.992 0.978 >
2021-12-12 13:12:43 [12/12/21 13:12:43    9.52s]: 14911   1          0          0          43123      559280440  107        0.00e+00   3.78e+00   4.31e+04   0.54       < 0.776 0.950 >
2021-12-12 13:12:49 [12/12/21 13:12:49    6.81s]: 15314   0          0          0          43124      562349493  40         0.00e+00   7.39e-01   4.31e+04   0.54       < 0.572 0.950 >
2021-12-12 13:12:55 [12/12/21 13:12:55    5.14s]: 15717   0          0          0          43124      565211168  1          0.00e+00   1.45e-01   4.31e+04   0.54       < 0.463 0.930 >
2021-12-12 13:12:59 [12/12/21 13:12:59    4.36s]: 16120   0          0          0          43124      567879489  0          0.00e+00   2.83e-02   4.31e+04   0.54       < 0.406 0.956 >
2021-12-12 13:13:03 [12/12/21 13:13:03    3.86s]: 16523   0          0          0          43124      570367397  0          0.00e+00   5.53e-03   4.31e+04   0.54       < 0.338 0.928 >
2021-12-12 13:13:07 [12/12/21 13:13:07    3.93s]: 16926   0          0          0          43124      572687274  0          0.00e+00   1.08e-03   4.31e+04   0.54       < 0.247 0.897 >
2021-12-12 13:13:10 [12/12/21 13:13:10    3.09s]: 17329   0          0          0          43124      574850346  0          0.00e+00   2.10e-04   4.31e+04   0.54       < 0.187 0.916 >
2021-12-12 13:13:12 [12/12/21 13:13:12    2.53s]: 17732   0          0          0          43124      576867195  0          0.00e+00   4.04e-05   4.31e+04   0.54       < 0.143 0.871 >
2021-12-12 13:13:14 [12/12/21 13:13:14    1.95s]: 18135   0          0          0          43124      578747785  0          0.00e+00   7.21e-06   4.31e+04   0.54       < 0.092 0.860 >
2021-12-12 13:13:16 [12/12/21 13:13:16    1.28s]: 18538   0          0          0          43124      580501307  0          0.00e+00   8.60e-07   4.31e+04   0.54       < 0.035 0.693 >
2021-12-12 13:13:16 [12/12/21 13:13:16    0.64s]: 18941   0          0          0          43124      582136326  0          0.00e+00   0.00e+00   4.31e+04   0.54       < 0.000 1.000 >
2021-12-12 13:13:17 [12/12/21 13:13:17    0.44s]: 19344   0          0          0          43124      583660744  0          0.00e+00   0.00e+00   4.31e+04   0.54       < 0.000 1.000 >
2021-12-12 13:13:17 [12/12/21 13:13:17    0.43s]: 19747   0          0          0          43124      585082222  0          0.00e+00   0.00e+00   4.31e+04   0.54       < 0.000 1.000 >
2021-12-12 13:13:17 [12/12/21 13:13:17    0.43s]: 20150   0          0          0          43124      586407641  0          0.00e+00   0.00e+00   4.31e+04   0.54       < 0.000 1.000 >
2021-12-12 13:13:17 [12/12/21 13:13:17    0.01s]: 20159   0          0          0          43124      586436195  0          0.00e+00   0.00e+00   4.31e+04   0.54       < 0.000 1.000 >
2021-12-12 13:13:17  ---  main.cpp:generate tcells took  avg 0.00 s max 0.01 s balance 0.75  --- 
2021-12-12 13:13:17  ---  main.cpp:update circulating tcells took  avg 1.89 s max 2.25 s balance 0.84  --- 
2021-12-12 13:13:17  ---  main.cpp:update tcells took  avg 24.47 s max 25.11 s balance 0.97  --- 
2021-12-12 13:13:17  ---  main.cpp:update epicells took  avg 4.18 s max 4.30 s balance 0.97  --- 
2021-12-12 13:13:17  ---  main.cpp:update concentrations took  avg 23.16 s max 26.50 s balance 0.87  --- 
2021-12-12 13:13:17  ---  main.cpp:compute updates took  avg 245.22 s max 245.28 s balance 1.00  --- 
2021-12-12 13:13:17  ---  main.cpp:dispatch updates took  avg 149.88 s max 157.66 s balance 0.95  --- 
2021-12-12 13:13:17  ---  main.cpp:add new actives took  avg 3.35 s max 3.43 s balance 0.98  --- 
2021-12-12 13:13:17  ---  main.cpp:erase inactive took  avg 12.07 s max 13.87 s balance 0.87  --- 
2021-12-12 13:13:17  ---  main.cpp:sample took  avg 0.00 s max 0.00 s balance -nan  --- 
2021-12-12 13:13:17  ---  main.cpp:sample write took  avg 0.00 s max 0.00 s balance -nan  --- 
2021-12-12 13:13:17  ---  main.cpp:log took  avg 6.16 s max 6.73 s balance 0.92  --- 
2021-12-12 13:13:17 Finished 20160 time steps in 485.0171 s (0.0241 s per step)
2021-12-12 13:13:17  --- Elapsed time for main.cpp:run_sim:  (exiting barrier) 2021-12-12 13:13:17 ...
2021-12-12 13:13:17           ... (min/my/avg/max, bal) (485.02/485.02/485.02/485.02 s, 1.00) barrier(0.00 s) --- 
2021-12-12 13:13:18 Peak memory used across all nodes: 834.54MB
2021-12-12 13:13:18 Finished in 487.28 s at 12/12/21 13:13:18 for SimCov version 0.1.1
