2021-12-12 12:06:26 SimCov version SimCov version 0.1.1- built on 20211127_074920
2021-12-12 12:06:26 _________________________
2021-12-12 12:06:26 Compiler definitions:
2021-12-12 12:06:26   _XOPEN_SOURCE=700
2021-12-12 12:06:26   CONFIG_USE_COLORS
2021-12-12 12:06:26   USE_BYTELL
2021-12-12 12:06:26   MAX_VIRIONS=125000
2021-12-12 12:06:26   MIN_VIRIONS=1e-10
2021-12-12 12:06:26   BLOCK_PARTITION
2021-12-12 12:06:26   MIN_BLOCKS_PER_PROC=1
2021-12-12 12:06:26   AVERAGE_SUBSAMPLE
2021-12-12 12:06:26 _________________________
2021-12-12 12:06:26 Options:
2021-12-12 12:06:26   dim =                         2828 2828 1
2021-12-12 12:06:26   whole-lung-dim =              48000 40000 20000
2021-12-12 12:06:26   timesteps =                   20160
2021-12-12 12:06:26   infection-coords =            uniform:1
2021-12-12 12:06:26   initial-infection =           1000
2021-12-12 12:06:26   incubation-period =           480
2021-12-12 12:06:26   apoptosis-period =            180
2021-12-12 12:06:26   expressing-period =           900
2021-12-12 12:06:26   infectivity =                 0.001
2021-12-12 12:06:26   virion-production =           1.1
2021-12-12 12:06:26   virion-clearance =            0.004
2021-12-12 12:06:26   virion-diffusion =            0.15
2021-12-12 12:06:26   chemokine-production =        1.0
2021-12-12 12:06:26   chemokine-decay =             0.01
2021-12-12 12:06:26   chemokine-diffusion =         1.0
2021-12-12 12:06:26   min-chemokine =               1e-6
2021-12-12 12:06:26   antibody-factor =             1.1
2021-12-12 12:06:26   antibody-period =             4320
2021-12-12 12:06:26   tcell-generation-rate =       105000
2021-12-12 12:06:26   tcell-initial-delay =         0
2021-12-12 12:06:26   tcell-vascular-period =       5760
2021-12-12 12:06:26   tcell-tissue-period =         1440
2021-12-12 12:06:26   tcell-binding-period =        10
2021-12-12 12:06:26   max-binding-prob =            1
2021-12-12 12:06:26   tcells-follow-gradient =      false
2021-12-12 12:06:26   seed =                        29
2021-12-12 12:06:26   sample-period =               0
2021-12-12 12:06:26   sample-resolution =           1
2021-12-12 12:06:26   max-block-dim =               10
2021-12-12 12:06:26   output =                      reinfect-1-1
2021-12-12 12:06:26 _________________________
2021-12-12 12:06:26 Starting run with 24 processes on 1 node at 12/12/21 12:06:26
2021-12-12 12:06:26 Pinned processes, with process 0 (pid 19219) pinned to core 0
2021-12-12 12:06:26 Using block partitioning
2021-12-12 12:06:26 Initial free memory across all nodes: 45.51GB
2021-12-12 12:06:26 Starting with 45.51GB free on node 0
2021-12-12 12:06:26 Dividing 7997584 grid points into 163216 squares of size 49 (7^2), with 6801 per process
2021-12-12 12:06:26 Total initial memory required per process is at least 26.70MB with each grid point requiring on average 84 bytes
2021-12-12 12:06:29  --- Elapsed time for tissue.cpp:Tissue:  (exiting barrier) 2021-12-12 12:06:29 ...
2021-12-12 12:06:29           ... (min/my/avg/max, bal) (2.25/2.28/2.26/2.28 s, 0.99) barrier(0.01 s) --- 
2021-12-12 12:06:29 Memory used on node 0 after initialization is  794.27MB
2021-12-12 12:06:29           ... (min/my/avg/max, bal) No-Time barrier(0.00 s) --- 
2021-12-12 12:06:29 Fraction of circulating T cells extravasating is 2.0827e-07
2021-12-12 12:06:29 # datetime                    step    incb       expr       apop       dead       tvas       ttis       chem       virs       chempts    %infct     <%active  lbln>
2021-12-12 12:06:29 Time step 0: SUCCESSFUL initial infection at (1414, 1414, 0) after 0 tries
2021-12-12 12:06:29 [12/12/21 12:06:29    0.01s]: 0       1          0          0          0          0          0          0.00e+00   0.00e+00   1.00e+00   0.00       < 0.000 0.042 >
2021-12-12 12:06:29 [0] <main.cpp:164> WARNING: rem 0 local num 4375

2021-12-12 12:06:29 [12/12/21 12:06:29    0.69s]: 403     112        0          0          0          40864973   0          0.00e+00   1.99e+02   1.12e+02   0.00       < 0.068 0.826 >
2021-12-12 12:06:31 [12/12/21 12:06:31    1.57s]: 806     302        104        0          0          78968313   3          7.06e-05   1.46e+04   1.05e+04   0.01       < 0.131 0.889 >
2021-12-12 12:06:34 [12/12/21 12:06:34    2.72s]: 1209    669        285        23         4          114496657  12         1.20e-04   4.19e+04   1.56e+04   0.01       < 0.195 0.899 >
2021-12-12 12:06:37 [12/12/21 12:06:37    3.38s]: 1612    772        681        72         195        147623934  40         2.38e-04   1.32e+05   1.80e+04   0.02       < 0.225 0.928 >
2021-12-12 12:06:41 [12/12/21 12:06:41    4.03s]: 2015    1215       920        213        539        178512435  74         3.53e-04   2.26e+05   2.23e+04   0.04       < 0.279 0.948 >
2021-12-12 12:06:46 [12/12/21 12:06:46    4.87s]: 2418    1252       1009       371        1512       207313607  108        4.87e-04   2.92e+05   2.57e+04   0.05       < 0.321 0.929 >
2021-12-12 12:06:51 [12/12/21 12:06:51    5.65s]: 2821    1385       1070       592        2655       234168409  160        5.82e-04   3.42e+05   2.94e+04   0.07       < 0.368 0.939 >
2021-12-12 12:06:58 [12/12/21 12:06:58    6.57s]: 3224    1339       994        711        4233       259208315  213        6.84e-04   3.59e+05   3.32e+04   0.09       < 0.415 0.945 >
2021-12-12 12:07:05 [12/12/21 12:07:05    7.43s]: 3627    1408       827        800        6052       282556028  275        7.18e-04   3.32e+05   3.68e+04   0.11       < 0.461 0.964 >
2021-12-12 12:07:12 [12/12/21 12:07:12    6.44s]: 4030    1408       558        866        8068       304325872  347        7.27e-04   2.84e+05   4.07e+04   0.14       < 0.509 0.936 >
2021-12-12 12:07:19 [12/12/21 12:07:19    7.47s]: 4433    1379       460        863        10122      324624545  421        7.03e-04   2.03e+05   4.46e+04   0.16       < 0.558 0.961 >
2021-12-12 12:07:27 [12/12/21 12:07:27    8.08s]: 4836    1306       374        843        12164      343551390  485        6.17e-04   1.66e+05   4.86e+04   0.18       < 0.609 0.945 >
2021-12-12 12:07:37 [12/12/21 12:07:37    9.77s]: 5239    1243       376        906        14035      361199119  550        6.03e-04   1.56e+05   5.21e+04   0.21       < 0.652 0.965 >
2021-12-12 12:07:47 [12/12/21 12:07:47    9.69s]: 5642    1254       208        919        16174      377654229  623        5.58e-04   1.19e+05   5.60e+04   0.23       < 0.701 0.956 >
2021-12-12 12:07:58 [12/12/21 12:07:58   10.63s]: 6045    1228       176        916        18238      392997401  711        5.58e-04   9.19e+04   5.99e+04   0.26       < 0.750 0.959 >
2021-12-12 12:08:09 [12/12/21 12:08:09   11.91s]: 6448    1076       100        911        20393      407303570  831        4.70e-04   6.62e+04   6.40e+04   0.28       < 0.801 0.968 >
2021-12-12 12:08:22 [12/12/21 12:08:22   12.47s]: 6851    1067       112        944        22334      420642851  951        4.67e-04   5.56e+04   6.70e+04   0.31       < 0.839 0.974 >
2021-12-12 12:08:35 [12/12/21 12:08:35   12.89s]: 7254    678        65         896        24352      433080652  1046       3.27e-04   4.84e+04   7.01e+04   0.32       < 0.884 0.981 >
2021-12-12 12:08:48 [12/12/21 12:08:48   13.50s]: 7657    571        25         573        26073      444677926  1116       2.52e-04   2.91e+04   7.13e+04   0.34       < 0.910 0.973 >
2021-12-12 12:09:07 [12/12/21 12:09:07   18.86s]: 8060    558        29         587        27301      455491488  1167       2.05e-04   1.77e+04   7.35e+04   0.36       < 0.955 0.963 >
2021-12-12 12:09:27 [12/12/21 12:09:27   19.56s]: 8463    413        22         459        28560      465574307  1216       1.54e-04   1.42e+04   7.26e+04   0.37       < 0.992 0.978 >
