2021-12-12 19:20:52 SimCov version SimCov version 0.1.1- built on 20211127_074920
2021-12-12 19:20:52 _________________________
2021-12-12 19:20:52 Compiler definitions:
2021-12-12 19:20:52   _XOPEN_SOURCE=700
2021-12-12 19:20:52   CONFIG_USE_COLORS
2021-12-12 19:20:52   USE_BYTELL
2021-12-12 19:20:52   MAX_VIRIONS=125000
2021-12-12 19:20:52   MIN_VIRIONS=1e-10
2021-12-12 19:20:52   BLOCK_PARTITION
2021-12-12 19:20:52   MIN_BLOCKS_PER_PROC=1
2021-12-12 19:20:52   AVERAGE_SUBSAMPLE
2021-12-12 19:20:52 _________________________
2021-12-12 19:20:52 Options:
2021-12-12 19:20:52   dim =                         2828 2828 1
2021-12-12 19:20:52   whole-lung-dim =              48000 40000 20000
2021-12-12 19:20:52   timesteps =                   20160
2021-12-12 19:20:52   infection-coords =            uniform:16
2021-12-12 19:20:52   initial-infection =           1000
2021-12-12 19:20:52   incubation-period =           480
2021-12-12 19:20:52   apoptosis-period =            180
2021-12-12 19:20:52   expressing-period =           900
2021-12-12 19:20:52   infectivity =                 0.001
2021-12-12 19:20:52   virion-production =           1.1
2021-12-12 19:20:52   virion-clearance =            0.004
2021-12-12 19:20:52   virion-diffusion =            0.15
2021-12-12 19:20:52   chemokine-production =        1.0
2021-12-12 19:20:52   chemokine-decay =             0.01
2021-12-12 19:20:52   chemokine-diffusion =         1.0
2021-12-12 19:20:52   min-chemokine =               1e-6
2021-12-12 19:20:52   antibody-factor =             1.6
2021-12-12 19:20:52   antibody-period =             5040
2021-12-12 19:20:52   tcell-generation-rate =       105000
2021-12-12 19:20:52   tcell-initial-delay =         0
2021-12-12 19:20:52   tcell-vascular-period =       5760
2021-12-12 19:20:52   tcell-tissue-period =         1440
2021-12-12 19:20:52   tcell-binding-period =        10
2021-12-12 19:20:52   max-binding-prob =            1
2021-12-12 19:20:52   tcells-follow-gradient =      false
2021-12-12 19:20:52   seed =                        29
2021-12-12 19:20:52   sample-period =               5040
2021-12-12 19:20:52   sample-resolution =           1
2021-12-12 19:20:52   max-block-dim =               10
2021-12-12 19:20:52   output =                      foci-16-reinfect
2021-12-12 19:20:52 _________________________
2021-12-12 19:20:52 Starting run with 24 processes on 1 node at 12/12/21 19:20:52
2021-12-12 19:20:52 Pinned processes, with process 0 (pid 621) pinned to core 0
2021-12-12 19:20:52 Using block partitioning
2021-12-12 19:20:52 Initial free memory across all nodes: 45.32GB
2021-12-12 19:20:52 Starting with 45.32GB free on node 0
2021-12-12 19:20:52 Dividing 7997584 grid points into 163216 squares of size 49 (7^2), with 6801 per process
2021-12-12 19:20:52 Total initial memory required per process is at least 26.70MB with each grid point requiring on average 84 bytes
2021-12-12 19:20:54  --- Elapsed time for tissue.cpp:Tissue:  (exiting barrier) 2021-12-12 19:20:54 ...
2021-12-12 19:20:54           ... (min/my/avg/max, bal) (2.24/2.27/2.26/2.27 s, 0.99) barrier(0.01 s) --- 
2021-12-12 19:20:54 Memory used on node 0 after initialization is  794.45MB
2021-12-12 19:20:54           ... (min/my/avg/max, bal) No-Time barrier(0.00 s) --- 
2021-12-12 19:20:54 Fraction of circulating T cells extravasating is 2.0827e-07
2021-12-12 19:20:54 # datetime                    step    incb       expr       apop       dead       tvas       ttis       chem       virs       chempts    %infct     <%active  lbln>
2021-12-12 19:20:54 Time step 0: SUCCESSFUL initial infection at (565, 565, 0) after 0 tries
2021-12-12 19:20:54 [12/12/21 19:20:54    0.01s]: 0       16         0          0          0          0          0          0.00e+00   0.00e+00   1.60e+01   0.00       < 0.000 0.333 >
2021-12-12 19:21:01 Number of samples written 7997584
2021-12-12 19:21:02 [0] <main.cpp:164> WARNING: rem 0 local num 4375

2021-12-12 19:21:08 [12/12/21 19:21:08   14.30s]: 403     1819       0          0          0          40864966   0          0.00e+00   3.21e+03   1.82e+03   0.02       < 1.001 0.925 >
2021-12-12 19:21:24 [0] <main.cpp:700> WARNING: Hit boundary at (1708, 2827, 0) 7989786 INCUBATING 500 896 195 virions 1.47668 chemokine 0.277287
2021-12-12 19:21:26 [12/12/21 19:21:26   17.84s]: 806     4504       1557       139        21         78968151   58         1.07e-03   2.30e+05   1.48e+05   0.08       < 1.846 0.972 >
2021-12-12 19:21:59 [12/12/21 19:21:59   32.64s]: 1209    9714       3796       787        637        114496284  274        1.77e-03   5.97e+05   2.28e+05   0.19       < 2.852 0.975 >
2021-12-12 19:22:41 [12/12/21 19:22:41   42.51s]: 1612    11725      8838       1754       3838       147623258  613        3.46e-03   1.83e+06   2.66e+05   0.33       < 3.323 0.976 >
2021-12-12 19:23:33 [12/12/21 19:23:33   52.08s]: 2015    15203      12255      4330       9977       178511438  1106       4.97e-03   3.08e+06   3.20e+05   0.52       < 4.001 0.980 >
2021-12-12 19:24:57 [12/12/21 19:24:57   83.19s]: 2418    16097      12439      5915       24589      207312082  1641       6.57e-03   3.86e+06   3.68e+05   0.74       < 4.598 0.986 >
2021-12-12 19:26:30 [12/12/21 19:26:30   92.93s]: 2821    18298      11798      7872       41629      234166084  2299       8.03e-03   4.09e+06   4.18e+05   1.00       < 5.231 0.979 >
2021-12-12 19:28:06 [12/12/21 19:28:06   96.46s]: 3224    19680      10307      9754       62878      259205131  3071       8.93e-03   4.02e+06   4.74e+05   1.28       < 5.930 0.993 >
2021-12-12 19:29:50 [12/12/21 19:29:50  104.13s]: 3627    20386      9295       10913      86854      282551735  3967       9.57e-03   3.80e+06   5.28e+05   1.59       < 6.607 0.984 >
2021-12-12 19:31:42 [12/12/21 19:31:42  112.35s]: 4030    21089      7870       12079      113350     304320407  4866       9.95e-03   3.49e+06   5.85e+05   1.93       < 7.316 0.988 >
2021-12-12 19:33:45 [12/12/21 19:33:45  122.44s]: 4433    21742      6711       13124      141887     324617632  5843       1.01e-02   3.15e+06   6.43e+05   2.29       < 8.051 0.988 >
2021-12-12 19:36:00 [12/12/21 19:36:00  135.39s]: 4836    21385      5689       14095      172416     343542858  6905       1.02e-02   2.83e+06   7.01e+05   2.67       < 8.776 0.990 >
2021-12-12 19:37:31 Number of samples written 7997584
2021-12-12 19:39:05 [12/12/21 19:39:05  184.81s]: 5239    19317      4495       14272      204740     361188679  8185       9.85e-03   1.75e+06   7.60e+05   3.04       < 9.509 0.992 >
2021-12-12 19:42:19 [12/12/21 19:42:19  194.21s]: 5642    15706      2950       13392      236215     377641732  9440       9.28e-03   1.20e+06   8.18e+05   3.35       < 10.235 0.989 >
2021-12-12 19:45:58 [12/12/21 19:45:58  218.79s]: 6045    13399      1845       11763      264775     392982665  10595      7.10e-03   7.55e+05   8.72e+05   3.65       < 10.918 0.989 >
2021-12-12 19:49:21 [12/12/21 19:49:21  202.68s]: 6448    10678      1491       9677       289611     407286456  11783      5.83e-03   5.56e+05   9.04e+05   3.89       < 11.313 0.993 >
2021-12-12 19:53:22 [12/12/21 19:53:22  240.94s]: 6851    8521       776        8193       310697     420623502  12680      4.55e-03   3.70e+05   9.30e+05   4.10       < 11.675 0.994 >
2021-12-12 19:56:58 [12/12/21 19:56:58  216.16s]: 7254    6744       549        6838       328179     433058980  13646      3.36e-03   2.49e+05   9.49e+05   4.28       < 12.005 0.993 >
2021-12-12 20:00:18 [12/12/21 20:00:18  200.35s]: 7657    4647       372        5371       342674     444653918  14433      2.23e-03   1.63e+05   9.49e+05   4.41       < 12.207 0.995 >
2021-12-12 20:03:41 [12/12/21 20:03:41  202.37s]: 8060    2865       194        3705       353532     455465281  14891      1.41e-03   1.04e+05   9.13e+05   4.51       < 12.338 0.990 >
2021-12-12 20:06:58 [12/12/21 20:06:58  197.25s]: 8463    1623       80         2179       360812     465546382  14776      7.16e-04   4.55e+04   8.40e+05   4.56       < 12.388 0.991 >
2021-12-12 20:10:05 [12/12/21 20:10:05  187.46s]: 8866    923        49         1274       364967     474946849  13775      4.48e-04   2.88e+04   7.14e+05   4.59       < 12.336 0.992 >
2021-12-12 20:12:58 [12/12/21 20:12:58  172.24s]: 9269    491        9          773        367484     483713079  11692      2.09e-04   1.20e+04   5.88e+05   4.61       < 12.236 0.988 >
2021-12-12 20:15:36 [12/12/21 20:15:36  158.39s]: 9672    189        2          353        368879     491887647  8989       7.40e-05   3.46e+03   5.19e+05   4.62       < 11.777 0.991 >
2021-12-12 20:17:58 [12/12/21 20:17:58  141.86s]: 10075   33         0          119        369490     499510202  6194       1.85e-05   8.11e+02   4.44e+05   4.62       < 10.924 0.988 >
2021-12-12 20:18:05 Number of samples written 7997584
