2021-12-12 18:16:12 SimCov version SimCov version 0.1.1- built on 20211127_074920
2021-12-12 18:16:12 _________________________
2021-12-12 18:16:12 Compiler definitions:
2021-12-12 18:16:12   _XOPEN_SOURCE=700
2021-12-12 18:16:12   CONFIG_USE_COLORS
2021-12-12 18:16:12   USE_BYTELL
2021-12-12 18:16:12   MAX_VIRIONS=125000
2021-12-12 18:16:12   MIN_VIRIONS=1e-10
2021-12-12 18:16:12   BLOCK_PARTITION
2021-12-12 18:16:12   MIN_BLOCKS_PER_PROC=1
2021-12-12 18:16:12   AVERAGE_SUBSAMPLE
2021-12-12 18:16:12 _________________________
2021-12-12 18:16:12 Options:
2021-12-12 18:16:12   dim =                         2828 2828 1
2021-12-12 18:16:12   whole-lung-dim =              48000 40000 20000
2021-12-12 18:16:12   timesteps =                   20160
2021-12-12 18:16:12   infection-coords =            uniform:16
2021-12-12 18:16:12   initial-infection =           1000
2021-12-12 18:16:12   incubation-period =           480
2021-12-12 18:16:12   apoptosis-period =            180
2021-12-12 18:16:12   expressing-period =           900
2021-12-12 18:16:12   infectivity =                 0.001
2021-12-12 18:16:12   virion-production =           1.1
2021-12-12 18:16:12   virion-clearance =            0.004
2021-12-12 18:16:12   virion-diffusion =            0.15
2021-12-12 18:16:12   chemokine-production =        1.0
2021-12-12 18:16:12   chemokine-decay =             0.01
2021-12-12 18:16:12   chemokine-diffusion =         1.0
2021-12-12 18:16:12   min-chemokine =               1e-6
2021-12-12 18:16:12   antibody-factor =             1.6
2021-12-12 18:16:12   antibody-period =             5040
2021-12-12 18:16:12   tcell-generation-rate =       105000
2021-12-12 18:16:12   tcell-initial-delay =         0
2021-12-12 18:16:12   tcell-vascular-period =       5760
2021-12-12 18:16:12   tcell-tissue-period =         1440
2021-12-12 18:16:12   tcell-binding-period =        10
2021-12-12 18:16:12   max-binding-prob =            1
2021-12-12 18:16:12   tcells-follow-gradient =      false
2021-12-12 18:16:12   seed =                        29
2021-12-12 18:16:12   sample-period =               0
2021-12-12 18:16:12   sample-resolution =           1
2021-12-12 18:16:12   max-block-dim =               10
2021-12-12 18:16:12   output =                      foci-16-reinfect
2021-12-12 18:16:12 _________________________
2021-12-12 18:16:12 Starting run with 24 processes on 1 node at 12/12/21 18:16:12
2021-12-12 18:16:12 Pinned processes, with process 0 (pid 19346) pinned to core 0
2021-12-12 18:16:12 Using block partitioning
2021-12-12 18:16:12 Initial free memory across all nodes: 45.64GB
2021-12-12 18:16:12 Starting with 45.64GB free on node 0
2021-12-12 18:16:12 Dividing 7997584 grid points into 163216 squares of size 49 (7^2), with 6801 per process
2021-12-12 18:16:12 Total initial memory required per process is at least 26.70MB with each grid point requiring on average 84 bytes
2021-12-12 18:16:14  --- Elapsed time for tissue.cpp:Tissue:  (exiting barrier) 2021-12-12 18:16:14 ...
2021-12-12 18:16:14           ... (min/my/avg/max, bal) (2.17/2.20/2.18/2.20 s, 0.99) barrier(0.00 s) --- 
2021-12-12 18:16:14 Memory used on node 0 after initialization is  794.75MB
2021-12-12 18:16:14           ... (min/my/avg/max, bal) No-Time barrier(0.00 s) --- 
2021-12-12 18:16:14 Fraction of circulating T cells extravasating is 2.0827e-07
2021-12-12 18:16:14 # datetime                    step    incb       expr       apop       dead       tvas       ttis       chem       virs       chempts    %infct     <%active  lbln>
2021-12-12 18:16:14 Time step 0: SUCCESSFUL initial infection at (565, 565, 0) after 0 tries
2021-12-12 18:16:14 [12/12/21 18:16:14    0.02s]: 0       16         0          0          0          0          0          0.00e+00   0.00e+00   1.60e+01   0.00       < 0.000 0.333 >
2021-12-12 18:16:14 [0] <main.cpp:164> WARNING: rem 0 local num 4375

2021-12-12 18:16:19 [12/12/21 18:16:19    5.23s]: 403     1815       0          0          0          40864997   0          0.00e+00   3.21e+03   1.82e+03   0.02       < 1.001 0.925 >
2021-12-12 18:16:38 [12/12/21 18:16:38   19.13s]: 806     4580       1606       94         5          78968277   48         1.11e-03   2.28e+05   1.48e+05   0.08       < 1.848 0.965 >
2021-12-12 18:16:44 [0] <main.cpp:700> WARNING: Hit boundary at (1709, 2827, 0) 7989787 INCUBATING 468 896 166 virions 3.1018 chemokine 0.367478
2021-12-12 18:17:19 [12/12/21 18:17:19   40.93s]: 1209    9817       3986       763        514        114496451  260        1.78e-03   6.14e+05   2.30e+05   0.19       < 2.873 0.983 >
2021-12-12 18:18:05 [12/12/21 18:18:05   45.39s]: 1612    11400      8937       1849       4012       147623498  551        3.47e-03   1.86e+06   2.66e+05   0.33       < 3.332 0.983 >
2021-12-12 18:18:57 [12/12/21 18:18:57   51.84s]: 2015    15199      12041      4095       10457      178511696  1062       4.95e-03   3.05e+06   3.21e+05   0.52       < 4.015 0.983 >
2021-12-12 18:19:59 [12/12/21 18:19:59   62.10s]: 2418    16314      12375      5955       24607      207312282  1618       6.70e-03   3.81e+06   3.68e+05   0.74       < 4.602 0.990 >
2021-12-12 18:21:12 [12/12/21 18:21:12   72.88s]: 2821    19091      12117      7563       41703      234166230  2292       8.09e-03   4.08e+06   4.22e+05   1.01       < 5.283 0.978 >
2021-12-12 18:22:37 [12/12/21 18:22:37   85.01s]: 3224    20264      10889      9657       62949      259205236  3086       9.09e-03   4.14e+06   4.77e+05   1.30       < 5.971 0.992 >
2021-12-12 18:24:13 [12/12/21 18:24:13   96.80s]: 3627    21107      9943       10979      87126      282551938  3877       9.87e-03   4.02e+06   5.31e+05   1.61       < 6.640 0.987 >
2021-12-12 18:26:02 [12/12/21 18:26:02  108.85s]: 4030    21948      8589       12673      113999     304320520  4753       1.05e-02   3.75e+06   5.89e+05   1.97       < 7.370 0.990 >
2021-12-12 18:28:04 [12/12/21 18:28:04  121.54s]: 4433    22507      6862       13490      144006     324617629  5780       1.06e-02   3.32e+06   6.50e+05   2.34       < 8.129 0.992 >
2021-12-12 18:30:19 [12/12/21 18:30:19  135.26s]: 4836    22422      6064       14387      175303     343542848  6851       1.06e-02   2.94e+06   7.09e+05   2.73       < 8.869 0.983 >
2021-12-12 18:32:46 [12/12/21 18:32:46  147.41s]: 5239    20374      4829       14391      208620     361188777  8094       1.03e-02   1.82e+06   7.69e+05   3.10       < 9.617 0.992 >
2021-12-12 18:35:26 [12/12/21 18:35:26  159.96s]: 5642    16757      3813       13248      240699     377641750  9375       9.70e-03   1.33e+06   8.29e+05   3.43       < 10.372 0.989 >
2021-12-12 18:38:19 [12/12/21 18:38:19  172.53s]: 6045    13897      2132       12272      270540     392982397  10786      7.66e-03   8.92e+05   8.82e+05   3.74       < 11.036 0.991 >
2021-12-12 18:41:19 [12/12/21 18:41:19  179.92s]: 6448    11166      1289       10146      296894     407286182  12030      6.02e-03   5.69e+05   9.17e+05   3.99       < 11.483 0.993 >
2021-12-12 18:44:27 [12/12/21 18:44:27  188.60s]: 6851    8949       835        8476       318733     420623039  13172      4.45e-03   3.69e+05   9.47e+05   4.21       < 11.871 0.989 >
