2021-12-12 20:26:18 SimCov version SimCov version 0.1.1- built on 20211127_074920
2021-12-12 20:26:18 _________________________
2021-12-12 20:26:18 Compiler definitions:
2021-12-12 20:26:18   _XOPEN_SOURCE=700
2021-12-12 20:26:18   CONFIG_USE_COLORS
2021-12-12 20:26:18   USE_BYTELL
2021-12-12 20:26:18   MAX_VIRIONS=125000
2021-12-12 20:26:18   MIN_VIRIONS=1e-10
2021-12-12 20:26:18   BLOCK_PARTITION
2021-12-12 20:26:18   MIN_BLOCKS_PER_PROC=1
2021-12-12 20:26:18   AVERAGE_SUBSAMPLE
2021-12-12 20:26:18 _________________________
2021-12-12 20:26:18 Options:
2021-12-12 20:26:18   dim =                         2828 2828 1
2021-12-12 20:26:18   whole-lung-dim =              48000 40000 20000
2021-12-12 20:26:18   timesteps =                   20160
2021-12-12 20:26:18   infection-coords =            uniform:16
2021-12-12 20:26:18   initial-infection =           1000
2021-12-12 20:26:18   incubation-period =           480
2021-12-12 20:26:18   apoptosis-period =            180
2021-12-12 20:26:18   expressing-period =           900
2021-12-12 20:26:18   infectivity =                 0.001
2021-12-12 20:26:18   virion-production =           1.1
2021-12-12 20:26:18   virion-clearance =            0.004
2021-12-12 20:26:18   virion-diffusion =            0.15
2021-12-12 20:26:18   chemokine-production =        1.0
2021-12-12 20:26:18   chemokine-decay =             0.01
2021-12-12 20:26:18   chemokine-diffusion =         1.0
2021-12-12 20:26:18   min-chemokine =               1e-6
2021-12-12 20:26:18   antibody-factor =             1.6
2021-12-12 20:26:18   antibody-period =             5040
2021-12-12 20:26:18   tcell-generation-rate =       105000
2021-12-12 20:26:18   tcell-initial-delay =         0
2021-12-12 20:26:18   tcell-vascular-period =       5760
2021-12-12 20:26:18   tcell-tissue-period =         1440
2021-12-12 20:26:18   tcell-binding-period =        10
2021-12-12 20:26:18   max-binding-prob =            1
2021-12-12 20:26:18   tcells-follow-gradient =      false
2021-12-12 20:26:18   seed =                        29
2021-12-12 20:26:18   sample-period =               5040
2021-12-12 20:26:18   sample-resolution =           1
2021-12-12 20:26:18   max-block-dim =               10
2021-12-12 20:26:18   output =                      foci-16-reinfect
2021-12-12 20:26:18 _________________________
2021-12-12 20:26:18 Starting run with 24 processes on 1 node at 12/12/21 20:26:18
2021-12-12 20:26:18 Pinned processes, with process 0 (pid 9359) pinned to core 0
2021-12-12 20:26:18 Using block partitioning
2021-12-12 20:26:18 Initial free memory across all nodes: 45.64GB
2021-12-12 20:26:18 Starting with 45.64GB free on node 0
2021-12-12 20:26:18 Dividing 7997584 grid points into 163216 squares of size 49 (7^2), with 6801 per process
2021-12-12 20:26:18 Total initial memory required per process is at least 26.70MB with each grid point requiring on average 84 bytes
2021-12-12 20:26:20  --- Elapsed time for tissue.cpp:Tissue:  (exiting barrier) 2021-12-12 20:26:20 ...
2021-12-12 20:26:20           ... (min/my/avg/max, bal) (1.98/2.01/2.00/2.01 s, 0.99) barrier(0.01 s) --- 
2021-12-12 20:26:20 Memory used on node 0 after initialization is  794.37MB
2021-12-12 20:26:20           ... (min/my/avg/max, bal) No-Time barrier(0.00 s) --- 
2021-12-12 20:26:20 Fraction of circulating T cells extravasating is 2.0827e-07
2021-12-12 20:26:20 # datetime                    step    incb       expr       apop       dead       tvas       ttis       chem       virs       chempts    %infct     <%active  lbln>
2021-12-12 20:26:20 Time step 0: SUCCESSFUL initial infection at (565, 565, 0) after 0 tries
2021-12-12 20:26:20 [12/12/21 20:26:20    0.15s]: 0       16         0          0          0          0          0          0.00e+00   0.00e+00   1.60e+01   0.00       < 0.000 0.333 >
2021-12-12 20:26:26 Number of samples written 7997584
2021-12-12 20:26:27 [0] <main.cpp:164> WARNING: rem 0 local num 4375

2021-12-12 20:26:35 [12/12/21 20:26:35   14.84s]: 403     1861       0          0          0          40864903   0          0.00e+00   3.21e+03   1.86e+03   0.02       < 1.001 0.925 >
2021-12-12 20:26:50 [0] <main.cpp:700> WARNING: Hit boundary at (1710, 2827, 0) 7989788 INCUBATING 532 903 179 virions 0.189951 chemokine 0.202059
2021-12-12 20:26:56 [12/12/21 20:26:56   21.23s]: 806     4519       1619       81         22         78968268   37         1.11e-03   2.26e+05   1.47e+05   0.08       < 1.840 0.968 >
2021-12-12 20:27:31 [12/12/21 20:27:31   35.55s]: 1209    10236      4167       480        355        114496384  224        1.82e-03   6.25e+05   2.30e+05   0.19       < 2.878 0.983 >
2021-12-12 20:28:18 [12/12/21 20:28:18   46.12s]: 1612    11573      9997       1678       3184       147623485  539        3.50e-03   2.00e+06   2.69e+05   0.33       < 3.358 0.974 >
2021-12-12 20:29:11 [12/12/21 20:29:11   53.30s]: 2015    15538      13314      3995       9491       178511645  1038       5.06e-03   3.33e+06   3.21e+05   0.53       < 4.009 0.981 >
2021-12-12 20:30:13 [12/12/21 20:30:13   62.57s]: 2418    16394      12668      6242       24625      207312170  1670       6.80e-03   4.04e+06   3.70e+05   0.75       < 4.631 0.983 >
2021-12-12 20:31:27 [12/12/21 20:31:27   73.22s]: 2821    18768      11839      8053       42544      234166236  2346       8.06e-03   4.15e+06   4.24e+05   1.02       < 5.304 0.984 >
2021-12-12 20:32:52 [12/12/21 20:32:52   85.26s]: 3224    19729      10801      9743       63939      259205359  3064       9.03e-03   4.12e+06   4.78e+05   1.30       < 5.976 0.991 >
2021-12-12 20:34:38 [12/12/21 20:34:38  105.72s]: 3627    21360      9133       11267      88357      282551977  3900       9.83e-03   3.85e+06   5.34e+05   1.63       < 6.683 0.984 >
2021-12-12 20:37:04 [12/12/21 20:37:04  146.27s]: 4030    22404      8376       12310      114854     304320580  4770       1.05e-02   3.60e+06   5.91e+05   1.97       < 7.400 0.989 >
2021-12-12 20:39:25 [12/12/21 20:39:25  141.13s]: 4433    22480      7501       13936      143963     324617670  5912       1.07e-02   3.38e+06   6.52e+05   2.35       < 8.151 0.989 >
2021-12-12 20:41:48 [12/12/21 20:41:48  142.56s]: 4836    22113      5866       14188      176715     343542853  7050       1.06e-02   2.99e+06   7.10e+05   2.74       < 8.882 0.990 >
2021-12-12 20:43:08 Number of samples written 7997584
2021-12-12 20:44:37 [12/12/21 20:44:37  169.14s]: 5239    19140      4796       14924      209268     361188670  8265       1.02e-02   1.84e+06   7.68e+05   3.10       < 9.605 0.988 >
2021-12-12 20:47:49 [12/12/21 20:47:49  191.88s]: 5642    15759      3505       12495      241282     377641784  9284       9.22e-03   1.26e+06   8.24e+05   3.41       < 10.315 0.990 >
2021-12-12 20:50:41 [12/12/21 20:50:41  172.15s]: 6045    13767      2141       11781      269227     392982601  10531      7.51e-03   8.80e+05   8.77e+05   3.71       < 10.977 0.991 >
2021-12-12 20:53:43 [12/12/21 20:53:43  182.26s]: 6448    11012      1291       10323      294657     407286378  11783      6.05e-03   5.89e+05   9.15e+05   3.97       < 11.449 0.993 >
2021-12-12 20:56:54 [12/12/21 20:56:54  191.12s]: 6851    8888       806        8691       316763     420623375  12851      4.61e-03   3.71e+05   9.45e+05   4.19       < 11.847 0.993 >
2021-12-12 21:00:13 [12/12/21 21:00:13  198.55s]: 7254    6433       435        6735       335266     433058813  13913      3.31e-03   2.32e+05   9.65e+05   4.36       < 12.146 0.987 >
2021-12-12 21:03:37 [12/12/21 21:03:37  203.84s]: 7657    4553       313        5171       349388     444653580  14782      2.31e-03   1.43e+05   9.59e+05   4.49       < 12.325 0.986 >
2021-12-12 21:07:01 [12/12/21 21:07:01  204.46s]: 8060    2901       215        3678       359890     455465047  15052      1.45e-03   9.45e+04   9.10e+05   4.58       < 12.459 0.989 >
2021-12-12 21:10:20 [12/12/21 21:10:20  199.01s]: 8463    1987       100        2365       367158     465546235  14898      1.03e-03   6.11e+04   8.30e+05   4.65       < 12.484 0.993 >
2021-12-12 21:13:32 [12/12/21 21:13:32  191.85s]: 8866    1133       44         1558       372155     474946577  13915      5.15e-04   3.09e+04   7.67e+05   4.69       < 12.556 0.991 >
2021-12-12 21:16:35 [12/12/21 21:16:35  183.62s]: 9269    518        25         877        375235     483712327  12231      2.13e-04   1.42e+04   6.62e+05   4.71       < 12.373 0.993 >
2021-12-12 21:19:21 [12/12/21 21:19:21  165.51s]: 9672    209        2          354        376817     491886538  10041      8.55e-05   5.82e+03   5.46e+05   4.72       < 11.845 0.993 >
2021-12-12 21:21:47 [12/12/21 21:21:47  145.67s]: 10075   97         3          115        377438     499509124  7295       3.55e-05   1.51e+03   4.51e+05   4.72       < 10.914 0.989 >
2021-12-12 21:21:54 Number of samples written 7997584
2021-12-12 21:24:45 [12/12/21 21:24:45  177.86s]: 10478   44         0          53         377682     506617149  4604       4.46e-06   2.99e+02   4.11e+05   4.72       < 9.524 0.982 >
2021-12-12 21:26:51 [12/12/21 21:26:51  126.09s]: 10881   24         0          39         377779     513245132  2398       1.69e-05   6.66e+02   3.86e+05   4.72       < 7.914 0.987 >
2021-12-12 21:28:18 [12/12/21 21:28:18   87.14s]: 11284   7          0          15         377870     519425203  1042       7.60e-07   8.19e+01   3.86e+05   4.73       < 6.042 0.986 >
2021-12-12 21:29:15 [12/12/21 21:29:15   56.90s]: 11687   0          0          1          377894     525187668  457        1.09e-08   6.16e+00   3.82e+05   4.73       < 3.865 0.971 >
2021-12-12 21:29:49 [12/12/21 21:29:49   34.08s]: 12090   1          0          0          377895     530560652  185        0.00e+00   4.63e-01   3.78e+05   4.73       < 1.976 0.967 >
2021-12-12 21:30:08 [12/12/21 21:30:08   19.10s]: 12493   0          0          0          377896     535570603  104        0.00e+00   3.48e-02   3.78e+05   4.73       < 0.760 0.960 >
2021-12-12 21:30:18 [12/12/21 21:30:18    9.84s]: 12896   0          0          0          377896     540241963  42         0.00e+00   2.62e-03   3.78e+05   4.73       < 0.276 0.924 >
2021-12-12 21:30:24 [12/12/21 21:30:24    5.97s]: 13299   0          0          0          377896     544597688  3          0.00e+00   1.96e-04   3.78e+05   4.73       < 0.125 0.858 >
2021-12-12 21:30:29 [12/12/21 21:30:29    5.11s]: 13702   0          0          0          377896     548659112  0          0.00e+00   1.43e-05   3.78e+05   4.73       < 0.082 0.881 >
2021-12-12 21:30:33 [12/12/21 21:30:33    4.65s]: 14105   0          0          0          377896     552446047  0          0.00e+00   7.04e-07   3.78e+05   4.73       < 0.027 0.677 >
2021-12-12 21:30:38 [12/12/21 21:30:38    4.25s]: 14508   0          0          0          377896     555977069  0          0.00e+00   0.00e+00   3.78e+05   4.73       < 0.000 1.000 >
2021-12-12 21:30:42 [12/12/21 21:30:42    4.24s]: 14911   0          0          0          377896     559269381  0          0.00e+00   0.00e+00   3.78e+05   4.73       < 0.000 1.000 >
2021-12-12 21:30:50 Number of samples written 7997584
2021-12-12 21:31:00 [12/12/21 21:31:00   18.59s]: 15314   0          0          0          377896     562339160  0          0.00e+00   0.00e+00   3.78e+05   4.73       < 0.000 1.000 >
2021-12-12 21:31:06 [12/12/21 21:31:06    5.87s]: 15717   0          0          0          377896     565201512  0          0.00e+00   0.00e+00   3.78e+05   4.73       < 0.000 1.000 >
2021-12-12 21:31:12 [12/12/21 21:31:12    5.72s]: 16120   0          0          0          377896     567870493  0          0.00e+00   0.00e+00   3.78e+05   4.73       < 0.000 1.000 >
2021-12-12 21:31:17 [12/12/21 21:31:17    4.74s]: 16523   0          0          0          377896     570359040  0          0.00e+00   0.00e+00   3.78e+05   4.73       < 0.000 1.000 >
2021-12-12 21:31:22 [12/12/21 21:31:22    4.71s]: 16926   0          0          0          377896     572679365  0          0.00e+00   0.00e+00   3.78e+05   4.73       < 0.000 1.000 >
2021-12-12 21:31:26 [12/12/21 21:31:26    4.72s]: 17329   0          0          0          377896     574842925  0          0.00e+00   0.00e+00   3.78e+05   4.73       < 0.000 1.000 >
2021-12-12 21:31:31 [12/12/21 21:31:31    4.72s]: 17732   0          0          0          377896     576860293  0          0.00e+00   0.00e+00   3.78e+05   4.73       < 0.000 1.000 >
2021-12-12 21:31:36 [12/12/21 21:31:36    4.71s]: 18135   0          0          0          377896     578741439  0          0.00e+00   0.00e+00   3.78e+05   4.73       < 0.000 1.000 >
2021-12-12 21:31:40 [12/12/21 21:31:40    4.70s]: 18538   0          0          0          377896     580495373  0          0.00e+00   0.00e+00   3.78e+05   4.73       < 0.000 1.000 >
2021-12-12 21:31:45 [12/12/21 21:31:45    4.69s]: 18941   0          0          0          377896     582130788  0          0.00e+00   0.00e+00   3.78e+05   4.73       < 0.000 1.000 >
2021-12-12 21:31:50 [12/12/21 21:31:50    4.68s]: 19344   0          0          0          377896     583655655  0          0.00e+00   0.00e+00   3.78e+05   4.73       < 0.000 1.000 >
2021-12-12 21:31:55 [12/12/21 21:31:55    5.24s]: 19747   0          0          0          377896     585077503  0          0.00e+00   0.00e+00   3.78e+05   4.73       < 0.000 1.000 >
2021-12-12 21:32:00 [12/12/21 21:32:00    5.29s]: 20150   0          0          0          377896     586403238  0          0.00e+00   0.00e+00   3.78e+05   4.73       < 0.000 1.000 >
2021-12-12 21:32:00 [12/12/21 21:32:00    0.21s]: 20159   0          0          0          377896     586431799  0          0.00e+00   0.00e+00   3.78e+05   4.73       < 0.000 1.000 >
2021-12-12 21:32:06 Number of samples written 7997584
2021-12-12 21:32:11  ---  main.cpp:generate tcells took  avg 0.01 s max 0.02 s balance 0.75  --- 
2021-12-12 21:32:11  ---  main.cpp:update circulating tcells took  avg 5.05 s max 5.56 s balance 0.91  --- 
2021-12-12 21:32:11  ---  main.cpp:update tcells took  avg 241.77 s max 244.96 s balance 0.99  --- 
2021-12-12 21:32:11  ---  main.cpp:update epicells took  avg 53.92 s max 56.95 s balance 0.95  --- 
2021-12-12 21:32:11  ---  main.cpp:update concentrations took  avg 289.03 s max 294.09 s balance 0.98  --- 
2021-12-12 21:32:11  ---  main.cpp:compute updates took  avg 2094.42 s max 2096.31 s balance 1.00  --- 
2021-12-12 21:32:11  ---  main.cpp:dispatch updates took  avg 1219.60 s max 1263.60 s balance 0.97  --- 
2021-12-12 21:32:11  ---  main.cpp:add new actives took  avg 20.20 s max 22.07 s balance 0.92  --- 
2021-12-12 21:32:11  ---  main.cpp:erase inactive took  avg 200.89 s max 249.35 s balance 0.81  --- 
2021-12-12 21:32:11  ---  main.cpp:sample took  avg 44.86 s max 44.91 s balance 1.00  --- 
2021-12-12 21:32:11  ---  main.cpp:sample write took  avg 8.38 s max 10.77 s balance 0.78  --- 
2021-12-12 21:32:11  ---  main.cpp:log took  avg 19.86 s max 20.89 s balance 0.95  --- 
2021-12-12 21:32:11 Finished 20160 time steps in 3951.3362 s (0.1960 s per step)
2021-12-12 21:32:11  --- Elapsed time for main.cpp:run_sim:  (exiting barrier) 2021-12-12 21:32:11 ...
2021-12-12 21:32:11           ... (min/my/avg/max, bal) (3951.33/3951.34/3951.33/3951.34 s, 1.00) barrier(0.01 s) --- 
2021-12-12 21:32:11 Peak memory used across all nodes: 1.35GB
2021-12-12 21:32:11 Finished in 3953.60 s at 12/12/21 21:32:11 for SimCov version 0.1.1
