2021-12-12 17:08:11 SimCov version SimCov version 0.1.1- built on 20211127_074920
2021-12-12 17:08:11 _________________________
2021-12-12 17:08:11 Compiler definitions:
2021-12-12 17:08:11   _XOPEN_SOURCE=700
2021-12-12 17:08:11   CONFIG_USE_COLORS
2021-12-12 17:08:11   USE_BYTELL
2021-12-12 17:08:11   MAX_VIRIONS=125000
2021-12-12 17:08:11   MIN_VIRIONS=1e-10
2021-12-12 17:08:11   BLOCK_PARTITION
2021-12-12 17:08:11   MIN_BLOCKS_PER_PROC=1
2021-12-12 17:08:11   AVERAGE_SUBSAMPLE
2021-12-12 17:08:11 _________________________
2021-12-12 17:08:11 Options:
2021-12-12 17:08:11   dim =                         2828 2828 1
2021-12-12 17:08:11   whole-lung-dim =              48000 40000 20000
2021-12-12 17:08:11   timesteps =                   20160
2021-12-12 17:08:11   infection-coords =            uniform:1
2021-12-12 17:08:11   initial-infection =           1000
2021-12-12 17:08:11   incubation-period =           480
2021-12-12 17:08:11   apoptosis-period =            180
2021-12-12 17:08:11   expressing-period =           900
2021-12-12 17:08:11   infectivity =                 0.001
2021-12-12 17:08:11   virion-production =           1.1
2021-12-12 17:08:11   virion-clearance =            0.004
2021-12-12 17:08:11   virion-diffusion =            0.15
2021-12-12 17:08:11   chemokine-production =        1.0
2021-12-12 17:08:11   chemokine-decay =             0.01
2021-12-12 17:08:11   chemokine-diffusion =         1.0
2021-12-12 17:08:11   min-chemokine =               1e-6
2021-12-12 17:08:11   antibody-factor =             1.6
2021-12-12 17:08:11   antibody-period =             5040
2021-12-12 17:08:11   tcell-generation-rate =       105000
2021-12-12 17:08:11   tcell-initial-delay =         0
2021-12-12 17:08:11   tcell-vascular-period =       5760
2021-12-12 17:08:11   tcell-tissue-period =         1440
2021-12-12 17:08:11   tcell-binding-period =        10
2021-12-12 17:08:11   max-binding-prob =            1
2021-12-12 17:08:11   tcells-follow-gradient =      false
2021-12-12 17:08:11   seed =                        29
2021-12-12 17:08:11   sample-period =               0
2021-12-12 17:08:11   sample-resolution =           1
2021-12-12 17:08:11   max-block-dim =               10
2021-12-12 17:08:11   output =                      reinfect-3half-1-6
2021-12-12 17:08:11 _________________________
2021-12-12 17:08:11 Starting run with 24 processes on 1 node at 12/12/21 17:08:11
2021-12-12 17:08:11 Pinned processes, with process 0 (pid 10635) pinned to core 0
2021-12-12 17:08:11 Using block partitioning
2021-12-12 17:08:11 Initial free memory across all nodes: 45.32GB
2021-12-12 17:08:11 Starting with 45.32GB free on node 0
2021-12-12 17:08:11 Dividing 7997584 grid points into 163216 squares of size 49 (7^2), with 6801 per process
2021-12-12 17:08:11 Total initial memory required per process is at least 26.70MB with each grid point requiring on average 84 bytes
2021-12-12 17:08:13  --- Elapsed time for tissue.cpp:Tissue:  (exiting barrier) 2021-12-12 17:08:13 ...
2021-12-12 17:08:13           ... (min/my/avg/max, bal) (1.88/1.90/1.89/1.90 s, 0.99) barrier(0.00 s) --- 
2021-12-12 17:08:13 Memory used on node 0 after initialization is  794.67MB
2021-12-12 17:08:13           ... (min/my/avg/max, bal) No-Time barrier(0.00 s) --- 
2021-12-12 17:08:13 Fraction of circulating T cells extravasating is 2.0827e-07
2021-12-12 17:08:13 # datetime                    step    incb       expr       apop       dead       tvas       ttis       chem       virs       chempts    %infct     <%active  lbln>
2021-12-12 17:08:13 Time step 0: SUCCESSFUL initial infection at (1414, 1414, 0) after 0 tries
2021-12-12 17:08:13 [12/12/21 17:08:13    0.01s]: 0       1          0          0          0          0          0          0.00e+00   0.00e+00   1.00e+00   0.00       < 0.000 0.042 >
2021-12-12 17:08:13 [0] <main.cpp:164> WARNING: rem 0 local num 4375

2021-12-12 17:08:14 [12/12/21 17:08:14    0.57s]: 403     115        0          0          0          40864960   0          0.00e+00   1.99e+02   1.15e+02   0.00       < 0.068 0.826 >
2021-12-12 17:08:15 [12/12/21 17:08:15    1.24s]: 806     308        104        1          0          78968294   4          7.79e-05   1.44e+04   1.00e+04   0.01       < 0.126 0.879 >
2021-12-12 17:08:17 [12/12/21 17:08:17    2.10s]: 1209    699        276        52         8          114496549  15         1.20e-04   4.19e+04   1.60e+04   0.01       < 0.200 0.904 >
2021-12-12 17:08:20 [12/12/21 17:08:20    2.59s]: 1612    752        681        135        196        147623912  33         2.35e-04   1.36e+05   1.81e+04   0.02       < 0.227 0.914 >
2021-12-12 17:08:23 [12/12/21 17:08:23    3.09s]: 2015    1150       889        210        614        178512488  64         3.59e-04   2.20e+05   2.18e+04   0.04       < 0.273 0.931 >
2021-12-12 17:08:26 [12/12/21 17:08:26    3.65s]: 2418    1106       950        378        1602       207313588  111        4.62e-04   2.83e+05   2.57e+04   0.05       < 0.321 0.927 >
2021-12-12 17:08:32 [12/12/21 17:08:32    5.69s]: 2821    1315       806        640        2765       234168293  167        5.57e-04   3.09e+05   2.89e+04   0.07       < 0.362 0.945 >
2021-12-12 17:08:37 [12/12/21 17:08:37    4.93s]: 3224    1322       637        716        4371       259208228  221        6.09e-04   2.90e+05   3.24e+04   0.09       < 0.406 0.930 >
2021-12-12 17:08:43 [12/12/21 17:08:43    5.61s]: 3627    1462       565        812        5979       282555958  256        6.53e-04   2.53e+05   3.64e+04   0.11       < 0.455 0.966 >
2021-12-12 17:08:49 [12/12/21 17:08:49    6.21s]: 4030    1535       643        816        7798       304325832  307        6.83e-04   2.33e+05   4.06e+04   0.13       < 0.508 0.940 >
2021-12-12 17:08:56 [12/12/21 17:08:56    7.06s]: 4433    1482       608        922        9750       324624520  376        7.42e-04   2.46e+05   4.45e+04   0.16       < 0.557 0.952 >
2021-12-12 17:09:04 [12/12/21 17:09:04    7.93s]: 4836    1577       461        859        11964      343551333  475        7.39e-04   2.22e+05   4.84e+04   0.19       < 0.606 0.956 >
2021-12-12 17:09:12 [12/12/21 17:09:12    8.66s]: 5239    1386       338        1000       14184      361199128  594        7.01e-04   1.43e+05   5.25e+04   0.21       < 0.656 0.968 >
2021-12-12 17:09:22 [12/12/21 17:09:22    9.59s]: 5642    1051       257        945        16345      377654268  662        6.28e-04   1.00e+05   5.60e+04   0.23       < 0.701 0.945 >
2021-12-12 17:09:32 [12/12/21 17:09:32   10.17s]: 6045    794        160        811        18332      392997316  731        4.30e-04   6.17e+04   5.94e+04   0.25       < 0.744 0.961 >
2021-12-12 17:09:43 [12/12/21 17:09:43   10.91s]: 6448    650        78         591        19936      407303526  765        3.14e-04   3.83e+04   6.18e+04   0.27       < 0.773 0.956 >
2021-12-12 17:09:54 [12/12/21 17:09:54   11.34s]: 6851    555        79         440        21162      420642875  829        2.61e-04   2.47e+04   6.27e+04   0.28       < 0.785 0.968 >
2021-12-12 17:10:06 [12/12/21 17:10:06   11.69s]: 7254    446        65         369        22189      433080777  900        2.50e-04   2.22e+04   6.12e+04   0.29       < 0.805 0.970 >
2021-12-12 17:10:18 [12/12/21 17:10:18   11.78s]: 7657    340        15         374        23049      444678153  909        1.72e-04   1.28e+04   5.73e+04   0.30       < 0.825 0.955 >
2021-12-12 17:10:30 [12/12/21 17:10:30   11.81s]: 8060    267        12         289        23783      455491708  882        1.48e-04   8.77e+03   5.67e+04   0.30       < 0.838 0.957 >
2021-12-12 17:10:42 [12/12/21 17:10:42   11.83s]: 8463    181        10         218        24385      465574559  887        6.92e-05   4.97e+03   5.78e+04   0.31       < 0.853 0.962 >
2021-12-12 17:10:53 [12/12/21 17:10:53   11.65s]: 8866    119        3          123        24814      474975946  858        6.65e-05   3.75e+03   5.10e+04   0.31       < 0.832 0.963 >
2021-12-12 17:11:04 [12/12/21 17:11:04   11.10s]: 9269    84         5          92         25076      483742129  808        3.94e-05   1.64e+03   4.54e+04   0.32       < 0.809 0.940 >
2021-12-12 17:11:14 [12/12/21 17:11:14   10.15s]: 9672    46         1          76         25270      491916022  686        2.74e-05   1.01e+03   3.74e+04   0.32       < 0.754 0.958 >
2021-12-12 17:11:23 [12/12/21 17:11:23    8.91s]: 10075   14         0          41         25415      499537510  535        6.49e-06   2.49e+02   3.65e+04   0.32       < 0.685 0.938 >
2021-12-12 17:11:31 [12/12/21 17:11:31    7.85s]: 10478   1          0          2          25475      506643903  402        1.10e-07   1.87e+01   3.19e+04   0.32       < 0.619 0.951 >
2021-12-12 17:11:38 [12/12/21 17:11:38    6.61s]: 10881   0          0          0          25478      513270105  278        3.31e-10   1.41e+00   2.58e+04   0.32       < 0.540 0.954 >
2021-12-12 17:11:43 [12/12/21 17:11:43    5.11s]: 11284   0          0          0          25478      519448588  180        0.00e+00   1.06e-01   2.55e+04   0.32       < 0.406 0.950 >
2021-12-12 17:11:47 [12/12/21 17:11:47    3.57s]: 11687   0          0          0          25478      525209539  80         0.00e+00   7.95e-03   2.55e+04   0.32       < 0.277 0.914 >
2021-12-12 17:11:49 [12/12/21 17:11:49    2.43s]: 12090   0          0          0          25478      530581147  12         0.00e+00   5.97e-04   2.55e+04   0.32       < 0.188 0.899 >
2021-12-12 17:11:51 [12/12/21 17:11:51    1.70s]: 12493   0          0          0          25478      535589803  0          0.00e+00   4.43e-05   2.55e+04   0.32       < 0.130 0.881 >
2021-12-12 17:11:52 [12/12/21 17:11:52    1.19s]: 12896   0          0          0          25478      540259896  0          0.00e+00   2.84e-06   2.55e+04   0.32       < 0.060 0.817 >
2021-12-12 17:11:52 [12/12/21 17:11:52    0.57s]: 13299   0          0          0          25478      544614425  0          0.00e+00   0.00e+00   2.55e+04   0.32       < 0.000 1.000 >
2021-12-12 17:11:53 [12/12/21 17:11:53    0.27s]: 13702   0          0          0          25478      548674632  0          0.00e+00   0.00e+00   2.55e+04   0.32       < 0.000 1.000 >
2021-12-12 17:11:53 [12/12/21 17:11:53    0.27s]: 14105   0          0          0          25478      552460457  0          0.00e+00   0.00e+00   2.55e+04   0.32       < 0.000 1.000 >
2021-12-12 17:11:53 [12/12/21 17:11:53    0.27s]: 14508   0          0          0          25478      555990454  0          0.00e+00   0.00e+00   2.55e+04   0.32       < 0.000 1.000 >
2021-12-12 17:11:54 [12/12/21 17:11:54    0.27s]: 14911   0          0          0          25478      559281803  0          0.00e+00   0.00e+00   2.55e+04   0.32       < 0.000 1.000 >
2021-12-12 17:11:54 [12/12/21 17:11:54    0.27s]: 15314   0          0          0          25478      562350821  0          0.00e+00   0.00e+00   2.55e+04   0.32       < 0.000 1.000 >
2021-12-12 17:11:54 [12/12/21 17:11:54    0.27s]: 15717   0          0          0          25478      565212492  0          0.00e+00   0.00e+00   2.55e+04   0.32       < 0.000 1.000 >
2021-12-12 17:11:54 [12/12/21 17:11:54    0.27s]: 16120   0          0          0          25478      567880656  0          0.00e+00   0.00e+00   2.55e+04   0.32       < 0.000 1.000 >
2021-12-12 17:11:55 [12/12/21 17:11:55    0.27s]: 16523   0          0          0          25478      570368592  0          0.00e+00   0.00e+00   2.55e+04   0.32       < 0.000 1.000 >
2021-12-12 17:11:55 [12/12/21 17:11:55    0.27s]: 16926   0          0          0          25478      572688361  0          0.00e+00   0.00e+00   2.55e+04   0.32       < 0.000 1.000 >
2021-12-12 17:11:55 [12/12/21 17:11:55    0.29s]: 17329   0          0          0          25478      574851352  0          0.00e+00   0.00e+00   2.55e+04   0.32       < 0.000 1.000 >
2021-12-12 17:11:55 [12/12/21 17:11:55    0.27s]: 17732   0          0          0          25478      576868200  0          0.00e+00   0.00e+00   2.55e+04   0.32       < 0.000 1.000 >
2021-12-12 17:11:56 [12/12/21 17:11:56    0.27s]: 18135   0          0          0          25478      578748679  0          0.00e+00   0.00e+00   2.55e+04   0.32       < 0.000 1.000 >
2021-12-12 17:11:56 [12/12/21 17:11:56    0.27s]: 18538   0          0          0          25478      580502099  0          0.00e+00   0.00e+00   2.55e+04   0.32       < 0.000 1.000 >
2021-12-12 17:11:56 [12/12/21 17:11:56    0.27s]: 18941   0          0          0          25478      582137082  0          0.00e+00   0.00e+00   2.55e+04   0.32       < 0.000 1.000 >
2021-12-12 17:11:57 [12/12/21 17:11:57    0.27s]: 19344   0          0          0          25478      583661486  0          0.00e+00   0.00e+00   2.55e+04   0.32       < 0.000 1.000 >
2021-12-12 17:11:57 [12/12/21 17:11:57    0.27s]: 19747   0          0          0          25478      585082871  0          0.00e+00   0.00e+00   2.55e+04   0.32       < 0.000 1.000 >
2021-12-12 17:11:57 [12/12/21 17:11:57    0.31s]: 20150   0          0          0          25478      586408265  0          0.00e+00   0.00e+00   2.55e+04   0.32       < 0.000 1.000 >
2021-12-12 17:11:57 [12/12/21 17:11:57    0.01s]: 20159   0          0          0          25478      586436804  0          0.00e+00   0.00e+00   2.55e+04   0.32       < 0.000 1.000 >
2021-12-12 17:11:57  ---  main.cpp:generate tcells took  avg 0.00 s max 0.00 s balance 0.83  --- 
2021-12-12 17:11:57  ---  main.cpp:update circulating tcells took  avg 1.71 s max 1.88 s balance 0.91  --- 
2021-12-12 17:11:57  ---  main.cpp:update tcells took  avg 13.16 s max 13.58 s balance 0.97  --- 
2021-12-12 17:11:57  ---  main.cpp:update epicells took  avg 2.04 s max 2.07 s balance 0.98  --- 
2021-12-12 17:11:57  ---  main.cpp:update concentrations took  avg 10.47 s max 10.64 s balance 0.98  --- 
2021-12-12 17:11:57  ---  main.cpp:compute updates took  avg 107.24 s max 107.34 s balance 1.00  --- 
2021-12-12 17:11:57  ---  main.cpp:dispatch updates took  avg 79.43 s max 83.17 s balance 0.96  --- 
2021-12-12 17:11:57  ---  main.cpp:add new actives took  avg 1.69 s max 1.73 s balance 0.98  --- 
2021-12-12 17:11:57  ---  main.cpp:erase inactive took  avg 5.35 s max 5.46 s balance 0.98  --- 
2021-12-12 17:11:57  ---  main.cpp:sample took  avg 0.00 s max 0.00 s balance -nan  --- 
2021-12-12 17:11:57  ---  main.cpp:sample write took  avg 0.00 s max 0.00 s balance -nan  --- 
2021-12-12 17:11:57  ---  main.cpp:log took  avg 2.57 s max 2.96 s balance 0.87  --- 
2021-12-12 17:11:57 Finished 20160 time steps in 224.0010 s (0.0111 s per step)
2021-12-12 17:11:57  --- Elapsed time for main.cpp:run_sim:  (exiting barrier) 2021-12-12 17:11:57 ...
2021-12-12 17:11:57           ... (min/my/avg/max, bal) (224.00/224.00/224.00/224.00 s, 1.00) barrier(0.00 s) --- 
2021-12-12 17:11:57 Peak memory used across all nodes: 823.80MB
2021-12-12 17:11:57 Finished in 226.23 s at 12/12/21 17:11:57 for SimCov version 0.1.1
