2021-12-11 10:30:10 SimCov version SimCov version 0.1.1- built on 20211127_074920
2021-12-11 10:30:10 _________________________
2021-12-11 10:30:10 Compiler definitions:
2021-12-11 10:30:10   _XOPEN_SOURCE=700
2021-12-11 10:30:10   CONFIG_USE_COLORS
2021-12-11 10:30:10   USE_BYTELL
2021-12-11 10:30:10   MAX_VIRIONS=125000
2021-12-11 10:30:10   MIN_VIRIONS=1e-10
2021-12-11 10:30:10   BLOCK_PARTITION
2021-12-11 10:30:10   MIN_BLOCKS_PER_PROC=1
2021-12-11 10:30:10   AVERAGE_SUBSAMPLE
2021-12-11 10:30:10 _________________________
2021-12-11 10:30:10 Options:
2021-12-11 10:30:10   dim =                         2828 2828 1
2021-12-11 10:30:10   whole-lung-dim =              48000 40000 20000
2021-12-11 10:30:10   timesteps =                   20160
2021-12-11 10:30:10   infection-coords =            uniform:16
2021-12-11 10:30:10   initial-infection =           1000
2021-12-11 10:30:10   incubation-period =           480
2021-12-11 10:30:10   apoptosis-period =            180
2021-12-11 10:30:10   expressing-period =           900
2021-12-11 10:30:10   infectivity =                 0.001
2021-12-11 10:30:10   virion-production =           1.1
2021-12-11 10:30:10   virion-clearance =            0.004
2021-12-11 10:30:10   virion-diffusion =            0.15
2021-12-11 10:30:10   chemokine-production =        1.0
2021-12-11 10:30:10   chemokine-decay =             0.01
2021-12-11 10:30:10   chemokine-diffusion =         1.0
2021-12-11 10:30:10   min-chemokine =               1e-6
2021-12-11 10:30:10   antibody-factor =             1.75
2021-12-11 10:30:10   antibody-period =             4320
2021-12-11 10:30:10   tcell-generation-rate =       105000
2021-12-11 10:30:10   tcell-initial-delay =         0
2021-12-11 10:30:10   tcell-vascular-period =       5760
2021-12-11 10:30:10   tcell-tissue-period =         1440
2021-12-11 10:30:10   tcell-binding-period =        10
2021-12-11 10:30:10   max-binding-prob =            1
2021-12-11 10:30:10   tcells-follow-gradient =      false
2021-12-11 10:30:10   seed =                        29
2021-12-11 10:30:10   sample-period =               5040
2021-12-11 10:30:10   sample-resolution =           1
2021-12-11 10:30:10   max-block-dim =               10
2021-12-11 10:30:10   output =                      foci-four-reinfect
2021-12-11 10:30:10 _________________________
2021-12-11 10:30:10 Starting run with 24 processes on 1 node at 12/11/21 10:30:10
2021-12-11 10:30:10 Pinned processes, with process 0 (pid 4224) pinned to core 0
2021-12-11 10:30:10 Using block partitioning
2021-12-11 10:30:10 Initial free memory across all nodes: 45.63GB
2021-12-11 10:30:10 Starting with 45.63GB free on node 0
2021-12-11 10:30:10 Dividing 7997584 grid points into 163216 squares of size 49 (7^2), with 6801 per process
2021-12-11 10:30:10 Total initial memory required per process is at least 26.70MB with each grid point requiring on average 84 bytes
2021-12-11 10:30:12  --- Elapsed time for tissue.cpp:Tissue:  (exiting barrier) 2021-12-11 10:30:12 ...
2021-12-11 10:30:12           ... (min/my/avg/max, bal) (1.88/1.91/1.90/1.91 s, 0.99) barrier(0.00 s) --- 
2021-12-11 10:30:12 Memory used on node 0 after initialization is  794.62MB
2021-12-11 10:30:12           ... (min/my/avg/max, bal) No-Time barrier(0.00 s) --- 
2021-12-11 10:30:12 Fraction of circulating T cells extravasating is 2.0827e-07
2021-12-11 10:30:12 # datetime                    step    incb       expr       apop       dead       tvas       ttis       chem       virs       chempts    %infct     <%active  lbln>
2021-12-11 10:30:12 Time step 0: SUCCESSFUL initial infection at (565, 565, 0) after 0 tries
2021-12-11 10:30:12 [12/11/21 10:30:12    0.00s]: 0       16         0          0          0          0          0          0.00e+00   0.00e+00   1.60e+01   0.00       < 0.000 0.333 >
2021-12-11 10:30:18 Number of samples written 7997584
2021-12-11 10:30:19 [0] <main.cpp:164> WARNING: rem 0 local num 4375

2021-12-11 10:30:26 [12/11/21 10:30:26   13.86s]: 403     1898       0          0          0          40864939   0          0.00e+00   3.21e+03   1.90e+03   0.02       < 1.001 0.925 >
2021-12-11 10:30:44 [12/11/21 10:30:44   18.55s]: 806     4468       1647       90         19         78968242   45         1.14e-03   2.30e+05   1.47e+05   0.08       < 1.841 0.972 >
2021-12-11 10:30:47 [0] <main.cpp:700> WARNING: Hit boundary at (1708, 2827, 0) 7989786 INCUBATING 500 896 195 virions 3.27045 chemokine 0.369106
2021-12-11 10:31:17 [12/11/21 10:31:17   33.03s]: 1209    10195      3979       664        507        114496423  264        1.79e-03   6.21e+05   2.32e+05   0.19       < 2.899 0.981 >
2021-12-11 10:32:00 [12/11/21 10:32:00   42.86s]: 1612    11603      9430       1884       3625       147623416  655        3.51e-03   1.94e+06   2.67e+05   0.33       < 3.342 0.971 >
2021-12-11 10:32:53 [12/11/21 10:32:53   52.36s]: 2015    15414      12458      4121       10315      178511606  1115       5.05e-03   3.18e+06   3.21e+05   0.53       < 4.017 0.975 >
2021-12-11 10:33:55 [12/11/21 10:33:55   62.80s]: 2418    16491      12335      6103       24876      207312178  1713       6.69e-03   3.90e+06   3.70e+05   0.75       < 4.632 0.988 >
2021-12-11 10:35:09 [12/11/21 10:35:09   73.36s]: 2821    18910      11890      7901       42189      234166322  2331       8.14e-03   4.11e+06   4.22e+05   1.01       < 5.273 0.975 >
2021-12-11 10:36:34 [12/11/21 10:36:34   84.85s]: 3224    19422      10163      10117      64216      259205323  3088       9.00e-03   4.05e+06   4.77e+05   1.30       < 5.967 0.993 >
2021-12-11 10:38:11 [12/11/21 10:38:11   97.11s]: 3627    21456      8761       10471      88696      282551906  3905       9.70e-03   3.70e+06   5.33e+05   1.62       < 6.666 0.983 >
2021-12-11 10:40:01 [12/11/21 10:40:01  109.75s]: 4030    21981      8456       12573      114271     304320493  4833       1.01e-02   3.54e+06   5.90e+05   1.97       < 7.384 0.988 >
2021-12-11 10:42:03 [12/11/21 10:42:03  122.59s]: 4433    21232      7190       13415      144115     324617654  5890       1.04e-02   2.53e+06   6.50e+05   2.33       < 8.127 0.988 >
2021-12-11 10:44:18 [12/11/21 10:44:18  134.54s]: 4836    16447      5898       12583      174159     343542804  6999       1.05e-02   1.69e+06   7.07e+05   2.61       < 8.845 0.985 >
2021-12-11 10:45:36 Number of samples written 7997584
2021-12-11 10:47:15 [12/11/21 10:47:15  176.89s]: 5239    14303      3241       11818      202431     361188607  8229       8.55e-03   1.17e+06   7.61e+05   2.90       < 9.526 0.993 >
2021-12-11 10:50:35 [12/11/21 10:50:35  200.47s]: 5642    12041      1989       9980       228008     377641825  9222       7.15e-03   7.22e+05   7.99e+05   3.15       < 10.001 0.991 >
2021-12-11 10:53:39 [12/11/21 10:53:39  183.71s]: 6045    10107      1235       9072       250137     392982834  10319      5.46e-03   4.52e+05   8.39e+05   3.38       < 10.496 0.990 >
2021-12-11 10:56:30 [12/11/21 10:56:30  171.06s]: 6448    7937       827        7442       269470     407286830  11301      4.31e-03   3.22e+05   8.64e+05   3.57       < 10.823 0.989 >
2021-12-11 10:59:28 [12/11/21 10:59:28  177.95s]: 6851    6097       605        6068       285355     420623950  12242      3.17e-03   2.18e+05   8.78e+05   3.73       < 11.070 0.989 >
2021-12-11 11:03:25 [12/11/21 11:03:25  236.90s]: 7254    4375       314        4825       298456     433059532  13219      2.21e-03   1.46e+05   8.73e+05   3.85       < 11.238 0.987 >
2021-12-11 11:07:21 [12/11/21 11:07:21  236.60s]: 7657    2286       131        3285       308455     444654761  13708      1.26e-03   7.19e+04   8.47e+05   3.93       < 11.352 0.989 >
2021-12-11 11:10:45 [12/11/21 11:10:45  204.23s]: 8060    1206       41         1863       314763     455466602  13784      6.06e-04   2.98e+04   7.71e+05   3.97       < 11.271 0.989 >
2021-12-11 11:13:38 [12/11/21 11:13:38  172.16s]: 8463    600        12         931        318213     465548573  12847      2.65e-04   1.13e+04   6.49e+05   4.00       < 11.134 0.990 >
2021-12-11 11:16:14 [12/11/21 11:16:14  156.60s]: 8866    237        4          429        319964     474950149  10841      1.29e-04   4.44e+03   5.13e+05   4.01       < 10.817 0.992 >
2021-12-11 11:18:34 [12/11/21 11:18:34  139.62s]: 9269    87         0          193        320742     483717102  8142       2.71e-05   1.03e+03   4.31e+05   4.01       < 10.212 0.991 >
2021-12-11 11:20:34 [12/11/21 11:20:34  119.93s]: 9672    28         3          50         321051     491892101  5370       1.69e-05   3.91e+02   3.72e+05   4.02       < 9.031 0.981 >
2021-12-11 11:22:10 [12/11/21 11:22:10   96.29s]: 10075   19         0          37         321151     499514997  3069       3.89e-06   1.64e+02   3.43e+05   4.02       < 7.349 0.975 >
2021-12-11 11:22:17 Number of samples written 7997584
2021-12-11 11:23:39 [12/11/21 11:23:39   89.12s]: 10478   1          1          10         321218     506622923  1561       8.75e-07   1.92e+01   3.32e+05   4.02       < 4.980 0.984 >
2021-12-11 11:24:32 [12/11/21 11:24:32   52.92s]: 10881   2          0          4          321238     513250499  706        5.49e-07   2.29e+01   3.28e+05   4.02       < 2.884 0.963 >
2021-12-11 11:25:02 [12/11/21 11:25:02   30.06s]: 11284   0          0          1          321245     519430258  312        7.48e-09   1.35e+00   3.25e+05   4.02       < 1.480 0.933 >
2021-12-11 11:25:19 [12/11/21 11:25:19   16.80s]: 11687   0          0          0          321246     525192424  167        0.00e+00   7.98e-02   3.21e+05   4.02       < 0.690 0.939 >
2021-12-11 11:25:28 [12/11/21 11:25:28    9.14s]: 12090   0          0          0          321246     530565233  87         0.00e+00   4.70e-03   3.21e+05   4.02       < 0.266 0.934 >
2021-12-11 11:25:34 [12/11/21 11:25:34    6.40s]: 12493   0          0          0          321246     535574823  32         0.00e+00   2.76e-04   3.21e+05   4.02       < 0.144 0.865 >
2021-12-11 11:25:40 [12/11/21 11:25:40    5.23s]: 12896   0          0          0          321246     540245917  0          0.00e+00   1.58e-05   3.21e+05   4.02       < 0.070 0.850 >
2021-12-11 11:25:44 [12/11/21 11:25:44    4.55s]: 13299   0          0          0          321246     544601385  0          0.00e+00   6.19e-07   3.21e+05   4.02       < 0.023 0.794 >
2021-12-11 11:25:48 [12/11/21 11:25:48    4.19s]: 13702   0          0          0          321246     548662473  0          0.00e+00   0.00e+00   3.21e+05   4.02       < 0.000 1.000 >
2021-12-11 11:25:53 [12/11/21 11:25:53    4.84s]: 14105   0          0          0          321246     552449122  0          0.00e+00   0.00e+00   3.21e+05   4.02       < 0.000 1.000 >
2021-12-11 11:25:58 [12/11/21 11:25:58    4.89s]: 14508   0          0          0          321246     555979853  0          0.00e+00   0.00e+00   3.21e+05   4.02       < 0.000 1.000 >
2021-12-11 11:26:03 [12/11/21 11:26:03    4.76s]: 14911   0          0          0          321246     559272008  0          0.00e+00   0.00e+00   3.21e+05   4.02       < 0.000 1.000 >
2021-12-11 11:26:12 Number of samples written 7997584
2021-12-11 11:26:15 [12/11/21 11:26:15   12.49s]: 15314   0          0          0          321246     562341697  0          0.00e+00   0.00e+00   3.21e+05   4.02       < 0.000 1.000 >
2021-12-11 11:26:21 [12/11/21 11:26:21    5.66s]: 15717   0          0          0          321246     565203939  0          0.00e+00   0.00e+00   3.21e+05   4.02       < 0.000 1.000 >
2021-12-11 11:26:27 [12/11/21 11:26:27    5.70s]: 16120   0          0          0          321246     567872745  0          0.00e+00   0.00e+00   3.21e+05   4.02       < 0.000 1.000 >
2021-12-11 11:26:32 [12/11/21 11:26:32    5.63s]: 16523   0          0          0          321246     570361150  0          0.00e+00   0.00e+00   3.21e+05   4.02       < 0.000 1.000 >
2021-12-11 11:26:38 [12/11/21 11:26:38    5.71s]: 16926   0          0          0          321246     572681433  0          0.00e+00   0.00e+00   3.21e+05   4.02       < 0.000 1.000 >
2021-12-11 11:26:44 [12/11/21 11:26:44    5.63s]: 17329   0          0          0          321246     574844836  0          0.00e+00   0.00e+00   3.21e+05   4.02       < 0.000 1.000 >
2021-12-11 11:26:49 [12/11/21 11:26:49    5.20s]: 17732   0          0          0          321246     576862102  0          0.00e+00   0.00e+00   3.21e+05   4.02       < 0.000 1.000 >
2021-12-11 11:26:54 [12/11/21 11:26:54    5.18s]: 18135   0          0          0          321246     578743001  0          0.00e+00   0.00e+00   3.21e+05   4.02       < 0.000 1.000 >
2021-12-11 11:26:59 [12/11/21 11:26:59    5.17s]: 18538   0          0          0          321246     580496854  0          0.00e+00   0.00e+00   3.21e+05   4.02       < 0.000 1.000 >
2021-12-11 11:27:04 [12/11/21 11:27:04    5.17s]: 18941   0          0          0          321246     582132141  0          0.00e+00   0.00e+00   3.21e+05   4.02       < 0.000 1.000 >
2021-12-11 11:27:10 [12/11/21 11:27:10    5.20s]: 19344   0          0          0          321246     583656993  0          0.00e+00   0.00e+00   3.21e+05   4.02       < 0.000 1.000 >
2021-12-11 11:27:15 [12/11/21 11:27:15    5.17s]: 19747   0          0          0          321246     585078736  0          0.00e+00   0.00e+00   3.21e+05   4.02       < 0.000 1.000 >
2021-12-11 11:27:20 [12/11/21 11:27:20    5.17s]: 20150   0          0          0          321246     586404389  0          0.00e+00   0.00e+00   3.21e+05   4.02       < 0.000 1.000 >
2021-12-11 11:27:20 [12/11/21 11:27:20    0.12s]: 20159   0          0          0          321246     586432957  0          0.00e+00   0.00e+00   3.21e+05   4.02       < 0.000 1.000 >
2021-12-11 11:27:26 Number of samples written 7997584
2021-12-11 11:27:26  ---  main.cpp:generate tcells took  avg 0.02 s max 0.02 s balance 0.80  --- 
2021-12-11 11:27:26  ---  main.cpp:update circulating tcells took  avg 6.51 s max 6.83 s balance 0.95  --- 
2021-12-11 11:27:26  ---  main.cpp:update tcells took  avg 207.59 s max 210.40 s balance 0.99  --- 
2021-12-11 11:27:26  ---  main.cpp:update epicells took  avg 44.48 s max 45.75 s balance 0.97  --- 
2021-12-11 11:27:26  ---  main.cpp:update concentrations took  avg 246.57 s max 249.12 s balance 0.99  --- 
2021-12-11 11:27:26  ---  main.cpp:compute updates took  avg 1822.33 s max 1823.85 s balance 1.00  --- 
2021-12-11 11:27:26  ---  main.cpp:dispatch updates took  avg 1026.23 s max 1060.76 s balance 0.97  --- 
2021-12-11 11:27:26  ---  main.cpp:add new actives took  avg 19.30 s max 20.64 s balance 0.93  --- 
2021-12-11 11:27:26  ---  main.cpp:erase inactive took  avg 165.87 s max 214.64 s balance 0.77  --- 
2021-12-11 11:27:26  ---  main.cpp:sample took  avg 32.77 s max 32.82 s balance 1.00  --- 
2021-12-11 11:27:26  ---  main.cpp:sample write took  avg 1.77 s max 1.94 s balance 0.91  --- 
2021-12-11 11:27:26  ---  main.cpp:log took  avg 14.94 s max 16.24 s balance 0.92  --- 
2021-12-11 11:27:26 Finished 20160 time steps in 3434.4466 s (0.1704 s per step)
2021-12-11 11:27:26  --- Elapsed time for main.cpp:run_sim:  (exiting barrier) 2021-12-11 11:27:26 ...
2021-12-11 11:27:26           ... (min/my/avg/max, bal) (3434.44/3434.45/3434.44/3434.45 s, 1.00) barrier(0.01 s) --- 
2021-12-11 11:27:27 Peak memory used across all nodes: 1.31GB
2021-12-11 11:27:27 Finished in 3436.90 s at 12/11/21 11:27:27 for SimCov version 0.1.1
