2021-12-12 12:04:44 SimCov version SimCov version 0.1.1- built on 20211127_074920
2021-12-12 12:04:44 _________________________
2021-12-12 12:04:44 Compiler definitions:
2021-12-12 12:04:44   _XOPEN_SOURCE=700
2021-12-12 12:04:44   CONFIG_USE_COLORS
2021-12-12 12:04:44   USE_BYTELL
2021-12-12 12:04:44   MAX_VIRIONS=125000
2021-12-12 12:04:44   MIN_VIRIONS=1e-10
2021-12-12 12:04:44   BLOCK_PARTITION
2021-12-12 12:04:44   MIN_BLOCKS_PER_PROC=1
2021-12-12 12:04:44   AVERAGE_SUBSAMPLE
2021-12-12 12:04:44 _________________________
2021-12-12 12:04:44 Options:
2021-12-12 12:04:44   dim =                         2828 2828 1
2021-12-12 12:04:44   whole-lung-dim =              48000 40000 20000
2021-12-12 12:04:44   timesteps =                   20160
2021-12-12 12:04:44   infection-coords =            uniform:1
2021-12-12 12:04:44   initial-infection =           1000
2021-12-12 12:04:44   incubation-period =           480
2021-12-12 12:04:44   apoptosis-period =            180
2021-12-12 12:04:44   expressing-period =           900
2021-12-12 12:04:44   infectivity =                 0.001
2021-12-12 12:04:44   virion-production =           1.1
2021-12-12 12:04:44   virion-clearance =            0.004
2021-12-12 12:04:44   virion-diffusion =            0.15
2021-12-12 12:04:44   chemokine-production =        1.0
2021-12-12 12:04:44   chemokine-decay =             0.01
2021-12-12 12:04:44   chemokine-diffusion =         1.0
2021-12-12 12:04:44   min-chemokine =               1e-6
2021-12-12 12:04:44   antibody-factor =             1.25
2021-12-12 12:04:44   antibody-period =             4320
2021-12-12 12:04:44   tcell-generation-rate =       105000
2021-12-12 12:04:44   tcell-initial-delay =         0
2021-12-12 12:04:44   tcell-vascular-period =       5760
2021-12-12 12:04:44   tcell-tissue-period =         1440
2021-12-12 12:04:44   tcell-binding-period =        10
2021-12-12 12:04:44   max-binding-prob =            1
2021-12-12 12:04:44   tcells-follow-gradient =      false
2021-12-12 12:04:44   seed =                        29
2021-12-12 12:04:44   sample-period =               5040
2021-12-12 12:04:44   sample-resolution =           1
2021-12-12 12:04:44   max-block-dim =               10
2021-12-12 12:04:44   output =                      reinfect-1-5
2021-12-12 12:04:44 _________________________
2021-12-12 12:04:44 Starting run with 24 processes on 1 node at 12/12/21 12:04:44
2021-12-12 12:04:44 Pinned processes, with process 0 (pid 19906) pinned to core 0
2021-12-12 12:04:44 Using block partitioning
2021-12-12 12:04:44 Initial free memory across all nodes: 45.55GB
2021-12-12 12:04:44 Starting with 45.55GB free on node 0
2021-12-12 12:04:44 Dividing 7997584 grid points into 163216 squares of size 49 (7^2), with 6801 per process
2021-12-12 12:04:44 Total initial memory required per process is at least 26.70MB with each grid point requiring on average 84 bytes
2021-12-12 12:04:46  --- Elapsed time for tissue.cpp:Tissue:  (exiting barrier) 2021-12-12 12:04:46 ...
2021-12-12 12:04:46           ... (min/my/avg/max, bal) (1.90/1.93/1.92/1.93 s, 0.99) barrier(0.00 s) --- 
2021-12-12 12:04:46 Memory used on node 0 after initialization is  793.43MB
2021-12-12 12:04:46           ... (min/my/avg/max, bal) No-Time barrier(0.00 s) --- 
2021-12-12 12:04:46 Fraction of circulating T cells extravasating is 2.0827e-07
2021-12-12 12:04:46 # datetime                    step    incb       expr       apop       dead       tvas       ttis       chem       virs       chempts    %infct     <%active  lbln>
2021-12-12 12:04:46 Time step 0: SUCCESSFUL initial infection at (1414, 1414, 0) after 0 tries
2021-12-12 12:04:46 [12/12/21 12:04:46    0.01s]: 0       1          0          0          0          0          0          0.00e+00   0.00e+00   1.00e+00   0.00       < 0.000 0.042 >
2021-12-12 12:04:52 Number of samples written 7997584
2021-12-12 12:04:52 [0] <main.cpp:164> WARNING: rem 0 local num 4375

2021-12-12 12:04:53 [12/12/21 12:04:53    7.39s]: 403     119        0          0          0          40864987   0          0.00e+00   1.99e+02   1.19e+02   0.00       < 0.068 0.826 >
2021-12-12 12:04:55 [12/12/21 12:04:55    1.63s]: 806     306        106        0          0          78968315   1          7.64e-05   1.46e+04   1.04e+04   0.01       < 0.130 0.885 >
2021-12-12 12:04:57 [12/12/21 12:04:57    2.39s]: 1209    649        306        30         29         114496637  18         1.21e-04   4.34e+04   1.58e+04   0.01       < 0.198 0.901 >
2021-12-12 12:05:00 [12/12/21 12:05:00    2.57s]: 1612    786        673        86         222        147624004  40         2.32e-04   1.33e+05   1.81e+04   0.02       < 0.227 0.923 >
2021-12-12 12:05:03 [12/12/21 12:05:03    3.20s]: 2015    1024       730        372        726        178512630  82         3.43e-04   2.14e+05   2.20e+04   0.04       < 0.275 0.940 >
2021-12-12 12:05:07 [12/12/21 12:05:07    3.73s]: 2418    1072       644        444        1903       207313775  121        4.50e-04   2.27e+05   2.54e+04   0.05       < 0.317 0.935 >
2021-12-12 12:05:11 [12/12/21 12:05:11    4.29s]: 2821    1183       460        695        3201       234168517  175        5.26e-04   2.19e+05   2.93e+04   0.07       < 0.366 0.945 >
2021-12-12 12:05:16 [12/12/21 12:05:16    5.08s]: 3224    1182       459        582        4771       259208437  220        5.30e-04   1.84e+05   3.28e+04   0.09       < 0.411 0.940 >
2021-12-12 12:05:22 [12/12/21 12:05:22    5.59s]: 3627    1342       397        774        6228       282556172  270        6.20e-04   1.79e+05   3.62e+04   0.11       < 0.452 0.964 >
2021-12-12 12:05:28 [12/12/21 12:05:28    6.28s]: 4030    1427       438        824        7968       304326044  322        6.53e-04   1.75e+05   4.04e+04   0.13       < 0.506 0.935 >
2021-12-12 12:05:35 [12/12/21 12:05:35    7.27s]: 4433    1440       489        874        9771       324624710  392        7.33e-04   1.77e+05   4.42e+04   0.16       < 0.553 0.958 >
2021-12-12 12:05:43 [12/12/21 12:05:43    7.86s]: 4836    1581       451        798        11745      343551533  483        7.61e-04   1.55e+05   4.86e+04   0.18       < 0.609 0.954 >
2021-12-12 12:05:53 Number of samples written 7997584
2021-12-12 12:06:00 [12/12/21 12:06:00   16.65s]: 5239    1460       483        1019       13719      361199309  587        7.27e-04   1.67e+05   5.26e+04   0.21       < 0.658 0.967 >
2021-12-12 12:06:10 [12/12/21 12:06:10   10.06s]: 5642    1231       292        1068       16101      377654413  675        6.40e-04   1.44e+05   5.64e+04   0.23       < 0.706 0.964 >
2021-12-12 12:06:21 [12/12/21 12:06:21   11.00s]: 6045    1015       187        875        18407      392997444  767        5.29e-04   9.45e+04   5.94e+04   0.26       < 0.743 0.967 >
2021-12-12 12:06:32 [12/12/21 12:06:32   11.74s]: 6448    889        65         808        20359      407303648  801        4.10e-04   6.04e+04   6.24e+04   0.28       < 0.781 0.962 >
2021-12-12 12:06:45 [12/12/21 12:06:45   12.47s]: 6851    818        77         660        22057      420642986  906        3.75e-04   3.42e+04   6.50e+04   0.30       < 0.815 0.962 >
2021-12-12 12:06:58 [12/12/21 12:06:58   13.18s]: 7254    751        94         663        23565      433080789  974        2.98e-04   3.37e+04   6.83e+04   0.31       < 0.858 0.965 >
2021-12-12 12:07:12 [12/12/21 12:07:12   13.72s]: 7657    521        37         633        25057      444678110  1076       2.83e-04   3.24e+04   6.96e+04   0.33       < 0.883 0.978 >
2021-12-12 12:07:26 [12/12/21 12:07:26   14.17s]: 8060    427        16         477        26347      455491699  1115       1.60e-04   1.35e+04   6.92e+04   0.34       < 0.913 0.970 >
2021-12-12 12:07:45 [12/12/21 12:07:45   18.69s]: 8463    310        9          393        27342      465574384  1135       1.04e-04   9.26e+03   6.57e+04   0.35       < 0.938 0.956 >
2021-12-12 12:08:03 [12/12/21 12:08:03   18.69s]: 8866    167        8          220        28130      474975768  1118       6.37e-05   4.27e+03   6.09e+04   0.36       < 0.954 0.956 >
2021-12-12 12:08:18 [12/12/21 12:08:18   14.43s]: 9269    118        0          191        28605      483741884  1041       3.95e-05   2.74e+03   5.42e+04   0.36       < 0.973 0.964 >
2021-12-12 12:08:32 [12/12/21 12:08:32   14.08s]: 9672    64         0          73         28986      491915648  884        1.32e-05   9.31e+02   4.93e+04   0.36       < 0.987 0.951 >
2021-12-12 12:08:45 [12/12/21 12:08:45   13.25s]: 10075   18         0          34         29152      499537089  704        6.74e-06   3.62e+02   3.97e+04   0.37       < 0.992 0.958 >
2021-12-12 12:08:52 Number of samples written 7997584
