2021-12-12 14:16:16 SimCov version SimCov version 0.1.1- built on 20211127_074920
2021-12-12 14:16:16 _________________________
2021-12-12 14:16:16 Compiler definitions:
2021-12-12 14:16:16   _XOPEN_SOURCE=700
2021-12-12 14:16:16   CONFIG_USE_COLORS
2021-12-12 14:16:16   USE_BYTELL
2021-12-12 14:16:16   MAX_VIRIONS=125000
2021-12-12 14:16:16   MIN_VIRIONS=1e-10
2021-12-12 14:16:16   BLOCK_PARTITION
2021-12-12 14:16:16   MIN_BLOCKS_PER_PROC=1
2021-12-12 14:16:16   AVERAGE_SUBSAMPLE
2021-12-12 14:16:16 _________________________
2021-12-12 14:16:16 Options:
2021-12-12 14:16:16   dim =                         2828 2828 1
2021-12-12 14:16:16   whole-lung-dim =              48000 40000 20000
2021-12-12 14:16:16   timesteps =                   20160
2021-12-12 14:16:16   infection-coords =            uniform:1
2021-12-12 14:16:16   initial-infection =           1000
2021-12-12 14:16:16   incubation-period =           480
2021-12-12 14:16:16   apoptosis-period =            180
2021-12-12 14:16:16   expressing-period =           900
2021-12-12 14:16:16   infectivity =                 0.001
2021-12-12 14:16:16   virion-production =           1.1
2021-12-12 14:16:16   virion-clearance =            0.004
2021-12-12 14:16:16   virion-diffusion =            0.15
2021-12-12 14:16:16   chemokine-production =        1.0
2021-12-12 14:16:16   chemokine-decay =             0.01
2021-12-12 14:16:16   chemokine-diffusion =         1.0
2021-12-12 14:16:16   min-chemokine =               1e-6
2021-12-12 14:16:16   antibody-factor =             1.05
2021-12-12 14:16:16   antibody-period =             4320
2021-12-12 14:16:16   tcell-generation-rate =       105000
2021-12-12 14:16:16   tcell-initial-delay =         0
2021-12-12 14:16:16   tcell-vascular-period =       5760
2021-12-12 14:16:16   tcell-tissue-period =         1440
2021-12-12 14:16:16   tcell-binding-period =        10
2021-12-12 14:16:16   max-binding-prob =            1
2021-12-12 14:16:16   tcells-follow-gradient =      false
2021-12-12 14:16:16   seed =                        29
2021-12-12 14:16:16   sample-period =               0
2021-12-12 14:16:16   sample-resolution =           1
2021-12-12 14:16:16   max-block-dim =               10
2021-12-12 14:16:16   output =                      reinfect-1-05
2021-12-12 14:16:16 _________________________
2021-12-12 14:16:16 Starting run with 24 processes on 1 node at 12/12/21 14:16:16
2021-12-12 14:16:16 Pinned processes, with process 0 (pid 6580) pinned to core 0
2021-12-12 14:16:16 Using block partitioning
2021-12-12 14:16:16 Initial free memory across all nodes: 45.43GB
2021-12-12 14:16:16 Starting with 45.43GB free on node 0
2021-12-12 14:16:16 Dividing 7997584 grid points into 163216 squares of size 49 (7^2), with 6801 per process
2021-12-12 14:16:16 Total initial memory required per process is at least 26.70MB with each grid point requiring on average 84 bytes
2021-12-12 14:16:18  --- Elapsed time for tissue.cpp:Tissue:  (exiting barrier) 2021-12-12 14:16:18 ...
2021-12-12 14:16:18           ... (min/my/avg/max, bal) (1.92/1.96/1.94/1.96 s, 0.99) barrier(0.00 s) --- 
2021-12-12 14:16:18 Memory used on node 0 after initialization is  794.16MB
2021-12-12 14:16:18           ... (min/my/avg/max, bal) No-Time barrier(0.00 s) --- 
2021-12-12 14:16:18 Fraction of circulating T cells extravasating is 2.0827e-07
2021-12-12 14:16:18 # datetime                    step    incb       expr       apop       dead       tvas       ttis       chem       virs       chempts    %infct     <%active  lbln>
2021-12-12 14:16:18 Time step 0: SUCCESSFUL initial infection at (1414, 1414, 0) after 0 tries
2021-12-12 14:16:18 [12/12/21 14:16:18    0.01s]: 0       1          0          0          0          0          0          0.00e+00   0.00e+00   1.00e+00   0.00       < 0.000 0.042 >
2021-12-12 14:16:18 [0] <main.cpp:164> WARNING: rem 0 local num 4375

2021-12-12 14:16:18 [12/12/21 14:16:18    0.56s]: 403     120        0          0          0          40864980   0          0.00e+00   1.99e+02   1.20e+02   0.00       < 0.068 0.826 >
2021-12-12 14:16:20 [12/12/21 14:16:20    1.24s]: 806     275        109        1          0          78968257   6          7.28e-05   1.50e+04   1.02e+04   0.00       < 0.127 0.874 >
2021-12-12 14:16:22 [12/12/21 14:16:22    2.08s]: 1209    637        292        49         10         114496570  25         1.14e-04   4.23e+04   1.56e+04   0.01       < 0.195 0.920 >
2021-12-12 14:16:24 [12/12/21 14:16:24    2.54s]: 1612    724        583        155        246        147623842  47         2.15e-04   1.25e+05   1.80e+04   0.02       < 0.225 0.924 >
2021-12-12 14:16:27 [12/12/21 14:16:27    2.99s]: 2015    851        713        283        809        178512410  82         3.08e-04   1.90e+05   2.12e+04   0.03       < 0.265 0.926 >
2021-12-12 14:16:31 [12/12/21 14:16:31    3.52s]: 2418    976        631        330        1811       207313544  123        4.21e-04   2.04e+05   2.43e+04   0.05       < 0.304 0.941 >
2021-12-12 14:16:35 [12/12/21 14:16:35    4.12s]: 2821    1166       578        562        2850       234168305  162        5.15e-04   2.10e+05   2.80e+04   0.06       < 0.351 0.919 >
2021-12-12 14:16:40 [12/12/21 14:16:40    4.83s]: 3224    1223       599        565        4213       259208227  212        5.71e-04   2.06e+05   3.20e+04   0.08       < 0.400 0.939 >
2021-12-12 14:16:45 [12/12/21 14:16:45    5.43s]: 3627    1240       484        667        5863       282555970  266        6.20e-04   2.06e+05   3.53e+04   0.10       < 0.442 0.960 >
2021-12-12 14:16:51 [12/12/21 14:16:51    6.13s]: 4030    1449       474        744        7414       304325833  330        6.82e-04   1.95e+05   3.94e+04   0.13       < 0.492 0.927 >
2021-12-12 14:16:58 [12/12/21 14:16:58    6.81s]: 4433    1404       510        916        9173       324624454  395        7.17e-04   2.00e+05   4.31e+04   0.15       < 0.539 0.958 >
2021-12-12 14:17:08 [12/12/21 14:17:08   10.17s]: 4836    1388       348        960        11287      343551385  468        6.72e-04   1.84e+05   4.69e+04   0.17       < 0.587 0.957 >
2021-12-12 14:17:19 [12/12/21 14:17:19   11.01s]: 5239    1302       256        904        13391      361199200  524        6.51e-04   1.48e+05   5.04e+04   0.20       < 0.631 0.974 >
2021-12-12 14:17:31 [12/12/21 14:17:31   12.00s]: 5642    1292       229        902        15451      377654257  628        6.08e-04   1.15e+05   5.41e+04   0.22       < 0.677 0.950 >
2021-12-12 14:17:44 [12/12/21 14:17:44   13.12s]: 6045    1285       218        1012       17495      392997363  676        5.47e-04   1.03e+05   5.83e+04   0.25       < 0.729 0.958 >
2021-12-12 14:17:58 [12/12/21 14:17:58   13.78s]: 6448    1335       172        876        19774      407303476  772        5.47e-04   8.64e+04   6.22e+04   0.28       < 0.779 0.965 >
2021-12-12 14:18:10 [12/12/21 14:18:10   12.30s]: 6851    1220       154        1045       21934      420642829  862        5.45e-04   7.89e+04   6.58e+04   0.30       < 0.824 0.970 >
2021-12-12 14:18:23 [12/12/21 14:18:23   13.03s]: 7254    1221       124        1023       24162      433080740  942        5.22e-04   7.05e+04   6.98e+04   0.33       < 0.873 0.972 >
2021-12-12 14:18:37 [12/12/21 14:18:37   13.83s]: 7657    1061       84         937        26479      444678041  1068       4.84e-04   5.89e+04   7.31e+04   0.36       < 0.916 0.956 >
2021-12-12 14:18:52 [12/12/21 14:18:52   14.65s]: 8060    1054       72         853        28597      455491636  1122       4.18e-04   4.67e+04   7.67e+04   0.38       < 0.962 0.965 >
2021-12-12 14:19:07 [12/12/21 14:19:07   15.41s]: 8463    998        86         871        30527      465574324  1218       3.64e-04   4.16e+04   7.95e+04   0.41       < 1.004 0.973 >
2021-12-12 14:19:23 [12/12/21 14:19:23   16.08s]: 8866    745        53         847        32512      474975720  1254       3.06e-04   4.29e+04   8.27e+04   0.43       < 1.052 0.980 >
2021-12-12 14:19:45 [12/12/21 14:19:45   21.89s]: 9269    544        38         612        34219      483741739  1319       2.42e-04   2.79e+04   8.39e+04   0.44       < 1.083 0.980 >
2021-12-12 14:20:03 [12/12/21 14:20:03   17.60s]: 9672    568        18         547        35546      491915327  1372       1.75e-04   1.76e+04   8.59e+04   0.46       < 1.129 0.971 >
2021-12-12 14:20:21 [12/12/21 14:20:21   18.06s]: 10075   417        33         421        36738      499536583  1421       1.52e-04   1.19e+04   8.64e+04   0.47       < 1.161 0.966 >
2021-12-12 14:20:39 [12/12/21 14:20:39   18.22s]: 10478   391        32         378        37664      506642717  1407       1.22e-04   2.11e+04   8.27e+04   0.48       < 1.197 0.974 >
2021-12-12 14:20:57 [12/12/21 14:20:57   18.09s]: 10881   195        26         271        38488      513268707  1366       7.91e-05   1.49e+04   7.33e+04   0.49       < 1.232 0.972 >
2021-12-12 14:21:15 [12/12/21 14:21:15   17.54s]: 11284   84         11         141        38986      519447025  1214       6.13e-05   1.21e+04   5.76e+04   0.49       < 1.254 0.973 >
2021-12-12 14:21:31 [12/12/21 14:21:31   16.33s]: 11687   71         0          77         39279      525207954  915        2.77e-05   5.56e+03   4.96e+04   0.49       < 1.272 0.968 >
2021-12-12 14:21:47 [12/12/21 14:21:47   15.78s]: 12090   22         0          56         39461      530579540  663        3.27e-06   1.18e+03   4.90e+04   0.49       < 1.283 0.971 >
2021-12-12 14:22:02 [12/12/21 14:22:02   15.14s]: 12493   14         0          21         39558      535588198  400        2.12e-06   3.20e+02   4.79e+04   0.50       < 1.283 0.973 >
2021-12-12 14:22:17 [12/12/21 14:22:17   14.54s]: 12896   3          0          16         39605      540258295  273        3.44e-08   5.87e+01   4.52e+04   0.50       < 1.268 0.967 >
2021-12-12 14:22:30 [12/12/21 14:22:30   13.73s]: 13299   7          0          15         39635      544612812  211        8.83e-07   7.82e+01   4.49e+04   0.50       < 1.237 0.955 >
2021-12-12 14:22:43 [12/12/21 14:22:43   13.10s]: 13702   3          0          8          39660      548673090  174        1.32e-08   1.43e+01   4.36e+04   0.50       < 1.175 0.973 >
2021-12-12 14:22:55 [12/12/21 14:22:55   11.44s]: 14105   0          0          0          39671      552458952  130        0.00e+00   2.63e+00   3.97e+04   0.50       < 1.064 0.958 >
2021-12-12 14:23:05 [12/12/21 14:23:05    9.78s]: 14508   0          0          0          39671      555989018  81         0.00e+00   4.83e-01   3.97e+04   0.50       < 0.888 0.959 >
2021-12-12 14:23:12 [12/12/21 14:23:12    7.64s]: 14911   0          0          0          39671      559280570  37         0.00e+00   8.85e-02   3.97e+04   0.50       < 0.638 0.936 >
2021-12-12 14:23:18 [12/12/21 14:23:18    5.35s]: 15314   0          0          0          39671      562349713  0          0.00e+00   1.62e-02   3.97e+04   0.50       < 0.406 0.924 >
2021-12-12 14:23:21 [12/12/21 14:23:21    3.45s]: 15717   0          0          0          39671      565211375  0          0.00e+00   2.97e-03   3.97e+04   0.50       < 0.262 0.953 >
2021-12-12 14:23:24 [12/12/21 14:23:24    2.57s]: 16120   0          0          0          39671      567879722  0          0.00e+00   5.44e-04   3.97e+04   0.50       < 0.224 0.892 >
2021-12-12 14:23:26 [12/12/21 14:23:26    2.20s]: 16523   0          0          0          39671      570367701  0          0.00e+00   9.90e-05   3.97e+04   0.50       < 0.174 0.899 >
2021-12-12 14:23:28 [12/12/21 14:23:28    1.70s]: 16926   0          0          0          39671      572687550  0          0.00e+00   1.74e-05   3.97e+04   0.50       < 0.117 0.881 >
2021-12-12 14:23:29 [12/12/21 14:23:29    1.20s]: 17329   0          0          0          39671      574850594  0          0.00e+00   2.58e-06   3.97e+04   0.50       < 0.058 0.790 >
2021-12-12 14:23:29 [12/12/21 14:23:29    0.71s]: 17732   0          0          0          39671      576867477  0          0.00e+00   8.57e-08   3.97e+04   0.50       < 0.006 0.429 >
2021-12-12 14:23:30 [12/12/21 14:23:30    0.36s]: 18135   0          0          0          39671      578748045  0          0.00e+00   0.00e+00   3.97e+04   0.50       < 0.000 1.000 >
2021-12-12 14:23:30 [12/12/21 14:23:30    0.34s]: 18538   0          0          0          39671      580501495  0          0.00e+00   0.00e+00   3.97e+04   0.50       < 0.000 1.000 >
2021-12-12 14:23:30 [12/12/21 14:23:30    0.34s]: 18941   0          0          0          39671      582136505  0          0.00e+00   0.00e+00   3.97e+04   0.50       < 0.000 1.000 >
2021-12-12 14:23:31 [12/12/21 14:23:31    0.35s]: 19344   0          0          0          39671      583660976  0          0.00e+00   0.00e+00   3.97e+04   0.50       < 0.000 1.000 >
2021-12-12 14:23:31 [12/12/21 14:23:31    0.34s]: 19747   0          0          0          39671      585082467  0          0.00e+00   0.00e+00   3.97e+04   0.50       < 0.000 1.000 >
2021-12-12 14:23:32 [12/12/21 14:23:32    0.34s]: 20150   0          0          0          39671      586407866  0          0.00e+00   0.00e+00   3.97e+04   0.50       < 0.000 1.000 >
2021-12-12 14:23:32 [12/12/21 14:23:32    0.01s]: 20159   0          0          0          39671      586436418  0          0.00e+00   0.00e+00   3.97e+04   0.50       < 0.000 1.000 >
2021-12-12 14:23:32  ---  main.cpp:generate tcells took  avg 0.00 s max 0.01 s balance 0.85  --- 
2021-12-12 14:23:32  ---  main.cpp:update circulating tcells took  avg 1.87 s max 2.12 s balance 0.88  --- 
2021-12-12 14:23:32  ---  main.cpp:update tcells took  avg 22.54 s max 23.35 s balance 0.97  --- 
2021-12-12 14:23:32  ---  main.cpp:update epicells took  avg 3.85 s max 3.96 s balance 0.97  --- 
2021-12-12 14:23:32  ---  main.cpp:update concentrations took  avg 21.60 s max 23.55 s balance 0.92  --- 
2021-12-12 14:23:32  ---  main.cpp:compute updates took  avg 220.54 s max 220.61 s balance 1.00  --- 
2021-12-12 14:23:32  ---  main.cpp:dispatch updates took  avg 138.14 s max 145.38 s balance 0.95  --- 
2021-12-12 14:23:32  ---  main.cpp:add new actives took  avg 3.13 s max 3.19 s balance 0.98  --- 
2021-12-12 14:23:32  ---  main.cpp:erase inactive took  avg 11.01 s max 11.94 s balance 0.92  --- 
2021-12-12 14:23:32  ---  main.cpp:sample took  avg 0.00 s max 0.00 s balance -nan  --- 
2021-12-12 14:23:32  ---  main.cpp:sample write took  avg 0.00 s max 0.00 s balance -nan  --- 
2021-12-12 14:23:32  ---  main.cpp:log took  avg 4.41 s max 4.92 s balance 0.90  --- 
2021-12-12 14:23:32 Finished 20160 time steps in 433.7948 s (0.0215 s per step)
2021-12-12 14:23:32  --- Elapsed time for main.cpp:run_sim:  (exiting barrier) 2021-12-12 14:23:32 ...
2021-12-12 14:23:32           ... (min/my/avg/max, bal) (433.79/433.79/433.79/433.79 s, 1.00) barrier(0.00 s) --- 
2021-12-12 14:23:32 Peak memory used across all nodes: 834.96MB
2021-12-12 14:23:32 Finished in 436.27 s at 12/12/21 14:23:32 for SimCov version 0.1.1
