2021-12-12 13:04:01 SimCov version SimCov version 0.1.1- built on 20211127_074920
2021-12-12 13:04:01 _________________________
2021-12-12 13:04:01 Compiler definitions:
2021-12-12 13:04:01   _XOPEN_SOURCE=700
2021-12-12 13:04:01   CONFIG_USE_COLORS
2021-12-12 13:04:01   USE_BYTELL
2021-12-12 13:04:01   MAX_VIRIONS=125000
2021-12-12 13:04:01   MIN_VIRIONS=1e-10
2021-12-12 13:04:01   BLOCK_PARTITION
2021-12-12 13:04:01   MIN_BLOCKS_PER_PROC=1
2021-12-12 13:04:01   AVERAGE_SUBSAMPLE
2021-12-12 13:04:01 _________________________
2021-12-12 13:04:01 Options:
2021-12-12 13:04:01   dim =                         2828 2828 1
2021-12-12 13:04:01   whole-lung-dim =              48000 40000 20000
2021-12-12 13:04:01   timesteps =                   20160
2021-12-12 13:04:01   infection-coords =            uniform:1
2021-12-12 13:04:01   initial-infection =           1000
2021-12-12 13:04:01   incubation-period =           480
2021-12-12 13:04:01   apoptosis-period =            180
2021-12-12 13:04:01   expressing-period =           900
2021-12-12 13:04:01   infectivity =                 0.001
2021-12-12 13:04:01   virion-production =           1.1
2021-12-12 13:04:01   virion-clearance =            0.004
2021-12-12 13:04:01   virion-diffusion =            0.15
2021-12-12 13:04:01   chemokine-production =        1.0
2021-12-12 13:04:01   chemokine-decay =             0.01
2021-12-12 13:04:01   chemokine-diffusion =         1.0
2021-12-12 13:04:01   min-chemokine =               1e-6
2021-12-12 13:04:01   antibody-factor =             1.01
2021-12-12 13:04:01   antibody-period =             4320
2021-12-12 13:04:01   tcell-generation-rate =       105000
2021-12-12 13:04:01   tcell-initial-delay =         0
2021-12-12 13:04:01   tcell-vascular-period =       5760
2021-12-12 13:04:01   tcell-tissue-period =         1440
2021-12-12 13:04:01   tcell-binding-period =        10
2021-12-12 13:04:01   max-binding-prob =            1
2021-12-12 13:04:01   tcells-follow-gradient =      false
2021-12-12 13:04:01   seed =                        29
2021-12-12 13:04:01   sample-period =               0
2021-12-12 13:04:01   sample-resolution =           1
2021-12-12 13:04:01   max-block-dim =               10
2021-12-12 13:04:01   output =                      reinfect-1-05
2021-12-12 13:04:01 _________________________
2021-12-12 13:04:01 Starting run with 24 processes on 1 node at 12/12/21 13:04:01
2021-12-12 13:04:01 Pinned processes, with process 0 (pid 16279) pinned to core 0
2021-12-12 13:04:01 Using block partitioning
2021-12-12 13:04:01 Initial free memory across all nodes: 45.64GB
2021-12-12 13:04:01 Starting with 45.64GB free on node 0
2021-12-12 13:04:01 Dividing 7997584 grid points into 163216 squares of size 49 (7^2), with 6801 per process
2021-12-12 13:04:01 Total initial memory required per process is at least 26.70MB with each grid point requiring on average 84 bytes
2021-12-12 13:04:03  --- Elapsed time for tissue.cpp:Tissue:  (exiting barrier) 2021-12-12 13:04:03 ...
2021-12-12 13:04:03           ... (min/my/avg/max, bal) (1.90/1.95/1.93/1.95 s, 0.99) barrier(0.00 s) --- 
2021-12-12 13:04:03 Memory used on node 0 after initialization is  794.16MB
2021-12-12 13:04:03           ... (min/my/avg/max, bal) No-Time barrier(0.00 s) --- 
2021-12-12 13:04:03 Fraction of circulating T cells extravasating is 2.0827e-07
2021-12-12 13:04:03 # datetime                    step    incb       expr       apop       dead       tvas       ttis       chem       virs       chempts    %infct     <%active  lbln>
2021-12-12 13:04:03 Time step 0: SUCCESSFUL initial infection at (1414, 1414, 0) after 0 tries
2021-12-12 13:04:03 [12/12/21 13:04:03    0.00s]: 0       1          0          0          0          0          0          0.00e+00   0.00e+00   1.00e+00   0.00       < 0.000 0.042 >
2021-12-12 13:04:03 [0] <main.cpp:164> WARNING: rem 0 local num 4375

2021-12-12 13:04:04 [12/12/21 13:04:04    0.56s]: 403     116        0          0          0          40864970   0          0.00e+00   1.99e+02   1.16e+02   0.00       < 0.068 0.826 >
2021-12-12 13:04:05 [12/12/21 13:04:05    1.25s]: 806     289        102        0          0          78968231   2          7.08e-05   1.44e+04   1.01e+04   0.00       < 0.127 0.873 >
2021-12-12 13:04:07 [12/12/21 13:04:07    2.05s]: 1209    695        289        27         1          114496503  9          1.19e-04   4.11e+04   1.56e+04   0.01       < 0.195 0.912 >
2021-12-12 13:04:10 [12/12/21 13:04:10    2.56s]: 1612    800        637        115        181        147623896  33         2.42e-04   1.33e+05   1.80e+04   0.02       < 0.226 0.932 >
2021-12-12 13:04:13 [12/12/21 13:04:13    3.16s]: 2015    1270       905        172        591        178512465  66         3.54e-04   2.21e+05   2.23e+04   0.04       < 0.278 0.950 >
2021-12-12 13:04:16 [12/12/21 13:04:16    3.65s]: 2418    1184       1101       387        1449       207313603  108        4.88e-04   3.15e+05   2.55e+04   0.05       < 0.319 0.924 >
2021-12-12 13:04:21 [12/12/21 13:04:21    4.30s]: 2821    1334       1062       682        2623       234168400  157        5.89e-04   3.51e+05   2.95e+04   0.07       < 0.369 0.937 >
2021-12-12 13:04:26 [12/12/21 13:04:26    4.93s]: 3224    1192       716        671        4606       259208300  209        6.35e-04   3.25e+05   3.28e+04   0.09       < 0.411 0.954 >
2021-12-12 13:04:31 [12/12/21 13:04:31    5.55s]: 3627    1254       388        812        6389       282555942  269        6.52e-04   2.43e+05   3.65e+04   0.11       < 0.456 0.962 >
2021-12-12 13:04:38 [12/12/21 13:04:38    6.46s]: 4030    1382       365        876        8088       304325790  332        6.53e-04   1.84e+05   4.04e+04   0.13       < 0.506 0.924 >
2021-12-12 13:04:45 [12/12/21 13:04:45    7.33s]: 4433    1505       379        882        10005      324624451  402        6.45e-04   1.71e+05   4.46e+04   0.16       < 0.558 0.973 >
2021-12-12 13:04:53 [12/12/21 13:04:53    8.01s]: 4836    1357       311        943        12107      343551349  465        6.12e-04   1.63e+05   4.86e+04   0.18       < 0.608 0.955 >
2021-12-12 13:05:02 [12/12/21 13:05:02    8.72s]: 5239    1447       276        866        14184      361199130  527        6.24e-04   1.40e+05   5.21e+04   0.21       < 0.653 0.947 >
2021-12-12 13:05:12 [12/12/21 13:05:12   10.05s]: 5642    1527       195        961        16329      377654194  622        6.11e-04   1.20e+05   5.70e+04   0.24       < 0.714 0.964 >
2021-12-12 13:05:22 [12/12/21 13:05:22   10.70s]: 6045    1466       198        1062       18524      392997241  710        6.48e-04   1.18e+05   6.00e+04   0.27       < 0.752 0.964 >
2021-12-12 13:05:35 [12/12/21 13:05:35   12.09s]: 6448    1583       213        1039       20796      407303449  785        6.34e-04   1.08e+05   6.45e+04   0.30       < 0.811 0.974 >
2021-12-12 13:05:47 [12/12/21 13:05:47   12.70s]: 6851    1491       182        1226       23242      420642848  862        6.49e-04   1.12e+05   6.87e+04   0.33       < 0.862 0.965 >
2021-12-12 13:06:01 [12/12/21 13:06:01   13.53s]: 7254    1369       112        1116       25936      433080727  948        5.85e-04   8.81e+04   7.31e+04   0.36       < 0.915 0.959 >
2021-12-12 13:06:15 [12/12/21 13:06:15   14.44s]: 7657    1336       167        1099       28296      444678015  1084       5.55e-04   7.82e+04   7.70e+04   0.39       < 0.964 0.969 >
2021-12-12 13:06:31 [12/12/21 13:06:31   15.28s]: 8060    1170       122        1093       30764      455491546  1178       4.76e-04   7.55e+04   8.12e+04   0.41       < 1.016 0.980 >
2021-12-12 13:06:47 [12/12/21 13:06:47   16.15s]: 8463    914        75         924        33130      465574307  1250       4.10e-04   5.79e+04   8.39e+04   0.44       < 1.051 0.985 >
2021-12-12 13:07:08 [12/12/21 13:07:08   21.75s]: 8866    866        33         914        35129      474975623  1307       3.25e-04   3.96e+04   8.68e+04   0.46       < 1.102 0.968 >
2021-12-12 13:07:27 [12/12/21 13:07:27   18.32s]: 9269    645        26         773        37025      483741548  1402       2.74e-04   2.81e+04   8.92e+04   0.48       < 1.149 0.966 >
2021-12-12 13:07:45 [12/12/21 13:07:45   18.09s]: 9672    463        17         591        38648      491915131  1446       1.40e-04   1.45e+04   8.96e+04   0.50       < 1.190 0.977 >
2021-12-12 13:08:03 [12/12/21 13:08:03   18.31s]: 10075   298        9          385        39880      499536337  1522       9.67e-05   8.21e+03   8.76e+04   0.51       < 1.228 0.982 >
2021-12-12 13:08:22 [12/12/21 13:08:22   18.49s]: 10478   211        4          239        40685      506642497  1493       5.47e-05   5.76e+03   8.67e+04   0.51       < 1.267 0.988 >
2021-12-12 13:08:46 [12/12/21 13:08:46   24.66s]: 10881   157        11         176        41176      513268522  1396       4.50e-05   4.29e+03   7.22e+04   0.52       < 1.301 0.983 >
2021-12-12 13:09:04 [12/12/21 13:09:04   17.83s]: 11284   100        2          126        41544      519446856  1181       4.33e-05   5.44e+03   6.54e+04   0.52       < 1.325 0.979 >
2021-12-12 13:09:21 [12/12/21 13:09:21   17.38s]: 11687   67         0          116        41804      525207754  913        2.21e-05   2.29e+03   5.93e+04   0.52       < 1.348 0.965 >
2021-12-12 13:09:38 [12/12/21 13:09:38   16.90s]: 12090   41         1          67         42017      530579330  678        1.21e-05   8.94e+02   5.90e+04   0.53       < 1.359 0.969 >
2021-12-12 13:09:55 [12/12/21 13:09:55   16.57s]: 12493   27         0          40         42164      535587928  473        1.38e-06   2.98e+02   5.32e+04   0.53       < 1.368 0.977 >
2021-12-12 13:10:11 [12/12/21 13:10:11   16.04s]: 12896   22         1          21         42234      540258129  344        9.02e-06   2.85e+02   4.88e+04   0.53       < 1.355 0.978 >
2021-12-12 13:10:26 [12/12/21 13:10:26   15.47s]: 13299   19         0          33         42288      544612644  274        2.46e-06   2.00e+02   5.06e+04   0.53       < 1.333 0.984 >
2021-12-12 13:10:42 [12/12/21 13:10:42   15.20s]: 13702   15         1          14         42343      548672963  211        8.95e-06   2.72e+02   4.96e+04   0.53       < 1.276 0.979 >
2021-12-12 13:10:56 [12/12/21 13:10:56   14.29s]: 14105   18         0          21         42387      552458854  197        2.75e-06   2.31e+02   5.07e+04   0.53       < 1.186 0.969 >
2021-12-12 13:11:09 [12/12/21 13:11:09   12.80s]: 14508   16         0          12         42432      555988810  225        8.13e-06   6.81e+02   5.02e+04   0.53       < 1.052 0.965 >
2021-12-12 13:11:20 [12/12/21 13:11:20   10.84s]: 14911   6          0          15         42476      559280242  233        1.39e-07   1.33e+02   5.06e+04   0.53       < 0.840 0.954 >
2021-12-12 13:11:28 [12/12/21 13:11:28    8.18s]: 15314   1          0          4          42502      562349321  217        6.96e-10   2.61e+01   4.33e+04   0.53       < 0.565 0.959 >
2021-12-12 13:11:33 [12/12/21 13:11:33    5.42s]: 15717   2          0          2          42507      565210987  148        0.00e+00   5.10e+00   4.25e+04   0.53       < 0.385 0.904 >
2021-12-12 13:11:37 [12/12/21 13:11:37    3.89s]: 16120   0          0          0          42511      567879308  78         0.00e+00   9.98e-01   4.25e+04   0.53       < 0.296 0.916 >
2021-12-12 13:11:40 [12/12/21 13:11:40    3.10s]: 16523   0          0          0          42511      570367384  20         0.00e+00   1.95e-01   4.25e+04   0.53       < 0.239 0.917 >
2021-12-12 13:11:43 [12/12/21 13:11:43    2.61s]: 16926   0          0          0          42511      572687228  0          0.00e+00   3.82e-02   4.25e+04   0.53       < 0.224 0.931 >
2021-12-12 13:11:45 [12/12/21 13:11:45    2.53s]: 17329   0          0          0          42511      574850310  0          0.00e+00   7.48e-03   4.25e+04   0.53       < 0.219 0.931 >
2021-12-12 13:11:48 [12/12/21 13:11:48    2.44s]: 17732   0          0          0          42511      576867197  0          0.00e+00   1.46e-03   4.25e+04   0.53       < 0.206 0.903 >
2021-12-12 13:11:50 [12/12/21 13:11:50    2.21s]: 18135   0          0          0          42511      578747828  0          0.00e+00   2.85e-04   4.25e+04   0.53       < 0.179 0.934 >
2021-12-12 13:11:52 [12/12/21 13:11:52    1.91s]: 18538   0          0          0          42511      580501366  0          0.00e+00   5.50e-05   4.25e+04   0.53       < 0.142 0.877 >
2021-12-12 13:11:53 [12/12/21 13:11:53    1.58s]: 18941   0          0          0          42511      582136360  0          0.00e+00   1.01e-05   4.25e+04   0.53       < 0.096 0.828 >
2021-12-12 13:11:55 [12/12/21 13:11:55    1.08s]: 19344   0          0          0          42511      583660893  0          0.00e+00   1.41e-06   4.25e+04   0.53       < 0.044 0.751 >
2021-12-12 13:11:55 [12/12/21 13:11:55    0.61s]: 19747   0          0          0          42511      585082368  0          0.00e+00   0.00e+00   4.25e+04   0.53       < 0.000 1.000 >
2021-12-12 13:11:56 [12/12/21 13:11:56    0.37s]: 20150   0          0          0          42511      586407780  0          0.00e+00   0.00e+00   4.25e+04   0.53       < 0.000 1.000 >
2021-12-12 13:11:56 [12/12/21 13:11:56    0.01s]: 20159   0          0          0          42511      586436333  0          0.00e+00   0.00e+00   4.25e+04   0.53       < 0.000 1.000 >
2021-12-12 13:11:56  ---  main.cpp:generate tcells took  avg 0.01 s max 0.01 s balance 0.88  --- 
2021-12-12 13:11:56  ---  main.cpp:update circulating tcells took  avg 1.95 s max 2.26 s balance 0.86  --- 
2021-12-12 13:11:56  ---  main.cpp:update tcells took  avg 24.53 s max 25.09 s balance 0.98  --- 
2021-12-12 13:11:56  ---  main.cpp:update epicells took  avg 4.38 s max 4.49 s balance 0.97  --- 
2021-12-12 13:11:56  ---  main.cpp:update concentrations took  avg 23.82 s max 26.15 s balance 0.91  --- 
2021-12-12 13:11:56  ---  main.cpp:compute updates took  avg 241.29 s max 241.44 s balance 1.00  --- 
2021-12-12 13:11:56  ---  main.cpp:dispatch updates took  avg 151.02 s max 156.54 s balance 0.96  --- 
2021-12-12 13:11:56  ---  main.cpp:add new actives took  avg 3.38 s max 3.51 s balance 0.96  --- 
2021-12-12 13:11:56  ---  main.cpp:erase inactive took  avg 12.30 s max 13.15 s balance 0.94  --- 
2021-12-12 13:11:56  ---  main.cpp:sample took  avg 0.00 s max 0.00 s balance -nan  --- 
2021-12-12 13:11:56  ---  main.cpp:sample write took  avg 0.00 s max 0.00 s balance -nan  --- 
2021-12-12 13:11:56  ---  main.cpp:log took  avg 6.29 s max 6.90 s balance 0.91  --- 
2021-12-12 13:11:56 Finished 20160 time steps in 472.3488 s (0.0234 s per step)
2021-12-12 13:11:56  --- Elapsed time for main.cpp:run_sim:  (exiting barrier) 2021-12-12 13:11:56 ...
2021-12-12 13:11:56           ... (min/my/avg/max, bal) (472.35/472.35/472.35/472.35 s, 1.00) barrier(0.00 s) --- 
2021-12-12 13:11:56 Peak memory used across all nodes: 833.95MB
2021-12-12 13:11:56 Finished in 474.78 s at 12/12/21 13:11:56 for SimCov version 0.1.1
